hardware_concurrency32
Lmin:3;Lmax:17
Pmin:0;Pmax:0.012;nP10
Plmin:1;Plmax:1;nPl1
n:100seed:0;thread1

3,0,1,100
3,0.00133333,1,82
3,0.00266667,1,72
3,0.004,1,63
3,0.00533333,1,54
3,0.00666667,1,56
3,0.008,1,47
3,0.00933333,1,52
3,0.0106667,1,58
3,0.012,1,48

5,0,1,100
5,0.00133333,1,85
5,0.00266667,1,54
5,0.004,1,49
5,0.00533333,1,48
5,0.00666667,1,45
5,0.008,1,51
5,0.00933333,1,54
5,0.0106667,1,52
5,0.012,1,53

7,0,1,100
7,0.00133333,1,80
7,0.00266667,1,50
7,0.004,1,50
7,0.00533333,1,59
7,0.00666667,1,51
7,0.008,1,41
7,0.00933333,1,49
7,0.0106667,1,50
7,0.012,1,54

9,0,1,100
9,0.00133333,1,78
9,0.00266667,1,59
9,0.004,1,58
9,0.00533333,1,54
9,0.00666667,1,46
9,0.008,1,58
9,0.00933333,1,52
9,0.0106667,1,53
9,0.012,1,54

11,0,1,100
11,0.00133333,1,64
11,0.00266667,1,55
11,0.004,1,39
11,0.00533333,1,54
11,0.00666667,1,59
11,0.008,1,48
11,0.00933333,1,47
11,0.0106667,1,47
11,0.012,1,47

13,0,1,100
13,0.00133333,1,62
13,0.00266667,1,56
13,0.004,1,45
13,0.00533333,1,47
13,0.00666667,1,47
13,0.008,1,54
13,0.00933333,1,41
13,0.0106667,1,48
13,0.012,1,45

15,0,1,100
15,0.00133333,1,70
15,0.00266667,1,42
15,0.004,1,46
15,0.00533333,1,54
15,0.00666667,1,46
15,0.008,1,56
15,0.00933333,1,54
15,0.0106667,1,43
15,0.012,1,54

17,0,1,100
17,0.00133333,1,61
17,0.00266667,1,49
17,0.004,1,42
17,0.00533333,1,48
17,0.00666667,1,49
17,0.008,1,50
17,0.00933333,1,45
17,0.0106667,1,56
17,0.012,1,49
total CPU time:1378.21;total time:1.3783e+06ms
srun: error: sh03-01n57: task 0: Exited with exit code 49
srun: launch/slurm: _step_signal: Terminating StepId=32173018.0
----------------------------------
id: 32172150
cpu per task 2
nodelist sh03-01n57
cluster name: sherlock
node list: sh03-01n57
node list: sh03-01n57
