hardware_concurrency32
Lmin:3;Lmax:17
Pmin:0;Pmax:0.012;nP10
Plmin:1;Plmax:1;nPl1
n:100seed:0;thread1

3,0,1,100
3,0.00133333,1,98
3,0.00266667,1,94
3,0.004,1,86
3,0.00533333,1,77
3,0.00666667,1,70
3,0.008,1,56
3,0.00933333,1,57
3,0.0106667,1,47
3,0.012,1,59

5,0,1,100
5,0.00133333,1,96
5,0.00266667,1,88
5,0.004,1,72
5,0.00533333,1,64
5,0.00666667,1,52
5,0.008,1,51
5,0.00933333,1,43
5,0.0106667,1,45
5,0.012,1,50

7,0,1,100
7,0.00133333,1,99
7,0.00266667,1,83
7,0.004,1,62
7,0.00533333,1,55
7,0.00666667,1,46
7,0.008,1,60
7,0.00933333,1,48
7,0.0106667,1,49
7,0.012,1,44

9,0,1,100
9,0.00133333,1,99
9,0.00266667,1,84
9,0.004,1,55
9,0.00533333,1,56
9,0.00666667,1,55
9,0.008,1,52
9,0.00933333,1,56
9,0.0106667,1,44
9,0.012,1,56

11,0,1,100
11,0.00133333,1,100
11,0.00266667,1,78
11,0.004,1,56
11,0.00533333,1,44
11,0.00666667,1,39
11,0.008,1,57
11,0.00933333,1,61
11,0.0106667,1,40
11,0.012,1,59

13,0,1,100
13,0.00133333,1,100
13,0.00266667,1,72
13,0.004,1,64
13,0.00533333,1,44
13,0.00666667,1,50
13,0.008,1,57
13,0.00933333,1,53
13,0.0106667,1,44
13,0.012,1,59

15,0,1,100
15,0.00133333,1,100
15,0.00266667,1,78
15,0.004,1,48
15,0.00533333,1,52
15,0.00666667,1,43
15,0.008,1,57
15,0.00933333,1,48
15,0.0106667,1,40
15,0.012,1,47

17,0,1,100
17,0.00133333,1,100
17,0.00266667,1,74
17,0.004,1,57
17,0.00533333,1,47
17,0.00666667,1,47
17,0.008,1,47
17,0.00933333,1,53
17,0.0106667,1,46
17,0.012,1,54
total CPU time:729.02;total time:729016ms
srun: error: sh03-01n37: task 0: Exited with exit code 54
srun: launch/slurm: _step_signal: Terminating StepId=32172455.0
----------------------------------
id: 32172130
cpu per task 2
nodelist sh03-01n37
cluster name: sherlock
node list: sh03-01n37
node list: sh03-01n37
