hardware_concurrency32
Lmin:3;Lmax:17
Pmin:0;Pmax:0.05;nP10
Plmin:1;Plmax:1;nPl1
n:100seed:0;thread1

3,0,1,100
3,0.00555556,1,93
3,0.0111111,1,76
3,0.0166667,1,73
3,0.0222222,1,62
3,0.0277778,1,49
3,0.0333333,1,56
3,0.0388889,1,53
3,0.0444444,1,44
3,0.05,1,50

5,0,1,100
5,0.00555556,1,93
5,0.0111111,1,78
5,0.0166667,1,51
5,0.0222222,1,45
5,0.0277778,1,47
5,0.0333333,1,57
5,0.0388889,1,49
5,0.0444444,1,46
5,0.05,1,50

7,0,1,100
7,0.00555556,1,96
7,0.0111111,1,48
7,0.0166667,1,59
7,0.0222222,1,58
7,0.0277778,1,47
7,0.0333333,1,37
7,0.0388889,1,50
7,0.0444444,1,55
7,0.05,1,53

9,0,1,100
9,0.00555556,1,97
9,0.0111111,1,51
9,0.0166667,1,51
9,0.0222222,1,50
9,0.0277778,1,54
9,0.0333333,1,51
9,0.0388889,1,44
9,0.0444444,1,57
9,0.05,1,49

11,0,1,100
11,0.00555556,1,89
11,0.0111111,1,60
11,0.0166667,1,58
11,0.0222222,1,49
11,0.0277778,1,46
11,0.0333333,1,51
11,0.0388889,1,55
11,0.0444444,1,43
11,0.05,1,55

13,0,1,100
13,0.00555556,1,97
13,0.0111111,1,59
13,0.0166667,1,48
13,0.0222222,1,55
13,0.0277778,1,48
13,0.0333333,1,44
13,0.0388889,1,58
13,0.0444444,1,50
13,0.05,1,48

15,0,1,100
15,0.00555556,1,96
15,0.0111111,1,50
15,0.0166667,1,48
15,0.0222222,1,44
15,0.0277778,1,48
15,0.0333333,1,51
15,0.0388889,1,53
15,0.0444444,1,46
15,0.05,1,66

17,0,1,100
17,0.00555556,1,98
17,0.0111111,1,45
17,0.0166667,1,50
17,0.0222222,1,48
17,0.0277778,1,46
17,0.0333333,1,46
17,0.0388889,1,53
17,0.0444444,1,50
17,0.05,1,41
total CPU time:1265.69;total time:1.26566e+06ms
srun: error: sh03-01n59: task 0: Exited with exit code 41
srun: launch/slurm: _step_signal: Terminating StepId=32172092.0
----------------------------------
id: 32171893
cpu per task 2
nodelist sh03-01n59
cluster name: sherlock
node list: sh03-01n59
node list: sh03-01n59
