hardware_concurrency32
Lmin:3;Lmax:17
Pmin:0;Pmax:0.012;nP10
Plmin:1;Plmax:1;nPl1
n:100seed:0;thread1

3,0,1,100
3,0.00133333,1,95
3,0.00266667,1,84
3,0.004,1,75
3,0.00533333,1,59
3,0.00666667,1,60
3,0.008,1,51
3,0.00933333,1,49
3,0.0106667,1,52
3,0.012,1,50

5,0,1,100
5,0.00133333,1,90
5,0.00266667,1,75
5,0.004,1,55
5,0.00533333,1,55
5,0.00666667,1,54
5,0.008,1,57
5,0.00933333,1,52
5,0.0106667,1,45
5,0.012,1,51

7,0,1,100
7,0.00133333,1,93
7,0.00266667,1,62
7,0.004,1,53
7,0.00533333,1,48
7,0.00666667,1,42
7,0.008,1,56
7,0.00933333,1,51
7,0.0106667,1,50
7,0.012,1,43

9,0,1,100
9,0.00133333,1,92
9,0.00266667,1,47
9,0.004,1,52
9,0.00533333,1,49
9,0.00666667,1,58
9,0.008,1,53
9,0.00933333,1,61
9,0.0106667,1,51
9,0.012,1,58

11,0,1,100
11,0.00133333,1,91
11,0.00266667,1,59
11,0.004,1,50
11,0.00533333,1,58
11,0.00666667,1,44
11,0.008,1,46
11,0.00933333,1,61
11,0.0106667,1,43
11,0.012,1,47

13,0,1,100
13,0.00133333,1,93
13,0.00266667,1,44
13,0.004,1,48
13,0.00533333,1,49
13,0.00666667,1,50
13,0.008,1,53
13,0.00933333,1,51
13,0.0106667,1,58
13,0.012,1,44

15,0,1,100
15,0.00133333,1,90
15,0.00266667,1,52
15,0.004,1,44
15,0.00533333,1,43
15,0.00666667,1,45
15,0.008,1,45
15,0.00933333,1,48
15,0.0106667,1,52
15,0.012,1,45

17,0,1,100
17,0.00133333,1,91
17,0.00266667,1,50
17,0.004,1,49
17,0.00533333,1,41
17,0.00666667,1,55
17,0.008,1,42
17,0.00933333,1,51
17,0.0106667,1,57
17,0.012,1,59
total CPU time:1144.69;total time:1.14473e+06ms
srun: error: sh03-01n45: task 0: Exited with exit code 59
srun: launch/slurm: _step_signal: Terminating StepId=32172926.0
----------------------------------
id: 32172131
cpu per task 2
nodelist sh03-01n45
cluster name: sherlock
node list: sh03-01n45
node list: sh03-01n45
