hardware_concurrency32
Lmin:3;Lmax:17
Pmin:0;Pmax:0.05;nP10
Plmin:1;Plmax:1;nPl1
n:100seed:0;thread1

3,0,1,100
3,0.00555556,1,97
3,0.0111111,1,89
3,0.0166667,1,87
3,0.0222222,1,71
3,0.0277778,1,66
3,0.0333333,1,53
3,0.0388889,1,58
3,0.0444444,1,62
3,0.05,1,57

5,0,1,100
5,0.00555556,1,99
5,0.0111111,1,90
5,0.0166667,1,76
5,0.0222222,1,67
5,0.0277778,1,57
5,0.0333333,1,43
5,0.0388889,1,45
5,0.0444444,1,52
5,0.05,1,51

7,0,1,100
7,0.00555556,1,100
7,0.0111111,1,90
7,0.0166667,1,69
7,0.0222222,1,45
7,0.0277778,1,43
7,0.0333333,1,44
7,0.0388889,1,51
7,0.0444444,1,51
7,0.05,1,50

9,0,1,100
9,0.00555556,1,100
9,0.0111111,1,89
9,0.0166667,1,60
9,0.0222222,1,47
9,0.0277778,1,45
9,0.0333333,1,47
9,0.0388889,1,47
9,0.0444444,1,44
9,0.05,1,47

11,0,1,100
11,0.00555556,1,100
11,0.0111111,1,91
11,0.0166667,1,61
11,0.0222222,1,49
11,0.0277778,1,45
11,0.0333333,1,52
11,0.0388889,1,52
11,0.0444444,1,51
11,0.05,1,52

13,0,1,100
13,0.00555556,1,99
13,0.0111111,1,82
13,0.0166667,1,38
13,0.0222222,1,54
13,0.0277778,1,54
13,0.0333333,1,51
13,0.0388889,1,47
13,0.0444444,1,54
13,0.05,1,50

15,0,1,100
15,0.00555556,1,100
15,0.0111111,1,88
15,0.0166667,1,50
15,0.0222222,1,46
15,0.0277778,1,41
15,0.0333333,1,48
15,0.0388889,1,49
15,0.0444444,1,44
15,0.05,1,56

17,0,1,100
17,0.00555556,1,100
17,0.0111111,1,78
17,0.0166667,1,45
17,0.0222222,1,52
17,0.0277778,1,56
17,0.0333333,1,47
17,0.0388889,1,50
17,0.0444444,1,46
17,0.05,1,50
total CPU time:721.67;total time:721721ms
srun: error: sh03-01n28: task 0: Exited with exit code 50
srun: launch/slurm: _step_signal: Terminating StepId=32171916.0
----------------------------------
id: 32171881
cpu per task 2
nodelist sh03-01n28
cluster name: sherlock
node list: sh03-01n28
node list: sh03-01n28
