hardware_concurrency32
Lmin:3;Lmax:17
Pmin:0;Pmax:0.012;nP10
Plmin:1;Plmax:1;nPl1
n:100seed:0;thread1

3,0,1,100
3,0.00133333,1,93
3,0.00266667,1,78
3,0.004,1,67
3,0.00533333,1,64
3,0.00666667,1,60
3,0.008,1,48
3,0.00933333,1,46
3,0.0106667,1,64
3,0.012,1,40

5,0,1,100
5,0.00133333,1,93
5,0.00266667,1,74
5,0.004,1,47
5,0.00533333,1,52
5,0.00666667,1,53
5,0.008,1,49
5,0.00933333,1,53
5,0.0106667,1,53
5,0.012,1,46

7,0,1,100
7,0.00133333,1,95
7,0.00266667,1,64
7,0.004,1,49
7,0.00533333,1,50
7,0.00666667,1,52
7,0.008,1,47
7,0.00933333,1,58
7,0.0106667,1,48
7,0.012,1,50

9,0,1,100
9,0.00133333,1,95
9,0.00266667,1,50
9,0.004,1,47
9,0.00533333,1,50
9,0.00666667,1,55
9,0.008,1,53
9,0.00933333,1,47
9,0.0106667,1,57
9,0.012,1,54

11,0,1,100
11,0.00133333,1,94
11,0.00266667,1,47
11,0.004,1,56
11,0.00533333,1,52
11,0.00666667,1,54
11,0.008,1,52
11,0.00933333,1,42
11,0.0106667,1,51
11,0.012,1,50

13,0,1,100
13,0.00133333,1,93
13,0.00266667,1,46
13,0.004,1,53
13,0.00533333,1,50
13,0.00666667,1,51
13,0.008,1,48
13,0.00933333,1,47
13,0.0106667,1,57
13,0.012,1,60

15,0,1,100
15,0.00133333,1,90
15,0.00266667,1,58
15,0.004,1,58
15,0.00533333,1,48
15,0.00666667,1,50
15,0.008,1,50
15,0.00933333,1,54
15,0.0106667,1,44
15,0.012,1,51

17,0,1,100
17,0.00133333,1,97
17,0.00266667,1,47
17,0.004,1,51
17,0.00533333,1,48
17,0.00666667,1,58
17,0.008,1,50
17,0.00933333,1,51
17,0.0106667,1,55
17,0.012,1,45
total CPU time:1132.32;total time:1.13239e+06ms
srun: error: sh03-01n68: task 0: Exited with exit code 45
srun: launch/slurm: _step_signal: Terminating StepId=32172943.0
----------------------------------
id: 32172131
cpu per task 2
nodelist sh03-01n68
cluster name: sherlock
node list: sh03-01n68
node list: sh03-01n68
