hardware_concurrency32
Lmin:3;Lmax:17
Pmin:0;Pmax:0.012;nP10
Plmin:1;Plmax:1;nPl1
n:100seed:0;thread1

3,0,1,100
3,0.00133333,1,88
3,0.00266667,1,75
3,0.004,1,69
3,0.00533333,1,49
3,0.00666667,1,53
3,0.008,1,55
3,0.00933333,1,51
3,0.0106667,1,49
3,0.012,1,53

5,0,1,100
5,0.00133333,1,77
5,0.00266667,1,55
5,0.004,1,60
5,0.00533333,1,50
5,0.00666667,1,48
5,0.008,1,47
5,0.00933333,1,55
5,0.0106667,1,45
5,0.012,1,50

7,0,1,100
7,0.00133333,1,81
7,0.00266667,1,50
7,0.004,1,51
7,0.00533333,1,58
7,0.00666667,1,42
7,0.008,1,56
7,0.00933333,1,56
7,0.0106667,1,51
7,0.012,1,49

9,0,1,100
9,0.00133333,1,69
9,0.00266667,1,40
9,0.004,1,57
9,0.00533333,1,57
9,0.00666667,1,49
9,0.008,1,42
9,0.00933333,1,41
9,0.0106667,1,56
9,0.012,1,45

11,0,1,100
11,0.00133333,1,68
11,0.00266667,1,51
11,0.004,1,53
11,0.00533333,1,47
11,0.00666667,1,55
11,0.008,1,49
11,0.00933333,1,47
11,0.0106667,1,54
11,0.012,1,54

13,0,1,100
13,0.00133333,1,65
13,0.00266667,1,45
13,0.004,1,46
13,0.00533333,1,40
13,0.00666667,1,49
13,0.008,1,46
13,0.00933333,1,52
13,0.0106667,1,48
13,0.012,1,52

15,0,1,100
15,0.00133333,1,53
15,0.00266667,1,52
15,0.004,1,40
15,0.00533333,1,44
15,0.00666667,1,53
15,0.008,1,46
15,0.00933333,1,57
15,0.0106667,1,46
15,0.012,1,46

17,0,1,100
17,0.00133333,1,60
17,0.00266667,1,41
17,0.004,1,47
17,0.00533333,1,41
17,0.00666667,1,50
17,0.008,1,50
17,0.00933333,1,46
17,0.0106667,1,47
17,0.012,1,48
total CPU time:1417;total time:1.41705e+06ms
srun: error: sh03-01n32: task 0: Exited with exit code 48
srun: launch/slurm: _step_signal: Terminating StepId=32173004.0
----------------------------------
id: 32172150
cpu per task 2
nodelist sh03-01n32
cluster name: sherlock
node list: sh03-01n32
node list: sh03-01n32
