hardware_concurrency32
Lmin:3;Lmax:17
Pmin:0;Pmax:0.012;nP10
Plmin:1;Plmax:1;nPl1
n:100seed:0;thread1

3,0,1,100
3,0.00133333,1,91
3,0.00266667,1,73
3,0.004,1,53
3,0.00533333,1,60
3,0.00666667,1,60
3,0.008,1,59
3,0.00933333,1,55
3,0.0106667,1,46
3,0.012,1,47

5,0,1,100
5,0.00133333,1,86
5,0.00266667,1,53
5,0.004,1,47
5,0.00533333,1,54
5,0.00666667,1,51
5,0.008,1,49
5,0.00933333,1,50
5,0.0106667,1,47
5,0.012,1,44

7,0,1,100
7,0.00133333,1,81
7,0.00266667,1,51
7,0.004,1,56
7,0.00533333,1,48
7,0.00666667,1,55
7,0.008,1,57
7,0.00933333,1,46
7,0.0106667,1,45
7,0.012,1,53

9,0,1,100
9,0.00133333,1,71
9,0.00266667,1,56
9,0.004,1,43
9,0.00533333,1,47
9,0.00666667,1,40
9,0.008,1,50
9,0.00933333,1,45
9,0.0106667,1,46
9,0.012,1,48

11,0,1,100
11,0.00133333,1,73
11,0.00266667,1,57
11,0.004,1,52
11,0.00533333,1,59
11,0.00666667,1,51
11,0.008,1,49
11,0.00933333,1,56
11,0.0106667,1,61
11,0.012,1,49

13,0,1,100
13,0.00133333,1,66
13,0.00266667,1,54
13,0.004,1,47
13,0.00533333,1,51
13,0.00666667,1,50
13,0.008,1,45
13,0.00933333,1,42
13,0.0106667,1,53
13,0.012,1,56

15,0,1,100
15,0.00133333,1,58
15,0.00266667,1,57
15,0.004,1,49
15,0.00533333,1,44
15,0.00666667,1,56
15,0.008,1,44
15,0.00933333,1,50
15,0.0106667,1,48
15,0.012,1,53

17,0,1,100
17,0.00133333,1,57
17,0.00266667,1,47
17,0.004,1,45
17,0.00533333,1,46
17,0.00666667,1,47
17,0.008,1,48
17,0.00933333,1,43
17,0.0106667,1,57
17,0.012,1,51
total CPU time:2070.5;total time:2.07075e+06ms
srun: error: sh03-01n12: task 0: Exited with exit code 51
srun: launch/slurm: _step_signal: Terminating StepId=32173102.0
----------------------------------
id: 32172150
cpu per task 2
nodelist sh03-01n12
cluster name: sherlock
node list: sh03-01n12
node list: sh03-01n12
