hardware_concurrency32
Lmin:3;Lmax:17
Pmin:0;Pmax:0.05;nP10
Plmin:1;Plmax:1;nPl1
n:100seed:0;thread1

3,0,1,100
3,0.00555556,1,96
3,0.0111111,1,94
3,0.0166667,1,77
3,0.0222222,1,73
3,0.0277778,1,64
3,0.0333333,1,63
3,0.0388889,1,58
3,0.0444444,1,62
3,0.05,1,49

5,0,1,100
5,0.00555556,1,99
5,0.0111111,1,88
5,0.0166667,1,74
5,0.0222222,1,49
5,0.0277778,1,58
5,0.0333333,1,47
5,0.0388889,1,53
5,0.0444444,1,50
5,0.05,1,51

7,0,1,100
7,0.00555556,1,99
7,0.0111111,1,92
7,0.0166667,1,69
7,0.0222222,1,57
7,0.0277778,1,49
7,0.0333333,1,54
7,0.0388889,1,42
7,0.0444444,1,49
7,0.05,1,49

9,0,1,100
9,0.00555556,1,100
9,0.0111111,1,88
9,0.0166667,1,58
9,0.0222222,1,47
9,0.0277778,1,40
9,0.0333333,1,44
9,0.0388889,1,50
9,0.0444444,1,44
9,0.05,1,53

11,0,1,100
11,0.00555556,1,99
11,0.0111111,1,91
11,0.0166667,1,58
11,0.0222222,1,49
11,0.0277778,1,53
11,0.0333333,1,45
11,0.0388889,1,52
11,0.0444444,1,49
11,0.05,1,51

13,0,1,100
13,0.00555556,1,100
13,0.0111111,1,82
13,0.0166667,1,50
13,0.0222222,1,45
13,0.0277778,1,48
13,0.0333333,1,47
13,0.0388889,1,54
13,0.0444444,1,59
13,0.05,1,46

15,0,1,100
15,0.00555556,1,100
15,0.0111111,1,90
15,0.0166667,1,54
15,0.0222222,1,52
15,0.0277778,1,43
15,0.0333333,1,60
15,0.0388889,1,42
15,0.0444444,1,44
15,0.05,1,48

17,0,1,100
17,0.00555556,1,100
17,0.0111111,1,73
17,0.0166667,1,49
17,0.0222222,1,49
17,0.0277778,1,46
17,0.0333333,1,50
17,0.0388889,1,49
17,0.0444444,1,58
17,0.05,1,53
total CPU time:605.72;total time:605791ms
srun: error: sh03-01n55: task 0: Exited with exit code 53
srun: launch/slurm: _step_signal: Terminating StepId=32172017.0
----------------------------------
id: 32171881
cpu per task 2
nodelist sh03-01n55
cluster name: sherlock
node list: sh03-01n55
node list: sh03-01n55
