hardware_concurrency32
Lmin:3;Lmax:17
Pmin:0;Pmax:0.05;nP10
Plmin:1;Plmax:1;nPl1
n:100seed:0;thread1

3,0,1,100
3,0.00555556,1,95
3,0.0111111,1,80
3,0.0166667,1,69
3,0.0222222,1,58
3,0.0277778,1,56
3,0.0333333,1,53
3,0.0388889,1,58
3,0.0444444,1,51
3,0.05,1,46

5,0,1,100
5,0.00555556,1,95
5,0.0111111,1,72
5,0.0166667,1,50
5,0.0222222,1,57
5,0.0277778,1,54
5,0.0333333,1,40
5,0.0388889,1,54
5,0.0444444,1,55
5,0.05,1,44

7,0,1,100
7,0.00555556,1,90
7,0.0111111,1,64
7,0.0166667,1,43
7,0.0222222,1,55
7,0.0277778,1,61
7,0.0333333,1,52
7,0.0388889,1,50
7,0.0444444,1,55
7,0.05,1,46

9,0,1,100
9,0.00555556,1,93
9,0.0111111,1,55
9,0.0166667,1,40
9,0.0222222,1,53
9,0.0277778,1,49
9,0.0333333,1,47
9,0.0388889,1,47
9,0.0444444,1,47
9,0.05,1,54

11,0,1,100
11,0.00555556,1,98
11,0.0111111,1,56
11,0.0166667,1,44
11,0.0222222,1,50
11,0.0277778,1,50
11,0.0333333,1,52
11,0.0388889,1,54
11,0.0444444,1,51
11,0.05,1,49

13,0,1,100
13,0.00555556,1,95
13,0.0111111,1,59
13,0.0166667,1,47
13,0.0222222,1,46
13,0.0277778,1,55
13,0.0333333,1,50
13,0.0388889,1,45
13,0.0444444,1,52
13,0.05,1,53

15,0,1,100
15,0.00555556,1,99
15,0.0111111,1,47
15,0.0166667,1,53
15,0.0222222,1,44
15,0.0277778,1,44
15,0.0333333,1,46
15,0.0388889,1,53
15,0.0444444,1,51
15,0.05,1,55

17,0,1,100
17,0.00555556,1,99
17,0.0111111,1,54
17,0.0166667,1,45
17,0.0222222,1,47
17,0.0277778,1,50
17,0.0333333,1,49
17,0.0388889,1,54
17,0.0444444,1,46
17,0.05,1,55
total CPU time:1121.01;total time:1.1211e+06ms
srun: error: sh03-01n40: task 0: Exited with exit code 55
srun: launch/slurm: _step_signal: Terminating StepId=32172083.0
----------------------------------
id: 32171893
cpu per task 2
nodelist sh03-01n40
cluster name: sherlock
node list: sh03-01n40
node list: sh03-01n40
