hardware_concurrency32
Lmin:3;Lmax:17
Pmin:0;Pmax:0.012;nP10
Plmin:1;Plmax:1;nPl1
n:100seed:0;thread1

3,0,1,100
3,0.00133333,1,96
3,0.00266667,1,90
3,0.004,1,82
3,0.00533333,1,76
3,0.00666667,1,70
3,0.008,1,65
3,0.00933333,1,55
3,0.0106667,1,63
3,0.012,1,57

5,0,1,100
5,0.00133333,1,98
5,0.00266667,1,88
5,0.004,1,74
5,0.00533333,1,57
5,0.00666667,1,54
5,0.008,1,54
5,0.00933333,1,53
5,0.0106667,1,43
5,0.012,1,56

7,0,1,100
7,0.00133333,1,98
7,0.00266667,1,86
7,0.004,1,71
7,0.00533333,1,51
7,0.00666667,1,59
7,0.008,1,49
7,0.00933333,1,47
7,0.0106667,1,54
7,0.012,1,42

9,0,1,100
9,0.00133333,1,98
9,0.00266667,1,80
9,0.004,1,59
9,0.00533333,1,52
9,0.00666667,1,56
9,0.008,1,47
9,0.00933333,1,58
9,0.0106667,1,46
9,0.012,1,48

11,0,1,100
11,0.00133333,1,100
11,0.00266667,1,80
11,0.004,1,53
11,0.00533333,1,59
11,0.00666667,1,48
11,0.008,1,44
11,0.00933333,1,42
11,0.0106667,1,54
11,0.012,1,58

13,0,1,100
13,0.00133333,1,99
13,0.00266667,1,81
13,0.004,1,56
13,0.00533333,1,49
13,0.00666667,1,47
13,0.008,1,54
13,0.00933333,1,62
13,0.0106667,1,48
13,0.012,1,49

15,0,1,100
15,0.00133333,1,100
15,0.00266667,1,76
15,0.004,1,49
15,0.00533333,1,54
15,0.00666667,1,59
15,0.008,1,45
15,0.00933333,1,39
15,0.0106667,1,52
15,0.012,1,50

17,0,1,100
17,0.00133333,1,100
17,0.00266667,1,82
17,0.004,1,56
17,0.00533333,1,42
17,0.00666667,1,49
17,0.008,1,49
17,0.00933333,1,41
17,0.0106667,1,55
17,0.012,1,55
total CPU time:913.81;total time:913922ms
srun: error: sh03-01n13: task 0: Exited with exit code 55
srun: launch/slurm: _step_signal: Terminating StepId=32172833.0
----------------------------------
id: 32172130
cpu per task 2
nodelist sh03-01n13
cluster name: sherlock
node list: sh03-01n13
node list: sh03-01n13
