hardware_concurrency32
Lmin:3;Lmax:17
Pmin:0;Pmax:0.012;nP10
Plmin:1;Plmax:1;nPl1
n:100seed:0;thread1

3,0,1,100
3,0.00133333,1,98
3,0.00266667,1,90
3,0.004,1,83
3,0.00533333,1,72
3,0.00666667,1,68
3,0.008,1,61
3,0.00933333,1,59
3,0.0106667,1,62
3,0.012,1,56

5,0,1,100
5,0.00133333,1,94
5,0.00266667,1,92
5,0.004,1,75
5,0.00533333,1,61
5,0.00666667,1,57
5,0.008,1,53
5,0.00933333,1,52
5,0.0106667,1,50
5,0.012,1,48

7,0,1,100
7,0.00133333,1,99
7,0.00266667,1,86
7,0.004,1,61
7,0.00533333,1,56
7,0.00666667,1,57
7,0.008,1,51
7,0.00933333,1,60
7,0.0106667,1,52
7,0.012,1,56

9,0,1,100
9,0.00133333,1,99
9,0.00266667,1,84
9,0.004,1,54
9,0.00533333,1,52
9,0.00666667,1,58
9,0.008,1,52
9,0.00933333,1,49
9,0.0106667,1,50
9,0.012,1,43

11,0,1,100
11,0.00133333,1,100
11,0.00266667,1,78
11,0.004,1,48
11,0.00533333,1,45
11,0.00666667,1,52
11,0.008,1,41
11,0.00933333,1,40
11,0.0106667,1,53
11,0.012,1,47

13,0,1,100
13,0.00133333,1,100
13,0.00266667,1,83
13,0.004,1,49
13,0.00533333,1,52
13,0.00666667,1,40
13,0.008,1,47
13,0.00933333,1,50
13,0.0106667,1,45
13,0.012,1,53

15,0,1,100
15,0.00133333,1,100
15,0.00266667,1,79
15,0.004,1,57
15,0.00533333,1,51
15,0.00666667,1,47
15,0.008,1,47
15,0.00933333,1,58
15,0.0106667,1,43
15,0.012,1,48

17,0,1,100
17,0.00133333,1,100
17,0.00266667,1,76
17,0.004,1,39
17,0.00533333,1,62
17,0.00666667,1,46
17,0.008,1,49
17,0.00933333,1,49
17,0.0106667,1,51
17,0.012,1,43
total CPU time:737.99;total time:738046ms
srun: error: sh03-01n59: task 0: Exited with exit code 43
srun: launch/slurm: _step_signal: Terminating StepId=32172467.0
----------------------------------
id: 32172130
cpu per task 2
nodelist sh03-01n59
cluster name: sherlock
node list: sh03-01n59
node list: sh03-01n59
