hardware_concurrency32
Lmin:3;Lmax:17
Pmin:0;Pmax:0.012;nP10
Plmin:1;Plmax:1;nPl1
n:100seed:0;thread1

3,0,1,100
3,0.00133333,1,98
3,0.00266667,1,93
3,0.004,1,84
3,0.00533333,1,68
3,0.00666667,1,69
3,0.008,1,63
3,0.00933333,1,64
3,0.0106667,1,65
3,0.012,1,60

5,0,1,100
5,0.00133333,1,98
5,0.00266667,1,91
5,0.004,1,66
5,0.00533333,1,63
5,0.00666667,1,56
5,0.008,1,52
5,0.00933333,1,61
5,0.0106667,1,53
5,0.012,1,52

7,0,1,100
7,0.00133333,1,99
7,0.00266667,1,83
7,0.004,1,72
7,0.00533333,1,59
7,0.00666667,1,51
7,0.008,1,57
7,0.00933333,1,47
7,0.0106667,1,44
7,0.012,1,46

9,0,1,100
9,0.00133333,1,100
9,0.00266667,1,83
9,0.004,1,47
9,0.00533333,1,56
9,0.00666667,1,51
9,0.008,1,41
9,0.00933333,1,44
9,0.0106667,1,47
9,0.012,1,42

11,0,1,100
11,0.00133333,1,100
11,0.00266667,1,84
11,0.004,1,52
11,0.00533333,1,47
11,0.00666667,1,47
11,0.008,1,49
11,0.00933333,1,55
11,0.0106667,1,52
11,0.012,1,44

13,0,1,100
13,0.00133333,1,100
13,0.00266667,1,80
13,0.004,1,60
13,0.00533333,1,43
13,0.00666667,1,51
13,0.008,1,48
13,0.00933333,1,54
13,0.0106667,1,48
13,0.012,1,45

15,0,1,100
15,0.00133333,1,100
15,0.00266667,1,78
15,0.004,1,44
15,0.00533333,1,48
15,0.00666667,1,56
15,0.008,1,43
15,0.00933333,1,50
15,0.0106667,1,48
15,0.012,1,57

17,0,1,100
17,0.00133333,1,100
17,0.00266667,1,69
17,0.004,1,48
17,0.00533333,1,45
17,0.00666667,1,54
17,0.008,1,54
17,0.00933333,1,46
17,0.0106667,1,48
17,0.012,1,50
total CPU time:713;total time:713075ms
srun: error: sh03-01n38: task 0: Exited with exit code 50
srun: launch/slurm: _step_signal: Terminating StepId=32172479.0
----------------------------------
id: 32172130
cpu per task 2
nodelist sh03-01n38
cluster name: sherlock
node list: sh03-01n38
node list: sh03-01n38
