hardware_concurrency32
Lmin:3;Lmax:17
Pmin:0;Pmax:0.012;nP10
Plmin:1;Plmax:1;nPl1
n:100seed:0;thread1

3,0,1,100
3,0.00133333,1,96
3,0.00266667,1,89
3,0.004,1,82
3,0.00533333,1,80
3,0.00666667,1,64
3,0.008,1,64
3,0.00933333,1,55
3,0.0106667,1,54
3,0.012,1,46

5,0,1,100
5,0.00133333,1,100
5,0.00266667,1,93
5,0.004,1,65
5,0.00533333,1,65
5,0.00666667,1,46
5,0.008,1,60
5,0.00933333,1,64
5,0.0106667,1,53
5,0.012,1,52

7,0,1,100
7,0.00133333,1,99
7,0.00266667,1,88
7,0.004,1,71
7,0.00533333,1,57
7,0.00666667,1,49
7,0.008,1,60
7,0.00933333,1,44
7,0.0106667,1,46
7,0.012,1,47

9,0,1,100
9,0.00133333,1,100
9,0.00266667,1,87
9,0.004,1,63
9,0.00533333,1,59
9,0.00666667,1,47
9,0.008,1,53
9,0.00933333,1,49
9,0.0106667,1,63
9,0.012,1,48

11,0,1,100
11,0.00133333,1,98
11,0.00266667,1,82
11,0.004,1,47
11,0.00533333,1,53
11,0.00666667,1,48
11,0.008,1,64
11,0.00933333,1,49
11,0.0106667,1,51
11,0.012,1,46

13,0,1,100
13,0.00133333,1,100
13,0.00266667,1,82
13,0.004,1,56
13,0.00533333,1,59
13,0.00666667,1,51
13,0.008,1,43
13,0.00933333,1,59
13,0.0106667,1,55
13,0.012,1,55

15,0,1,100
15,0.00133333,1,99
15,0.00266667,1,73
15,0.004,1,38
15,0.00533333,1,57
15,0.00666667,1,52
15,0.008,1,51
15,0.00933333,1,50
15,0.0106667,1,56
15,0.012,1,45

17,0,1,100
17,0.00133333,1,100
17,0.00266667,1,74
17,0.004,1,57
17,0.00533333,1,48
17,0.00666667,1,57
17,0.008,1,38
17,0.00933333,1,41
17,0.0106667,1,57
17,0.012,1,47
total CPU time:738.86;total time:738990ms
srun: error: sh03-01n38: task 0: Exited with exit code 47
srun: launch/slurm: _step_signal: Terminating StepId=32172483.0
----------------------------------
id: 32172130
cpu per task 2
nodelist sh03-01n38
cluster name: sherlock
node list: sh03-01n38
node list: sh03-01n38
