hardware_concurrency32
Lmin:3;Lmax:17
Pmin:0;Pmax:0.012;nP10
Plmin:1;Plmax:1;nPl1
n:100seed:0;thread1

3,0,1,100
3,0.00133333,1,80
3,0.00266667,1,69
3,0.004,1,53
3,0.00533333,1,50
3,0.00666667,1,58
3,0.008,1,55
3,0.00933333,1,49
3,0.0106667,1,48
3,0.012,1,54

5,0,1,100
5,0.00133333,1,75
5,0.00266667,1,53
5,0.004,1,52
5,0.00533333,1,51
5,0.00666667,1,53
5,0.008,1,55
5,0.00933333,1,51
5,0.0106667,1,49
5,0.012,1,33

7,0,1,100
7,0.00133333,1,62
7,0.00266667,1,45
7,0.004,1,52
7,0.00533333,1,43
7,0.00666667,1,47
7,0.008,1,55
7,0.00933333,1,58
7,0.0106667,1,55
7,0.012,1,47

9,0,1,100
9,0.00133333,1,56
9,0.00266667,1,52
9,0.004,1,54
9,0.00533333,1,47
9,0.00666667,1,59
9,0.008,1,46
9,0.00933333,1,53
9,0.0106667,1,45
9,0.012,1,50

11,0,1,100
11,0.00133333,1,54
11,0.00266667,1,56
11,0.004,1,47
11,0.00533333,1,50
11,0.00666667,1,49
11,0.008,1,45
11,0.00933333,1,49
11,0.0106667,1,51
11,0.012,1,44

13,0,1,100
13,0.00133333,1,51
13,0.00266667,1,57
13,0.004,1,48
13,0.00533333,1,53
13,0.00666667,1,48
13,0.008,1,46
13,0.00933333,1,44
13,0.0106667,1,42
13,0.012,1,42

15,0,1,100
15,0.00133333,1,48
15,0.00266667,1,60
15,0.004,1,56
15,0.00533333,1,46
15,0.00666667,1,50
15,0.008,1,53
15,0.00933333,1,53
15,0.0106667,1,52
15,0.012,1,58

17,0,1,100
17,0.00133333,1,39
17,0.00266667,1,51
17,0.004,1,48
17,0.00533333,1,48
17,0.00666667,1,48
17,0.008,1,46
17,0.00933333,1,58
17,0.0106667,1,40
17,0.012,1,57
total CPU time:1703.72;total time:1.70375e+06ms
srun: error: sh03-01n10: task 0: Exited with exit code 57
srun: launch/slurm: _step_signal: Terminating StepId=32173136.0
----------------------------------
id: 32172153
cpu per task 2
nodelist sh03-01n10
cluster name: sherlock
node list: sh03-01n10
node list: sh03-01n10
