hardware_concurrency32
Lmin:3;Lmax:17
Pmin:0;Pmax:0.05;nP10
Plmin:1;Plmax:1;nPl1
n:100seed:0;thread1

3,0,1,100
3,0.00555556,1,94
3,0.0111111,1,80
3,0.0166667,1,67
3,0.0222222,1,66
3,0.0277778,1,43
3,0.0333333,1,52
3,0.0388889,1,62
3,0.0444444,1,51
3,0.05,1,48

5,0,1,100
5,0.00555556,1,94
5,0.0111111,1,71
5,0.0166667,1,49
5,0.0222222,1,40
5,0.0277778,1,52
5,0.0333333,1,45
5,0.0388889,1,47
5,0.0444444,1,43
5,0.05,1,50

7,0,1,100
7,0.00555556,1,96
7,0.0111111,1,61
7,0.0166667,1,56
7,0.0222222,1,44
7,0.0277778,1,57
7,0.0333333,1,49
7,0.0388889,1,54
7,0.0444444,1,65
7,0.05,1,51

9,0,1,100
9,0.00555556,1,95
9,0.0111111,1,53
9,0.0166667,1,47
9,0.0222222,1,46
9,0.0277778,1,55
9,0.0333333,1,49
9,0.0388889,1,49
9,0.0444444,1,55
9,0.05,1,49

11,0,1,100
11,0.00555556,1,94
11,0.0111111,1,46
11,0.0166667,1,47
11,0.0222222,1,50
11,0.0277778,1,57
11,0.0333333,1,60
11,0.0388889,1,50
11,0.0444444,1,43
11,0.05,1,51

13,0,1,100
13,0.00555556,1,94
13,0.0111111,1,43
13,0.0166667,1,49
13,0.0222222,1,46
13,0.0277778,1,53
13,0.0333333,1,52
13,0.0388889,1,56
13,0.0444444,1,56
13,0.05,1,45

15,0,1,100
15,0.00555556,1,98
15,0.0111111,1,51
15,0.0166667,1,58
15,0.0222222,1,45
15,0.0277778,1,57
15,0.0333333,1,57
15,0.0388889,1,46
15,0.0444444,1,39
15,0.05,1,46

17,0,1,100
17,0.00555556,1,96
17,0.0111111,1,46
17,0.0166667,1,57
17,0.0222222,1,48
17,0.0277778,1,47
17,0.0333333,1,56
17,0.0388889,1,49
17,0.0444444,1,59
17,0.05,1,49
total CPU time:1105.08;total time:1.10521e+06ms
srun: error: sh03-01n16: task 0: Exited with exit code 49
srun: launch/slurm: _step_signal: Terminating StepId=32172123.0
----------------------------------
id: 32171893
cpu per task 2
nodelist sh03-01n16
cluster name: sherlock
node list: sh03-01n16
node list: sh03-01n16
