hardware_concurrency32
Lmin:3;Lmax:17
Pmin:0;Pmax:0.05;nP10
Plmin:1;Plmax:1;nPl1
n:100seed:0;thread1

3,0,1,100
3,0.00555556,1,95
3,0.0111111,1,91
3,0.0166667,1,86
3,0.0222222,1,69
3,0.0277778,1,66
3,0.0333333,1,60
3,0.0388889,1,59
3,0.0444444,1,58
3,0.05,1,46

5,0,1,100
5,0.00555556,1,97
5,0.0111111,1,85
5,0.0166667,1,75
5,0.0222222,1,57
5,0.0277778,1,52
5,0.0333333,1,55
5,0.0388889,1,53
5,0.0444444,1,45
5,0.05,1,52

7,0,1,100
7,0.00555556,1,99
7,0.0111111,1,89
7,0.0166667,1,62
7,0.0222222,1,58
7,0.0277778,1,58
7,0.0333333,1,53
7,0.0388889,1,55
7,0.0444444,1,54
7,0.05,1,48

9,0,1,100
9,0.00555556,1,100
9,0.0111111,1,85
9,0.0166667,1,58
9,0.0222222,1,59
9,0.0277778,1,56
9,0.0333333,1,55
9,0.0388889,1,55
9,0.0444444,1,49
9,0.05,1,55

11,0,1,100
11,0.00555556,1,100
11,0.0111111,1,85
11,0.0166667,1,47
11,0.0222222,1,53
11,0.0277778,1,56
11,0.0333333,1,57
11,0.0388889,1,51
11,0.0444444,1,47
11,0.05,1,52

13,0,1,100
13,0.00555556,1,100
13,0.0111111,1,85
13,0.0166667,1,47
13,0.0222222,1,53
13,0.0277778,1,52
13,0.0333333,1,38
13,0.0388889,1,52
13,0.0444444,1,44
13,0.05,1,50

15,0,1,100
15,0.00555556,1,100
15,0.0111111,1,88
15,0.0166667,1,53
15,0.0222222,1,51
15,0.0277778,1,52
15,0.0333333,1,55
15,0.0388889,1,46
15,0.0444444,1,49
15,0.05,1,46

17,0,1,100
17,0.00555556,1,100
17,0.0111111,1,77
17,0.0166667,1,54
17,0.0222222,1,43
17,0.0277778,1,57
17,0.0333333,1,41
17,0.0388889,1,51
17,0.0444444,1,57
17,0.05,1,58
total CPU time:725.1;total time:725162ms
srun: error: sh03-01n33: task 0: Exited with exit code 58
srun: launch/slurm: _step_signal: Terminating StepId=32171943.0
----------------------------------
id: 32171881
cpu per task 2
nodelist sh03-01n33
cluster name: sherlock
node list: sh03-01n33
node list: sh03-01n33
