hardware_concurrency32
Lmin:3;Lmax:17
Pmin:0;Pmax:0.012;nP10
Plmin:1;Plmax:1;nPl1
n:100seed:0;thread1

3,0,1,100
3,0.00133333,1,87
3,0.00266667,1,63
3,0.004,1,59
3,0.00533333,1,51
3,0.00666667,1,56
3,0.008,1,47
3,0.00933333,1,52
3,0.0106667,1,55
3,0.012,1,51

5,0,1,100
5,0.00133333,1,81
5,0.00266667,1,64
5,0.004,1,54
5,0.00533333,1,48
5,0.00666667,1,55
5,0.008,1,51
5,0.00933333,1,57
5,0.0106667,1,55
5,0.012,1,47

7,0,1,100
7,0.00133333,1,81
7,0.00266667,1,46
7,0.004,1,53
7,0.00533333,1,48
7,0.00666667,1,48
7,0.008,1,45
7,0.00933333,1,58
7,0.0106667,1,53
7,0.012,1,52

9,0,1,100
9,0.00133333,1,78
9,0.00266667,1,66
9,0.004,1,41
9,0.00533333,1,43
9,0.00666667,1,46
9,0.008,1,56
9,0.00933333,1,51
9,0.0106667,1,54
9,0.012,1,52

11,0,1,100
11,0.00133333,1,69
11,0.00266667,1,44
11,0.004,1,52
11,0.00533333,1,52
11,0.00666667,1,42
11,0.008,1,45
11,0.00933333,1,41
11,0.0106667,1,58
11,0.012,1,49

13,0,1,100
13,0.00133333,1,65
13,0.00266667,1,58
13,0.004,1,45
13,0.00533333,1,47
13,0.00666667,1,50
13,0.008,1,50
13,0.00933333,1,44
13,0.0106667,1,55
13,0.012,1,54

15,0,1,100
15,0.00133333,1,60
15,0.00266667,1,55
15,0.004,1,55
15,0.00533333,1,47
15,0.00666667,1,50
15,0.008,1,50
15,0.00933333,1,46
15,0.0106667,1,39
15,0.012,1,58

17,0,1,100
17,0.00133333,1,59
17,0.00266667,1,50
17,0.004,1,52
17,0.00533333,1,58
17,0.00666667,1,49
17,0.008,1,47
17,0.00933333,1,48
17,0.0106667,1,52
17,0.012,1,41
total CPU time:1375.1;total time:1.37517e+06ms
srun: error: sh03-01n09: task 0: Exited with exit code 41
srun: launch/slurm: _step_signal: Terminating StepId=32172771.0
----------------------------------
id: 32172150
cpu per task 2
nodelist sh03-01n09
cluster name: sherlock
node list: sh03-01n09
node list: sh03-01n09
