hardware_concurrency32
Lmin:3;Lmax:17
Pmin:0;Pmax:0.012;nP10
Plmin:1;Plmax:1;nPl1
n:100seed:0;thread1

3,0,1,100
3,0.00133333,1,96
3,0.00266667,1,94
3,0.004,1,82
3,0.00533333,1,79
3,0.00666667,1,67
3,0.008,1,64
3,0.00933333,1,53
3,0.0106667,1,68
3,0.012,1,54

5,0,1,100
5,0.00133333,1,97
5,0.00266667,1,86
5,0.004,1,81
5,0.00533333,1,61
5,0.00666667,1,53
5,0.008,1,52
5,0.00933333,1,40
5,0.0106667,1,47
5,0.012,1,56

7,0,1,100
7,0.00133333,1,99
7,0.00266667,1,90
7,0.004,1,66
7,0.00533333,1,54
7,0.00666667,1,51
7,0.008,1,57
7,0.00933333,1,53
7,0.0106667,1,48
7,0.012,1,52

9,0,1,100
9,0.00133333,1,100
9,0.00266667,1,85
9,0.004,1,50
9,0.00533333,1,45
9,0.00666667,1,44
9,0.008,1,54
9,0.00933333,1,45
9,0.0106667,1,51
9,0.012,1,55

11,0,1,100
11,0.00133333,1,100
11,0.00266667,1,76
11,0.004,1,50
11,0.00533333,1,51
11,0.00666667,1,48
11,0.008,1,47
11,0.00933333,1,44
11,0.0106667,1,45
11,0.012,1,50

13,0,1,100
13,0.00133333,1,100
13,0.00266667,1,80
13,0.004,1,55
13,0.00533333,1,46
13,0.00666667,1,46
13,0.008,1,41
13,0.00933333,1,52
13,0.0106667,1,40
13,0.012,1,54

15,0,1,100
15,0.00133333,1,100
15,0.00266667,1,81
15,0.004,1,52
15,0.00533333,1,47
15,0.00666667,1,61
15,0.008,1,48
15,0.00933333,1,51
15,0.0106667,1,62
15,0.012,1,43

17,0,1,100
17,0.00133333,1,100
17,0.00266667,1,77
17,0.004,1,38
17,0.00533333,1,54
17,0.00666667,1,43
17,0.008,1,46
17,0.00933333,1,55
17,0.0106667,1,51
17,0.012,1,45
total CPU time:696.96;total time:697007ms
srun: error: sh03-01n15: task 0: Exited with exit code 45
srun: launch/slurm: _step_signal: Terminating StepId=32172844.0
----------------------------------
id: 32172130
cpu per task 2
nodelist sh03-01n15
cluster name: sherlock
node list: sh03-01n15
node list: sh03-01n15
