hardware_concurrency32
Lmin:3;Lmax:17
Pmin:0;Pmax:0.05;nP10
Plmin:1;Plmax:1;nPl1
n:100seed:0;thread1

3,0,1,100
3,0.00555556,1,99
3,0.0111111,1,97
3,0.0166667,1,75
3,0.0222222,1,75
3,0.0277778,1,69
3,0.0333333,1,56
3,0.0388889,1,55
3,0.0444444,1,55
3,0.05,1,52

5,0,1,100
5,0.00555556,1,97
5,0.0111111,1,85
5,0.0166667,1,80
5,0.0222222,1,54
5,0.0277778,1,51
5,0.0333333,1,50
5,0.0388889,1,50
5,0.0444444,1,57
5,0.05,1,46

7,0,1,100
7,0.00555556,1,99
7,0.0111111,1,94
7,0.0166667,1,69
7,0.0222222,1,55
7,0.0277778,1,50
7,0.0333333,1,48
7,0.0388889,1,44
7,0.0444444,1,52
7,0.05,1,47

9,0,1,100
9,0.00555556,1,99
9,0.0111111,1,91
9,0.0166667,1,61
9,0.0222222,1,47
9,0.0277778,1,42
9,0.0333333,1,59
9,0.0388889,1,44
9,0.0444444,1,41
9,0.05,1,56

11,0,1,100
11,0.00555556,1,100
11,0.0111111,1,84
11,0.0166667,1,52
11,0.0222222,1,61
11,0.0277778,1,46
11,0.0333333,1,50
11,0.0388889,1,50
11,0.0444444,1,49
11,0.05,1,47

13,0,1,100
13,0.00555556,1,100
13,0.0111111,1,84
13,0.0166667,1,48
13,0.0222222,1,44
13,0.0277778,1,48
13,0.0333333,1,40
13,0.0388889,1,56
13,0.0444444,1,58
13,0.05,1,45

15,0,1,100
15,0.00555556,1,100
15,0.0111111,1,82
15,0.0166667,1,50
15,0.0222222,1,61
15,0.0277778,1,47
15,0.0333333,1,46
15,0.0388889,1,57
15,0.0444444,1,53
15,0.05,1,56

17,0,1,100
17,0.00555556,1,100
17,0.0111111,1,81
17,0.0166667,1,45
17,0.0222222,1,41
17,0.0277778,1,55
17,0.0333333,1,57
17,0.0388889,1,51
17,0.0444444,1,58
17,0.05,1,48
total CPU time:681.84;total time:681871ms
srun: error: sh03-01n10: task 0: Exited with exit code 48
srun: launch/slurm: _step_signal: Terminating StepId=32171972.0
----------------------------------
id: 32171881
cpu per task 2
nodelist sh03-01n10
cluster name: sherlock
node list: sh03-01n10
node list: sh03-01n10
