hardware_concurrency20
Lmin:3;Lmax:17
Pmin:0;Pmax:0.012;nP10
Plmin:1;Plmax:1;nPl1
n:100seed:0;thread1

3,0,1,100
3,0.00133333,1,100
3,0.00266667,1,99
3,0.004,1,100
3,0.00533333,1,99
3,0.00666667,1,98
3,0.008,1,95
3,0.00933333,1,92
3,0.0106667,1,87
3,0.012,1,85

5,0,1,100
5,0.00133333,1,100
5,0.00266667,1,100
5,0.004,1,100
5,0.00533333,1,100
5,0.00666667,1,100
5,0.008,1,99
5,0.00933333,1,90
5,0.0106667,1,85
5,0.012,1,76

7,0,1,100
7,0.00133333,1,100
7,0.00266667,1,100
7,0.004,1,100
7,0.00533333,1,100
7,0.00666667,1,100
7,0.008,1,99
7,0.00933333,1,96
7,0.0106667,1,87
7,0.012,1,62

9,0,1,100
9,0.00133333,1,100
9,0.00266667,1,100
9,0.004,1,100
9,0.00533333,1,100
9,0.00666667,1,100
9,0.008,1,100
9,0.00933333,1,93
9,0.0106667,1,81
9,0.012,1,57

11,0,1,100
11,0.00133333,1,100
11,0.00266667,1,100
11,0.004,1,100
11,0.00533333,1,100
11,0.00666667,1,100
11,0.008,1,100
11,0.00933333,1,96
11,0.0106667,1,73
11,0.012,1,47

13,0,1,100
13,0.00133333,1,100
13,0.00266667,1,100
13,0.004,1,100
13,0.00533333,1,100
13,0.00666667,1,100
13,0.008,1,100
13,0.00933333,1,95
13,0.0106667,1,68
13,0.012,1,46

15,0,1,100
15,0.00133333,1,100
15,0.00266667,1,100
15,0.004,1,100
15,0.00533333,1,100
15,0.00666667,1,100
15,0.008,1,100
15,0.00933333,1,100
15,0.0106667,1,73
15,0.012,1,47

17,0,1,100
17,0.00133333,1,100
17,0.00266667,1,100
17,0.004,1,100
17,0.00533333,1,100
17,0.00666667,1,100
17,0.008,1,100
17,0.00933333,1,99
17,0.0106667,1,54
17,0.012,1,53
total CPU time:1125.79;total time:1.1259e+06ms
srun: error: sh02-01n34: task 0: Exited with exit code 53
srun: launch/slurm: _step_signal: Terminating StepId=32219035.0
----------------------------------
id: 32218558
cpu per task 2
nodelist sh02-01n34
cluster name: sherlock
node list: sh02-01n34
node list: sh02-01n34
