hardware_concurrency32
Lmin:3;Lmax:17
Pmin:0;Pmax:0.07;nP10
Plmin:1;Plmax:1;nPl1
n:100seed:0;thread1

3,0,1,100
3,0.00777778,1,100
3,0.0155556,1,100
3,0.0233333,1,100
3,0.0311111,1,99
3,0.0388889,1,95
3,0.0466667,1,96
3,0.0544444,1,93
3,0.0622222,1,79
3,0.07,1,73

5,0,1,100
5,0.00777778,1,100
5,0.0155556,1,100
5,0.0233333,1,100
5,0.0311111,1,100
5,0.0388889,1,99
5,0.0466667,1,94
5,0.0544444,1,92
5,0.0622222,1,84
5,0.07,1,62

7,0,1,100
7,0.00777778,1,100
7,0.0155556,1,100
7,0.0233333,1,100
7,0.0311111,1,100
7,0.0388889,1,100
7,0.0466667,1,97
7,0.0544444,1,88
7,0.0622222,1,74
7,0.07,1,49

9,0,1,100
9,0.00777778,1,100
9,0.0155556,1,100
9,0.0233333,1,100
9,0.0311111,1,100
9,0.0388889,1,100
9,0.0466667,1,98
9,0.0544444,1,84
9,0.0622222,1,55
9,0.07,1,53

11,0,1,100
11,0.00777778,1,100
11,0.0155556,1,100
11,0.0233333,1,100
11,0.0311111,1,100
11,0.0388889,1,100
11,0.0466667,1,98
11,0.0544444,1,84
11,0.0622222,1,51
11,0.07,1,51

13,0,1,100
13,0.00777778,1,100
13,0.0155556,1,100
13,0.0233333,1,100
13,0.0311111,1,100
13,0.0388889,1,100
13,0.0466667,1,99
13,0.0544444,1,87
13,0.0622222,1,57
13,0.07,1,46

15,0,1,100
15,0.00777778,1,100
15,0.0155556,1,100
15,0.0233333,1,100
15,0.0311111,1,100
15,0.0388889,1,100
15,0.0466667,1,100
15,0.0544444,1,82
15,0.0622222,1,57
15,0.07,1,42

17,0,1,100
17,0.00777778,1,100
17,0.0155556,1,100
17,0.0233333,1,100
17,0.0311111,1,100
17,0.0388889,1,100
17,0.0466667,1,99
17,0.0544444,1,78
17,0.0622222,1,55
17,0.07,1,50
total CPU time:343.87;total time:343912ms
srun: error: sh03-01n54: task 0: Exited with exit code 50
srun: launch/slurm: _step_signal: Terminating StepId=32212295.0
----------------------------------
id: 32211984
cpu per task 2
nodelist sh03-01n54
cluster name: sherlock
node list: sh03-01n54
node list: sh03-01n54
