hardware_concurrency32
Lmin:3;Lmax:17
Pmin:0;Pmax:0.012;nP10
Plmin:1;Plmax:1;nPl1
n:100seed:0;thread1

3,0,1,100
3,0.00133333,1,100
3,0.00266667,1,99
3,0.004,1,97
3,0.00533333,1,98
3,0.00666667,1,89
3,0.008,1,83
3,0.00933333,1,83
3,0.0106667,1,74
3,0.012,1,69

5,0,1,100
5,0.00133333,1,100
5,0.00266667,1,100
5,0.004,1,100
5,0.00533333,1,100
5,0.00666667,1,89
5,0.008,1,80
5,0.00933333,1,72
5,0.0106667,1,58
5,0.012,1,50

7,0,1,100
7,0.00133333,1,100
7,0.00266667,1,100
7,0.004,1,100
7,0.00533333,1,99
7,0.00666667,1,91
7,0.008,1,73
7,0.00933333,1,64
7,0.0106667,1,56
7,0.012,1,53

9,0,1,100
9,0.00133333,1,100
9,0.00266667,1,100
9,0.004,1,100
9,0.00533333,1,99
9,0.00666667,1,87
9,0.008,1,70
9,0.00933333,1,59
9,0.0106667,1,43
9,0.012,1,44

11,0,1,100
11,0.00133333,1,100
11,0.00266667,1,100
11,0.004,1,100
11,0.00533333,1,99
11,0.00666667,1,91
11,0.008,1,61
11,0.00933333,1,52
11,0.0106667,1,49
11,0.012,1,44

13,0,1,100
13,0.00133333,1,100
13,0.00266667,1,100
13,0.004,1,100
13,0.00533333,1,100
13,0.00666667,1,91
13,0.008,1,67
13,0.00933333,1,54
13,0.0106667,1,48
13,0.012,1,48

15,0,1,100
15,0.00133333,1,100
15,0.00266667,1,100
15,0.004,1,100
15,0.00533333,1,100
15,0.00666667,1,94
15,0.008,1,64
15,0.00933333,1,43
15,0.0106667,1,46
15,0.012,1,47

17,0,1,100
17,0.00133333,1,100
17,0.00266667,1,100
17,0.004,1,100
17,0.00533333,1,99
17,0.00666667,1,89
17,0.008,1,43
17,0.00933333,1,52
17,0.0106667,1,45
17,0.012,1,52
total CPU time:205;total time:205028ms
srun: error: sh03-01n06: task 0: Exited with exit code 52
srun: launch/slurm: _step_signal: Terminating StepId=32218561.0
----------------------------------
id: 32218547
cpu per task 2
nodelist sh03-01n06
cluster name: sherlock
node list: sh03-01n06
node list: sh03-01n06
