hardware_concurrency32
Lmin:3;Lmax:17
Pmin:0;Pmax:0.07;nP10
Plmin:1;Plmax:1;nPl1
n:100seed:0;thread1

3,0,1,100
3,0.00777778,1,90
3,0.0155556,1,61
3,0.0233333,1,42
3,0.0311111,1,55
3,0.0388889,1,37
3,0.0466667,1,49
3,0.0544444,1,52
3,0.0622222,1,46
3,0.07,1,55

5,0,1,100
5,0.00777778,1,85
5,0.0155556,1,50
5,0.0233333,1,56
5,0.0311111,1,51
5,0.0388889,1,41
5,0.0466667,1,51
5,0.0544444,1,45
5,0.0622222,1,57
5,0.07,1,53

7,0,1,100
7,0.00777778,1,81
7,0.0155556,1,52
7,0.0233333,1,41
7,0.0311111,1,50
7,0.0388889,1,45
7,0.0466667,1,51
7,0.0544444,1,60
7,0.0622222,1,47
7,0.07,1,47

9,0,1,100
9,0.00777778,1,78
9,0.0155556,1,51
9,0.0233333,1,46
9,0.0311111,1,49
9,0.0388889,1,58
9,0.0466667,1,45
9,0.0544444,1,47
9,0.0622222,1,45
9,0.07,1,41

11,0,1,100
11,0.00777778,1,71
11,0.0155556,1,52
11,0.0233333,1,46
11,0.0311111,1,48
11,0.0388889,1,50
11,0.0466667,1,42
11,0.0544444,1,50
11,0.0622222,1,50
11,0.07,1,42

13,0,1,100
13,0.00777778,1,75
13,0.0155556,1,53
13,0.0233333,1,50
13,0.0311111,1,50
13,0.0388889,1,56
13,0.0466667,1,46
13,0.0544444,1,49
13,0.0622222,1,47
13,0.07,1,50

15,0,1,100
15,0.00777778,1,68
15,0.0155556,1,41
15,0.0233333,1,52
15,0.0311111,1,52
15,0.0388889,1,54
15,0.0466667,1,47
15,0.0544444,1,51
15,0.0622222,1,40
15,0.07,1,50

17,0,1,100
17,0.00777778,1,56
17,0.0155556,1,47
17,0.0233333,1,55
17,0.0311111,1,53
17,0.0388889,1,57
17,0.0466667,1,49
17,0.0544444,1,47
17,0.0622222,1,58
17,0.07,1,53
total CPU time:1480.1;total time:1.48017e+06ms
srun: error: sh03-01n27: task 0: Exited with exit code 53
srun: launch/slurm: _step_signal: Terminating StepId=32213232.0
----------------------------------
id: 32211999
cpu per task 2
nodelist sh03-01n27
cluster name: sherlock
node list: sh03-01n27
node list: sh03-01n27
