hardware_concurrency32
Lmin:3;Lmax:17
Pmin:0;Pmax:0.012;nP10
Plmin:1;Plmax:1;nPl1
n:100seed:0;thread1

3,0,1,100
3,0.00133333,1,100
3,0.00266667,1,100
3,0.004,1,100
3,0.00533333,1,100
3,0.00666667,1,98
3,0.008,1,94
3,0.00933333,1,95
3,0.0106667,1,90
3,0.012,1,80

5,0,1,100
5,0.00133333,1,100
5,0.00266667,1,100
5,0.004,1,100
5,0.00533333,1,100
5,0.00666667,1,100
5,0.008,1,98
5,0.00933333,1,97
5,0.0106667,1,84
5,0.012,1,71

7,0,1,100
7,0.00133333,1,100
7,0.00266667,1,100
7,0.004,1,100
7,0.00533333,1,100
7,0.00666667,1,100
7,0.008,1,99
7,0.00933333,1,97
7,0.0106667,1,84
7,0.012,1,59

9,0,1,100
9,0.00133333,1,100
9,0.00266667,1,100
9,0.004,1,100
9,0.00533333,1,100
9,0.00666667,1,100
9,0.008,1,100
9,0.00933333,1,90
9,0.0106667,1,73
9,0.012,1,55

11,0,1,100
11,0.00133333,1,100
11,0.00266667,1,100
11,0.004,1,100
11,0.00533333,1,100
11,0.00666667,1,100
11,0.008,1,100
11,0.00933333,1,87
11,0.0106667,1,65
11,0.012,1,50

13,0,1,100
13,0.00133333,1,100
13,0.00266667,1,100
13,0.004,1,100
13,0.00533333,1,100
13,0.00666667,1,100
13,0.008,1,100
13,0.00933333,1,94
13,0.0106667,1,68
13,0.012,1,45

15,0,1,100
15,0.00133333,1,100
15,0.00266667,1,100
15,0.004,1,100
15,0.00533333,1,100
15,0.00666667,1,100
15,0.008,1,100
15,0.00933333,1,89
15,0.0106667,1,60
15,0.012,1,54

17,0,1,100
17,0.00133333,1,100
17,0.00266667,1,100
17,0.004,1,100
17,0.00533333,1,100
17,0.00666667,1,100
17,0.008,1,100
17,0.00933333,1,90
17,0.0106667,1,54
17,0.012,1,49
total CPU time:527.02;total time:527104ms
srun: error: sh03-01n70: task 0: Exited with exit code 49
srun: launch/slurm: _step_signal: Terminating StepId=32218886.0
----------------------------------
id: 32218556
cpu per task 2
nodelist sh03-01n70
cluster name: sherlock
node list: sh03-01n70
node list: sh03-01n70
