hardware_concurrency20
Lmin:3;Lmax:17
Pmin:0;Pmax:0.07;nP10
Plmin:1;Plmax:1;nPl1
n:100seed:0;thread1

3,0,1,100
3,0.00777778,1,91
3,0.0155556,1,57
3,0.0233333,1,56
3,0.0311111,1,53
3,0.0388889,1,49
3,0.0466667,1,43
3,0.0544444,1,47
3,0.0622222,1,44
3,0.07,1,50

5,0,1,100
5,0.00777778,1,92
5,0.0155556,1,52
5,0.0233333,1,43
5,0.0311111,1,54
5,0.0388889,1,55
5,0.0466667,1,52
5,0.0544444,1,52
5,0.0622222,1,52
5,0.07,1,49

7,0,1,100
7,0.00777778,1,96
7,0.0155556,1,47
7,0.0233333,1,40
7,0.0311111,1,46
7,0.0388889,1,48
7,0.0466667,1,52
7,0.0544444,1,52
7,0.0622222,1,55
7,0.07,1,65

9,0,1,100
9,0.00777778,1,97
9,0.0155556,1,54
9,0.0233333,1,42
9,0.0311111,1,45
9,0.0388889,1,53
9,0.0466667,1,42
9,0.0544444,1,48
9,0.0622222,1,43
9,0.07,1,55

11,0,1,100
11,0.00777778,1,98
11,0.0155556,1,51
11,0.0233333,1,56
11,0.0311111,1,50
11,0.0388889,1,42
11,0.0466667,1,57
11,0.0544444,1,55
11,0.0622222,1,51
11,0.07,1,49

13,0,1,100
13,0.00777778,1,95
13,0.0155556,1,47
13,0.0233333,1,52
13,0.0311111,1,53
13,0.0388889,1,51
13,0.0466667,1,44
13,0.0544444,1,41
13,0.0622222,1,53
13,0.07,1,51

15,0,1,100
15,0.00777778,1,98
15,0.0155556,1,47
15,0.0233333,1,53
15,0.0311111,1,53
15,0.0388889,1,56
15,0.0466667,1,54
15,0.0544444,1,55
15,0.0622222,1,50
15,0.07,1,51

17,0,1,100
17,0.00777778,1,99
17,0.0155556,1,47
17,0.0233333,1,49
17,0.0311111,1,41
17,0.0388889,1,50
17,0.0466667,1,50
17,0.0544444,1,55
17,0.0622222,1,57
17,0.07,1,45
total CPU time:2164.47;total time:2.16465e+06ms
srun: error: sh02-01n16: task 0: Exited with exit code 45
srun: launch/slurm: _step_signal: Terminating StepId=32216057.0
----------------------------------
id: 32212000
cpu per task 2
nodelist sh02-01n16
cluster name: sherlock
node list: sh02-01n16
node list: sh02-01n16
