hardware_concurrency20
Lmin:3;Lmax:17
Pmin:0;Pmax:0.07;nP10
Plmin:1;Plmax:1;nPl1
n:100seed:0;thread1

3,0,1,100
3,0.00777778,1,87
3,0.0155556,1,59
3,0.0233333,1,47
3,0.0311111,1,42
3,0.0388889,1,51
3,0.0466667,1,47
3,0.0544444,1,55
3,0.0622222,1,51
3,0.07,1,46

5,0,1,100
5,0.00777778,1,83
5,0.0155556,1,50
5,0.0233333,1,53
5,0.0311111,1,48
5,0.0388889,1,52
5,0.0466667,1,55
5,0.0544444,1,45
5,0.0622222,1,53
5,0.07,1,57

7,0,1,100
7,0.00777778,1,84
7,0.0155556,1,43
7,0.0233333,1,51
7,0.0311111,1,51
7,0.0388889,1,53
7,0.0466667,1,45
7,0.0544444,1,47
7,0.0622222,1,45
7,0.07,1,51

9,0,1,100
9,0.00777778,1,84
9,0.0155556,1,49
9,0.0233333,1,52
9,0.0311111,1,62
9,0.0388889,1,45
9,0.0466667,1,45
9,0.0544444,1,49
9,0.0622222,1,53
9,0.07,1,51

11,0,1,100
11,0.00777778,1,66
11,0.0155556,1,55
11,0.0233333,1,50
11,0.0311111,1,47
11,0.0388889,1,50
11,0.0466667,1,51
11,0.0544444,1,48
11,0.0622222,1,52
11,0.07,1,56

13,0,1,100
13,0.00777778,1,64
13,0.0155556,1,60
13,0.0233333,1,43
13,0.0311111,1,44
13,0.0388889,1,57
13,0.0466667,1,45
13,0.0544444,1,53
13,0.0622222,1,54
13,0.07,1,47

15,0,1,100
15,0.00777778,1,57
15,0.0155556,1,41
15,0.0233333,1,54
15,0.0311111,1,48
15,0.0388889,1,46
15,0.0466667,1,40
15,0.0544444,1,47
15,0.0622222,1,51
15,0.07,1,58

17,0,1,100
17,0.00777778,1,59
17,0.0155556,1,50
17,0.0233333,1,52
17,0.0311111,1,43
17,0.0388889,1,48
17,0.0466667,1,52
17,0.0544444,1,46
17,0.0622222,1,44
17,0.07,1,43
total CPU time:1993.55;total time:1.99396e+06ms
srun: error: sh02-01n38: task 0: Exited with exit code 43
srun: launch/slurm: _step_signal: Terminating StepId=32215590.0
----------------------------------
id: 32211999
cpu per task 2
nodelist sh02-01n38
cluster name: sherlock
node list: sh02-01n38
node list: sh02-01n38
