hardware_concurrency32
Lmin:3;Lmax:17
Pmin:0;Pmax:0.012;nP10
Plmin:1;Plmax:1;nPl1
n:100seed:0;thread1

3,0,1,100
3,0.00133333,1,100
3,0.00266667,1,100
3,0.004,1,100
3,0.00533333,1,98
3,0.00666667,1,98
3,0.008,1,96
3,0.00933333,1,95
3,0.0106667,1,92
3,0.012,1,79

5,0,1,100
5,0.00133333,1,100
5,0.00266667,1,100
5,0.004,1,100
5,0.00533333,1,100
5,0.00666667,1,99
5,0.008,1,100
5,0.00933333,1,94
5,0.0106667,1,88
5,0.012,1,78

7,0,1,100
7,0.00133333,1,100
7,0.00266667,1,100
7,0.004,1,100
7,0.00533333,1,100
7,0.00666667,1,100
7,0.008,1,100
7,0.00933333,1,92
7,0.0106667,1,89
7,0.012,1,61

9,0,1,100
9,0.00133333,1,100
9,0.00266667,1,100
9,0.004,1,100
9,0.00533333,1,100
9,0.00666667,1,100
9,0.008,1,99
9,0.00933333,1,96
9,0.0106667,1,78
9,0.012,1,60

11,0,1,100
11,0.00133333,1,100
11,0.00266667,1,100
11,0.004,1,100
11,0.00533333,1,100
11,0.00666667,1,100
11,0.008,1,100
11,0.00933333,1,94
11,0.0106667,1,73
11,0.012,1,56

13,0,1,100
13,0.00133333,1,100
13,0.00266667,1,100
13,0.004,1,100
13,0.00533333,1,100
13,0.00666667,1,100
13,0.008,1,100
13,0.00933333,1,98
13,0.0106667,1,69
13,0.012,1,48

15,0,1,100
15,0.00133333,1,100
15,0.00266667,1,100
15,0.004,1,100
15,0.00533333,1,100
15,0.00666667,1,100
15,0.008,1,100
15,0.00933333,1,94
15,0.0106667,1,70
15,0.012,1,52

17,0,1,100
17,0.00133333,1,100
17,0.00266667,1,100
17,0.004,1,100
17,0.00533333,1,100
17,0.00666667,1,100
17,0.008,1,100
17,0.00933333,1,95
17,0.0106667,1,67
17,0.012,1,51
total CPU time:869.99;total time:870031ms
srun: error: sh03-01n28: task 0: Exited with exit code 51
srun: launch/slurm: _step_signal: Terminating StepId=32219060.0
----------------------------------
id: 32218558
cpu per task 2
nodelist sh03-01n28
cluster name: sherlock
node list: sh03-01n28
node list: sh03-01n28
