hardware_concurrency20
Lmin:3;Lmax:17
Pmin:0;Pmax:0.012;nP10
Plmin:1;Plmax:1;nPl1
n:100seed:0;thread1

3,0,1,100
3,0.00133333,1,100
3,0.00266667,1,100
3,0.004,1,100
3,0.00533333,1,98
3,0.00666667,1,99
3,0.008,1,94
3,0.00933333,1,91
3,0.0106667,1,82
3,0.012,1,68

5,0,1,100
5,0.00133333,1,100
5,0.00266667,1,100
5,0.004,1,100
5,0.00533333,1,98
5,0.00666667,1,99
5,0.008,1,93
5,0.00933333,1,91
5,0.0106667,1,75
5,0.012,1,65

7,0,1,100
7,0.00133333,1,100
7,0.00266667,1,100
7,0.004,1,100
7,0.00533333,1,100
7,0.00666667,1,99
7,0.008,1,92
7,0.00933333,1,75
7,0.0106667,1,57
7,0.012,1,49

9,0,1,100
9,0.00133333,1,100
9,0.00266667,1,100
9,0.004,1,100
9,0.00533333,1,100
9,0.00666667,1,100
9,0.008,1,91
9,0.00933333,1,71
9,0.0106667,1,56
9,0.012,1,46

11,0,1,100
11,0.00133333,1,100
11,0.00266667,1,100
11,0.004,1,100
11,0.00533333,1,100
11,0.00666667,1,100
11,0.008,1,95
11,0.00933333,1,71
11,0.0106667,1,48
11,0.012,1,56

13,0,1,100
13,0.00133333,1,100
13,0.00266667,1,100
13,0.004,1,100
13,0.00533333,1,100
13,0.00666667,1,100
13,0.008,1,98
13,0.00933333,1,57
13,0.0106667,1,48
13,0.012,1,47

15,0,1,100
15,0.00133333,1,100
15,0.00266667,1,100
15,0.004,1,100
15,0.00533333,1,100
15,0.00666667,1,100
15,0.008,1,94
15,0.00933333,1,72
15,0.0106667,1,50
15,0.012,1,50

17,0,1,100
17,0.00133333,1,100
17,0.00266667,1,100
17,0.004,1,100
17,0.00533333,1,100
17,0.00666667,1,100
17,0.008,1,94
17,0.00933333,1,65
17,0.0106667,1,53
17,0.012,1,41
total CPU time:335.08;total time:335086ms
srun: error: sh02-01n22: task 0: Exited with exit code 41
srun: launch/slurm: _step_signal: Terminating StepId=32218633.0
----------------------------------
id: 32218550
cpu per task 2
nodelist sh02-01n22
cluster name: sherlock
node list: sh02-01n22
node list: sh02-01n22
