hardware_concurrency24
Lmin:3;Lmax:17
Pmin:0;Pmax:0.07;nP10
Plmin:1;Plmax:1;nPl1
n:100seed:0;thread1

3,0,1,100
3,0.00777778,1,98
3,0.0155556,1,60
3,0.0233333,1,51
3,0.0311111,1,57
3,0.0388889,1,50
3,0.0466667,1,50
3,0.0544444,1,44
3,0.0622222,1,52
3,0.07,1,56

5,0,1,100
5,0.00777778,1,97
5,0.0155556,1,51
5,0.0233333,1,53
5,0.0311111,1,54
5,0.0388889,1,49
5,0.0466667,1,49
5,0.0544444,1,42
5,0.0622222,1,47
5,0.07,1,51

7,0,1,100
7,0.00777778,1,100
7,0.0155556,1,51
7,0.0233333,1,44
7,0.0311111,1,39
7,0.0388889,1,47
7,0.0466667,1,50
7,0.0544444,1,53
7,0.0622222,1,50
7,0.07,1,44

9,0,1,100
9,0.00777778,1,99
9,0.0155556,1,53
9,0.0233333,1,43
9,0.0311111,1,54
9,0.0388889,1,50
9,0.0466667,1,56
9,0.0544444,1,38
9,0.0622222,1,41
9,0.07,1,43

11,0,1,100
11,0.00777778,1,100
11,0.0155556,1,59
11,0.0233333,1,53
11,0.0311111,1,53
11,0.0388889,1,44
11,0.0466667,1,45
11,0.0544444,1,50
11,0.0622222,1,49
11,0.07,1,52

13,0,1,100
13,0.00777778,1,100
13,0.0155556,1,56
13,0.0233333,1,47
13,0.0311111,1,40
13,0.0388889,1,50
13,0.0466667,1,47
13,0.0544444,1,52
13,0.0622222,1,51
13,0.07,1,48

15,0,1,100
15,0.00777778,1,100
15,0.0155556,1,49
15,0.0233333,1,54
15,0.0311111,1,57
15,0.0388889,1,51
15,0.0466667,1,53
15,0.0544444,1,51
15,0.0622222,1,47
15,0.07,1,57

17,0,1,100
17,0.00777778,1,100
17,0.0155556,1,44
17,0.0233333,1,63
17,0.0311111,1,58
17,0.0388889,1,49
17,0.0466667,1,45
17,0.0544444,1,56
17,0.0622222,1,54
17,0.07,1,55
total CPU time:2728.9;total time:2.73553e+06ms
srun: error: sh02-08n39: task 0: Exited with exit code 55
srun: launch/slurm: _step_signal: Terminating StepId=32216238.0
----------------------------------
id: 32212002
cpu per task 2
nodelist sh02-08n39
cluster name: sherlock
node list: sh02-08n39
node list: sh02-08n39
