hardware_concurrency20
Lmin:3;Lmax:17
Pmin:0;Pmax:0.07;nP10
Plmin:1;Plmax:1;nPl1
n:100seed:0;thread1

3,0,1,100
3,0.00777778,1,100
3,0.0155556,1,100
3,0.0233333,1,100
3,0.0311111,1,98
3,0.0388889,1,96
3,0.0466667,1,92
3,0.0544444,1,87
3,0.0622222,1,80
3,0.07,1,72

5,0,1,100
5,0.00777778,1,100
5,0.0155556,1,100
5,0.0233333,1,100
5,0.0311111,1,100
5,0.0388889,1,98
5,0.0466667,1,97
5,0.0544444,1,84
5,0.0622222,1,77
5,0.07,1,63

7,0,1,100
7,0.00777778,1,100
7,0.0155556,1,100
7,0.0233333,1,100
7,0.0311111,1,100
7,0.0388889,1,100
7,0.0466667,1,99
7,0.0544444,1,96
7,0.0622222,1,63
7,0.07,1,54

9,0,1,100
9,0.00777778,1,100
9,0.0155556,1,100
9,0.0233333,1,100
9,0.0311111,1,100
9,0.0388889,1,100
9,0.0466667,1,99
9,0.0544444,1,90
9,0.0622222,1,64
9,0.07,1,44

11,0,1,100
11,0.00777778,1,100
11,0.0155556,1,100
11,0.0233333,1,100
11,0.0311111,1,100
11,0.0388889,1,100
11,0.0466667,1,97
11,0.0544444,1,89
11,0.0622222,1,50
11,0.07,1,52

13,0,1,100
13,0.00777778,1,100
13,0.0155556,1,100
13,0.0233333,1,100
13,0.0311111,1,100
13,0.0388889,1,100
13,0.0466667,1,98
13,0.0544444,1,80
13,0.0622222,1,43
13,0.07,1,45

15,0,1,100
15,0.00777778,1,100
15,0.0155556,1,100
15,0.0233333,1,100
15,0.0311111,1,100
15,0.0388889,1,100
15,0.0466667,1,99
15,0.0544444,1,77
15,0.0622222,1,54
15,0.07,1,52

17,0,1,100
17,0.00777778,1,100
17,0.0155556,1,100
17,0.0233333,1,100
17,0.0311111,1,100
17,0.0388889,1,100
17,0.0466667,1,100
17,0.0544444,1,70
17,0.0622222,1,52
17,0.07,1,51
total CPU time:399.1;total time:399152ms
srun: error: sh02-01n44: task 0: Exited with exit code 51
srun: launch/slurm: _step_signal: Terminating StepId=32212338.0
----------------------------------
id: 32211984
cpu per task 2
nodelist sh02-01n44
cluster name: sherlock
node list: sh02-01n44
node list: sh02-01n44
