hardware_concurrency20
Lmin:3;Lmax:17
Pmin:0;Pmax:0.07;nP10
Plmin:1;Plmax:1;nPl1
n:100seed:0;thread1

3,0,1,100
3,0.00777778,1,100
3,0.0155556,1,100
3,0.0233333,1,97
3,0.0311111,1,98
3,0.0388889,1,93
3,0.0466667,1,81
3,0.0544444,1,81
3,0.0622222,1,61
3,0.07,1,65

5,0,1,100
5,0.00777778,1,100
5,0.0155556,1,100
5,0.0233333,1,97
5,0.0311111,1,99
5,0.0388889,1,92
5,0.0466667,1,73
5,0.0544444,1,66
5,0.0622222,1,52
5,0.07,1,56

7,0,1,100
7,0.00777778,1,100
7,0.0155556,1,100
7,0.0233333,1,100
7,0.0311111,1,95
7,0.0388889,1,92
7,0.0466667,1,73
7,0.0544444,1,59
7,0.0622222,1,54
7,0.07,1,53

9,0,1,100
9,0.00777778,1,100
9,0.0155556,1,100
9,0.0233333,1,100
9,0.0311111,1,98
9,0.0388889,1,91
9,0.0466667,1,63
9,0.0544444,1,46
9,0.0622222,1,47
9,0.07,1,56

11,0,1,100
11,0.00777778,1,100
11,0.0155556,1,100
11,0.0233333,1,100
11,0.0311111,1,100
11,0.0388889,1,93
11,0.0466667,1,51
11,0.0544444,1,46
11,0.0622222,1,42
11,0.07,1,51

13,0,1,100
13,0.00777778,1,100
13,0.0155556,1,100
13,0.0233333,1,100
13,0.0311111,1,100
13,0.0388889,1,90
13,0.0466667,1,59
13,0.0544444,1,49
13,0.0622222,1,48
13,0.07,1,48

15,0,1,100
15,0.00777778,1,100
15,0.0155556,1,100
15,0.0233333,1,100
15,0.0311111,1,100
15,0.0388889,1,83
15,0.0466667,1,60
15,0.0544444,1,41
15,0.0622222,1,42
15,0.07,1,52

17,0,1,100
17,0.00777778,1,100
17,0.0155556,1,100
17,0.0233333,1,100
17,0.0311111,1,100
17,0.0388889,1,88
17,0.0466667,1,59
17,0.0544444,1,50
17,0.0622222,1,58
17,0.07,1,46
total CPU time:454.86;total time:454883ms
srun: error: sh02-01n44: task 0: Exited with exit code 46
srun: launch/slurm: _step_signal: Terminating StepId=32212068.0
----------------------------------
id: 32211982
cpu per task 2
nodelist sh02-01n44
cluster name: sherlock
node list: sh02-01n44
node list: sh02-01n44
