hardware_concurrency20
Lmin:3;Lmax:17
Pmin:0;Pmax:0.07;nP10
Plmin:1;Plmax:1;nPl1
n:100seed:0;thread1

3,0,1,100
3,0.00777778,1,100
3,0.0155556,1,100
3,0.0233333,1,97
3,0.0311111,1,93
3,0.0388889,1,96
3,0.0466667,1,82
3,0.0544444,1,80
3,0.0622222,1,65
3,0.07,1,58

5,0,1,100
5,0.00777778,1,100
5,0.0155556,1,99
5,0.0233333,1,99
5,0.0311111,1,96
5,0.0388889,1,91
5,0.0466667,1,84
5,0.0544444,1,67
5,0.0622222,1,54
5,0.07,1,53

7,0,1,100
7,0.00777778,1,100
7,0.0155556,1,100
7,0.0233333,1,99
7,0.0311111,1,99
7,0.0388889,1,93
7,0.0466667,1,70
7,0.0544444,1,57
7,0.0622222,1,58
7,0.07,1,43

9,0,1,100
9,0.00777778,1,100
9,0.0155556,1,100
9,0.0233333,1,100
9,0.0311111,1,98
9,0.0388889,1,89
9,0.0466667,1,68
9,0.0544444,1,56
9,0.0622222,1,49
9,0.07,1,42

11,0,1,100
11,0.00777778,1,100
11,0.0155556,1,100
11,0.0233333,1,100
11,0.0311111,1,100
11,0.0388889,1,86
11,0.0466667,1,63
11,0.0544444,1,47
11,0.0622222,1,54
11,0.07,1,48

13,0,1,100
13,0.00777778,1,100
13,0.0155556,1,100
13,0.0233333,1,100
13,0.0311111,1,99
13,0.0388889,1,85
13,0.0466667,1,52
13,0.0544444,1,50
13,0.0622222,1,49
13,0.07,1,47

15,0,1,100
15,0.00777778,1,100
15,0.0155556,1,100
15,0.0233333,1,100
15,0.0311111,1,100
15,0.0388889,1,85
15,0.0466667,1,59
15,0.0544444,1,53
15,0.0622222,1,48
15,0.07,1,53

17,0,1,100
17,0.00777778,1,100
17,0.0155556,1,100
17,0.0233333,1,100
17,0.0311111,1,100
17,0.0388889,1,90
17,0.0466667,1,56
17,0.0544444,1,49
17,0.0622222,1,51
17,0.07,1,51
total CPU time:436.94;total time:437001ms
srun: error: sh02-01n54: task 0: Exited with exit code 51
srun: launch/slurm: _step_signal: Terminating StepId=32212089.0
----------------------------------
id: 32211982
cpu per task 2
nodelist sh02-01n54
cluster name: sherlock
node list: sh02-01n54
node list: sh02-01n54
