hardware_concurrency32
Lmin:3;Lmax:17
Pmin:0;Pmax:0.07;nP10
Plmin:1;Plmax:1;nPl1
n:100seed:0;thread1

3,0,1,100
3,0.00777778,1,97
3,0.0155556,1,62
3,0.0233333,1,42
3,0.0311111,1,49
3,0.0388889,1,55
3,0.0466667,1,47
3,0.0544444,1,50
3,0.0622222,1,54
3,0.07,1,56

5,0,1,100
5,0.00777778,1,99
5,0.0155556,1,51
5,0.0233333,1,50
5,0.0311111,1,48
5,0.0388889,1,47
5,0.0466667,1,46
5,0.0544444,1,53
5,0.0622222,1,49
5,0.07,1,60

7,0,1,100
7,0.00777778,1,98
7,0.0155556,1,50
7,0.0233333,1,52
7,0.0311111,1,52
7,0.0388889,1,41
7,0.0466667,1,45
7,0.0544444,1,52
7,0.0622222,1,52
7,0.07,1,47

9,0,1,100
9,0.00777778,1,98
9,0.0155556,1,46
9,0.0233333,1,50
9,0.0311111,1,55
9,0.0388889,1,47
9,0.0466667,1,50
9,0.0544444,1,44
9,0.0622222,1,49
9,0.07,1,54

11,0,1,100
11,0.00777778,1,100
11,0.0155556,1,42
11,0.0233333,1,51
11,0.0311111,1,43
11,0.0388889,1,47
11,0.0466667,1,60
11,0.0544444,1,43
11,0.0622222,1,48
11,0.07,1,47

13,0,1,100
13,0.00777778,1,100
13,0.0155556,1,43
13,0.0233333,1,49
13,0.0311111,1,46
13,0.0388889,1,54
13,0.0466667,1,51
13,0.0544444,1,48
13,0.0622222,1,54
13,0.07,1,57

15,0,1,100
15,0.00777778,1,100
15,0.0155556,1,41
15,0.0233333,1,50
15,0.0311111,1,47
15,0.0388889,1,48
15,0.0466667,1,54
15,0.0544444,1,53
15,0.0622222,1,44
15,0.07,1,49

17,0,1,100
17,0.00777778,1,100
17,0.0155556,1,49
17,0.0233333,1,46
17,0.0311111,1,44
17,0.0388889,1,57
17,0.0466667,1,55
17,0.0544444,1,52
17,0.0622222,1,52
17,0.07,1,56
total CPU time:2345.95;total time:2.34601e+06ms
srun: error: sh03-01n64: task 0: Exited with exit code 56
srun: launch/slurm: _step_signal: Terminating StepId=32215700.0
----------------------------------
id: 32212002
cpu per task 2
nodelist sh03-01n64
cluster name: sherlock
node list: sh03-01n64
node list: sh03-01n64
