hardware_concurrency20
Lmin:3;Lmax:17
Pmin:0;Pmax:0.07;nP10
Plmin:1;Plmax:1;nPl1
n:100seed:0;thread1

3,0,1,100
3,0.00777778,1,100
3,0.0155556,1,100
3,0.0233333,1,100
3,0.0311111,1,100
3,0.0388889,1,100
3,0.0466667,1,100
3,0.0544444,1,98
3,0.0622222,1,95
3,0.07,1,83

5,0,1,100
5,0.00777778,1,100
5,0.0155556,1,100
5,0.0233333,1,100
5,0.0311111,1,100
5,0.0388889,1,100
5,0.0466667,1,100
5,0.0544444,1,99
5,0.0622222,1,94
5,0.07,1,82

7,0,1,100
7,0.00777778,1,100
7,0.0155556,1,100
7,0.0233333,1,100
7,0.0311111,1,100
7,0.0388889,1,100
7,0.0466667,1,100
7,0.0544444,1,100
7,0.0622222,1,97
7,0.07,1,91

9,0,1,100
9,0.00777778,1,100
9,0.0155556,1,100
9,0.0233333,1,100
9,0.0311111,1,100
9,0.0388889,1,100
9,0.0466667,1,100
9,0.0544444,1,100
9,0.0622222,1,99
9,0.07,1,85

11,0,1,100
11,0.00777778,1,100
11,0.0155556,1,100
11,0.0233333,1,100
11,0.0311111,1,100
11,0.0388889,1,100
11,0.0466667,1,100
11,0.0544444,1,100
11,0.0622222,1,100
11,0.07,1,78

13,0,1,100
13,0.00777778,1,100
13,0.0155556,1,100
13,0.0233333,1,100
13,0.0311111,1,100
13,0.0388889,1,100
13,0.0466667,1,100
13,0.0544444,1,100
13,0.0622222,1,99
13,0.07,1,81

15,0,1,100
15,0.00777778,1,100
15,0.0155556,1,100
15,0.0233333,1,100
15,0.0311111,1,100
15,0.0388889,1,100
15,0.0466667,1,100
15,0.0544444,1,100
15,0.0622222,1,100
15,0.07,1,73

17,0,1,100
17,0.00777778,1,100
17,0.0155556,1,100
17,0.0233333,1,100
17,0.0311111,1,100
17,0.0388889,1,100
17,0.0466667,1,100
17,0.0544444,1,100
17,0.0622222,1,99
17,0.07,1,69
total CPU time:640.43;total time:640442ms
srun: error: sh02-01n41: task 0: Exited with exit code 69
srun: launch/slurm: _step_signal: Terminating StepId=32214814.0
----------------------------------
id: 32211988
cpu per task 2
nodelist sh02-01n41
cluster name: sherlock
node list: sh02-01n41
node list: sh02-01n41
