hardware_concurrency32
Lmin:3;Lmax:17
Pmin:0;Pmax:0.012;nP10
Plmin:1;Plmax:1;nPl1
n:100seed:0;thread1

3,0,1,100
3,0.00133333,1,100
3,0.00266667,1,100
3,0.004,1,100
3,0.00533333,1,100
3,0.00666667,1,100
3,0.008,1,95
3,0.00933333,1,88
3,0.0106667,1,87
3,0.012,1,83

5,0,1,100
5,0.00133333,1,100
5,0.00266667,1,100
5,0.004,1,99
5,0.00533333,1,100
5,0.00666667,1,99
5,0.008,1,97
5,0.00933333,1,91
5,0.0106667,1,88
5,0.012,1,62

7,0,1,100
7,0.00133333,1,100
7,0.00266667,1,100
7,0.004,1,100
7,0.00533333,1,100
7,0.00666667,1,100
7,0.008,1,99
7,0.00933333,1,91
7,0.0106667,1,76
7,0.012,1,53

9,0,1,100
9,0.00133333,1,100
9,0.00266667,1,100
9,0.004,1,100
9,0.00533333,1,100
9,0.00666667,1,100
9,0.008,1,100
9,0.00933333,1,92
9,0.0106667,1,77
9,0.012,1,57

11,0,1,100
11,0.00133333,1,100
11,0.00266667,1,100
11,0.004,1,100
11,0.00533333,1,100
11,0.00666667,1,100
11,0.008,1,99
11,0.00933333,1,95
11,0.0106667,1,67
11,0.012,1,46

13,0,1,100
13,0.00133333,1,100
13,0.00266667,1,100
13,0.004,1,100
13,0.00533333,1,100
13,0.00666667,1,100
13,0.008,1,100
13,0.00933333,1,95
13,0.0106667,1,65
13,0.012,1,51

15,0,1,100
15,0.00133333,1,100
15,0.00266667,1,100
15,0.004,1,100
15,0.00533333,1,100
15,0.00666667,1,100
15,0.008,1,100
15,0.00933333,1,96
15,0.0106667,1,61
15,0.012,1,65

17,0,1,100
17,0.00133333,1,100
17,0.00266667,1,100
17,0.004,1,100
17,0.00533333,1,100
17,0.00666667,1,100
17,0.008,1,100
17,0.00933333,1,95
17,0.0106667,1,59
17,0.012,1,45
total CPU time:526.28;total time:526286ms
srun: error: sh03-01n57: task 0: Exited with exit code 45
srun: launch/slurm: _step_signal: Terminating StepId=32218761.0
----------------------------------
id: 32218556
cpu per task 2
nodelist sh03-01n57
cluster name: sherlock
node list: sh03-01n57
node list: sh03-01n57
