hardware_concurrency32
Lmin:3;Lmax:17
Pmin:0;Pmax:0.07;nP10
Plmin:1;Plmax:1;nPl1
n:100seed:0;thread1

3,0,1,100
3,0.00777778,1,83
3,0.0155556,1,59
3,0.0233333,1,53
3,0.0311111,1,49
3,0.0388889,1,53
3,0.0466667,1,45
3,0.0544444,1,50
3,0.0622222,1,46
3,0.07,1,48

5,0,1,100
5,0.00777778,1,83
5,0.0155556,1,39
5,0.0233333,1,58
5,0.0311111,1,58
5,0.0388889,1,48
5,0.0466667,1,53
5,0.0544444,1,51
5,0.0622222,1,48
5,0.07,1,45

7,0,1,100
7,0.00777778,1,76
7,0.0155556,1,43
7,0.0233333,1,53
7,0.0311111,1,48
7,0.0388889,1,41
7,0.0466667,1,52
7,0.0544444,1,39
7,0.0622222,1,51
7,0.07,1,61

9,0,1,100
9,0.00777778,1,79
9,0.0155556,1,47
9,0.0233333,1,54
9,0.0311111,1,40
9,0.0388889,1,42
9,0.0466667,1,49
9,0.0544444,1,47
9,0.0622222,1,51
9,0.07,1,42

11,0,1,100
11,0.00777778,1,72
11,0.0155556,1,50
11,0.0233333,1,56
11,0.0311111,1,53
11,0.0388889,1,52
11,0.0466667,1,52
11,0.0544444,1,50
11,0.0622222,1,46
11,0.07,1,51

13,0,1,100
13,0.00777778,1,71
13,0.0155556,1,46
13,0.0233333,1,38
13,0.0311111,1,49
13,0.0388889,1,45
13,0.0466667,1,54
13,0.0544444,1,51
13,0.0622222,1,57
13,0.07,1,63

15,0,1,100
15,0.00777778,1,70
15,0.0155556,1,48
15,0.0233333,1,56
15,0.0311111,1,59
15,0.0388889,1,47
15,0.0466667,1,56
15,0.0544444,1,51
15,0.0622222,1,56
15,0.07,1,43

17,0,1,100
17,0.00777778,1,72
17,0.0155556,1,56
17,0.0233333,1,47
17,0.0311111,1,60
17,0.0388889,1,57
17,0.0466667,1,38
17,0.0544444,1,48
17,0.0622222,1,52
17,0.07,1,48
total CPU time:1444.74;total time:1.44469e+06ms
srun: error: sh03-01n24: task 0: Exited with exit code 48
srun: launch/slurm: _step_signal: Terminating StepId=32215576.0
----------------------------------
id: 32211999
cpu per task 2
nodelist sh03-01n24
cluster name: sherlock
node list: sh03-01n24
node list: sh03-01n24
