hardware_concurrency20
Lmin:3;Lmax:17
Pmin:0;Pmax:0.07;nP10
Plmin:1;Plmax:1;nPl1
n:100seed:0;thread1

3,0,1,100
3,0.00777778,1,92
3,0.0155556,1,51
3,0.0233333,1,45
3,0.0311111,1,46
3,0.0388889,1,56
3,0.0466667,1,48
3,0.0544444,1,53
3,0.0622222,1,54
3,0.07,1,47

5,0,1,100
5,0.00777778,1,81
5,0.0155556,1,57
5,0.0233333,1,47
5,0.0311111,1,51
5,0.0388889,1,51
5,0.0466667,1,48
5,0.0544444,1,44
5,0.0622222,1,54
5,0.07,1,47

7,0,1,100
7,0.00777778,1,76
7,0.0155556,1,56
7,0.0233333,1,52
7,0.0311111,1,47
7,0.0388889,1,56
7,0.0466667,1,46
7,0.0544444,1,53
7,0.0622222,1,53
7,0.07,1,44

9,0,1,100
9,0.00777778,1,70
9,0.0155556,1,56
9,0.0233333,1,49
9,0.0311111,1,55
9,0.0388889,1,48
9,0.0466667,1,54
9,0.0544444,1,42
9,0.0622222,1,52
9,0.07,1,53

11,0,1,100
11,0.00777778,1,76
11,0.0155556,1,57
11,0.0233333,1,44
11,0.0311111,1,48
11,0.0388889,1,44
11,0.0466667,1,46
11,0.0544444,1,45
11,0.0622222,1,58
11,0.07,1,53

13,0,1,100
13,0.00777778,1,70
13,0.0155556,1,49
13,0.0233333,1,47
13,0.0311111,1,48
13,0.0388889,1,48
13,0.0466667,1,48
13,0.0544444,1,38
13,0.0622222,1,48
13,0.07,1,43

15,0,1,100
15,0.00777778,1,70
15,0.0155556,1,49
15,0.0233333,1,51
15,0.0311111,1,45
15,0.0388889,1,50
15,0.0466667,1,50
15,0.0544444,1,47
15,0.0622222,1,53
15,0.07,1,52

17,0,1,100
17,0.00777778,1,71
17,0.0155556,1,58
17,0.0233333,1,47
17,0.0311111,1,53
17,0.0388889,1,57
17,0.0466667,1,46
17,0.0544444,1,37
17,0.0622222,1,46
17,0.07,1,44
total CPU time:1762.81;total time:1.76301e+06ms
srun: error: sh02-01n41: task 0: Exited with exit code 44
srun: launch/slurm: _step_signal: Terminating StepId=32215594.0
----------------------------------
id: 32211999
cpu per task 2
nodelist sh02-01n41
cluster name: sherlock
node list: sh02-01n41
node list: sh02-01n41
