hardware_concurrency20
Lmin:3;Lmax:17
Pmin:0;Pmax:0.07;nP10
Plmin:1;Plmax:1;nPl1
n:100seed:0;thread1

3,0,1,100
3,0.00777778,1,100
3,0.0155556,1,100
3,0.0233333,1,100
3,0.0311111,1,99
3,0.0388889,1,95
3,0.0466667,1,94
3,0.0544444,1,91
3,0.0622222,1,82
3,0.07,1,71

5,0,1,100
5,0.00777778,1,100
5,0.0155556,1,100
5,0.0233333,1,100
5,0.0311111,1,100
5,0.0388889,1,100
5,0.0466667,1,94
5,0.0544444,1,90
5,0.0622222,1,77
5,0.07,1,63

7,0,1,100
7,0.00777778,1,100
7,0.0155556,1,100
7,0.0233333,1,100
7,0.0311111,1,100
7,0.0388889,1,100
7,0.0466667,1,97
7,0.0544444,1,86
7,0.0622222,1,62
7,0.07,1,56

9,0,1,100
9,0.00777778,1,100
9,0.0155556,1,100
9,0.0233333,1,100
9,0.0311111,1,100
9,0.0388889,1,100
9,0.0466667,1,96
9,0.0544444,1,85
9,0.0622222,1,59
9,0.07,1,50

11,0,1,100
11,0.00777778,1,100
11,0.0155556,1,100
11,0.0233333,1,100
11,0.0311111,1,100
11,0.0388889,1,100
11,0.0466667,1,99
11,0.0544444,1,84
11,0.0622222,1,57
11,0.07,1,47

13,0,1,100
13,0.00777778,1,100
13,0.0155556,1,100
13,0.0233333,1,100
13,0.0311111,1,100
13,0.0388889,1,100
13,0.0466667,1,99
13,0.0544444,1,80
13,0.0622222,1,52
13,0.07,1,42

15,0,1,100
15,0.00777778,1,100
15,0.0155556,1,100
15,0.0233333,1,100
15,0.0311111,1,100
15,0.0388889,1,100
15,0.0466667,1,99
15,0.0544444,1,82
15,0.0622222,1,60
15,0.07,1,48

17,0,1,100
17,0.00777778,1,100
17,0.0155556,1,100
17,0.0233333,1,100
17,0.0311111,1,100
17,0.0388889,1,100
17,0.0466667,1,100
17,0.0544444,1,67
17,0.0622222,1,48
17,0.07,1,50
total CPU time:388.56;total time:388563ms
srun: error: sh02-01n34: task 0: Exited with exit code 50
srun: launch/slurm: _step_signal: Terminating StepId=32212324.0
----------------------------------
id: 32211984
cpu per task 2
nodelist sh02-01n34
cluster name: sherlock
node list: sh02-01n34
node list: sh02-01n34
