hardware_concurrency32
Lmin:3;Lmax:17
Pmin:0;Pmax:0.07;nP10
Plmin:1;Plmax:1;nPl1
n:100seed:0;thread1

3,0,1,100
3,0.00777778,1,100
3,0.0155556,1,100
3,0.0233333,1,99
3,0.0311111,1,100
3,0.0388889,1,100
3,0.0466667,1,97
3,0.0544444,1,92
3,0.0622222,1,84
3,0.07,1,68

5,0,1,100
5,0.00777778,1,100
5,0.0155556,1,100
5,0.0233333,1,100
5,0.0311111,1,100
5,0.0388889,1,97
5,0.0466667,1,99
5,0.0544444,1,92
5,0.0622222,1,76
5,0.07,1,63

7,0,1,100
7,0.00777778,1,100
7,0.0155556,1,100
7,0.0233333,1,100
7,0.0311111,1,100
7,0.0388889,1,100
7,0.0466667,1,97
7,0.0544444,1,91
7,0.0622222,1,63
7,0.07,1,50

9,0,1,100
9,0.00777778,1,100
9,0.0155556,1,100
9,0.0233333,1,100
9,0.0311111,1,100
9,0.0388889,1,100
9,0.0466667,1,100
9,0.0544444,1,90
9,0.0622222,1,60
9,0.07,1,57

11,0,1,100
11,0.00777778,1,100
11,0.0155556,1,100
11,0.0233333,1,100
11,0.0311111,1,100
11,0.0388889,1,100
11,0.0466667,1,99
11,0.0544444,1,87
11,0.0622222,1,53
11,0.07,1,50

13,0,1,100
13,0.00777778,1,100
13,0.0155556,1,100
13,0.0233333,1,100
13,0.0311111,1,100
13,0.0388889,1,100
13,0.0466667,1,97
13,0.0544444,1,78
13,0.0622222,1,58
13,0.07,1,65

15,0,1,100
15,0.00777778,1,100
15,0.0155556,1,100
15,0.0233333,1,100
15,0.0311111,1,100
15,0.0388889,1,100
15,0.0466667,1,100
15,0.0544444,1,79
15,0.0622222,1,46
15,0.07,1,40

17,0,1,100
17,0.00777778,1,100
17,0.0155556,1,100
17,0.0233333,1,100
17,0.0311111,1,100
17,0.0388889,1,100
17,0.0466667,1,100
17,0.0544444,1,76
17,0.0622222,1,48
17,0.07,1,50
total CPU time:348.68;total time:348727ms
srun: error: sh03-01n09: task 0: Exited with exit code 50
srun: launch/slurm: _step_signal: Terminating StepId=32212303.0
----------------------------------
id: 32211984
cpu per task 2
nodelist sh03-01n09
cluster name: sherlock
node list: sh03-01n09
node list: sh03-01n09
