hardware_concurrency20
Lmin:3;Lmax:17
Pmin:0;Pmax:0.012;nP10
Plmin:1;Plmax:1;nPl1
n:100seed:0;thread1

3,0,1,100
3,0.00133333,1,100
3,0.00266667,1,100
3,0.004,1,100
3,0.00533333,1,100
3,0.00666667,1,99
3,0.008,1,94
3,0.00933333,1,93
3,0.0106667,1,89
3,0.012,1,77

5,0,1,100
5,0.00133333,1,100
5,0.00266667,1,100
5,0.004,1,100
5,0.00533333,1,100
5,0.00666667,1,99
5,0.008,1,100
5,0.00933333,1,92
5,0.0106667,1,86
5,0.012,1,63

7,0,1,100
7,0.00133333,1,100
7,0.00266667,1,100
7,0.004,1,100
7,0.00533333,1,100
7,0.00666667,1,100
7,0.008,1,100
7,0.00933333,1,95
7,0.0106667,1,80
7,0.012,1,64

9,0,1,100
9,0.00133333,1,100
9,0.00266667,1,100
9,0.004,1,100
9,0.00533333,1,100
9,0.00666667,1,100
9,0.008,1,98
9,0.00933333,1,92
9,0.0106667,1,76
9,0.012,1,51

11,0,1,100
11,0.00133333,1,100
11,0.00266667,1,100
11,0.004,1,100
11,0.00533333,1,100
11,0.00666667,1,100
11,0.008,1,99
11,0.00933333,1,95
11,0.0106667,1,69
11,0.012,1,53

13,0,1,100
13,0.00133333,1,100
13,0.00266667,1,100
13,0.004,1,100
13,0.00533333,1,100
13,0.00666667,1,100
13,0.008,1,99
13,0.00933333,1,87
13,0.0106667,1,65
13,0.012,1,48

15,0,1,100
15,0.00133333,1,100
15,0.00266667,1,100
15,0.004,1,100
15,0.00533333,1,100
15,0.00666667,1,100
15,0.008,1,99
15,0.00933333,1,91
15,0.0106667,1,56
15,0.012,1,63

17,0,1,100
17,0.00133333,1,100
17,0.00266667,1,100
17,0.004,1,100
17,0.00533333,1,100
17,0.00666667,1,100
17,0.008,1,99
17,0.00933333,1,92
17,0.0106667,1,57
17,0.012,1,35
total CPU time:676.65;total time:676756ms
srun: error: sh02-01n50: task 0: Exited with exit code 35
srun: launch/slurm: _step_signal: Terminating StepId=32218992.0
----------------------------------
id: 32218556
cpu per task 2
nodelist sh02-01n50
cluster name: sherlock
node list: sh02-01n50
node list: sh02-01n50
