hardware_concurrency32
Lmin:3;Lmax:17
Pmin:0;Pmax:0.012;nP10
Plmin:1;Plmax:1;nPl1
n:100seed:0;thread1

3,0,1,100
3,0.00133333,1,100
3,0.00266667,1,100
3,0.004,1,100
3,0.00533333,1,98
3,0.00666667,1,100
3,0.008,1,97
3,0.00933333,1,92
3,0.0106667,1,86
3,0.012,1,85

5,0,1,100
5,0.00133333,1,100
5,0.00266667,1,100
5,0.004,1,100
5,0.00533333,1,100
5,0.00666667,1,99
5,0.008,1,99
5,0.00933333,1,99
5,0.0106667,1,83
5,0.012,1,73

7,0,1,100
7,0.00133333,1,100
7,0.00266667,1,100
7,0.004,1,100
7,0.00533333,1,100
7,0.00666667,1,100
7,0.008,1,99
7,0.00933333,1,95
7,0.0106667,1,82
7,0.012,1,69

9,0,1,100
9,0.00133333,1,100
9,0.00266667,1,100
9,0.004,1,100
9,0.00533333,1,100
9,0.00666667,1,100
9,0.008,1,100
9,0.00933333,1,96
9,0.0106667,1,75
9,0.012,1,57

11,0,1,100
11,0.00133333,1,100
11,0.00266667,1,100
11,0.004,1,100
11,0.00533333,1,100
11,0.00666667,1,100
11,0.008,1,100
11,0.00933333,1,92
11,0.0106667,1,73
11,0.012,1,52

13,0,1,100
13,0.00133333,1,100
13,0.00266667,1,100
13,0.004,1,100
13,0.00533333,1,100
13,0.00666667,1,100
13,0.008,1,100
13,0.00933333,1,96
13,0.0106667,1,78
13,0.012,1,50

15,0,1,100
15,0.00133333,1,100
15,0.00266667,1,100
15,0.004,1,100
15,0.00533333,1,100
15,0.00666667,1,100
15,0.008,1,100
15,0.00933333,1,94
15,0.0106667,1,64
15,0.012,1,56

17,0,1,100
17,0.00133333,1,100
17,0.00266667,1,100
17,0.004,1,100
17,0.00533333,1,100
17,0.00666667,1,100
17,0.008,1,100
17,0.00933333,1,95
17,0.0106667,1,63
17,0.012,1,46
total CPU time:880.64;total time:880685ms
srun: error: sh03-01n15: task 0: Exited with exit code 46
srun: launch/slurm: _step_signal: Terminating StepId=32218931.0
----------------------------------
id: 32218558
cpu per task 2
nodelist sh03-01n15
cluster name: sherlock
node list: sh03-01n15
node list: sh03-01n15
