hardware_concurrency24
Lmin:3;Lmax:17
Pmin:0;Pmax:0.07;nP10
Plmin:1;Plmax:1;nPl1
n:100seed:0;thread1

3,0,1,100
3,0.00777778,1,100
3,0.0155556,1,100
3,0.0233333,1,100
3,0.0311111,1,100
3,0.0388889,1,99
3,0.0466667,1,96
3,0.0544444,1,91
3,0.0622222,1,87
3,0.07,1,76

5,0,1,100
5,0.00777778,1,100
5,0.0155556,1,100
5,0.0233333,1,100
5,0.0311111,1,100
5,0.0388889,1,98
5,0.0466667,1,95
5,0.0544444,1,92
5,0.0622222,1,80
5,0.07,1,66

7,0,1,100
7,0.00777778,1,100
7,0.0155556,1,100
7,0.0233333,1,100
7,0.0311111,1,100
7,0.0388889,1,100
7,0.0466667,1,95
7,0.0544444,1,88
7,0.0622222,1,68
7,0.07,1,57

9,0,1,100
9,0.00777778,1,100
9,0.0155556,1,100
9,0.0233333,1,100
9,0.0311111,1,100
9,0.0388889,1,100
9,0.0466667,1,97
9,0.0544444,1,86
9,0.0622222,1,52
9,0.07,1,51

11,0,1,100
11,0.00777778,1,100
11,0.0155556,1,100
11,0.0233333,1,100
11,0.0311111,1,100
11,0.0388889,1,100
11,0.0466667,1,96
11,0.0544444,1,90
11,0.0622222,1,61
11,0.07,1,55

13,0,1,100
13,0.00777778,1,100
13,0.0155556,1,100
13,0.0233333,1,100
13,0.0311111,1,100
13,0.0388889,1,100
13,0.0466667,1,99
13,0.0544444,1,85
13,0.0622222,1,52
13,0.07,1,50

15,0,1,100
15,0.00777778,1,100
15,0.0155556,1,100
15,0.0233333,1,100
15,0.0311111,1,100
15,0.0388889,1,100
15,0.0466667,1,99
15,0.0544444,1,77
15,0.0622222,1,56
15,0.07,1,53

17,0,1,100
17,0.00777778,1,100
17,0.0155556,1,100
17,0.0233333,1,100
17,0.0311111,1,100
17,0.0388889,1,100
17,0.0466667,1,99
17,0.0544444,1,77
17,0.0622222,1,45
17,0.07,1,50
total CPU time:451.5;total time:452588ms
srun: error: sh02-08n37: task 0: Exited with exit code 50
srun: launch/slurm: _step_signal: Terminating StepId=32212116.0
----------------------------------
id: 32211984
cpu per task 2
nodelist sh02-08n37
cluster name: sherlock
node list: sh02-08n37
node list: sh02-08n37
