hardware_concurrency20
Lmin:3;Lmax:17
Pmin:0;Pmax:0.012;nP10
Plmin:1;Plmax:1;nPl1
n:100seed:0;thread1

3,0,1,100
3,0.00133333,1,100
3,0.00266667,1,100
3,0.004,1,100
3,0.00533333,1,100
3,0.00666667,1,96
3,0.008,1,96
3,0.00933333,1,92
3,0.0106667,1,91
3,0.012,1,74

5,0,1,100
5,0.00133333,1,100
5,0.00266667,1,100
5,0.004,1,100
5,0.00533333,1,100
5,0.00666667,1,100
5,0.008,1,96
5,0.00933333,1,86
5,0.0106667,1,77
5,0.012,1,72

7,0,1,100
7,0.00133333,1,100
7,0.00266667,1,100
7,0.004,1,100
7,0.00533333,1,100
7,0.00666667,1,100
7,0.008,1,100
7,0.00933333,1,91
7,0.0106667,1,85
7,0.012,1,54

9,0,1,100
9,0.00133333,1,100
9,0.00266667,1,100
9,0.004,1,100
9,0.00533333,1,100
9,0.00666667,1,100
9,0.008,1,98
9,0.00933333,1,89
9,0.0106667,1,69
9,0.012,1,58

11,0,1,100
11,0.00133333,1,100
11,0.00266667,1,100
11,0.004,1,100
11,0.00533333,1,100
11,0.00666667,1,100
11,0.008,1,99
11,0.00933333,1,93
11,0.0106667,1,67
11,0.012,1,51

13,0,1,100
13,0.00133333,1,100
13,0.00266667,1,100
13,0.004,1,100
13,0.00533333,1,100
13,0.00666667,1,100
13,0.008,1,99
13,0.00933333,1,92
13,0.0106667,1,64
13,0.012,1,42

15,0,1,100
15,0.00133333,1,100
15,0.00266667,1,100
15,0.004,1,100
15,0.00533333,1,100
15,0.00666667,1,100
15,0.008,1,100
15,0.00933333,1,91
15,0.0106667,1,52
15,0.012,1,51

17,0,1,100
17,0.00133333,1,100
17,0.00266667,1,100
17,0.004,1,100
17,0.00533333,1,100
17,0.00666667,1,100
17,0.008,1,100
17,0.00933333,1,96
17,0.0106667,1,60
17,0.012,1,44
total CPU time:628.86;total time:628925ms
srun: error: sh02-01n26: task 0: Exited with exit code 44
srun: launch/slurm: _step_signal: Terminating StepId=32218897.0
----------------------------------
id: 32218556
cpu per task 2
nodelist sh02-01n26
cluster name: sherlock
node list: sh02-01n26
node list: sh02-01n26
