hardware_concurrency32
Lmin:3;Lmax:17
Pmin:0;Pmax:0.012;nP10
Plmin:1;Plmax:1;nPl1
n:100seed:0;thread1

3,0,1,100
3,0.00133333,1,100
3,0.00266667,1,100
3,0.004,1,100
3,0.00533333,1,98
3,0.00666667,1,97
3,0.008,1,93
3,0.00933333,1,87
3,0.0106667,1,77
3,0.012,1,74

5,0,1,100
5,0.00133333,1,100
5,0.00266667,1,100
5,0.004,1,100
5,0.00533333,1,98
5,0.00666667,1,99
5,0.008,1,93
5,0.00933333,1,83
5,0.0106667,1,74
5,0.012,1,64

7,0,1,100
7,0.00133333,1,100
7,0.00266667,1,100
7,0.004,1,100
7,0.00533333,1,100
7,0.00666667,1,99
7,0.008,1,93
7,0.00933333,1,77
7,0.0106667,1,58
7,0.012,1,57

9,0,1,100
9,0.00133333,1,100
9,0.00266667,1,100
9,0.004,1,100
9,0.00533333,1,100
9,0.00666667,1,99
9,0.008,1,93
9,0.00933333,1,87
9,0.0106667,1,55
9,0.012,1,56

11,0,1,100
11,0.00133333,1,100
11,0.00266667,1,100
11,0.004,1,100
11,0.00533333,1,100
11,0.00666667,1,100
11,0.008,1,93
11,0.00933333,1,82
11,0.0106667,1,49
11,0.012,1,42

13,0,1,100
13,0.00133333,1,100
13,0.00266667,1,100
13,0.004,1,100
13,0.00533333,1,100
13,0.00666667,1,100
13,0.008,1,95
13,0.00933333,1,71
13,0.0106667,1,44
13,0.012,1,57

15,0,1,100
15,0.00133333,1,100
15,0.00266667,1,100
15,0.004,1,100
15,0.00533333,1,100
15,0.00666667,1,100
15,0.008,1,93
15,0.00933333,1,72
15,0.0106667,1,64
15,0.012,1,50

17,0,1,100
17,0.00133333,1,100
17,0.00266667,1,100
17,0.004,1,100
17,0.00533333,1,100
17,0.00666667,1,100
17,0.008,1,97
17,0.00933333,1,68
17,0.0106667,1,57
17,0.012,1,58
total CPU time:307.45;total time:307478ms
srun: error: sh03-01n58: task 0: Exited with exit code 58
srun: launch/slurm: _step_signal: Terminating StepId=32218780.0
----------------------------------
id: 32218550
cpu per task 2
nodelist sh03-01n58
cluster name: sherlock
node list: sh03-01n58
node list: sh03-01n58
