hardware_concurrency20
Lmin:3;Lmax:17
Pmin:0;Pmax:0.07;nP10
Plmin:1;Plmax:1;nPl1
n:100seed:0;thread1

3,0,1,100
3,0.00777778,1,93
3,0.0155556,1,52
3,0.0233333,1,49
3,0.0311111,1,42
3,0.0388889,1,44
3,0.0466667,1,56
3,0.0544444,1,52
3,0.0622222,1,48
3,0.07,1,46

5,0,1,100
5,0.00777778,1,95
5,0.0155556,1,48
5,0.0233333,1,55
5,0.0311111,1,43
5,0.0388889,1,52
5,0.0466667,1,47
5,0.0544444,1,41
5,0.0622222,1,50
5,0.07,1,47

7,0,1,100
7,0.00777778,1,96
7,0.0155556,1,44
7,0.0233333,1,53
7,0.0311111,1,60
7,0.0388889,1,50
7,0.0466667,1,56
7,0.0544444,1,56
7,0.0622222,1,46
7,0.07,1,46

9,0,1,100
9,0.00777778,1,100
9,0.0155556,1,54
9,0.0233333,1,48
9,0.0311111,1,56
9,0.0388889,1,51
9,0.0466667,1,51
9,0.0544444,1,50
9,0.0622222,1,49
9,0.07,1,54

11,0,1,100
11,0.00777778,1,97
11,0.0155556,1,53
11,0.0233333,1,50
11,0.0311111,1,56
11,0.0388889,1,48
11,0.0466667,1,50
11,0.0544444,1,46
11,0.0622222,1,47
11,0.07,1,47

13,0,1,100
13,0.00777778,1,98
13,0.0155556,1,51
13,0.0233333,1,47
13,0.0311111,1,58
13,0.0388889,1,51
13,0.0466667,1,57
13,0.0544444,1,44
13,0.0622222,1,46
13,0.07,1,51

15,0,1,100
15,0.00777778,1,99
15,0.0155556,1,56
15,0.0233333,1,50
15,0.0311111,1,56
15,0.0388889,1,54
15,0.0466667,1,56
15,0.0544444,1,46
15,0.0622222,1,47
15,0.07,1,38

17,0,1,100
17,0.00777778,1,100
17,0.0155556,1,46
17,0.0233333,1,51
17,0.0311111,1,49
17,0.0388889,1,44
17,0.0466667,1,51
17,0.0544444,1,45
17,0.0622222,1,53
17,0.07,1,52
total CPU time:2118.38;total time:2.11853e+06ms
srun: error: sh02-01n32: task 0: Exited with exit code 52
srun: launch/slurm: _step_signal: Terminating StepId=32216492.0
----------------------------------
id: 32212000
cpu per task 2
nodelist sh02-01n32
cluster name: sherlock
node list: sh02-01n32
node list: sh02-01n32
