hardware_concurrency32
Lmin:3;Lmax:17
Pmin:0;Pmax:0.07;nP10
Plmin:1;Plmax:1;nPl1
n:100seed:0;thread1

3,0,1,100
3,0.00777778,1,100
3,0.0155556,1,100
3,0.0233333,1,100
3,0.0311111,1,99
3,0.0388889,1,96
3,0.0466667,1,94
3,0.0544444,1,88
3,0.0622222,1,83
3,0.07,1,78

5,0,1,100
5,0.00777778,1,100
5,0.0155556,1,100
5,0.0233333,1,100
5,0.0311111,1,100
5,0.0388889,1,98
5,0.0466667,1,99
5,0.0544444,1,90
5,0.0622222,1,67
5,0.07,1,60

7,0,1,100
7,0.00777778,1,100
7,0.0155556,1,100
7,0.0233333,1,100
7,0.0311111,1,100
7,0.0388889,1,100
7,0.0466667,1,98
7,0.0544444,1,83
7,0.0622222,1,66
7,0.07,1,41

9,0,1,100
9,0.00777778,1,100
9,0.0155556,1,100
9,0.0233333,1,100
9,0.0311111,1,100
9,0.0388889,1,100
9,0.0466667,1,99
9,0.0544444,1,81
9,0.0622222,1,54
9,0.07,1,53

11,0,1,100
11,0.00777778,1,100
11,0.0155556,1,100
11,0.0233333,1,100
11,0.0311111,1,100
11,0.0388889,1,100
11,0.0466667,1,99
11,0.0544444,1,86
11,0.0622222,1,60
11,0.07,1,51

13,0,1,100
13,0.00777778,1,100
13,0.0155556,1,100
13,0.0233333,1,100
13,0.0311111,1,100
13,0.0388889,1,100
13,0.0466667,1,100
13,0.0544444,1,83
13,0.0622222,1,60
13,0.07,1,45

15,0,1,100
15,0.00777778,1,100
15,0.0155556,1,100
15,0.0233333,1,100
15,0.0311111,1,100
15,0.0388889,1,100
15,0.0466667,1,100
15,0.0544444,1,74
15,0.0622222,1,53
15,0.07,1,53

17,0,1,100
17,0.00777778,1,100
17,0.0155556,1,100
17,0.0233333,1,100
17,0.0311111,1,100
17,0.0388889,1,100
17,0.0466667,1,100
17,0.0544444,1,72
17,0.0622222,1,50
17,0.07,1,43
total CPU time:337.6;total time:337640ms
srun: error: sh03-01n43: task 0: Exited with exit code 43
srun: launch/slurm: _step_signal: Terminating StepId=32212313.0
----------------------------------
id: 32211984
cpu per task 2
nodelist sh03-01n43
cluster name: sherlock
node list: sh03-01n43
node list: sh03-01n43
