hardware_concurrency20
Lmin:3;Lmax:17
Pmin:0;Pmax:0.012;nP10
Plmin:1;Plmax:1;nPl1
n:100seed:0;thread1

3,0,1,100
3,0.00133333,1,100
3,0.00266667,1,100
3,0.004,1,99
3,0.00533333,1,98
3,0.00666667,1,93
3,0.008,1,82
3,0.00933333,1,85
3,0.0106667,1,69
3,0.012,1,69

5,0,1,100
5,0.00133333,1,100
5,0.00266667,1,100
5,0.004,1,100
5,0.00533333,1,95
5,0.00666667,1,91
5,0.008,1,84
5,0.00933333,1,71
5,0.0106667,1,69
5,0.012,1,59

7,0,1,100
7,0.00133333,1,100
7,0.00266667,1,100
7,0.004,1,100
7,0.00533333,1,99
7,0.00666667,1,94
7,0.008,1,76
7,0.00933333,1,67
7,0.0106667,1,58
7,0.012,1,58

9,0,1,100
9,0.00133333,1,100
9,0.00266667,1,100
9,0.004,1,100
9,0.00533333,1,98
9,0.00666667,1,91
9,0.008,1,67
9,0.00933333,1,44
9,0.0106667,1,48
9,0.012,1,48

11,0,1,100
11,0.00133333,1,100
11,0.00266667,1,100
11,0.004,1,100
11,0.00533333,1,99
11,0.00666667,1,87
11,0.008,1,64
11,0.00933333,1,59
11,0.0106667,1,47
11,0.012,1,54

13,0,1,100
13,0.00133333,1,100
13,0.00266667,1,100
13,0.004,1,100
13,0.00533333,1,100
13,0.00666667,1,93
13,0.008,1,52
13,0.00933333,1,55
13,0.0106667,1,50
13,0.012,1,59

15,0,1,100
15,0.00133333,1,100
15,0.00266667,1,100
15,0.004,1,100
15,0.00533333,1,100
15,0.00666667,1,89
15,0.008,1,56
15,0.00933333,1,53
15,0.0106667,1,44
15,0.012,1,42

17,0,1,100
17,0.00133333,1,100
17,0.00266667,1,100
17,0.004,1,100
17,0.00533333,1,100
17,0.00666667,1,92
17,0.008,1,57
17,0.00933333,1,58
17,0.0106667,1,49
17,0.012,1,57
total CPU time:248.39;total time:248404ms
srun: error: sh02-01n10: task 0: Exited with exit code 57
srun: launch/slurm: _step_signal: Terminating StepId=32218587.0
----------------------------------
id: 32218547
cpu per task 2
nodelist sh02-01n10
cluster name: sherlock
node list: sh02-01n10
node list: sh02-01n10
