hardware_concurrency32
Lmin:3;Lmax:17
Pmin:0;Pmax:0.07;nP10
Plmin:1;Plmax:1;nPl1
n:100seed:0;thread1

3,0,1,100
3,0.00777778,1,92
3,0.0155556,1,68
3,0.0233333,1,51
3,0.0311111,1,38
3,0.0388889,1,49
3,0.0466667,1,58
3,0.0544444,1,44
3,0.0622222,1,57
3,0.07,1,51

5,0,1,100
5,0.00777778,1,93
5,0.0155556,1,49
5,0.0233333,1,58
5,0.0311111,1,61
5,0.0388889,1,55
5,0.0466667,1,46
5,0.0544444,1,51
5,0.0622222,1,48
5,0.07,1,46

7,0,1,100
7,0.00777778,1,94
7,0.0155556,1,54
7,0.0233333,1,51
7,0.0311111,1,49
7,0.0388889,1,55
7,0.0466667,1,43
7,0.0544444,1,43
7,0.0622222,1,52
7,0.07,1,45

9,0,1,100
9,0.00777778,1,97
9,0.0155556,1,47
9,0.0233333,1,55
9,0.0311111,1,50
9,0.0388889,1,56
9,0.0466667,1,52
9,0.0544444,1,52
9,0.0622222,1,46
9,0.07,1,44

11,0,1,100
11,0.00777778,1,94
11,0.0155556,1,53
11,0.0233333,1,51
11,0.0311111,1,50
11,0.0388889,1,42
11,0.0466667,1,52
11,0.0544444,1,53
11,0.0622222,1,44
11,0.07,1,50

13,0,1,100
13,0.00777778,1,97
13,0.0155556,1,52
13,0.0233333,1,56
13,0.0311111,1,49
13,0.0388889,1,54
13,0.0466667,1,55
13,0.0544444,1,50
13,0.0622222,1,42
13,0.07,1,46

15,0,1,100
15,0.00777778,1,98
15,0.0155556,1,47
15,0.0233333,1,51
15,0.0311111,1,57
15,0.0388889,1,50
15,0.0466667,1,49
15,0.0544444,1,57
15,0.0622222,1,46
15,0.07,1,42

17,0,1,100
17,0.00777778,1,99
17,0.0155556,1,37
17,0.0233333,1,45
17,0.0311111,1,55
17,0.0388889,1,46
17,0.0466667,1,46
17,0.0544444,1,50
17,0.0622222,1,52
17,0.07,1,56
total CPU time:1837.18;total time:1.83709e+06ms
srun: error: sh03-01n61: task 0: Exited with exit code 56
srun: launch/slurm: _step_signal: Terminating StepId=32216485.0
----------------------------------
id: 32212000
cpu per task 2
nodelist sh03-01n61
cluster name: sherlock
node list: sh03-01n61
node list: sh03-01n61
