hardware_concurrency20
Lmin:3;Lmax:17
Pmin:0;Pmax:0.07;nP10
Plmin:1;Plmax:1;nPl1
n:100seed:0;thread1

3,0,1,100
3,0.00777778,1,100
3,0.0155556,1,100
3,0.0233333,1,99
3,0.0311111,1,99
3,0.0388889,1,97
3,0.0466667,1,93
3,0.0544444,1,90
3,0.0622222,1,83
3,0.07,1,70

5,0,1,100
5,0.00777778,1,100
5,0.0155556,1,100
5,0.0233333,1,100
5,0.0311111,1,100
5,0.0388889,1,99
5,0.0466667,1,98
5,0.0544444,1,86
5,0.0622222,1,74
5,0.07,1,58

7,0,1,100
7,0.00777778,1,100
7,0.0155556,1,100
7,0.0233333,1,100
7,0.0311111,1,100
7,0.0388889,1,100
7,0.0466667,1,98
7,0.0544444,1,93
7,0.0622222,1,68
7,0.07,1,51

9,0,1,100
9,0.00777778,1,100
9,0.0155556,1,100
9,0.0233333,1,100
9,0.0311111,1,100
9,0.0388889,1,100
9,0.0466667,1,99
9,0.0544444,1,87
9,0.0622222,1,55
9,0.07,1,49

11,0,1,100
11,0.00777778,1,100
11,0.0155556,1,100
11,0.0233333,1,100
11,0.0311111,1,100
11,0.0388889,1,100
11,0.0466667,1,98
11,0.0544444,1,84
11,0.0622222,1,51
11,0.07,1,53

13,0,1,100
13,0.00777778,1,100
13,0.0155556,1,100
13,0.0233333,1,100
13,0.0311111,1,100
13,0.0388889,1,100
13,0.0466667,1,100
13,0.0544444,1,76
13,0.0622222,1,56
13,0.07,1,41

15,0,1,100
15,0.00777778,1,100
15,0.0155556,1,100
15,0.0233333,1,100
15,0.0311111,1,100
15,0.0388889,1,100
15,0.0466667,1,98
15,0.0544444,1,75
15,0.0622222,1,56
15,0.07,1,52

17,0,1,100
17,0.00777778,1,100
17,0.0155556,1,100
17,0.0233333,1,100
17,0.0311111,1,100
17,0.0388889,1,100
17,0.0466667,1,100
17,0.0544444,1,78
17,0.0622222,1,49
17,0.07,1,54
total CPU time:360.67;total time:360697ms
srun: error: sh02-01n41: task 0: Exited with exit code 54
srun: launch/slurm: _step_signal: Terminating StepId=32212335.0
----------------------------------
id: 32211984
cpu per task 2
nodelist sh02-01n41
cluster name: sherlock
node list: sh02-01n41
node list: sh02-01n41
