hardware_concurrency20
Lmin:3;Lmax:17
Pmin:0;Pmax:0.07;nP10
Plmin:1;Plmax:1;nPl1
n:100seed:0;thread1

3,0,1,100
3,0.00777778,1,93
3,0.0155556,1,59
3,0.0233333,1,53
3,0.0311111,1,50
3,0.0388889,1,47
3,0.0466667,1,53
3,0.0544444,1,61
3,0.0622222,1,44
3,0.07,1,50

5,0,1,100
5,0.00777778,1,92
5,0.0155556,1,49
5,0.0233333,1,45
5,0.0311111,1,53
5,0.0388889,1,45
5,0.0466667,1,37
5,0.0544444,1,55
5,0.0622222,1,51
5,0.07,1,46

7,0,1,100
7,0.00777778,1,92
7,0.0155556,1,42
7,0.0233333,1,52
7,0.0311111,1,53
7,0.0388889,1,60
7,0.0466667,1,53
7,0.0544444,1,45
7,0.0622222,1,55
7,0.07,1,46

9,0,1,100
9,0.00777778,1,99
9,0.0155556,1,44
9,0.0233333,1,46
9,0.0311111,1,47
9,0.0388889,1,50
9,0.0466667,1,51
9,0.0544444,1,47
9,0.0622222,1,56
9,0.07,1,54

11,0,1,100
11,0.00777778,1,96
11,0.0155556,1,56
11,0.0233333,1,46
11,0.0311111,1,52
11,0.0388889,1,55
11,0.0466667,1,48
11,0.0544444,1,47
11,0.0622222,1,54
11,0.07,1,56

13,0,1,100
13,0.00777778,1,96
13,0.0155556,1,50
13,0.0233333,1,55
13,0.0311111,1,47
13,0.0388889,1,44
13,0.0466667,1,56
13,0.0544444,1,47
13,0.0622222,1,53
13,0.07,1,49

15,0,1,100
15,0.00777778,1,97
15,0.0155556,1,53
15,0.0233333,1,57
15,0.0311111,1,51
15,0.0388889,1,45
15,0.0466667,1,44
15,0.0544444,1,46
15,0.0622222,1,55
15,0.07,1,47

17,0,1,100
17,0.00777778,1,97
17,0.0155556,1,48
17,0.0233333,1,46
17,0.0311111,1,42
17,0.0388889,1,44
17,0.0466667,1,52
17,0.0544444,1,56
17,0.0622222,1,52
17,0.07,1,50
total CPU time:2028.69;total time:2.02903e+06ms
srun: error: sh02-01n26: task 0: Exited with exit code 50
srun: launch/slurm: _step_signal: Terminating StepId=32216055.0
----------------------------------
id: 32212000
cpu per task 2
nodelist sh02-01n26
cluster name: sherlock
node list: sh02-01n26
node list: sh02-01n26
