hardware_concurrency32
Lmin:3;Lmax:17
Pmin:0;Pmax:0.07;nP10
Plmin:1;Plmax:1;nPl1
n:100seed:0;thread1

3,0,1,100
3,0.00777778,1,94
3,0.0155556,1,65
3,0.0233333,1,55
3,0.0311111,1,42
3,0.0388889,1,47
3,0.0466667,1,58
3,0.0544444,1,55
3,0.0622222,1,50
3,0.07,1,49

5,0,1,100
5,0.00777778,1,95
5,0.0155556,1,46
5,0.0233333,1,49
5,0.0311111,1,50
5,0.0388889,1,54
5,0.0466667,1,44
5,0.0544444,1,50
5,0.0622222,1,50
5,0.07,1,46

7,0,1,100
7,0.00777778,1,96
7,0.0155556,1,45
7,0.0233333,1,55
7,0.0311111,1,50
7,0.0388889,1,38
7,0.0466667,1,50
7,0.0544444,1,51
7,0.0622222,1,53
7,0.07,1,45

9,0,1,100
9,0.00777778,1,99
9,0.0155556,1,37
9,0.0233333,1,52
9,0.0311111,1,56
9,0.0388889,1,40
9,0.0466667,1,49
9,0.0544444,1,52
9,0.0622222,1,50
9,0.07,1,44

11,0,1,100
11,0.00777778,1,96
11,0.0155556,1,49
11,0.0233333,1,51
11,0.0311111,1,41
11,0.0388889,1,53
11,0.0466667,1,43
11,0.0544444,1,48
11,0.0622222,1,41
11,0.07,1,45

13,0,1,100
13,0.00777778,1,98
13,0.0155556,1,48
13,0.0233333,1,54
13,0.0311111,1,46
13,0.0388889,1,47
13,0.0466667,1,50
13,0.0544444,1,53
13,0.0622222,1,61
13,0.07,1,59

15,0,1,100
15,0.00777778,1,97
15,0.0155556,1,50
15,0.0233333,1,39
15,0.0311111,1,48
15,0.0388889,1,47
15,0.0466667,1,45
15,0.0544444,1,53
15,0.0622222,1,43
15,0.07,1,52

17,0,1,100
17,0.00777778,1,99
17,0.0155556,1,50
17,0.0233333,1,55
17,0.0311111,1,54
17,0.0388889,1,58
17,0.0466667,1,52
17,0.0544444,1,42
17,0.0622222,1,56
17,0.07,1,45
total CPU time:1871.75;total time:1.87194e+06ms
srun: error: sh03-01n30: task 0: Exited with exit code 45
srun: launch/slurm: _step_signal: Terminating StepId=32216045.0
----------------------------------
id: 32212000
cpu per task 2
nodelist sh03-01n30
cluster name: sherlock
node list: sh03-01n30
node list: sh03-01n30
