hardware_concurrency20
Lmin:3;Lmax:17
Pmin:0;Pmax:0.07;nP10
Plmin:1;Plmax:1;nPl1
n:100seed:0;thread1

3,0,1,100
3,0.00777778,1,85
3,0.0155556,1,52
3,0.0233333,1,43
3,0.0311111,1,47
3,0.0388889,1,50
3,0.0466667,1,48
3,0.0544444,1,50
3,0.0622222,1,51
3,0.07,1,42

5,0,1,100
5,0.00777778,1,75
5,0.0155556,1,41
5,0.0233333,1,54
5,0.0311111,1,48
5,0.0388889,1,57
5,0.0466667,1,51
5,0.0544444,1,50
5,0.0622222,1,57
5,0.07,1,48

7,0,1,100
7,0.00777778,1,79
7,0.0155556,1,44
7,0.0233333,1,48
7,0.0311111,1,50
7,0.0388889,1,48
7,0.0466667,1,53
7,0.0544444,1,47
7,0.0622222,1,46
7,0.07,1,50

9,0,1,100
9,0.00777778,1,75
9,0.0155556,1,49
9,0.0233333,1,47
9,0.0311111,1,53
9,0.0388889,1,45
9,0.0466667,1,65
9,0.0544444,1,53
9,0.0622222,1,53
9,0.07,1,49

11,0,1,100
11,0.00777778,1,76
11,0.0155556,1,58
11,0.0233333,1,47
11,0.0311111,1,58
11,0.0388889,1,51
11,0.0466667,1,43
11,0.0544444,1,49
11,0.0622222,1,58
11,0.07,1,49

13,0,1,100
13,0.00777778,1,75
13,0.0155556,1,44
13,0.0233333,1,50
13,0.0311111,1,53
13,0.0388889,1,47
13,0.0466667,1,48
13,0.0544444,1,50
13,0.0622222,1,51
13,0.07,1,47

15,0,1,100
15,0.00777778,1,60
15,0.0155556,1,50
15,0.0233333,1,48
15,0.0311111,1,52
15,0.0388889,1,53
15,0.0466667,1,52
15,0.0544444,1,59
15,0.0622222,1,57
15,0.07,1,55

17,0,1,100
17,0.00777778,1,54
17,0.0155556,1,48
17,0.0233333,1,48
17,0.0311111,1,49
17,0.0388889,1,57
17,0.0466667,1,59
17,0.0544444,1,50
17,0.0622222,1,55
17,0.07,1,51
total CPU time:1764.34;total time:1.76448e+06ms
srun: error: sh02-01n37: task 0: Exited with exit code 51
srun: launch/slurm: _step_signal: Terminating StepId=32215587.0
----------------------------------
id: 32211999
cpu per task 2
nodelist sh02-01n37
cluster name: sherlock
node list: sh02-01n37
node list: sh02-01n37
