hardware_concurrency32
Lmin:3;Lmax:17
Pmin:0;Pmax:0.07;nP10
Plmin:1;Plmax:1;nPl1
n:100seed:0;thread1

3,0,1,100
3,0.00777778,1,93
3,0.0155556,1,67
3,0.0233333,1,53
3,0.0311111,1,48
3,0.0388889,1,49
3,0.0466667,1,49
3,0.0544444,1,53
3,0.0622222,1,45
3,0.07,1,55

5,0,1,100
5,0.00777778,1,98
5,0.0155556,1,55
5,0.0233333,1,54
5,0.0311111,1,41
5,0.0388889,1,50
5,0.0466667,1,42
5,0.0544444,1,41
5,0.0622222,1,44
5,0.07,1,55

7,0,1,100
7,0.00777778,1,95
7,0.0155556,1,50
7,0.0233333,1,50
7,0.0311111,1,47
7,0.0388889,1,55
7,0.0466667,1,54
7,0.0544444,1,54
7,0.0622222,1,53
7,0.07,1,46

9,0,1,100
9,0.00777778,1,98
9,0.0155556,1,50
9,0.0233333,1,45
9,0.0311111,1,42
9,0.0388889,1,55
9,0.0466667,1,55
9,0.0544444,1,44
9,0.0622222,1,53
9,0.07,1,51

11,0,1,100
11,0.00777778,1,99
11,0.0155556,1,45
11,0.0233333,1,60
11,0.0311111,1,56
11,0.0388889,1,54
11,0.0466667,1,47
11,0.0544444,1,52
11,0.0622222,1,51
11,0.07,1,47

13,0,1,100
13,0.00777778,1,98
13,0.0155556,1,58
13,0.0233333,1,40
13,0.0311111,1,49
13,0.0388889,1,39
13,0.0466667,1,57
13,0.0544444,1,60
13,0.0622222,1,49
13,0.07,1,48

15,0,1,100
15,0.00777778,1,96
15,0.0155556,1,48
15,0.0233333,1,52
15,0.0311111,1,53
15,0.0388889,1,55
15,0.0466667,1,54
15,0.0544444,1,47
15,0.0622222,1,54
15,0.07,1,46

17,0,1,100
17,0.00777778,1,97
17,0.0155556,1,42
17,0.0233333,1,51
17,0.0311111,1,46
17,0.0388889,1,44
17,0.0466667,1,49
17,0.0544444,1,46
17,0.0622222,1,46
17,0.07,1,61
total CPU time:1661.96;total time:1.66204e+06ms
srun: error: sh03-01n13: task 0: Exited with exit code 61
srun: launch/slurm: _step_signal: Terminating StepId=32216677.0
----------------------------------
id: 32212000
cpu per task 2
nodelist sh03-01n13
cluster name: sherlock
node list: sh03-01n13
node list: sh03-01n13
