hardware_concurrency20
Lmin:3;Lmax:17
Pmin:0;Pmax:0.012;nP10
Plmin:1;Plmax:1;nPl1
n:100seed:0;thread1

3,0,1,100
3,0.00133333,1,100
3,0.00266667,1,100
3,0.004,1,100
3,0.00533333,1,96
3,0.00666667,1,94
3,0.008,1,97
3,0.00933333,1,91
3,0.0106667,1,79
3,0.012,1,75

5,0,1,100
5,0.00133333,1,100
5,0.00266667,1,100
5,0.004,1,100
5,0.00533333,1,100
5,0.00666667,1,100
5,0.008,1,96
5,0.00933333,1,86
5,0.0106667,1,75
5,0.012,1,53

7,0,1,100
7,0.00133333,1,100
7,0.00266667,1,100
7,0.004,1,100
7,0.00533333,1,100
7,0.00666667,1,100
7,0.008,1,93
7,0.00933333,1,81
7,0.0106667,1,58
7,0.012,1,50

9,0,1,100
9,0.00133333,1,100
9,0.00266667,1,100
9,0.004,1,100
9,0.00533333,1,100
9,0.00666667,1,100
9,0.008,1,97
9,0.00933333,1,81
9,0.0106667,1,50
9,0.012,1,52

11,0,1,100
11,0.00133333,1,100
11,0.00266667,1,100
11,0.004,1,100
11,0.00533333,1,100
11,0.00666667,1,100
11,0.008,1,96
11,0.00933333,1,74
11,0.0106667,1,53
11,0.012,1,46

13,0,1,100
13,0.00133333,1,100
13,0.00266667,1,100
13,0.004,1,100
13,0.00533333,1,100
13,0.00666667,1,100
13,0.008,1,97
13,0.00933333,1,73
13,0.0106667,1,48
13,0.012,1,48

15,0,1,100
15,0.00133333,1,100
15,0.00266667,1,100
15,0.004,1,100
15,0.00533333,1,100
15,0.00666667,1,100
15,0.008,1,97
15,0.00933333,1,70
15,0.0106667,1,48
15,0.012,1,58

17,0,1,100
17,0.00133333,1,100
17,0.00266667,1,100
17,0.004,1,100
17,0.00533333,1,100
17,0.00666667,1,100
17,0.008,1,95
17,0.00933333,1,66
17,0.0106667,1,51
17,0.012,1,53
total CPU time:358.06;total time:358093ms
srun: error: sh02-01n12: task 0: Exited with exit code 53
srun: launch/slurm: _step_signal: Terminating StepId=32218836.0
----------------------------------
id: 32218550
cpu per task 2
nodelist sh02-01n12
cluster name: sherlock
node list: sh02-01n12
node list: sh02-01n12
