hardware_concurrency32
Lmin:3;Lmax:17
Pmin:0;Pmax:0.07;nP10
Plmin:1;Plmax:1;nPl1
n:100seed:0;thread1

3,0,1,100
3,0.00777778,1,93
3,0.0155556,1,55
3,0.0233333,1,52
3,0.0311111,1,51
3,0.0388889,1,45
3,0.0466667,1,51
3,0.0544444,1,48
3,0.0622222,1,45
3,0.07,1,37

5,0,1,100
5,0.00777778,1,80
5,0.0155556,1,46
5,0.0233333,1,45
5,0.0311111,1,52
5,0.0388889,1,41
5,0.0466667,1,50
5,0.0544444,1,55
5,0.0622222,1,53
5,0.07,1,54

7,0,1,100
7,0.00777778,1,78
7,0.0155556,1,55
7,0.0233333,1,54
7,0.0311111,1,49
7,0.0388889,1,58
7,0.0466667,1,51
7,0.0544444,1,52
7,0.0622222,1,55
7,0.07,1,45

9,0,1,100
9,0.00777778,1,71
9,0.0155556,1,55
9,0.0233333,1,49
9,0.0311111,1,48
9,0.0388889,1,57
9,0.0466667,1,48
9,0.0544444,1,51
9,0.0622222,1,51
9,0.07,1,56

11,0,1,100
11,0.00777778,1,76
11,0.0155556,1,43
11,0.0233333,1,50
11,0.0311111,1,50
11,0.0388889,1,51
11,0.0466667,1,55
11,0.0544444,1,55
11,0.0622222,1,43
11,0.07,1,54

13,0,1,100
13,0.00777778,1,70
13,0.0155556,1,48
13,0.0233333,1,43
13,0.0311111,1,50
13,0.0388889,1,36
13,0.0466667,1,57
13,0.0544444,1,59
13,0.0622222,1,47
13,0.07,1,53

15,0,1,100
15,0.00777778,1,53
15,0.0155556,1,46
15,0.0233333,1,51
15,0.0311111,1,51
15,0.0388889,1,52
15,0.0466667,1,55
15,0.0544444,1,50
15,0.0622222,1,45
15,0.07,1,50

17,0,1,100
17,0.00777778,1,60
17,0.0155556,1,49
17,0.0233333,1,47
17,0.0311111,1,58
17,0.0388889,1,47
17,0.0466667,1,51
17,0.0544444,1,47
17,0.0622222,1,53
17,0.07,1,44
total CPU time:1481.53;total time:1.48155e+06ms
srun: error: sh03-01n21: task 0: Exited with exit code 44
srun: launch/slurm: _step_signal: Terminating StepId=32215561.0
----------------------------------
id: 32211999
cpu per task 2
nodelist sh03-01n21
cluster name: sherlock
node list: sh03-01n21
node list: sh03-01n21
