hardware_concurrency32
Lmin:3;Lmax:17
Pmin:0;Pmax:0.07;nP10
Plmin:1;Plmax:1;nPl1
n:100seed:0;thread1

3,0,1,100
3,0.00777778,1,90
3,0.0155556,1,67
3,0.0233333,1,58
3,0.0311111,1,54
3,0.0388889,1,59
3,0.0466667,1,51
3,0.0544444,1,47
3,0.0622222,1,52
3,0.07,1,63

5,0,1,100
5,0.00777778,1,92
5,0.0155556,1,53
5,0.0233333,1,54
5,0.0311111,1,50
5,0.0388889,1,53
5,0.0466667,1,50
5,0.0544444,1,44
5,0.0622222,1,57
5,0.07,1,41

7,0,1,100
7,0.00777778,1,80
7,0.0155556,1,55
7,0.0233333,1,45
7,0.0311111,1,50
7,0.0388889,1,51
7,0.0466667,1,49
7,0.0544444,1,41
7,0.0622222,1,48
7,0.07,1,50

9,0,1,100
9,0.00777778,1,74
9,0.0155556,1,41
9,0.0233333,1,45
9,0.0311111,1,55
9,0.0388889,1,47
9,0.0466667,1,45
9,0.0544444,1,50
9,0.0622222,1,43
9,0.07,1,49

11,0,1,100
11,0.00777778,1,77
11,0.0155556,1,44
11,0.0233333,1,55
11,0.0311111,1,53
11,0.0388889,1,52
11,0.0466667,1,53
11,0.0544444,1,47
11,0.0622222,1,52
11,0.07,1,50

13,0,1,100
13,0.00777778,1,75
13,0.0155556,1,60
13,0.0233333,1,51
13,0.0311111,1,52
13,0.0388889,1,56
13,0.0466667,1,50
13,0.0544444,1,45
13,0.0622222,1,41
13,0.07,1,44

15,0,1,100
15,0.00777778,1,63
15,0.0155556,1,48
15,0.0233333,1,58
15,0.0311111,1,46
15,0.0388889,1,48
15,0.0466667,1,59
15,0.0544444,1,50
15,0.0622222,1,52
15,0.07,1,53

17,0,1,100
17,0.00777778,1,58
17,0.0155556,1,44
17,0.0233333,1,54
17,0.0311111,1,52
17,0.0388889,1,60
17,0.0466667,1,58
17,0.0544444,1,52
17,0.0622222,1,49
17,0.07,1,57
total CPU time:1556.87;total time:1.55691e+06ms
srun: error: sh03-01n49: task 0: Exited with exit code 57
srun: launch/slurm: _step_signal: Terminating StepId=32215547.0
----------------------------------
id: 32211999
cpu per task 2
nodelist sh03-01n49
cluster name: sherlock
node list: sh03-01n49
node list: sh03-01n49
