hardware_concurrency20
Lmin:3;Lmax:17
Pmin:0;Pmax:0.07;nP10
Plmin:1;Plmax:1;nPl1
n:100seed:0;thread1

3,0,1,100
3,0.00777778,1,86
3,0.0155556,1,65
3,0.0233333,1,52
3,0.0311111,1,57
3,0.0388889,1,54
3,0.0466667,1,53
3,0.0544444,1,51
3,0.0622222,1,42
3,0.07,1,50

5,0,1,100
5,0.00777778,1,82
5,0.0155556,1,46
5,0.0233333,1,52
5,0.0311111,1,59
5,0.0388889,1,47
5,0.0466667,1,48
5,0.0544444,1,47
5,0.0622222,1,50
5,0.07,1,43

7,0,1,100
7,0.00777778,1,78
7,0.0155556,1,37
7,0.0233333,1,47
7,0.0311111,1,53
7,0.0388889,1,54
7,0.0466667,1,51
7,0.0544444,1,50
7,0.0622222,1,53
7,0.07,1,53

9,0,1,100
9,0.00777778,1,78
9,0.0155556,1,59
9,0.0233333,1,51
9,0.0311111,1,46
9,0.0388889,1,41
9,0.0466667,1,54
9,0.0544444,1,56
9,0.0622222,1,50
9,0.07,1,52

11,0,1,100
11,0.00777778,1,68
11,0.0155556,1,51
11,0.0233333,1,55
11,0.0311111,1,49
11,0.0388889,1,49
11,0.0466667,1,57
11,0.0544444,1,46
11,0.0622222,1,52
11,0.07,1,56

13,0,1,100
13,0.00777778,1,70
13,0.0155556,1,42
13,0.0233333,1,53
13,0.0311111,1,56
13,0.0388889,1,50
13,0.0466667,1,51
13,0.0544444,1,54
13,0.0622222,1,49
13,0.07,1,43

15,0,1,100
15,0.00777778,1,59
15,0.0155556,1,50
15,0.0233333,1,46
15,0.0311111,1,56
15,0.0388889,1,44
15,0.0466667,1,57
15,0.0544444,1,53
15,0.0622222,1,51
15,0.07,1,48

17,0,1,100
17,0.00777778,1,62
17,0.0155556,1,46
17,0.0233333,1,50
17,0.0311111,1,55
17,0.0388889,1,53
17,0.0466667,1,44
17,0.0544444,1,34
17,0.0622222,1,48
17,0.07,1,56
total CPU time:1586.3;total time:1.58651e+06ms
srun: error: sh02-01n45: task 0: Exited with exit code 56
srun: launch/slurm: _step_signal: Terminating StepId=32215149.0
----------------------------------
id: 32211999
cpu per task 2
nodelist sh02-01n45
cluster name: sherlock
node list: sh02-01n45
node list: sh02-01n45
