hardware_concurrency20
Lmin:3;Lmax:17
Pmin:0;Pmax:0.07;nP10
Plmin:1;Plmax:1;nPl1
n:100seed:0;thread1

3,0,1,100
3,0.00777778,1,100
3,0.0155556,1,100
3,0.0233333,1,100
3,0.0311111,1,99
3,0.0388889,1,99
3,0.0466667,1,92
3,0.0544444,1,89
3,0.0622222,1,84
3,0.07,1,79

5,0,1,100
5,0.00777778,1,100
5,0.0155556,1,100
5,0.0233333,1,100
5,0.0311111,1,100
5,0.0388889,1,99
5,0.0466667,1,97
5,0.0544444,1,92
5,0.0622222,1,75
5,0.07,1,66

7,0,1,100
7,0.00777778,1,100
7,0.0155556,1,100
7,0.0233333,1,100
7,0.0311111,1,100
7,0.0388889,1,100
7,0.0466667,1,96
7,0.0544444,1,86
7,0.0622222,1,70
7,0.07,1,57

9,0,1,100
9,0.00777778,1,100
9,0.0155556,1,100
9,0.0233333,1,100
9,0.0311111,1,100
9,0.0388889,1,100
9,0.0466667,1,100
9,0.0544444,1,85
9,0.0622222,1,57
9,0.07,1,59

11,0,1,100
11,0.00777778,1,100
11,0.0155556,1,100
11,0.0233333,1,100
11,0.0311111,1,100
11,0.0388889,1,100
11,0.0466667,1,100
11,0.0544444,1,82
11,0.0622222,1,53
11,0.07,1,46

13,0,1,100
13,0.00777778,1,100
13,0.0155556,1,100
13,0.0233333,1,100
13,0.0311111,1,100
13,0.0388889,1,100
13,0.0466667,1,99
13,0.0544444,1,80
13,0.0622222,1,53
13,0.07,1,56

15,0,1,100
15,0.00777778,1,100
15,0.0155556,1,100
15,0.0233333,1,100
15,0.0311111,1,100
15,0.0388889,1,100
15,0.0466667,1,98
15,0.0544444,1,80
15,0.0622222,1,48
15,0.07,1,44

17,0,1,100
17,0.00777778,1,100
17,0.0155556,1,100
17,0.0233333,1,100
17,0.0311111,1,100
17,0.0388889,1,100
17,0.0466667,1,100
17,0.0544444,1,71
17,0.0622222,1,42
17,0.07,1,56
total CPU time:358.54;total time:358600ms
srun: error: sh02-01n47: task 0: Exited with exit code 56
srun: launch/slurm: _step_signal: Terminating StepId=32212353.0
----------------------------------
id: 32211984
cpu per task 2
nodelist sh02-01n47
cluster name: sherlock
node list: sh02-01n47
node list: sh02-01n47
