hardware_concurrency32
Lmin:3;Lmax:17
Pmin:0;Pmax:0.07;nP10
Plmin:1;Plmax:1;nPl1
n:100seed:0;thread1

3,0,1,100
3,0.00777778,1,96
3,0.0155556,1,62
3,0.0233333,1,46
3,0.0311111,1,55
3,0.0388889,1,58
3,0.0466667,1,42
3,0.0544444,1,56
3,0.0622222,1,50
3,0.07,1,53

5,0,1,100
5,0.00777778,1,95
5,0.0155556,1,47
5,0.0233333,1,49
5,0.0311111,1,50
5,0.0388889,1,54
5,0.0466667,1,42
5,0.0544444,1,43
5,0.0622222,1,47
5,0.07,1,50

7,0,1,100
7,0.00777778,1,94
7,0.0155556,1,44
7,0.0233333,1,48
7,0.0311111,1,46
7,0.0388889,1,48
7,0.0466667,1,53
7,0.0544444,1,52
7,0.0622222,1,48
7,0.07,1,53

9,0,1,100
9,0.00777778,1,96
9,0.0155556,1,55
9,0.0233333,1,49
9,0.0311111,1,51
9,0.0388889,1,51
9,0.0466667,1,53
9,0.0544444,1,61
9,0.0622222,1,53
9,0.07,1,54

11,0,1,100
11,0.00777778,1,97
11,0.0155556,1,55
11,0.0233333,1,54
11,0.0311111,1,49
11,0.0388889,1,51
11,0.0466667,1,56
11,0.0544444,1,50
11,0.0622222,1,45
11,0.07,1,49

13,0,1,100
13,0.00777778,1,95
13,0.0155556,1,49
13,0.0233333,1,49
13,0.0311111,1,50
13,0.0388889,1,45
13,0.0466667,1,56
13,0.0544444,1,54
13,0.0622222,1,59
13,0.07,1,37

15,0,1,100
15,0.00777778,1,98
15,0.0155556,1,51
15,0.0233333,1,50
15,0.0311111,1,49
15,0.0388889,1,49
15,0.0466667,1,49
15,0.0544444,1,54
15,0.0622222,1,52
15,0.07,1,49

17,0,1,100
17,0.00777778,1,98
17,0.0155556,1,41
17,0.0233333,1,52
17,0.0311111,1,54
17,0.0388889,1,51
17,0.0466667,1,50
17,0.0544444,1,55
17,0.0622222,1,51
17,0.07,1,44
total CPU time:1703.04;total time:1.70329e+06ms
srun: error: sh03-01n69: task 0: Exited with exit code 44
srun: launch/slurm: _step_signal: Terminating StepId=32216046.0
----------------------------------
id: 32212000
cpu per task 2
nodelist sh03-01n69
cluster name: sherlock
node list: sh03-01n69
node list: sh03-01n69
