hardware_concurrency20
Lmin:3;Lmax:17
Pmin:0;Pmax:0.012;nP10
Plmin:1;Plmax:1;nPl1
n:100seed:0;thread1

3,0,1,100
3,0.00133333,1,100
3,0.00266667,1,100
3,0.004,1,97
3,0.00533333,1,97
3,0.00666667,1,94
3,0.008,1,85
3,0.00933333,1,78
3,0.0106667,1,74
3,0.012,1,65

5,0,1,100
5,0.00133333,1,100
5,0.00266667,1,100
5,0.004,1,100
5,0.00533333,1,99
5,0.00666667,1,97
5,0.008,1,81
5,0.00933333,1,70
5,0.0106667,1,60
5,0.012,1,49

7,0,1,100
7,0.00133333,1,100
7,0.00266667,1,100
7,0.004,1,98
7,0.00533333,1,98
7,0.00666667,1,86
7,0.008,1,75
7,0.00933333,1,71
7,0.0106667,1,58
7,0.012,1,45

9,0,1,100
9,0.00133333,1,100
9,0.00266667,1,100
9,0.004,1,100
9,0.00533333,1,99
9,0.00666667,1,91
9,0.008,1,77
9,0.00933333,1,68
9,0.0106667,1,53
9,0.012,1,53

11,0,1,100
11,0.00133333,1,100
11,0.00266667,1,100
11,0.004,1,100
11,0.00533333,1,98
11,0.00666667,1,89
11,0.008,1,74
11,0.00933333,1,56
11,0.0106667,1,54
11,0.012,1,46

13,0,1,100
13,0.00133333,1,100
13,0.00266667,1,100
13,0.004,1,100
13,0.00533333,1,100
13,0.00666667,1,91
13,0.008,1,66
13,0.00933333,1,53
13,0.0106667,1,46
13,0.012,1,52

15,0,1,100
15,0.00133333,1,100
15,0.00266667,1,100
15,0.004,1,100
15,0.00533333,1,100
15,0.00666667,1,91
15,0.008,1,66
15,0.00933333,1,45
15,0.0106667,1,46
15,0.012,1,47

17,0,1,100
17,0.00133333,1,100
17,0.00266667,1,100
17,0.004,1,100
17,0.00533333,1,99
17,0.00666667,1,89
17,0.008,1,57
17,0.00933333,1,52
17,0.0106667,1,50
17,0.012,1,45
total CPU time:244.12;total time:244159ms
srun: error: sh02-01n12: task 0: Exited with exit code 45
srun: launch/slurm: _step_signal: Terminating StepId=32218590.0
----------------------------------
id: 32218547
cpu per task 2
nodelist sh02-01n12
cluster name: sherlock
node list: sh02-01n12
node list: sh02-01n12
