hardware_concurrency32
Lmin:3;Lmax:17
Pmin:0;Pmax:0.07;nP10
Plmin:1;Plmax:1;nPl1
n:100seed:0;thread1

3,0,1,100
3,0.00777778,1,100
3,0.0155556,1,100
3,0.0233333,1,100
3,0.0311111,1,100
3,0.0388889,1,97
3,0.0466667,1,98
3,0.0544444,1,95
3,0.0622222,1,82
3,0.07,1,70

5,0,1,100
5,0.00777778,1,100
5,0.0155556,1,100
5,0.0233333,1,100
5,0.0311111,1,100
5,0.0388889,1,100
5,0.0466667,1,100
5,0.0544444,1,92
5,0.0622222,1,81
5,0.07,1,60

7,0,1,100
7,0.00777778,1,100
7,0.0155556,1,100
7,0.0233333,1,100
7,0.0311111,1,100
7,0.0388889,1,99
7,0.0466667,1,98
7,0.0544444,1,93
7,0.0622222,1,67
7,0.07,1,51

9,0,1,100
9,0.00777778,1,100
9,0.0155556,1,100
9,0.0233333,1,100
9,0.0311111,1,100
9,0.0388889,1,100
9,0.0466667,1,99
9,0.0544444,1,85
9,0.0622222,1,62
9,0.07,1,51

11,0,1,100
11,0.00777778,1,100
11,0.0155556,1,100
11,0.0233333,1,100
11,0.0311111,1,100
11,0.0388889,1,100
11,0.0466667,1,97
11,0.0544444,1,83
11,0.0622222,1,59
11,0.07,1,49

13,0,1,100
13,0.00777778,1,100
13,0.0155556,1,100
13,0.0233333,1,100
13,0.0311111,1,100
13,0.0388889,1,100
13,0.0466667,1,99
13,0.0544444,1,86
13,0.0622222,1,57
13,0.07,1,58

15,0,1,100
15,0.00777778,1,100
15,0.0155556,1,100
15,0.0233333,1,100
15,0.0311111,1,100
15,0.0388889,1,100
15,0.0466667,1,100
15,0.0544444,1,79
15,0.0622222,1,65
15,0.07,1,46

17,0,1,100
17,0.00777778,1,100
17,0.0155556,1,100
17,0.0233333,1,100
17,0.0311111,1,100
17,0.0388889,1,100
17,0.0466667,1,100
17,0.0544444,1,70
17,0.0622222,1,54
17,0.07,1,49
total CPU time:343.7;total time:343694ms
srun: error: sh03-01n24: task 0: Exited with exit code 49
srun: launch/slurm: _step_signal: Terminating StepId=32212316.0
----------------------------------
id: 32211984
cpu per task 2
nodelist sh03-01n24
cluster name: sherlock
node list: sh03-01n24
node list: sh03-01n24
