hardware_concurrency20
Lmin:3;Lmax:17
Pmin:0;Pmax:0.012;nP10
Plmin:1;Plmax:1;nPl1
n:100seed:0;thread1

3,0,1,100
3,0.00133333,1,100
3,0.00266667,1,100
3,0.004,1,99
3,0.00533333,1,97
3,0.00666667,1,90
3,0.008,1,88
3,0.00933333,1,76
3,0.0106667,1,70
3,0.012,1,67

5,0,1,100
5,0.00133333,1,100
5,0.00266667,1,99
5,0.004,1,100
5,0.00533333,1,99
5,0.00666667,1,89
5,0.008,1,84
5,0.00933333,1,67
5,0.0106667,1,68
5,0.012,1,56

7,0,1,100
7,0.00133333,1,100
7,0.00266667,1,100
7,0.004,1,100
7,0.00533333,1,99
7,0.00666667,1,92
7,0.008,1,75
7,0.00933333,1,63
7,0.0106667,1,54
7,0.012,1,58

9,0,1,100
9,0.00133333,1,100
9,0.00266667,1,100
9,0.004,1,100
9,0.00533333,1,99
9,0.00666667,1,89
9,0.008,1,67
9,0.00933333,1,55
9,0.0106667,1,53
9,0.012,1,47

11,0,1,100
11,0.00133333,1,100
11,0.00266667,1,100
11,0.004,1,100
11,0.00533333,1,99
11,0.00666667,1,95
11,0.008,1,66
11,0.00933333,1,52
11,0.0106667,1,46
11,0.012,1,55

13,0,1,100
13,0.00133333,1,100
13,0.00266667,1,100
13,0.004,1,100
13,0.00533333,1,99
13,0.00666667,1,95
13,0.008,1,65
13,0.00933333,1,46
13,0.0106667,1,48
13,0.012,1,57

15,0,1,100
15,0.00133333,1,100
15,0.00266667,1,100
15,0.004,1,100
15,0.00533333,1,100
15,0.00666667,1,91
15,0.008,1,61
15,0.00933333,1,51
15,0.0106667,1,56
15,0.012,1,41

17,0,1,100
17,0.00133333,1,100
17,0.00266667,1,100
17,0.004,1,100
17,0.00533333,1,99
17,0.00666667,1,85
17,0.008,1,59
17,0.00933333,1,47
17,0.0106667,1,50
17,0.012,1,46
total CPU time:274.47;total time:274528ms
srun: error: sh02-01n13: task 0: Exited with exit code 46
srun: launch/slurm: _step_signal: Terminating StepId=32218736.0
----------------------------------
id: 32218547
cpu per task 2
nodelist sh02-01n13
cluster name: sherlock
node list: sh02-01n13
node list: sh02-01n13
