hardware_concurrency32
Lmin:3;Lmax:17
Pmin:0;Pmax:0.012;nP10
Plmin:1;Plmax:1;nPl1
n:100seed:0;thread1

3,0,1,100
3,0.00133333,1,100
3,0.00266667,1,100
3,0.004,1,100
3,0.00533333,1,100
3,0.00666667,1,97
3,0.008,1,99
3,0.00933333,1,92
3,0.0106667,1,86
3,0.012,1,81

5,0,1,100
5,0.00133333,1,100
5,0.00266667,1,100
5,0.004,1,100
5,0.00533333,1,100
5,0.00666667,1,100
5,0.008,1,100
5,0.00933333,1,94
5,0.0106667,1,85
5,0.012,1,66

7,0,1,100
7,0.00133333,1,100
7,0.00266667,1,100
7,0.004,1,100
7,0.00533333,1,100
7,0.00666667,1,100
7,0.008,1,98
7,0.00933333,1,93
7,0.0106667,1,84
7,0.012,1,68

9,0,1,100
9,0.00133333,1,100
9,0.00266667,1,100
9,0.004,1,100
9,0.00533333,1,100
9,0.00666667,1,99
9,0.008,1,100
9,0.00933333,1,87
9,0.0106667,1,74
9,0.012,1,51

11,0,1,100
11,0.00133333,1,100
11,0.00266667,1,100
11,0.004,1,100
11,0.00533333,1,100
11,0.00666667,1,100
11,0.008,1,100
11,0.00933333,1,92
11,0.0106667,1,68
11,0.012,1,43

13,0,1,100
13,0.00133333,1,100
13,0.00266667,1,100
13,0.004,1,100
13,0.00533333,1,100
13,0.00666667,1,100
13,0.008,1,100
13,0.00933333,1,90
13,0.0106667,1,55
13,0.012,1,50

15,0,1,100
15,0.00133333,1,100
15,0.00266667,1,100
15,0.004,1,100
15,0.00533333,1,100
15,0.00666667,1,100
15,0.008,1,100
15,0.00933333,1,93
15,0.0106667,1,54
15,0.012,1,48

17,0,1,100
17,0.00133333,1,100
17,0.00266667,1,100
17,0.004,1,100
17,0.00533333,1,100
17,0.00666667,1,100
17,0.008,1,100
17,0.00933333,1,91
17,0.0106667,1,54
17,0.012,1,56
total CPU time:526.16;total time:526152ms
srun: error: sh03-01n59: task 0: Exited with exit code 56
srun: launch/slurm: _step_signal: Terminating StepId=32218871.0
----------------------------------
id: 32218556
cpu per task 2
nodelist sh03-01n59
cluster name: sherlock
node list: sh03-01n59
node list: sh03-01n59
