hardware_concurrency32
Lmin:3;Lmax:17
Pmin:0;Pmax:0.07;nP10
Plmin:1;Plmax:1;nPl1
n:100seed:0;thread1

3,0,1,100
3,0.00777778,1,100
3,0.0155556,1,100
3,0.0233333,1,99
3,0.0311111,1,93
3,0.0388889,1,94
3,0.0466667,1,87
3,0.0544444,1,79
3,0.0622222,1,66
3,0.07,1,69

5,0,1,100
5,0.00777778,1,100
5,0.0155556,1,100
5,0.0233333,1,98
5,0.0311111,1,98
5,0.0388889,1,94
5,0.0466667,1,77
5,0.0544444,1,74
5,0.0622222,1,61
5,0.07,1,56

7,0,1,100
7,0.00777778,1,100
7,0.0155556,1,100
7,0.0233333,1,100
7,0.0311111,1,99
7,0.0388889,1,89
7,0.0466667,1,72
7,0.0544444,1,52
7,0.0622222,1,52
7,0.07,1,53

9,0,1,100
9,0.00777778,1,100
9,0.0155556,1,100
9,0.0233333,1,100
9,0.0311111,1,98
9,0.0388889,1,81
9,0.0466667,1,66
9,0.0544444,1,60
9,0.0622222,1,45
9,0.07,1,43

11,0,1,100
11,0.00777778,1,100
11,0.0155556,1,100
11,0.0233333,1,100
11,0.0311111,1,100
11,0.0388889,1,94
11,0.0466667,1,58
11,0.0544444,1,52
11,0.0622222,1,50
11,0.07,1,55

13,0,1,100
13,0.00777778,1,100
13,0.0155556,1,100
13,0.0233333,1,100
13,0.0311111,1,99
13,0.0388889,1,87
13,0.0466667,1,60
13,0.0544444,1,53
13,0.0622222,1,48
13,0.07,1,59

15,0,1,100
15,0.00777778,1,100
15,0.0155556,1,100
15,0.0233333,1,100
15,0.0311111,1,100
15,0.0388889,1,84
15,0.0466667,1,59
15,0.0544444,1,61
15,0.0622222,1,52
15,0.07,1,48

17,0,1,100
17,0.00777778,1,100
17,0.0155556,1,100
17,0.0233333,1,100
17,0.0311111,1,99
17,0.0388889,1,88
17,0.0466667,1,56
17,0.0544444,1,56
17,0.0622222,1,55
17,0.07,1,45
total CPU time:410.87;total time:410901ms
srun: error: sh03-01n54: task 0: Exited with exit code 45
srun: launch/slurm: _step_signal: Terminating StepId=32212019.0
----------------------------------
id: 32211982
cpu per task 2
nodelist sh03-01n54
cluster name: sherlock
node list: sh03-01n54
node list: sh03-01n54
