hardware_concurrency20
Lmin:3;Lmax:17
Pmin:0;Pmax:0.012;nP10
Plmin:1;Plmax:1;nPl1
n:100seed:0;thread1

3,0,1,100
3,0.00133333,1,100
3,0.00266667,1,100
3,0.004,1,100
3,0.00533333,1,98
3,0.00666667,1,97
3,0.008,1,92
3,0.00933333,1,88
3,0.0106667,1,77
3,0.012,1,71

5,0,1,100
5,0.00133333,1,100
5,0.00266667,1,100
5,0.004,1,100
5,0.00533333,1,100
5,0.00666667,1,98
5,0.008,1,93
5,0.00933333,1,83
5,0.0106667,1,66
5,0.012,1,57

7,0,1,100
7,0.00133333,1,100
7,0.00266667,1,100
7,0.004,1,100
7,0.00533333,1,100
7,0.00666667,1,100
7,0.008,1,93
7,0.00933333,1,80
7,0.0106667,1,64
7,0.012,1,63

9,0,1,100
9,0.00133333,1,100
9,0.00266667,1,100
9,0.004,1,100
9,0.00533333,1,100
9,0.00666667,1,100
9,0.008,1,94
9,0.00933333,1,80
9,0.0106667,1,57
9,0.012,1,55

11,0,1,100
11,0.00133333,1,100
11,0.00266667,1,100
11,0.004,1,100
11,0.00533333,1,100
11,0.00666667,1,99
11,0.008,1,94
11,0.00933333,1,69
11,0.0106667,1,62
11,0.012,1,56

13,0,1,100
13,0.00133333,1,100
13,0.00266667,1,100
13,0.004,1,100
13,0.00533333,1,100
13,0.00666667,1,100
13,0.008,1,98
13,0.00933333,1,69
13,0.0106667,1,54
13,0.012,1,51

15,0,1,100
15,0.00133333,1,100
15,0.00266667,1,100
15,0.004,1,100
15,0.00533333,1,100
15,0.00666667,1,100
15,0.008,1,96
15,0.00933333,1,65
15,0.0106667,1,53
15,0.012,1,56

17,0,1,100
17,0.00133333,1,100
17,0.00266667,1,100
17,0.004,1,100
17,0.00533333,1,100
17,0.00666667,1,100
17,0.008,1,97
17,0.00933333,1,65
17,0.0106667,1,52
17,0.012,1,59
total CPU time:355.43;total time:355489ms
srun: error: sh02-01n12: task 0: Exited with exit code 59
srun: launch/slurm: _step_signal: Terminating StepId=32218834.0
----------------------------------
id: 32218550
cpu per task 2
nodelist sh02-01n12
cluster name: sherlock
node list: sh02-01n12
node list: sh02-01n12
