hardware_concurrency32
Lmin:3;Lmax:17
Pmin:0;Pmax:0.07;nP10
Plmin:1;Plmax:1;nPl1
n:100seed:0;thread1

3,0,1,100
3,0.00777778,1,98
3,0.0155556,1,62
3,0.0233333,1,45
3,0.0311111,1,44
3,0.0388889,1,41
3,0.0466667,1,49
3,0.0544444,1,47
3,0.0622222,1,51
3,0.07,1,48

5,0,1,100
5,0.00777778,1,97
5,0.0155556,1,54
5,0.0233333,1,53
5,0.0311111,1,57
5,0.0388889,1,50
5,0.0466667,1,47
5,0.0544444,1,47
5,0.0622222,1,53
5,0.07,1,48

7,0,1,100
7,0.00777778,1,100
7,0.0155556,1,48
7,0.0233333,1,47
7,0.0311111,1,45
7,0.0388889,1,55
7,0.0466667,1,52
7,0.0544444,1,41
7,0.0622222,1,60
7,0.07,1,44

9,0,1,100
9,0.00777778,1,100
9,0.0155556,1,43
9,0.0233333,1,49
9,0.0311111,1,48
9,0.0388889,1,37
9,0.0466667,1,44
9,0.0544444,1,59
9,0.0622222,1,54
9,0.07,1,47

11,0,1,100
11,0.00777778,1,100
11,0.0155556,1,44
11,0.0233333,1,50
11,0.0311111,1,48
11,0.0388889,1,47
11,0.0466667,1,52
11,0.0544444,1,50
11,0.0622222,1,50
11,0.07,1,50

13,0,1,100
13,0.00777778,1,99
13,0.0155556,1,50
13,0.0233333,1,47
13,0.0311111,1,44
13,0.0388889,1,45
13,0.0466667,1,43
13,0.0544444,1,46
13,0.0622222,1,52
13,0.07,1,49

15,0,1,100
15,0.00777778,1,100
15,0.0155556,1,54
15,0.0233333,1,52
15,0.0311111,1,45
15,0.0388889,1,56
15,0.0466667,1,44
15,0.0544444,1,52
15,0.0622222,1,52
15,0.07,1,49

17,0,1,100
17,0.00777778,1,100
17,0.0155556,1,42
17,0.0233333,1,51
17,0.0311111,1,42
17,0.0388889,1,59
17,0.0466667,1,55
17,0.0544444,1,57
17,0.0622222,1,50
17,0.07,1,54
total CPU time:3504.52;total time:3.50479e+06ms
srun: error: sh03-01n07: task 0: Exited with exit code 54
srun: launch/slurm: _step_signal: Terminating StepId=32217922.0
----------------------------------
id: 32212004
cpu per task 2
nodelist sh03-01n07
cluster name: sherlock
node list: sh03-01n07
node list: sh03-01n07
