hardware_concurrency20
Lmin:3;Lmax:17
Pmin:0;Pmax:0.07;nP10
Plmin:1;Plmax:1;nPl1
n:100seed:0;thread1

3,0,1,100
3,0.00777778,1,95
3,0.0155556,1,57
3,0.0233333,1,53
3,0.0311111,1,56
3,0.0388889,1,41
3,0.0466667,1,55
3,0.0544444,1,47
3,0.0622222,1,61
3,0.07,1,49

5,0,1,100
5,0.00777778,1,99
5,0.0155556,1,45
5,0.0233333,1,53
5,0.0311111,1,48
5,0.0388889,1,55
5,0.0466667,1,42
5,0.0544444,1,51
5,0.0622222,1,56
5,0.07,1,54

7,0,1,100
7,0.00777778,1,99
7,0.0155556,1,53
7,0.0233333,1,51
7,0.0311111,1,54
7,0.0388889,1,55
7,0.0466667,1,49
7,0.0544444,1,53
7,0.0622222,1,48
7,0.07,1,58

9,0,1,100
9,0.00777778,1,97
9,0.0155556,1,48
9,0.0233333,1,46
9,0.0311111,1,51
9,0.0388889,1,44
9,0.0466667,1,51
9,0.0544444,1,54
9,0.0622222,1,57
9,0.07,1,57

11,0,1,100
11,0.00777778,1,99
11,0.0155556,1,53
11,0.0233333,1,57
11,0.0311111,1,49
11,0.0388889,1,50
11,0.0466667,1,57
11,0.0544444,1,47
11,0.0622222,1,45
11,0.07,1,58

13,0,1,100
13,0.00777778,1,100
13,0.0155556,1,54
13,0.0233333,1,49
13,0.0311111,1,55
13,0.0388889,1,41
13,0.0466667,1,54
13,0.0544444,1,49
13,0.0622222,1,60
13,0.07,1,46

15,0,1,100
15,0.00777778,1,100
15,0.0155556,1,53
15,0.0233333,1,42
15,0.0311111,1,41
15,0.0388889,1,55
15,0.0466667,1,47
15,0.0544444,1,49
15,0.0622222,1,48
15,0.07,1,47

17,0,1,100
17,0.00777778,1,100
17,0.0155556,1,46
17,0.0233333,1,57
17,0.0311111,1,51
17,0.0388889,1,62
17,0.0466667,1,52
17,0.0544444,1,48
17,0.0622222,1,40
17,0.07,1,53
total CPU time:2770.81;total time:2.77093e+06ms
srun: error: sh02-01n27: task 0: Exited with exit code 53
srun: launch/slurm: _step_signal: Terminating StepId=32217002.0
----------------------------------
id: 32212002
cpu per task 2
nodelist sh02-01n27
cluster name: sherlock
node list: sh02-01n27
node list: sh02-01n27
