hardware_concurrency20
Lmin:3;Lmax:17
Pmin:0;Pmax:0.012;nP10
Plmin:1;Plmax:1;nPl1
n:100seed:0;thread1

3,0,1,100
3,0.00133333,1,100
3,0.00266667,1,97
3,0.004,1,97
3,0.00533333,1,89
3,0.00666667,1,94
3,0.008,1,82
3,0.00933333,1,83
3,0.0106667,1,73
3,0.012,1,57

5,0,1,100
5,0.00133333,1,100
5,0.00266667,1,100
5,0.004,1,99
5,0.00533333,1,95
5,0.00666667,1,90
5,0.008,1,83
5,0.00933333,1,80
5,0.0106667,1,71
5,0.012,1,59

7,0,1,100
7,0.00133333,1,100
7,0.00266667,1,100
7,0.004,1,100
7,0.00533333,1,98
7,0.00666667,1,90
7,0.008,1,75
7,0.00933333,1,69
7,0.0106667,1,49
7,0.012,1,58

9,0,1,100
9,0.00133333,1,100
9,0.00266667,1,100
9,0.004,1,100
9,0.00533333,1,99
9,0.00666667,1,91
9,0.008,1,77
9,0.00933333,1,59
9,0.0106667,1,51
9,0.012,1,46

11,0,1,100
11,0.00133333,1,100
11,0.00266667,1,100
11,0.004,1,100
11,0.00533333,1,99
11,0.00666667,1,93
11,0.008,1,66
11,0.00933333,1,55
11,0.0106667,1,52
11,0.012,1,65

13,0,1,100
13,0.00133333,1,100
13,0.00266667,1,100
13,0.004,1,100
13,0.00533333,1,100
13,0.00666667,1,86
13,0.008,1,66
13,0.00933333,1,57
13,0.0106667,1,58
13,0.012,1,46

15,0,1,100
15,0.00133333,1,100
15,0.00266667,1,100
15,0.004,1,100
15,0.00533333,1,100
15,0.00666667,1,89
15,0.008,1,50
15,0.00933333,1,49
15,0.0106667,1,52
15,0.012,1,45

17,0,1,100
17,0.00133333,1,100
17,0.00266667,1,100
17,0.004,1,100
17,0.00533333,1,100
17,0.00666667,1,92
17,0.008,1,60
17,0.00933333,1,42
17,0.0106667,1,47
17,0.012,1,43
total CPU time:224.85;total time:224900ms
srun: error: sh02-01n10: task 0: Exited with exit code 43
srun: launch/slurm: _step_signal: Terminating StepId=32218733.0
----------------------------------
id: 32218547
cpu per task 2
nodelist sh02-01n10
cluster name: sherlock
node list: sh02-01n10
node list: sh02-01n10
