hardware_concurrency32
Lmin:3;Lmax:17
Pmin:0;Pmax:0.012;nP10
Plmin:1;Plmax:1;nPl1
n:100seed:0;thread1

3,0,1,100
3,0.00133333,1,100
3,0.00266667,1,100
3,0.004,1,100
3,0.00533333,1,98
3,0.00666667,1,98
3,0.008,1,97
3,0.00933333,1,97
3,0.0106667,1,82
3,0.012,1,84

5,0,1,100
5,0.00133333,1,100
5,0.00266667,1,100
5,0.004,1,100
5,0.00533333,1,100
5,0.00666667,1,100
5,0.008,1,98
5,0.00933333,1,96
5,0.0106667,1,89
5,0.012,1,77

7,0,1,100
7,0.00133333,1,100
7,0.00266667,1,100
7,0.004,1,100
7,0.00533333,1,100
7,0.00666667,1,100
7,0.008,1,100
7,0.00933333,1,94
7,0.0106667,1,85
7,0.012,1,68

9,0,1,100
9,0.00133333,1,100
9,0.00266667,1,100
9,0.004,1,100
9,0.00533333,1,100
9,0.00666667,1,100
9,0.008,1,100
9,0.00933333,1,94
9,0.0106667,1,83
9,0.012,1,53

11,0,1,100
11,0.00133333,1,100
11,0.00266667,1,100
11,0.004,1,100
11,0.00533333,1,100
11,0.00666667,1,100
11,0.008,1,100
11,0.00933333,1,96
11,0.0106667,1,79
11,0.012,1,63

13,0,1,100
13,0.00133333,1,100
13,0.00266667,1,100
13,0.004,1,100
13,0.00533333,1,100
13,0.00666667,1,100
13,0.008,1,99
13,0.00933333,1,97
13,0.0106667,1,79
13,0.012,1,43

15,0,1,100
15,0.00133333,1,100
15,0.00266667,1,100
15,0.004,1,100
15,0.00533333,1,100
15,0.00666667,1,100
15,0.008,1,100
15,0.00933333,1,98
15,0.0106667,1,66
15,0.012,1,53

17,0,1,100
17,0.00133333,1,100
17,0.00266667,1,100
17,0.004,1,100
17,0.00533333,1,100
17,0.00666667,1,100
17,0.008,1,100
17,0.00933333,1,96
17,0.0106667,1,67
17,0.012,1,46
total CPU time:875.37;total time:875452ms
srun: error: sh03-01n49: task 0: Exited with exit code 46
srun: launch/slurm: _step_signal: Terminating StepId=32219093.0
----------------------------------
id: 32218558
cpu per task 2
nodelist sh03-01n49
cluster name: sherlock
node list: sh03-01n49
node list: sh03-01n49
