hardware_concurrency32
Lmin:3;Lmax:17
Pmin:0;Pmax:0.025;nP10
Plmin:1;Plmax:1;nPl1
n:100seed:0;thread1

3,0,1,100
3,0.00277778,1,100
3,0.00555556,1,100
3,0.00833333,1,100
3,0.0111111,1,100
3,0.0138889,1,95
3,0.0166667,1,87
3,0.0194444,1,85
3,0.0222222,1,75
3,0.025,1,72

5,0,1,100
5,0.00277778,1,100
5,0.00555556,1,100
5,0.00833333,1,100
5,0.0111111,1,100
5,0.0138889,1,100
5,0.0166667,1,96
5,0.0194444,1,87
5,0.0222222,1,69
5,0.025,1,71

7,0,1,100
7,0.00277778,1,100
7,0.00555556,1,100
7,0.00833333,1,100
7,0.0111111,1,100
7,0.0138889,1,100
7,0.0166667,1,95
7,0.0194444,1,81
7,0.0222222,1,56
7,0.025,1,51

9,0,1,100
9,0.00277778,1,100
9,0.00555556,1,100
9,0.00833333,1,100
9,0.0111111,1,100
9,0.0138889,1,99
9,0.0166667,1,96
9,0.0194444,1,76
9,0.0222222,1,56
9,0.025,1,48

11,0,1,100
11,0.00277778,1,100
11,0.00555556,1,100
11,0.00833333,1,100
11,0.0111111,1,100
11,0.0138889,1,100
11,0.0166667,1,94
11,0.0194444,1,85
11,0.0222222,1,61
11,0.025,1,49

13,0,1,100
13,0.00277778,1,100
13,0.00555556,1,100
13,0.00833333,1,100
13,0.0111111,1,100
13,0.0138889,1,100
13,0.0166667,1,100
13,0.0194444,1,73
13,0.0222222,1,54
13,0.025,1,51

15,0,1,100
15,0.00277778,1,100
15,0.00555556,1,100
15,0.00833333,1,100
15,0.0111111,1,100
15,0.0138889,1,100
15,0.0166667,1,100
15,0.0194444,1,72
15,0.0222222,1,48
15,0.025,1,56

17,0,1,100
17,0.00277778,1,100
17,0.00555556,1,100
17,0.00833333,1,100
17,0.0111111,1,100
17,0.0138889,1,100
17,0.0166667,1,100
17,0.0194444,1,74
17,0.0222222,1,39
17,0.025,1,49
total CPU time:135.19;total time:135208ms
srun: error: sh03-01n03: task 0: Exited with exit code 49
srun: launch/slurm: _step_signal: Terminating StepId=32133901.0
----------------------------------
id: 32133662
cpu per task 2
nodelist sh03-01n03
cluster name: sherlock
node list: sh03-01n03
node list: sh03-01n03
