hardware_concurrency32
Lmin:3;Lmax:17
Pmin:0;Pmax:0.01;nP10
Plmin:1;Plmax:1;nPl1
n:100seed:0;thread1

3,0,1,100
3,0.00111111,1,100
3,0.00222222,1,100
3,0.00333333,1,100
3,0.00444444,1,100
3,0.00555556,1,93
3,0.00666667,1,91
3,0.00777778,1,84
3,0.00888889,1,74
3,0.01,1,72

5,0,1,100
5,0.00111111,1,100
5,0.00222222,1,100
5,0.00333333,1,100
5,0.00444444,1,99
5,0.00555556,1,94
5,0.00666667,1,93
5,0.00777778,1,86
5,0.00888889,1,79
5,0.01,1,61

7,0,1,100
7,0.00111111,1,100
7,0.00222222,1,100
7,0.00333333,1,100
7,0.00444444,1,99
7,0.00555556,1,100
7,0.00666667,1,95
7,0.00777778,1,77
7,0.00888889,1,70
7,0.01,1,52

9,0,1,100
9,0.00111111,1,100
9,0.00222222,1,100
9,0.00333333,1,100
9,0.00444444,1,100
9,0.00555556,1,100
9,0.00666667,1,93
9,0.00777778,1,79
9,0.00888889,1,54
9,0.01,1,59

11,0,1,100
11,0.00111111,1,100
11,0.00222222,1,100
11,0.00333333,1,100
11,0.00444444,1,100
11,0.00555556,1,100
11,0.00666667,1,92
11,0.00777778,1,65
11,0.00888889,1,58
11,0.01,1,50

13,0,1,100
13,0.00111111,1,100
13,0.00222222,1,100
13,0.00333333,1,100
13,0.00444444,1,100
13,0.00555556,1,100
13,0.00666667,1,97
13,0.00777778,1,71
13,0.00888889,1,58
13,0.01,1,53

15,0,1,100
15,0.00111111,1,100
15,0.00222222,1,100
15,0.00333333,1,100
15,0.00444444,1,100
15,0.00555556,1,100
15,0.00666667,1,98
15,0.00777778,1,65
15,0.00888889,1,50
15,0.01,1,48

17,0,1,100
17,0.00111111,1,100
17,0.00222222,1,100
17,0.00333333,1,100
17,0.00444444,1,100
17,0.00555556,1,100
17,0.00666667,1,96
17,0.00777778,1,72
17,0.00888889,1,52
17,0.01,1,44
total CPU time:141.03;total time:141065ms
srun: error: sh03-01n09: task 0: Exited with exit code 44
srun: launch/slurm: _step_signal: Terminating StepId=32132822.0
----------------------------------
id: 32132769
cpu per task 2
nodelist sh03-01n09
cluster name: sherlock
node list: sh03-01n09
node list: sh03-01n09
