hardware_concurrency32
Lmin:3;Lmax:17
Pmin:0;Pmax:0.01;nP10
Plmin:1;Plmax:1;nPl1
n:100seed:0;thread1

3,0,1,100
3,0.00111111,1,100
3,0.00222222,1,100
3,0.00333333,1,99
3,0.00444444,1,100
3,0.00555556,1,94
3,0.00666667,1,93
3,0.00777778,1,74
3,0.00888889,1,63
3,0.01,1,63

5,0,1,100
5,0.00111111,1,100
5,0.00222222,1,100
5,0.00333333,1,100
5,0.00444444,1,100
5,0.00555556,1,97
5,0.00666667,1,84
5,0.00777778,1,79
5,0.00888889,1,57
5,0.01,1,49

7,0,1,100
7,0.00111111,1,100
7,0.00222222,1,100
7,0.00333333,1,100
7,0.00444444,1,100
7,0.00555556,1,96
7,0.00666667,1,87
7,0.00777778,1,72
7,0.00888889,1,43
7,0.01,1,49

9,0,1,100
9,0.00111111,1,100
9,0.00222222,1,100
9,0.00333333,1,100
9,0.00444444,1,100
9,0.00555556,1,99
9,0.00666667,1,82
9,0.00777778,1,60
9,0.00888889,1,56
9,0.01,1,49

11,0,1,100
11,0.00111111,1,100
11,0.00222222,1,100
11,0.00333333,1,100
11,0.00444444,1,100
11,0.00555556,1,99
11,0.00666667,1,88
11,0.00777778,1,55
11,0.00888889,1,54
11,0.01,1,47

13,0,1,100
13,0.00111111,1,100
13,0.00222222,1,100
13,0.00333333,1,100
13,0.00444444,1,100
13,0.00555556,1,99
13,0.00666667,1,86
13,0.00777778,1,62
13,0.00888889,1,56
13,0.01,1,54

15,0,1,100
15,0.00111111,1,100
15,0.00222222,1,100
15,0.00333333,1,100
15,0.00444444,1,100
15,0.00555556,1,100
15,0.00666667,1,85
15,0.00777778,1,45
15,0.00888889,1,49
15,0.01,1,51

17,0,1,100
17,0.00111111,1,100
17,0.00222222,1,100
17,0.00333333,1,100
17,0.00444444,1,100
17,0.00555556,1,100
17,0.00666667,1,78
17,0.00777778,1,47
17,0.00888889,1,53
17,0.01,1,52
total CPU time:285.13;total time:285186ms
srun: error: sh03-01n36: task 0: Exited with exit code 52
srun: launch/slurm: _step_signal: Terminating StepId=32132949.0
----------------------------------
id: 32132782
cpu per task 2
nodelist sh03-01n36
cluster name: sherlock
node list: sh03-01n36
node list: sh03-01n36
