hardware_concurrency32
Lmin:3;Lmax:17
Pmin:0;Pmax:0.01;nP10
Plmin:1;Plmax:1;nPl1
n:100seed:0;thread1

3,0,1,100
3,0.00111111,1,100
3,0.00222222,1,100
3,0.00333333,1,100
3,0.00444444,1,99
3,0.00555556,1,94
3,0.00666667,1,92
3,0.00777778,1,86
3,0.00888889,1,81
3,0.01,1,66

5,0,1,100
5,0.00111111,1,100
5,0.00222222,1,100
5,0.00333333,1,100
5,0.00444444,1,100
5,0.00555556,1,97
5,0.00666667,1,94
5,0.00777778,1,83
5,0.00888889,1,68
5,0.01,1,72

7,0,1,100
7,0.00111111,1,100
7,0.00222222,1,100
7,0.00333333,1,100
7,0.00444444,1,100
7,0.00555556,1,100
7,0.00666667,1,87
7,0.00777778,1,83
7,0.00888889,1,59
7,0.01,1,64

9,0,1,100
9,0.00111111,1,100
9,0.00222222,1,100
9,0.00333333,1,100
9,0.00444444,1,100
9,0.00555556,1,100
9,0.00666667,1,97
9,0.00777778,1,79
9,0.00888889,1,56
9,0.01,1,56

11,0,1,100
11,0.00111111,1,100
11,0.00222222,1,100
11,0.00333333,1,100
11,0.00444444,1,100
11,0.00555556,1,100
11,0.00666667,1,92
11,0.00777778,1,66
11,0.00888889,1,59
11,0.01,1,49

13,0,1,100
13,0.00111111,1,100
13,0.00222222,1,100
13,0.00333333,1,100
13,0.00444444,1,100
13,0.00555556,1,100
13,0.00666667,1,93
13,0.00777778,1,79
13,0.00888889,1,57
13,0.01,1,46

15,0,1,100
15,0.00111111,1,100
15,0.00222222,1,100
15,0.00333333,1,100
15,0.00444444,1,100
15,0.00555556,1,100
15,0.00666667,1,95
15,0.00777778,1,65
15,0.00888889,1,54
15,0.01,1,47

17,0,1,100
17,0.00111111,1,100
17,0.00222222,1,100
17,0.00333333,1,100
17,0.00444444,1,100
17,0.00555556,1,100
17,0.00666667,1,95
17,0.00777778,1,63
17,0.00888889,1,48
17,0.01,1,57
total CPU time:134.51;total time:134525ms
srun: error: sh03-01n07: task 0: Exited with exit code 57
srun: launch/slurm: _step_signal: Terminating StepId=32132900.0
----------------------------------
id: 32132769
cpu per task 2
nodelist sh03-01n07
cluster name: sherlock
node list: sh03-01n07
node list: sh03-01n07
