hardware_concurrency32
Lmin:3;Lmax:17
Pmin:0;Pmax:0.01;nP10
Plmin:1;Plmax:1;nPl1
n:100seed:0;thread1

3,0,1,100
3,0.00111111,1,100
3,0.00222222,1,100
3,0.00333333,1,98
3,0.00444444,1,100
3,0.00555556,1,93
3,0.00666667,1,96
3,0.00777778,1,86
3,0.00888889,1,81
3,0.01,1,75

5,0,1,100
5,0.00111111,1,100
5,0.00222222,1,100
5,0.00333333,1,100
5,0.00444444,1,100
5,0.00555556,1,98
5,0.00666667,1,95
5,0.00777778,1,85
5,0.00888889,1,78
5,0.01,1,72

7,0,1,100
7,0.00111111,1,100
7,0.00222222,1,100
7,0.00333333,1,99
7,0.00444444,1,100
7,0.00555556,1,99
7,0.00666667,1,99
7,0.00777778,1,89
7,0.00888889,1,72
7,0.01,1,65

9,0,1,100
9,0.00111111,1,100
9,0.00222222,1,100
9,0.00333333,1,99
9,0.00444444,1,100
9,0.00555556,1,99
9,0.00666667,1,98
9,0.00777778,1,91
9,0.00888889,1,72
9,0.01,1,54

11,0,1,100
11,0.00111111,1,100
11,0.00222222,1,100
11,0.00333333,1,100
11,0.00444444,1,100
11,0.00555556,1,99
11,0.00666667,1,94
11,0.00777778,1,85
11,0.00888889,1,52
11,0.01,1,51

13,0,1,100
13,0.00111111,1,100
13,0.00222222,1,100
13,0.00333333,1,100
13,0.00444444,1,100
13,0.00555556,1,100
13,0.00666667,1,94
13,0.00777778,1,89
13,0.00888889,1,69
13,0.01,1,55

15,0,1,100
15,0.00111111,1,100
15,0.00222222,1,100
15,0.00333333,1,100
15,0.00444444,1,100
15,0.00555556,1,99
15,0.00666667,1,99
15,0.00777778,1,83
15,0.00888889,1,50
15,0.01,1,53

17,0,1,100
17,0.00111111,1,100
17,0.00222222,1,100
17,0.00333333,1,100
17,0.00444444,1,100
17,0.00555556,1,100
17,0.00666667,1,96
17,0.00777778,1,82
17,0.00888889,1,51
17,0.01,1,51
total CPU time:63.65;total time:63673.9ms
srun: error: sh03-01n53: task 0: Exited with exit code 51
srun: launch/slurm: _step_signal: Terminating StepId=32133091.0
----------------------------------
id: 32132879
cpu per task 2
nodelist sh03-01n53
cluster name: sherlock
node list: sh03-01n53
node list: sh03-01n53
