hardware_concurrency32
Lmin:3;Lmax:17
Pmin:0;Pmax:0.01;nP10
Plmin:1;Plmax:1;nPl1
n:100seed:0;thread1

3,0,1,100
3,0.00111111,1,100
3,0.00222222,1,100
3,0.00333333,1,100
3,0.00444444,1,99
3,0.00555556,1,96
3,0.00666667,1,90
3,0.00777778,1,85
3,0.00888889,1,71
3,0.01,1,63

5,0,1,100
5,0.00111111,1,100
5,0.00222222,1,100
5,0.00333333,1,100
5,0.00444444,1,100
5,0.00555556,1,95
5,0.00666667,1,90
5,0.00777778,1,71
5,0.00888889,1,59
5,0.01,1,45

7,0,1,100
7,0.00111111,1,100
7,0.00222222,1,100
7,0.00333333,1,100
7,0.00444444,1,100
7,0.00555556,1,99
7,0.00666667,1,87
7,0.00777778,1,70
7,0.00888889,1,46
7,0.01,1,49

9,0,1,100
9,0.00111111,1,100
9,0.00222222,1,100
9,0.00333333,1,100
9,0.00444444,1,100
9,0.00555556,1,100
9,0.00666667,1,79
9,0.00777778,1,52
9,0.00888889,1,52
9,0.01,1,47

11,0,1,100
11,0.00111111,1,100
11,0.00222222,1,100
11,0.00333333,1,100
11,0.00444444,1,100
11,0.00555556,1,97
11,0.00666667,1,85
11,0.00777778,1,63
11,0.00888889,1,40
11,0.01,1,54

13,0,1,100
13,0.00111111,1,100
13,0.00222222,1,100
13,0.00333333,1,100
13,0.00444444,1,100
13,0.00555556,1,100
13,0.00666667,1,83
13,0.00777778,1,54
13,0.00888889,1,54
13,0.01,1,45

15,0,1,100
15,0.00111111,1,100
15,0.00222222,1,100
15,0.00333333,1,100
15,0.00444444,1,100
15,0.00555556,1,99
15,0.00666667,1,84
15,0.00777778,1,61
15,0.00888889,1,49
15,0.01,1,53

17,0,1,100
17,0.00111111,1,100
17,0.00222222,1,100
17,0.00333333,1,100
17,0.00444444,1,100
17,0.00555556,1,100
17,0.00666667,1,89
17,0.00777778,1,52
17,0.00888889,1,55
17,0.01,1,43
total CPU time:276.11;total time:276149ms
srun: error: sh03-01n08: task 0: Exited with exit code 43
srun: launch/slurm: _step_signal: Terminating StepId=32132993.0
----------------------------------
id: 32132782
cpu per task 2
nodelist sh03-01n08
cluster name: sherlock
node list: sh03-01n08
node list: sh03-01n08
