hardware_concurrency32
Lmin:3;Lmax:17
Pmin:0;Pmax:0.01;nP10
Plmin:1;Plmax:1;nPl1
n:100seed:0;thread1

3,0,1,100
3,0.00111111,1,100
3,0.00222222,1,100
3,0.00333333,1,100
3,0.00444444,1,99
3,0.00555556,1,95
3,0.00666667,1,95
3,0.00777778,1,94
3,0.00888889,1,87
3,0.01,1,79

5,0,1,100
5,0.00111111,1,100
5,0.00222222,1,100
5,0.00333333,1,100
5,0.00444444,1,99
5,0.00555556,1,98
5,0.00666667,1,90
5,0.00777778,1,87
5,0.00888889,1,81
5,0.01,1,72

7,0,1,100
7,0.00111111,1,100
7,0.00222222,1,100
7,0.00333333,1,100
7,0.00444444,1,100
7,0.00555556,1,99
7,0.00666667,1,96
7,0.00777778,1,89
7,0.00888889,1,73
7,0.01,1,60

9,0,1,100
9,0.00111111,1,100
9,0.00222222,1,100
9,0.00333333,1,100
9,0.00444444,1,100
9,0.00555556,1,99
9,0.00666667,1,93
9,0.00777778,1,89
9,0.00888889,1,69
9,0.01,1,59

11,0,1,100
11,0.00111111,1,100
11,0.00222222,1,100
11,0.00333333,1,100
11,0.00444444,1,100
11,0.00555556,1,100
11,0.00666667,1,98
11,0.00777778,1,87
11,0.00888889,1,65
11,0.01,1,55

13,0,1,100
13,0.00111111,1,100
13,0.00222222,1,100
13,0.00333333,1,100
13,0.00444444,1,100
13,0.00555556,1,100
13,0.00666667,1,98
13,0.00777778,1,75
13,0.00888889,1,66
13,0.01,1,46

15,0,1,100
15,0.00111111,1,100
15,0.00222222,1,100
15,0.00333333,1,100
15,0.00444444,1,100
15,0.00555556,1,100
15,0.00666667,1,95
15,0.00777778,1,74
15,0.00888889,1,64
15,0.01,1,51

17,0,1,100
17,0.00111111,1,100
17,0.00222222,1,100
17,0.00333333,1,100
17,0.00444444,1,100
17,0.00555556,1,100
17,0.00666667,1,97
17,0.00777778,1,74
17,0.00888889,1,54
17,0.01,1,60
total CPU time:69.91;total time:69927.6ms
srun: error: sh03-01n33: task 0: Exited with exit code 60
srun: launch/slurm: _step_signal: Terminating StepId=32133097.0
----------------------------------
id: 32132879
cpu per task 2
nodelist sh03-01n33
cluster name: sherlock
node list: sh03-01n33
node list: sh03-01n33
