hardware_concurrency32
Lmin:3;Lmax:17
Pmin:0;Pmax:0.025;nP10
Plmin:1;Plmax:1;nPl1
n:100seed:0;thread1

3,0,1,100
3,0.00277778,1,100
3,0.00555556,1,100
3,0.00833333,1,100
3,0.0111111,1,100
3,0.0138889,1,99
3,0.0166667,1,89
3,0.0194444,1,89
3,0.0222222,1,82
3,0.025,1,72

5,0,1,100
5,0.00277778,1,100
5,0.00555556,1,100
5,0.00833333,1,100
5,0.0111111,1,100
5,0.0138889,1,97
5,0.0166667,1,95
5,0.0194444,1,87
5,0.0222222,1,64
5,0.025,1,63

7,0,1,100
7,0.00277778,1,100
7,0.00555556,1,100
7,0.00833333,1,100
7,0.0111111,1,100
7,0.0138889,1,99
7,0.0166667,1,96
7,0.0194444,1,79
7,0.0222222,1,72
7,0.025,1,56

9,0,1,100
9,0.00277778,1,100
9,0.00555556,1,100
9,0.00833333,1,100
9,0.0111111,1,100
9,0.0138889,1,100
9,0.0166667,1,95
9,0.0194444,1,79
9,0.0222222,1,60
9,0.025,1,55

11,0,1,100
11,0.00277778,1,100
11,0.00555556,1,100
11,0.00833333,1,100
11,0.0111111,1,100
11,0.0138889,1,100
11,0.0166667,1,96
11,0.0194444,1,78
11,0.0222222,1,55
11,0.025,1,47

13,0,1,100
13,0.00277778,1,100
13,0.00555556,1,100
13,0.00833333,1,100
13,0.0111111,1,100
13,0.0138889,1,100
13,0.0166667,1,98
13,0.0194444,1,72
13,0.0222222,1,54
13,0.025,1,52

15,0,1,100
15,0.00277778,1,100
15,0.00555556,1,100
15,0.00833333,1,100
15,0.0111111,1,100
15,0.0138889,1,100
15,0.0166667,1,98
15,0.0194444,1,77
15,0.0222222,1,52
15,0.025,1,44

17,0,1,100
17,0.00277778,1,100
17,0.00555556,1,100
17,0.00833333,1,100
17,0.0111111,1,100
17,0.0138889,1,100
17,0.0166667,1,98
17,0.0194444,1,69
17,0.0222222,1,51
17,0.025,1,52
total CPU time:132.23;total time:132252ms
srun: error: sh03-01n25: task 0: Exited with exit code 52
srun: launch/slurm: _step_signal: Terminating StepId=32133895.0
----------------------------------
id: 32133662
cpu per task 2
nodelist sh03-01n25
cluster name: sherlock
node list: sh03-01n25
node list: sh03-01n25
