hardware_concurrency32
Lmin:3;Lmax:17
Pmin:0;Pmax:0.025;nP10
Plmin:1;Plmax:1;nPl1
n:100seed:0;thread1

3,0,1,100
3,0.00277778,1,98
3,0.00555556,1,100
3,0.00833333,1,100
3,0.0111111,1,95
3,0.0138889,1,94
3,0.0166667,1,77
3,0.0194444,1,73
3,0.0222222,1,70
3,0.025,1,61

5,0,1,100
5,0.00277778,1,100
5,0.00555556,1,100
5,0.00833333,1,99
5,0.0111111,1,89
5,0.0138889,1,90
5,0.0166667,1,66
5,0.0194444,1,54
5,0.0222222,1,49
5,0.025,1,51

7,0,1,100
7,0.00277778,1,100
7,0.00555556,1,100
7,0.00833333,1,100
7,0.0111111,1,92
7,0.0138889,1,77
7,0.0166667,1,62
7,0.0194444,1,51
7,0.0222222,1,43
7,0.025,1,46

9,0,1,100
9,0.00277778,1,100
9,0.00555556,1,100
9,0.00833333,1,99
9,0.0111111,1,88
9,0.0138889,1,76
9,0.0166667,1,55
9,0.0194444,1,55
9,0.0222222,1,43
9,0.025,1,61

11,0,1,100
11,0.00277778,1,100
11,0.00555556,1,100
11,0.00833333,1,99
11,0.0111111,1,94
11,0.0138889,1,75
11,0.0166667,1,53
11,0.0194444,1,48
11,0.0222222,1,48
11,0.025,1,52

13,0,1,100
13,0.00277778,1,100
13,0.00555556,1,100
13,0.00833333,1,100
13,0.0111111,1,91
13,0.0138889,1,70
13,0.0166667,1,50
13,0.0194444,1,46
13,0.0222222,1,43
13,0.025,1,46

15,0,1,100
15,0.00277778,1,100
15,0.00555556,1,100
15,0.00833333,1,100
15,0.0111111,1,98
15,0.0138889,1,56
15,0.0166667,1,55
15,0.0194444,1,49
15,0.0222222,1,58
15,0.025,1,53

17,0,1,100
17,0.00277778,1,100
17,0.00555556,1,100
17,0.00833333,1,100
17,0.0111111,1,97
17,0.0138889,1,51
17,0.0166667,1,52
17,0.0194444,1,49
17,0.0222222,1,51
17,0.025,1,58
total CPU time:291.87;total time:291893ms
srun: error: sh03-01n08: task 0: Exited with exit code 58
srun: launch/slurm: _step_signal: Terminating StepId=32133685.0
----------------------------------
id: 32133661
cpu per task 2
nodelist sh03-01n08
cluster name: sherlock
node list: sh03-01n08
node list: sh03-01n08
