hardware_concurrency32
Lmin:3;Lmax:17
Pmin:0;Pmax:0.01;nP10
Plmin:1;Plmax:1;nPl1
n:100seed:0;thread1

3,0,1,100
3,0.00111111,1,100
3,0.00222222,1,100
3,0.00333333,1,100
3,0.00444444,1,99
3,0.00555556,1,99
3,0.00666667,1,90
3,0.00777778,1,75
3,0.00888889,1,66
3,0.01,1,72

5,0,1,100
5,0.00111111,1,100
5,0.00222222,1,100
5,0.00333333,1,100
5,0.00444444,1,99
5,0.00555556,1,97
5,0.00666667,1,84
5,0.00777778,1,76
5,0.00888889,1,55
5,0.01,1,55

7,0,1,100
7,0.00111111,1,100
7,0.00222222,1,100
7,0.00333333,1,100
7,0.00444444,1,100
7,0.00555556,1,97
7,0.00666667,1,93
7,0.00777778,1,63
7,0.00888889,1,49
7,0.01,1,55

9,0,1,100
9,0.00111111,1,100
9,0.00222222,1,100
9,0.00333333,1,100
9,0.00444444,1,100
9,0.00555556,1,99
9,0.00666667,1,89
9,0.00777778,1,62
9,0.00888889,1,49
9,0.01,1,47

11,0,1,100
11,0.00111111,1,100
11,0.00222222,1,100
11,0.00333333,1,100
11,0.00444444,1,100
11,0.00555556,1,100
11,0.00666667,1,88
11,0.00777778,1,56
11,0.00888889,1,58
11,0.01,1,56

13,0,1,100
13,0.00111111,1,100
13,0.00222222,1,100
13,0.00333333,1,100
13,0.00444444,1,100
13,0.00555556,1,99
13,0.00666667,1,83
13,0.00777778,1,51
13,0.00888889,1,43
13,0.01,1,50

15,0,1,100
15,0.00111111,1,100
15,0.00222222,1,100
15,0.00333333,1,100
15,0.00444444,1,100
15,0.00555556,1,100
15,0.00666667,1,87
15,0.00777778,1,50
15,0.00888889,1,51
15,0.01,1,57

17,0,1,100
17,0.00111111,1,100
17,0.00222222,1,100
17,0.00333333,1,100
17,0.00444444,1,100
17,0.00555556,1,100
17,0.00666667,1,87
17,0.00777778,1,59
17,0.00888889,1,52
17,0.01,1,46
total CPU time:277.16;total time:277181ms
srun: error: sh03-01n09: task 0: Exited with exit code 46
srun: launch/slurm: _step_signal: Terminating StepId=32132911.0
----------------------------------
id: 32132782
cpu per task 2
nodelist sh03-01n09
cluster name: sherlock
node list: sh03-01n09
node list: sh03-01n09
