hardware_concurrency32
Lmin:3;Lmax:17
Pmin:0;Pmax:0.025;nP10
Plmin:1;Plmax:1;nPl1
n:100seed:0;thread1

3,0,1,100
3,0.00277778,1,100
3,0.00555556,1,98
3,0.00833333,1,99
3,0.0111111,1,92
3,0.0138889,1,88
3,0.0166667,1,83
3,0.0194444,1,75
3,0.0222222,1,59
3,0.025,1,59

5,0,1,100
5,0.00277778,1,100
5,0.00555556,1,99
5,0.00833333,1,100
5,0.0111111,1,90
5,0.0138889,1,79
5,0.0166667,1,67
5,0.0194444,1,55
5,0.0222222,1,53
5,0.025,1,42

7,0,1,100
7,0.00277778,1,100
7,0.00555556,1,100
7,0.00833333,1,99
7,0.0111111,1,93
7,0.0138889,1,66
7,0.0166667,1,57
7,0.0194444,1,51
7,0.0222222,1,60
7,0.025,1,52

9,0,1,100
9,0.00277778,1,100
9,0.00555556,1,100
9,0.00833333,1,100
9,0.0111111,1,92
9,0.0138889,1,73
9,0.0166667,1,56
9,0.0194444,1,46
9,0.0222222,1,47
9,0.025,1,45

11,0,1,100
11,0.00277778,1,100
11,0.00555556,1,100
11,0.00833333,1,100
11,0.0111111,1,92
11,0.0138889,1,68
11,0.0166667,1,56
11,0.0194444,1,60
11,0.0222222,1,55
11,0.025,1,48

13,0,1,100
13,0.00277778,1,100
13,0.00555556,1,100
13,0.00833333,1,100
13,0.0111111,1,97
13,0.0138889,1,71
13,0.0166667,1,47
13,0.0194444,1,45
13,0.0222222,1,56
13,0.025,1,50

15,0,1,100
15,0.00277778,1,100
15,0.00555556,1,100
15,0.00833333,1,100
15,0.0111111,1,93
15,0.0138889,1,63
15,0.0166667,1,52
15,0.0194444,1,52
15,0.0222222,1,43
15,0.025,1,47

17,0,1,100
17,0.00277778,1,100
17,0.00555556,1,100
17,0.00833333,1,100
17,0.0111111,1,99
17,0.0138889,1,57
17,0.0166667,1,45
17,0.0194444,1,53
17,0.0222222,1,45
17,0.025,1,59
total CPU time:233.97;total time:233987ms
srun: error: sh03-01n03: task 0: Exited with exit code 59
srun: launch/slurm: _step_signal: Terminating StepId=32133749.0
----------------------------------
id: 32133661
cpu per task 2
nodelist sh03-01n03
cluster name: sherlock
node list: sh03-01n03
node list: sh03-01n03
