hardware_concurrency32
Lmin:3;Lmax:17
Pmin:0;Pmax:0.01;nP10
Plmin:1;Plmax:1;nPl1
n:100seed:0;thread1

3,0,1,100
3,0.00111111,1,100
3,0.00222222,1,100
3,0.00333333,1,99
3,0.00444444,1,100
3,0.00555556,1,95
3,0.00666667,1,88
3,0.00777778,1,79
3,0.00888889,1,79
3,0.01,1,61

5,0,1,100
5,0.00111111,1,100
5,0.00222222,1,100
5,0.00333333,1,100
5,0.00444444,1,100
5,0.00555556,1,94
5,0.00666667,1,85
5,0.00777778,1,71
5,0.00888889,1,47
5,0.01,1,52

7,0,1,100
7,0.00111111,1,100
7,0.00222222,1,100
7,0.00333333,1,100
7,0.00444444,1,100
7,0.00555556,1,95
7,0.00666667,1,88
7,0.00777778,1,65
7,0.00888889,1,59
7,0.01,1,54

9,0,1,100
9,0.00111111,1,100
9,0.00222222,1,100
9,0.00333333,1,100
9,0.00444444,1,100
9,0.00555556,1,99
9,0.00666667,1,90
9,0.00777778,1,66
9,0.00888889,1,49
9,0.01,1,59

11,0,1,100
11,0.00111111,1,100
11,0.00222222,1,100
11,0.00333333,1,100
11,0.00444444,1,100
11,0.00555556,1,99
11,0.00666667,1,84
11,0.00777778,1,57
11,0.00888889,1,48
11,0.01,1,47

13,0,1,100
13,0.00111111,1,100
13,0.00222222,1,100
13,0.00333333,1,100
13,0.00444444,1,100
13,0.00555556,1,100
13,0.00666667,1,85
13,0.00777778,1,50
13,0.00888889,1,48
13,0.01,1,51

15,0,1,100
15,0.00111111,1,100
15,0.00222222,1,100
15,0.00333333,1,100
15,0.00444444,1,100
15,0.00555556,1,100
15,0.00666667,1,88
15,0.00777778,1,59
15,0.00888889,1,43
15,0.01,1,61

17,0,1,100
17,0.00111111,1,100
17,0.00222222,1,100
17,0.00333333,1,100
17,0.00444444,1,100
17,0.00555556,1,100
17,0.00666667,1,85
17,0.00777778,1,48
17,0.00888889,1,50
17,0.01,1,47
total CPU time:273.25;total time:273280ms
srun: error: sh03-01n33: task 0: Exited with exit code 47
srun: launch/slurm: _step_signal: Terminating StepId=32132971.0
----------------------------------
id: 32132782
cpu per task 2
nodelist sh03-01n33
cluster name: sherlock
node list: sh03-01n33
node list: sh03-01n33
