hardware_concurrency32
Lmin:3;Lmax:17
Pmin:0;Pmax:0.025;nP10
Plmin:1;Plmax:1;nPl1
n:100seed:0;thread1

3,0,1,100
3,0.00277778,1,100
3,0.00555556,1,100
3,0.00833333,1,100
3,0.0111111,1,100
3,0.0138889,1,100
3,0.0166667,1,99
3,0.0194444,1,100
3,0.0222222,1,94
3,0.025,1,89

5,0,1,100
5,0.00277778,1,100
5,0.00555556,1,100
5,0.00833333,1,100
5,0.0111111,1,100
5,0.0138889,1,100
5,0.0166667,1,98
5,0.0194444,1,99
5,0.0222222,1,92
5,0.025,1,83

7,0,1,100
7,0.00277778,1,100
7,0.00555556,1,100
7,0.00833333,1,100
7,0.0111111,1,100
7,0.0138889,1,100
7,0.0166667,1,100
7,0.0194444,1,98
7,0.0222222,1,95
7,0.025,1,84

9,0,1,100
9,0.00277778,1,100
9,0.00555556,1,100
9,0.00833333,1,100
9,0.0111111,1,100
9,0.0138889,1,100
9,0.0166667,1,100
9,0.0194444,1,100
9,0.0222222,1,94
9,0.025,1,78

11,0,1,100
11,0.00277778,1,100
11,0.00555556,1,100
11,0.00833333,1,100
11,0.0111111,1,100
11,0.0138889,1,100
11,0.0166667,1,100
11,0.0194444,1,100
11,0.0222222,1,99
11,0.025,1,79

13,0,1,100
13,0.00277778,1,100
13,0.00555556,1,100
13,0.00833333,1,100
13,0.0111111,1,100
13,0.0138889,1,100
13,0.0166667,1,100
13,0.0194444,1,99
13,0.0222222,1,97
13,0.025,1,75

15,0,1,100
15,0.00277778,1,100
15,0.00555556,1,100
15,0.00833333,1,100
15,0.0111111,1,100
15,0.0138889,1,100
15,0.0166667,1,100
15,0.0194444,1,100
15,0.0222222,1,98
15,0.025,1,74

17,0,1,100
17,0.00277778,1,100
17,0.00555556,1,100
17,0.00833333,1,100
17,0.0111111,1,100
17,0.0138889,1,100
17,0.0166667,1,100
17,0.0194444,1,100
17,0.0222222,1,98
17,0.025,1,74
total CPU time:168.16;total time:168182ms
srun: error: sh03-01n12: task 0: Exited with exit code 74
srun: launch/slurm: _step_signal: Terminating StepId=32133992.0
----------------------------------
id: 32133663
cpu per task 2
nodelist sh03-01n12
cluster name: sherlock
node list: sh03-01n12
node list: sh03-01n12
