hardware_concurrency32
Lmin:3;Lmax:17
Pmin:0;Pmax:0.01;nP10
Plmin:1;Plmax:1;nPl1
n:100seed:0;thread1

3,0,1,100
3,0.00111111,1,100
3,0.00222222,1,100
3,0.00333333,1,100
3,0.00444444,1,100
3,0.00555556,1,100
3,0.00666667,1,84
3,0.00777778,1,85
3,0.00888889,1,88
3,0.01,1,71

5,0,1,100
5,0.00111111,1,100
5,0.00222222,1,100
5,0.00333333,1,100
5,0.00444444,1,99
5,0.00555556,1,99
5,0.00666667,1,91
5,0.00777778,1,80
5,0.00888889,1,73
5,0.01,1,53

7,0,1,100
7,0.00111111,1,100
7,0.00222222,1,100
7,0.00333333,1,100
7,0.00444444,1,100
7,0.00555556,1,99
7,0.00666667,1,95
7,0.00777778,1,80
7,0.00888889,1,69
7,0.01,1,56

9,0,1,100
9,0.00111111,1,100
9,0.00222222,1,100
9,0.00333333,1,100
9,0.00444444,1,100
9,0.00555556,1,100
9,0.00666667,1,95
9,0.00777778,1,73
9,0.00888889,1,56
9,0.01,1,40

11,0,1,100
11,0.00111111,1,100
11,0.00222222,1,100
11,0.00333333,1,100
11,0.00444444,1,99
11,0.00555556,1,100
11,0.00666667,1,96
11,0.00777778,1,75
11,0.00888889,1,53
11,0.01,1,40

13,0,1,100
13,0.00111111,1,100
13,0.00222222,1,100
13,0.00333333,1,100
13,0.00444444,1,100
13,0.00555556,1,100
13,0.00666667,1,94
13,0.00777778,1,71
13,0.00888889,1,53
13,0.01,1,58

15,0,1,100
15,0.00111111,1,100
15,0.00222222,1,100
15,0.00333333,1,100
15,0.00444444,1,100
15,0.00555556,1,100
15,0.00666667,1,98
15,0.00777778,1,69
15,0.00888889,1,44
15,0.01,1,51

17,0,1,100
17,0.00111111,1,100
17,0.00222222,1,100
17,0.00333333,1,100
17,0.00444444,1,100
17,0.00555556,1,100
17,0.00666667,1,96
17,0.00777778,1,70
17,0.00888889,1,55
17,0.01,1,46
total CPU time:134.44;total time:134459ms
srun: error: sh03-01n57: task 0: Exited with exit code 46
srun: launch/slurm: _step_signal: Terminating StepId=32132863.0
----------------------------------
id: 32132769
cpu per task 2
nodelist sh03-01n57
cluster name: sherlock
node list: sh03-01n57
node list: sh03-01n57
