hardware_concurrency32
Lmin:3;Lmax:17
Pmin:0;Pmax:0.01;nP10
Plmin:1;Plmax:1;nPl1
n:100seed:0;thread1

3,0,1,100
3,0.00111111,1,100
3,0.00222222,1,100
3,0.00333333,1,99
3,0.00444444,1,96
3,0.00555556,1,97
3,0.00666667,1,93
3,0.00777778,1,85
3,0.00888889,1,86
3,0.01,1,83

5,0,1,100
5,0.00111111,1,100
5,0.00222222,1,100
5,0.00333333,1,100
5,0.00444444,1,99
5,0.00555556,1,96
5,0.00666667,1,92
5,0.00777778,1,78
5,0.00888889,1,83
5,0.01,1,70

7,0,1,100
7,0.00111111,1,100
7,0.00222222,1,100
7,0.00333333,1,100
7,0.00444444,1,100
7,0.00555556,1,96
7,0.00666667,1,92
7,0.00777778,1,85
7,0.00888889,1,79
7,0.01,1,63

9,0,1,100
9,0.00111111,1,100
9,0.00222222,1,100
9,0.00333333,1,100
9,0.00444444,1,100
9,0.00555556,1,97
9,0.00666667,1,94
9,0.00777778,1,90
9,0.00888889,1,66
9,0.01,1,56

11,0,1,100
11,0.00111111,1,100
11,0.00222222,1,100
11,0.00333333,1,100
11,0.00444444,1,100
11,0.00555556,1,100
11,0.00666667,1,97
11,0.00777778,1,90
11,0.00888889,1,65
11,0.01,1,49

13,0,1,100
13,0.00111111,1,100
13,0.00222222,1,100
13,0.00333333,1,100
13,0.00444444,1,100
13,0.00555556,1,100
13,0.00666667,1,97
13,0.00777778,1,81
13,0.00888889,1,60
13,0.01,1,47

15,0,1,100
15,0.00111111,1,100
15,0.00222222,1,100
15,0.00333333,1,100
15,0.00444444,1,100
15,0.00555556,1,100
15,0.00666667,1,94
15,0.00777778,1,80
15,0.00888889,1,57
15,0.01,1,51

17,0,1,100
17,0.00111111,1,100
17,0.00222222,1,100
17,0.00333333,1,100
17,0.00444444,1,100
17,0.00555556,1,100
17,0.00666667,1,98
17,0.00777778,1,73
17,0.00888889,1,58
17,0.01,1,54
total CPU time:64.86;total time:64868ms
srun: error: sh03-01n33: task 0: Exited with exit code 54
srun: launch/slurm: _step_signal: Terminating StepId=32133098.0
----------------------------------
id: 32132879
cpu per task 2
nodelist sh03-01n33
cluster name: sherlock
node list: sh03-01n33
node list: sh03-01n33
