hardware_concurrency32
Lmin:3;Lmax:17
Pmin:0;Pmax:0.025;nP10
Plmin:1;Plmax:1;nPl1
n:100seed:0;thread1

3,0,1,100
3,0.00277778,1,100
3,0.00555556,1,100
3,0.00833333,1,100
3,0.0111111,1,100
3,0.0138889,1,100
3,0.0166667,1,98
3,0.0194444,1,96
3,0.0222222,1,91
3,0.025,1,94

5,0,1,100
5,0.00277778,1,100
5,0.00555556,1,100
5,0.00833333,1,100
5,0.0111111,1,100
5,0.0138889,1,100
5,0.0166667,1,100
5,0.0194444,1,100
5,0.0222222,1,91
5,0.025,1,84

7,0,1,100
7,0.00277778,1,100
7,0.00555556,1,100
7,0.00833333,1,100
7,0.0111111,1,100
7,0.0138889,1,100
7,0.0166667,1,100
7,0.0194444,1,98
7,0.0222222,1,91
7,0.025,1,83

9,0,1,100
9,0.00277778,1,100
9,0.00555556,1,100
9,0.00833333,1,100
9,0.0111111,1,100
9,0.0138889,1,100
9,0.0166667,1,100
9,0.0194444,1,100
9,0.0222222,1,96
9,0.025,1,84

11,0,1,100
11,0.00277778,1,100
11,0.00555556,1,100
11,0.00833333,1,100
11,0.0111111,1,100
11,0.0138889,1,100
11,0.0166667,1,100
11,0.0194444,1,100
11,0.0222222,1,99
11,0.025,1,78

13,0,1,100
13,0.00277778,1,100
13,0.00555556,1,100
13,0.00833333,1,100
13,0.0111111,1,100
13,0.0138889,1,100
13,0.0166667,1,100
13,0.0194444,1,100
13,0.0222222,1,95
13,0.025,1,76

15,0,1,100
15,0.00277778,1,100
15,0.00555556,1,100
15,0.00833333,1,100
15,0.0111111,1,100
15,0.0138889,1,100
15,0.0166667,1,100
15,0.0194444,1,100
15,0.0222222,1,98
15,0.025,1,69

17,0,1,100
17,0.00277778,1,100
17,0.00555556,1,100
17,0.00833333,1,100
17,0.0111111,1,100
17,0.0138889,1,100
17,0.0166667,1,100
17,0.0194444,1,100
17,0.0222222,1,100
17,0.025,1,81
total CPU time:167.25;total time:167287ms
srun: error: sh03-01n26: task 0: Exited with exit code 81
srun: launch/slurm: _step_signal: Terminating StepId=32134011.0
----------------------------------
id: 32133663
cpu per task 2
nodelist sh03-01n26
cluster name: sherlock
node list: sh03-01n26
node list: sh03-01n26
