hardware_concurrency32
Lmin:3;Lmax:17
Pmin:0;Pmax:0.01;nP10
Plmin:1;Plmax:1;nPl1
n:100seed:0;thread1

3,0,1,100
3,0.00111111,1,100
3,0.00222222,1,100
3,0.00333333,1,99
3,0.00444444,1,96
3,0.00555556,1,96
3,0.00666667,1,93
3,0.00777778,1,86
3,0.00888889,1,72
3,0.01,1,77

5,0,1,100
5,0.00111111,1,100
5,0.00222222,1,100
5,0.00333333,1,100
5,0.00444444,1,100
5,0.00555556,1,99
5,0.00666667,1,92
5,0.00777778,1,76
5,0.00888889,1,71
5,0.01,1,57

7,0,1,100
7,0.00111111,1,100
7,0.00222222,1,100
7,0.00333333,1,100
7,0.00444444,1,100
7,0.00555556,1,98
7,0.00666667,1,91
7,0.00777778,1,83
7,0.00888889,1,60
7,0.01,1,55

9,0,1,100
9,0.00111111,1,100
9,0.00222222,1,100
9,0.00333333,1,100
9,0.00444444,1,100
9,0.00555556,1,98
9,0.00666667,1,95
9,0.00777778,1,73
9,0.00888889,1,61
9,0.01,1,51

11,0,1,100
11,0.00111111,1,100
11,0.00222222,1,100
11,0.00333333,1,100
11,0.00444444,1,100
11,0.00555556,1,99
11,0.00666667,1,93
11,0.00777778,1,69
11,0.00888889,1,48
11,0.01,1,53

13,0,1,100
13,0.00111111,1,100
13,0.00222222,1,100
13,0.00333333,1,100
13,0.00444444,1,100
13,0.00555556,1,100
13,0.00666667,1,96
13,0.00777778,1,70
13,0.00888889,1,51
13,0.01,1,51

15,0,1,100
15,0.00111111,1,100
15,0.00222222,1,100
15,0.00333333,1,100
15,0.00444444,1,100
15,0.00555556,1,100
15,0.00666667,1,96
15,0.00777778,1,64
15,0.00888889,1,52
15,0.01,1,52

17,0,1,100
17,0.00111111,1,100
17,0.00222222,1,100
17,0.00333333,1,100
17,0.00444444,1,100
17,0.00555556,1,99
17,0.00666667,1,100
17,0.00777778,1,65
17,0.00888889,1,60
17,0.01,1,57
total CPU time:130.82;total time:130847ms
srun: error: sh03-01n10: task 0: Exited with exit code 57
srun: launch/slurm: _step_signal: Terminating StepId=32132830.0
----------------------------------
id: 32132769
cpu per task 2
nodelist sh03-01n10
cluster name: sherlock
node list: sh03-01n10
node list: sh03-01n10
