hardware_concurrency32
Lmin:3;Lmax:17
Pmin:0;Pmax:0.025;nP10
Plmin:1;Plmax:1;nPl1
n:100seed:0;thread1

3,0,1,100
3,0.00277778,1,100
3,0.00555556,1,100
3,0.00833333,1,99
3,0.0111111,1,98
3,0.0138889,1,99
3,0.0166667,1,88
3,0.0194444,1,86
3,0.0222222,1,83
3,0.025,1,65

5,0,1,100
5,0.00277778,1,100
5,0.00555556,1,100
5,0.00833333,1,100
5,0.0111111,1,100
5,0.0138889,1,100
5,0.0166667,1,98
5,0.0194444,1,90
5,0.0222222,1,76
5,0.025,1,59

7,0,1,100
7,0.00277778,1,100
7,0.00555556,1,100
7,0.00833333,1,100
7,0.0111111,1,100
7,0.0138889,1,96
7,0.0166667,1,94
7,0.0194444,1,87
7,0.0222222,1,61
7,0.025,1,53

9,0,1,100
9,0.00277778,1,100
9,0.00555556,1,100
9,0.00833333,1,100
9,0.0111111,1,100
9,0.0138889,1,99
9,0.0166667,1,98
9,0.0194444,1,75
9,0.0222222,1,57
9,0.025,1,60

11,0,1,100
11,0.00277778,1,100
11,0.00555556,1,100
11,0.00833333,1,100
11,0.0111111,1,100
11,0.0138889,1,100
11,0.0166667,1,98
11,0.0194444,1,82
11,0.0222222,1,52
11,0.025,1,46

13,0,1,100
13,0.00277778,1,100
13,0.00555556,1,100
13,0.00833333,1,100
13,0.0111111,1,100
13,0.0138889,1,100
13,0.0166667,1,99
13,0.0194444,1,73
13,0.0222222,1,49
13,0.025,1,50

15,0,1,100
15,0.00277778,1,100
15,0.00555556,1,100
15,0.00833333,1,100
15,0.0111111,1,100
15,0.0138889,1,100
15,0.0166667,1,97
15,0.0194444,1,81
15,0.0222222,1,45
15,0.025,1,45

17,0,1,100
17,0.00277778,1,100
17,0.00555556,1,100
17,0.00833333,1,100
17,0.0111111,1,100
17,0.0138889,1,100
17,0.0166667,1,100
17,0.0194444,1,76
17,0.0222222,1,56
17,0.025,1,53
total CPU time:139.27;total time:139330ms
srun: error: sh03-01n01: task 0: Exited with exit code 53
srun: launch/slurm: _step_signal: Terminating StepId=32133878.0
----------------------------------
id: 32133662
cpu per task 2
nodelist sh03-01n01
cluster name: sherlock
node list: sh03-01n01
node list: sh03-01n01
