hardware_concurrency32
Lmin:3;Lmax:17
Pmin:0;Pmax:0.025;nP10
Plmin:1;Plmax:1;nPl1
n:100seed:0;thread1

3,0,1,100
3,0.00277778,1,100
3,0.00555556,1,100
3,0.00833333,1,100
3,0.0111111,1,99
3,0.0138889,1,96
3,0.0166667,1,95
3,0.0194444,1,92
3,0.0222222,1,75
3,0.025,1,68

5,0,1,100
5,0.00277778,1,100
5,0.00555556,1,100
5,0.00833333,1,99
5,0.0111111,1,100
5,0.0138889,1,99
5,0.0166667,1,95
5,0.0194444,1,81
5,0.0222222,1,75
5,0.025,1,52

7,0,1,100
7,0.00277778,1,100
7,0.00555556,1,100
7,0.00833333,1,100
7,0.0111111,1,100
7,0.0138889,1,100
7,0.0166667,1,95
7,0.0194444,1,74
7,0.0222222,1,62
7,0.025,1,49

9,0,1,100
9,0.00277778,1,100
9,0.00555556,1,100
9,0.00833333,1,100
9,0.0111111,1,100
9,0.0138889,1,100
9,0.0166667,1,97
9,0.0194444,1,83
9,0.0222222,1,52
9,0.025,1,44

11,0,1,100
11,0.00277778,1,100
11,0.00555556,1,100
11,0.00833333,1,100
11,0.0111111,1,100
11,0.0138889,1,99
11,0.0166667,1,98
11,0.0194444,1,81
11,0.0222222,1,48
11,0.025,1,52

13,0,1,100
13,0.00277778,1,100
13,0.00555556,1,100
13,0.00833333,1,100
13,0.0111111,1,100
13,0.0138889,1,100
13,0.0166667,1,99
13,0.0194444,1,78
13,0.0222222,1,67
13,0.025,1,45

15,0,1,100
15,0.00277778,1,100
15,0.00555556,1,100
15,0.00833333,1,100
15,0.0111111,1,100
15,0.0138889,1,99
15,0.0166667,1,98
15,0.0194444,1,64
15,0.0222222,1,52
15,0.025,1,50

17,0,1,100
17,0.00277778,1,100
17,0.00555556,1,100
17,0.00833333,1,100
17,0.0111111,1,100
17,0.0138889,1,100
17,0.0166667,1,97
17,0.0194444,1,64
17,0.0222222,1,43
17,0.025,1,47
total CPU time:137.43;total time:137450ms
srun: error: sh03-01n58: task 0: Exited with exit code 47
srun: launch/slurm: _step_signal: Terminating StepId=32133915.0
----------------------------------
id: 32133662
cpu per task 2
nodelist sh03-01n58
cluster name: sherlock
node list: sh03-01n58
node list: sh03-01n58
