hardware_concurrency32
Lmin:3;Lmax:17
Pmin:0;Pmax:0.025;nP10
Plmin:1;Plmax:1;nPl1
n:100seed:0;thread1

3,0,1,100
3,0.00277778,1,100
3,0.00555556,1,100
3,0.00833333,1,100
3,0.0111111,1,99
3,0.0138889,1,97
3,0.0166667,1,94
3,0.0194444,1,86
3,0.0222222,1,81
3,0.025,1,74

5,0,1,100
5,0.00277778,1,100
5,0.00555556,1,100
5,0.00833333,1,100
5,0.0111111,1,100
5,0.0138889,1,100
5,0.0166667,1,95
5,0.0194444,1,84
5,0.0222222,1,68
5,0.025,1,59

7,0,1,100
7,0.00277778,1,100
7,0.00555556,1,100
7,0.00833333,1,100
7,0.0111111,1,100
7,0.0138889,1,100
7,0.0166667,1,90
7,0.0194444,1,84
7,0.0222222,1,70
7,0.025,1,53

9,0,1,100
9,0.00277778,1,100
9,0.00555556,1,100
9,0.00833333,1,100
9,0.0111111,1,100
9,0.0138889,1,100
9,0.0166667,1,95
9,0.0194444,1,77
9,0.0222222,1,57
9,0.025,1,48

11,0,1,100
11,0.00277778,1,100
11,0.00555556,1,100
11,0.00833333,1,100
11,0.0111111,1,100
11,0.0138889,1,100
11,0.0166667,1,96
11,0.0194444,1,81
11,0.0222222,1,45
11,0.025,1,50

13,0,1,100
13,0.00277778,1,100
13,0.00555556,1,100
13,0.00833333,1,100
13,0.0111111,1,100
13,0.0138889,1,100
13,0.0166667,1,99
13,0.0194444,1,78
13,0.0222222,1,55
13,0.025,1,55

15,0,1,100
15,0.00277778,1,100
15,0.00555556,1,100
15,0.00833333,1,100
15,0.0111111,1,100
15,0.0138889,1,100
15,0.0166667,1,99
15,0.0194444,1,74
15,0.0222222,1,48
15,0.025,1,44

17,0,1,100
17,0.00277778,1,100
17,0.00555556,1,100
17,0.00833333,1,100
17,0.0111111,1,100
17,0.0138889,1,100
17,0.0166667,1,100
17,0.0194444,1,70
17,0.0222222,1,52
17,0.025,1,54
total CPU time:135.36;total time:135378ms
srun: error: sh03-01n30: task 0: Exited with exit code 54
srun: launch/slurm: _step_signal: Terminating StepId=32133906.0
----------------------------------
id: 32133662
cpu per task 2
nodelist sh03-01n30
cluster name: sherlock
node list: sh03-01n30
node list: sh03-01n30
