hardware_concurrency32
Lmin:3;Lmax:17
Pmin:0;Pmax:0.025;nP10
Plmin:1;Plmax:1;nPl1
n:100seed:0;thread1

3,0,1,100
3,0.00277778,1,100
3,0.00555556,1,100
3,0.00833333,1,100
3,0.0111111,1,100
3,0.0138889,1,92
3,0.0166667,1,95
3,0.0194444,1,91
3,0.0222222,1,85
3,0.025,1,77

5,0,1,100
5,0.00277778,1,100
5,0.00555556,1,100
5,0.00833333,1,100
5,0.0111111,1,99
5,0.0138889,1,98
5,0.0166667,1,91
5,0.0194444,1,82
5,0.0222222,1,74
5,0.025,1,58

7,0,1,100
7,0.00277778,1,100
7,0.00555556,1,100
7,0.00833333,1,100
7,0.0111111,1,100
7,0.0138889,1,100
7,0.0166667,1,98
7,0.0194444,1,81
7,0.0222222,1,60
7,0.025,1,61

9,0,1,100
9,0.00277778,1,100
9,0.00555556,1,100
9,0.00833333,1,100
9,0.0111111,1,100
9,0.0138889,1,99
9,0.0166667,1,95
9,0.0194444,1,84
9,0.0222222,1,58
9,0.025,1,59

11,0,1,100
11,0.00277778,1,100
11,0.00555556,1,100
11,0.00833333,1,100
11,0.0111111,1,100
11,0.0138889,1,100
11,0.0166667,1,97
11,0.0194444,1,81
11,0.0222222,1,53
11,0.025,1,53

13,0,1,100
13,0.00277778,1,100
13,0.00555556,1,100
13,0.00833333,1,100
13,0.0111111,1,100
13,0.0138889,1,100
13,0.0166667,1,99
13,0.0194444,1,69
13,0.0222222,1,60
13,0.025,1,60

15,0,1,100
15,0.00277778,1,100
15,0.00555556,1,100
15,0.00833333,1,100
15,0.0111111,1,100
15,0.0138889,1,100
15,0.0166667,1,97
15,0.0194444,1,78
15,0.0222222,1,50
15,0.025,1,52

17,0,1,100
17,0.00277778,1,100
17,0.00555556,1,100
17,0.00833333,1,100
17,0.0111111,1,100
17,0.0138889,1,100
17,0.0166667,1,99
17,0.0194444,1,72
17,0.0222222,1,56
17,0.025,1,48
total CPU time:128.02;total time:128026ms
srun: error: sh03-01n25: task 0: Exited with exit code 48
srun: launch/slurm: _step_signal: Terminating StepId=32133897.0
----------------------------------
id: 32133662
cpu per task 2
nodelist sh03-01n25
cluster name: sherlock
node list: sh03-01n25
node list: sh03-01n25
