hardware_concurrency32
Lmin:3;Lmax:17
Pmin:0;Pmax:0.01;nP10
Plmin:1;Plmax:1;nPl1
n:100seed:0;thread1

3,0,1,100
3,0.00111111,1,100
3,0.00222222,1,100
3,0.00333333,1,100
3,0.00444444,1,98
3,0.00555556,1,94
3,0.00666667,1,89
3,0.00777778,1,74
3,0.00888889,1,67
3,0.01,1,66

5,0,1,100
5,0.00111111,1,100
5,0.00222222,1,100
5,0.00333333,1,100
5,0.00444444,1,100
5,0.00555556,1,98
5,0.00666667,1,83
5,0.00777778,1,70
5,0.00888889,1,56
5,0.01,1,50

7,0,1,100
7,0.00111111,1,100
7,0.00222222,1,100
7,0.00333333,1,100
7,0.00444444,1,100
7,0.00555556,1,98
7,0.00666667,1,87
7,0.00777778,1,71
7,0.00888889,1,48
7,0.01,1,48

9,0,1,100
9,0.00111111,1,100
9,0.00222222,1,100
9,0.00333333,1,100
9,0.00444444,1,100
9,0.00555556,1,98
9,0.00666667,1,90
9,0.00777778,1,52
9,0.00888889,1,54
9,0.01,1,42

11,0,1,100
11,0.00111111,1,100
11,0.00222222,1,100
11,0.00333333,1,100
11,0.00444444,1,100
11,0.00555556,1,99
11,0.00666667,1,84
11,0.00777778,1,59
11,0.00888889,1,52
11,0.01,1,43

13,0,1,100
13,0.00111111,1,100
13,0.00222222,1,100
13,0.00333333,1,100
13,0.00444444,1,100
13,0.00555556,1,99
13,0.00666667,1,84
13,0.00777778,1,49
13,0.00888889,1,48
13,0.01,1,46

15,0,1,100
15,0.00111111,1,100
15,0.00222222,1,100
15,0.00333333,1,100
15,0.00444444,1,100
15,0.00555556,1,100
15,0.00666667,1,85
15,0.00777778,1,47
15,0.00888889,1,51
15,0.01,1,58

17,0,1,100
17,0.00111111,1,100
17,0.00222222,1,100
17,0.00333333,1,100
17,0.00444444,1,100
17,0.00555556,1,100
17,0.00666667,1,84
17,0.00777778,1,47
17,0.00888889,1,56
17,0.01,1,54
total CPU time:249.55;total time:249552ms
srun: error: sh03-01n11: task 0: Exited with exit code 54
srun: launch/slurm: _step_signal: Terminating StepId=32132928.0
----------------------------------
id: 32132782
cpu per task 2
nodelist sh03-01n11
cluster name: sherlock
node list: sh03-01n11
node list: sh03-01n11
