hardware_concurrency32
Lmin:3;Lmax:17
Pmin:0;Pmax:0.025;nP10
Plmin:1;Plmax:1;nPl1
n:100seed:0;thread1

3,0,1,100
3,0.00277778,1,100
3,0.00555556,1,100
3,0.00833333,1,100
3,0.0111111,1,100
3,0.0138889,1,96
3,0.0166667,1,93
3,0.0194444,1,90
3,0.0222222,1,78
3,0.025,1,72

5,0,1,100
5,0.00277778,1,100
5,0.00555556,1,100
5,0.00833333,1,100
5,0.0111111,1,100
5,0.0138889,1,100
5,0.0166667,1,97
5,0.0194444,1,83
5,0.0222222,1,69
5,0.025,1,60

7,0,1,100
7,0.00277778,1,100
7,0.00555556,1,100
7,0.00833333,1,100
7,0.0111111,1,100
7,0.0138889,1,100
7,0.0166667,1,92
7,0.0194444,1,82
7,0.0222222,1,61
7,0.025,1,48

9,0,1,100
9,0.00277778,1,100
9,0.00555556,1,100
9,0.00833333,1,100
9,0.0111111,1,100
9,0.0138889,1,100
9,0.0166667,1,96
9,0.0194444,1,76
9,0.0222222,1,63
9,0.025,1,52

11,0,1,100
11,0.00277778,1,100
11,0.00555556,1,100
11,0.00833333,1,100
11,0.0111111,1,100
11,0.0138889,1,100
11,0.0166667,1,97
11,0.0194444,1,72
11,0.0222222,1,56
11,0.025,1,51

13,0,1,100
13,0.00277778,1,100
13,0.00555556,1,100
13,0.00833333,1,100
13,0.0111111,1,100
13,0.0138889,1,100
13,0.0166667,1,99
13,0.0194444,1,76
13,0.0222222,1,53
13,0.025,1,55

15,0,1,100
15,0.00277778,1,100
15,0.00555556,1,100
15,0.00833333,1,100
15,0.0111111,1,100
15,0.0138889,1,100
15,0.0166667,1,97
15,0.0194444,1,71
15,0.0222222,1,45
15,0.025,1,48

17,0,1,100
17,0.00277778,1,100
17,0.00555556,1,100
17,0.00833333,1,100
17,0.0111111,1,100
17,0.0138889,1,100
17,0.0166667,1,98
17,0.0194444,1,75
17,0.0222222,1,37
17,0.025,1,46
total CPU time:144.63;total time:144648ms
srun: error: sh03-01n13: task 0: Exited with exit code 46
srun: launch/slurm: _step_signal: Terminating StepId=32133861.0
----------------------------------
id: 32133662
cpu per task 2
nodelist sh03-01n13
cluster name: sherlock
node list: sh03-01n13
node list: sh03-01n13
