hardware_concurrency32
Lmin:3;Lmax:17
Pmin:0;Pmax:0.01;nP10
Plmin:1;Plmax:1;nPl1
n:100seed:0;thread1

3,0,1,100
3,0.00111111,1,100
3,0.00222222,1,100
3,0.00333333,1,100
3,0.00444444,1,99
3,0.00555556,1,99
3,0.00666667,1,90
3,0.00777778,1,82
3,0.00888889,1,83
3,0.01,1,67

5,0,1,100
5,0.00111111,1,100
5,0.00222222,1,100
5,0.00333333,1,100
5,0.00444444,1,100
5,0.00555556,1,99
5,0.00666667,1,92
5,0.00777778,1,83
5,0.00888889,1,84
5,0.01,1,71

7,0,1,100
7,0.00111111,1,100
7,0.00222222,1,100
7,0.00333333,1,100
7,0.00444444,1,99
7,0.00555556,1,96
7,0.00666667,1,93
7,0.00777778,1,81
7,0.00888889,1,52
7,0.01,1,60

9,0,1,100
9,0.00111111,1,100
9,0.00222222,1,100
9,0.00333333,1,99
9,0.00444444,1,100
9,0.00555556,1,99
9,0.00666667,1,87
9,0.00777778,1,77
9,0.00888889,1,53
9,0.01,1,57

11,0,1,100
11,0.00111111,1,100
11,0.00222222,1,100
11,0.00333333,1,100
11,0.00444444,1,100
11,0.00555556,1,100
11,0.00666667,1,98
11,0.00777778,1,77
11,0.00888889,1,53
11,0.01,1,51

13,0,1,100
13,0.00111111,1,100
13,0.00222222,1,100
13,0.00333333,1,100
13,0.00444444,1,100
13,0.00555556,1,100
13,0.00666667,1,96
13,0.00777778,1,64
13,0.00888889,1,51
13,0.01,1,51

15,0,1,100
15,0.00111111,1,100
15,0.00222222,1,100
15,0.00333333,1,100
15,0.00444444,1,100
15,0.00555556,1,100
15,0.00666667,1,96
15,0.00777778,1,70
15,0.00888889,1,59
15,0.01,1,55

17,0,1,100
17,0.00111111,1,100
17,0.00222222,1,100
17,0.00333333,1,100
17,0.00444444,1,100
17,0.00555556,1,100
17,0.00666667,1,96
17,0.00777778,1,71
17,0.00888889,1,54
17,0.01,1,48
total CPU time:133.26;total time:133284ms
srun: error: sh03-01n06: task 0: Exited with exit code 48
srun: launch/slurm: _step_signal: Terminating StepId=32132898.0
----------------------------------
id: 32132769
cpu per task 2
nodelist sh03-01n06
cluster name: sherlock
node list: sh03-01n06
node list: sh03-01n06
