hardware_concurrency32
Lmin:3;Lmax:17
Pmin:0;Pmax:0.025;nP10
Plmin:1;Plmax:1;nPl1
n:100seed:0;thread1

3,0,1,100
3,0.00277778,1,100
3,0.00555556,1,100
3,0.00833333,1,96
3,0.0111111,1,89
3,0.0138889,1,84
3,0.0166667,1,80
3,0.0194444,1,70
3,0.0222222,1,62
3,0.025,1,64

5,0,1,100
5,0.00277778,1,100
5,0.00555556,1,100
5,0.00833333,1,100
5,0.0111111,1,96
5,0.0138889,1,75
5,0.0166667,1,70
5,0.0194444,1,62
5,0.0222222,1,52
5,0.025,1,44

7,0,1,100
7,0.00277778,1,100
7,0.00555556,1,100
7,0.00833333,1,99
7,0.0111111,1,96
7,0.0138889,1,79
7,0.0166667,1,56
7,0.0194444,1,49
7,0.0222222,1,46
7,0.025,1,48

9,0,1,100
9,0.00277778,1,100
9,0.00555556,1,100
9,0.00833333,1,99
9,0.0111111,1,92
9,0.0138889,1,74
9,0.0166667,1,46
9,0.0194444,1,52
9,0.0222222,1,47
9,0.025,1,50

11,0,1,100
11,0.00277778,1,100
11,0.00555556,1,100
11,0.00833333,1,100
11,0.0111111,1,91
11,0.0138889,1,77
11,0.0166667,1,53
11,0.0194444,1,49
11,0.0222222,1,47
11,0.025,1,64

13,0,1,100
13,0.00277778,1,100
13,0.00555556,1,100
13,0.00833333,1,100
13,0.0111111,1,94
13,0.0138889,1,58
13,0.0166667,1,53
13,0.0194444,1,58
13,0.0222222,1,55
13,0.025,1,54

15,0,1,100
15,0.00277778,1,100
15,0.00555556,1,100
15,0.00833333,1,100
15,0.0111111,1,92
15,0.0138889,1,60
15,0.0166667,1,47
15,0.0194444,1,55
15,0.0222222,1,46
15,0.025,1,50

17,0,1,100
17,0.00277778,1,100
17,0.00555556,1,100
17,0.00833333,1,100
17,0.0111111,1,97
17,0.0138889,1,63
17,0.0166667,1,50
17,0.0194444,1,56
17,0.0222222,1,53
17,0.025,1,43
total CPU time:225.55;total time:225584ms
srun: error: sh03-01n12: task 0: Exited with exit code 43
srun: launch/slurm: _step_signal: Terminating StepId=32133709.0
----------------------------------
id: 32133661
cpu per task 2
nodelist sh03-01n12
cluster name: sherlock
node list: sh03-01n12
node list: sh03-01n12
