hardware_concurrency32
Lmin:3;Lmax:17
Pmin:0;Pmax:0.01;nP10
Plmin:1;Plmax:1;nPl1
n:100seed:0;thread1

3,0,1,100
3,0.00111111,1,100
3,0.00222222,1,99
3,0.00333333,1,100
3,0.00444444,1,97
3,0.00555556,1,98
3,0.00666667,1,90
3,0.00777778,1,90
3,0.00888889,1,83
3,0.01,1,79

5,0,1,100
5,0.00111111,1,100
5,0.00222222,1,100
5,0.00333333,1,100
5,0.00444444,1,99
5,0.00555556,1,98
5,0.00666667,1,94
5,0.00777778,1,81
5,0.00888889,1,82
5,0.01,1,71

7,0,1,100
7,0.00111111,1,100
7,0.00222222,1,100
7,0.00333333,1,100
7,0.00444444,1,99
7,0.00555556,1,97
7,0.00666667,1,88
7,0.00777778,1,90
7,0.00888889,1,79
7,0.01,1,64

9,0,1,100
9,0.00111111,1,100
9,0.00222222,1,100
9,0.00333333,1,100
9,0.00444444,1,100
9,0.00555556,1,97
9,0.00666667,1,97
9,0.00777778,1,86
9,0.00888889,1,63
9,0.01,1,54

11,0,1,100
11,0.00111111,1,100
11,0.00222222,1,100
11,0.00333333,1,100
11,0.00444444,1,100
11,0.00555556,1,100
11,0.00666667,1,97
11,0.00777778,1,87
11,0.00888889,1,63
11,0.01,1,47

13,0,1,100
13,0.00111111,1,100
13,0.00222222,1,100
13,0.00333333,1,100
13,0.00444444,1,100
13,0.00555556,1,99
13,0.00666667,1,94
13,0.00777778,1,87
13,0.00888889,1,62
13,0.01,1,60

15,0,1,100
15,0.00111111,1,100
15,0.00222222,1,100
15,0.00333333,1,100
15,0.00444444,1,100
15,0.00555556,1,100
15,0.00666667,1,99
15,0.00777778,1,74
15,0.00888889,1,52
15,0.01,1,42

17,0,1,100
17,0.00111111,1,100
17,0.00222222,1,100
17,0.00333333,1,100
17,0.00444444,1,100
17,0.00555556,1,99
17,0.00666667,1,99
17,0.00777778,1,81
17,0.00888889,1,51
17,0.01,1,48
total CPU time:64.19;total time:64197ms
srun: error: sh03-01n12: task 0: Exited with exit code 48
srun: launch/slurm: _step_signal: Terminating StepId=32133046.0
----------------------------------
id: 32132879
cpu per task 2
nodelist sh03-01n12
cluster name: sherlock
node list: sh03-01n12
node list: sh03-01n12
