hardware_concurrency32
Lmin:3;Lmax:17
Pmin:0;Pmax:0.01;nP10
Plmin:1;Plmax:1;nPl1
n:100seed:0;thread1

3,0,1,100
3,0.00111111,1,100
3,0.00222222,1,100
3,0.00333333,1,99
3,0.00444444,1,99
3,0.00555556,1,93
3,0.00666667,1,92
3,0.00777778,1,84
3,0.00888889,1,73
3,0.01,1,60

5,0,1,100
5,0.00111111,1,100
5,0.00222222,1,100
5,0.00333333,1,100
5,0.00444444,1,100
5,0.00555556,1,97
5,0.00666667,1,80
5,0.00777778,1,77
5,0.00888889,1,61
5,0.01,1,63

7,0,1,100
7,0.00111111,1,100
7,0.00222222,1,100
7,0.00333333,1,100
7,0.00444444,1,100
7,0.00555556,1,96
7,0.00666667,1,85
7,0.00777778,1,68
7,0.00888889,1,50
7,0.01,1,49

9,0,1,100
9,0.00111111,1,100
9,0.00222222,1,100
9,0.00333333,1,100
9,0.00444444,1,100
9,0.00555556,1,99
9,0.00666667,1,86
9,0.00777778,1,64
9,0.00888889,1,41
9,0.01,1,46

11,0,1,100
11,0.00111111,1,100
11,0.00222222,1,100
11,0.00333333,1,100
11,0.00444444,1,100
11,0.00555556,1,100
11,0.00666667,1,78
11,0.00777778,1,58
11,0.00888889,1,48
11,0.01,1,47

13,0,1,100
13,0.00111111,1,100
13,0.00222222,1,100
13,0.00333333,1,100
13,0.00444444,1,100
13,0.00555556,1,100
13,0.00666667,1,80
13,0.00777778,1,63
13,0.00888889,1,55
13,0.01,1,59

15,0,1,100
15,0.00111111,1,100
15,0.00222222,1,100
15,0.00333333,1,100
15,0.00444444,1,100
15,0.00555556,1,100
15,0.00666667,1,83
15,0.00777778,1,48
15,0.00888889,1,51
15,0.01,1,58

17,0,1,100
17,0.00111111,1,100
17,0.00222222,1,100
17,0.00333333,1,100
17,0.00444444,1,100
17,0.00555556,1,100
17,0.00666667,1,83
17,0.00777778,1,39
17,0.00888889,1,55
17,0.01,1,49
total CPU time:267.9;total time:267927ms
srun: error: sh03-01n57: task 0: Exited with exit code 49
srun: launch/slurm: _step_signal: Terminating StepId=32132951.0
----------------------------------
id: 32132782
cpu per task 2
nodelist sh03-01n57
cluster name: sherlock
node list: sh03-01n57
node list: sh03-01n57
