hardware_concurrency32
Lmin:3;Lmax:17
Pmin:0;Pmax:0.01;nP10
Plmin:1;Plmax:1;nPl1
n:100seed:0;thread1

3,0,1,100
3,0.00111111,1,100
3,0.00222222,1,99
3,0.00333333,1,99
3,0.00444444,1,96
3,0.00555556,1,100
3,0.00666667,1,90
3,0.00777778,1,84
3,0.00888889,1,82
3,0.01,1,76

5,0,1,100
5,0.00111111,1,100
5,0.00222222,1,100
5,0.00333333,1,100
5,0.00444444,1,99
5,0.00555556,1,99
5,0.00666667,1,94
5,0.00777778,1,86
5,0.00888889,1,82
5,0.01,1,70

7,0,1,100
7,0.00111111,1,100
7,0.00222222,1,100
7,0.00333333,1,100
7,0.00444444,1,100
7,0.00555556,1,99
7,0.00666667,1,94
7,0.00777778,1,87
7,0.00888889,1,67
7,0.01,1,66

9,0,1,100
9,0.00111111,1,100
9,0.00222222,1,100
9,0.00333333,1,100
9,0.00444444,1,100
9,0.00555556,1,99
9,0.00666667,1,95
9,0.00777778,1,86
9,0.00888889,1,62
9,0.01,1,64

11,0,1,100
11,0.00111111,1,100
11,0.00222222,1,100
11,0.00333333,1,100
11,0.00444444,1,100
11,0.00555556,1,99
11,0.00666667,1,91
11,0.00777778,1,87
11,0.00888889,1,64
11,0.01,1,59

13,0,1,100
13,0.00111111,1,100
13,0.00222222,1,100
13,0.00333333,1,100
13,0.00444444,1,100
13,0.00555556,1,100
13,0.00666667,1,92
13,0.00777778,1,85
13,0.00888889,1,56
13,0.01,1,53

15,0,1,100
15,0.00111111,1,100
15,0.00222222,1,100
15,0.00333333,1,100
15,0.00444444,1,100
15,0.00555556,1,100
15,0.00666667,1,94
15,0.00777778,1,83
15,0.00888889,1,53
15,0.01,1,61

17,0,1,100
17,0.00111111,1,100
17,0.00222222,1,100
17,0.00333333,1,100
17,0.00444444,1,100
17,0.00555556,1,100
17,0.00666667,1,98
17,0.00777778,1,78
17,0.00888889,1,52
17,0.01,1,39
total CPU time:66.95;total time:66963.3ms
srun: error: sh03-01n36: task 0: Exited with exit code 39
srun: launch/slurm: _step_signal: Terminating StepId=32133127.0
----------------------------------
id: 32132879
cpu per task 2
nodelist sh03-01n36
cluster name: sherlock
node list: sh03-01n36
node list: sh03-01n36
