hardware_concurrency32
Lmin:3;Lmax:17
Pmin:0;Pmax:0.01;nP10
Plmin:1;Plmax:1;nPl1
n:100seed:0;thread1

3,0,1,100
3,0.00111111,1,100
3,0.00222222,1,100
3,0.00333333,1,99
3,0.00444444,1,99
3,0.00555556,1,94
3,0.00666667,1,88
3,0.00777778,1,91
3,0.00888889,1,84
3,0.01,1,76

5,0,1,100
5,0.00111111,1,100
5,0.00222222,1,100
5,0.00333333,1,100
5,0.00444444,1,98
5,0.00555556,1,97
5,0.00666667,1,97
5,0.00777778,1,81
5,0.00888889,1,83
5,0.01,1,69

7,0,1,100
7,0.00111111,1,100
7,0.00222222,1,100
7,0.00333333,1,100
7,0.00444444,1,99
7,0.00555556,1,99
7,0.00666667,1,96
7,0.00777778,1,88
7,0.00888889,1,76
7,0.01,1,56

9,0,1,100
9,0.00111111,1,100
9,0.00222222,1,100
9,0.00333333,1,100
9,0.00444444,1,100
9,0.00555556,1,99
9,0.00666667,1,95
9,0.00777778,1,86
9,0.00888889,1,71
9,0.01,1,41

11,0,1,100
11,0.00111111,1,100
11,0.00222222,1,100
11,0.00333333,1,100
11,0.00444444,1,100
11,0.00555556,1,99
11,0.00666667,1,97
11,0.00777778,1,88
11,0.00888889,1,72
11,0.01,1,60

13,0,1,100
13,0.00111111,1,100
13,0.00222222,1,100
13,0.00333333,1,100
13,0.00444444,1,100
13,0.00555556,1,100
13,0.00666667,1,96
13,0.00777778,1,76
13,0.00888889,1,60
13,0.01,1,51

15,0,1,100
15,0.00111111,1,100
15,0.00222222,1,100
15,0.00333333,1,100
15,0.00444444,1,100
15,0.00555556,1,100
15,0.00666667,1,97
15,0.00777778,1,84
15,0.00888889,1,51
15,0.01,1,52

17,0,1,100
17,0.00111111,1,100
17,0.00222222,1,100
17,0.00333333,1,100
17,0.00444444,1,100
17,0.00555556,1,100
17,0.00666667,1,98
17,0.00777778,1,84
17,0.00888889,1,53
17,0.01,1,51
total CPU time:65.02;total time:65037.6ms
srun: error: sh03-01n09: task 0: Exited with exit code 51
srun: launch/slurm: _step_signal: Terminating StepId=32133087.0
----------------------------------
id: 32132879
cpu per task 2
nodelist sh03-01n09
cluster name: sherlock
node list: sh03-01n09
node list: sh03-01n09
