hardware_concurrency32
Lmin:3;Lmax:17
Pmin:0;Pmax:0.01;nP10
Plmin:1;Plmax:1;nPl1
n:100seed:0;thread1

3,0,1,100
3,0.00111111,1,100
3,0.00222222,1,100
3,0.00333333,1,99
3,0.00444444,1,96
3,0.00555556,1,97
3,0.00666667,1,95
3,0.00777778,1,82
3,0.00888889,1,87
3,0.01,1,82

5,0,1,100
5,0.00111111,1,100
5,0.00222222,1,100
5,0.00333333,1,100
5,0.00444444,1,99
5,0.00555556,1,98
5,0.00666667,1,90
5,0.00777778,1,86
5,0.00888889,1,78
5,0.01,1,74

7,0,1,100
7,0.00111111,1,100
7,0.00222222,1,100
7,0.00333333,1,100
7,0.00444444,1,100
7,0.00555556,1,100
7,0.00666667,1,96
7,0.00777778,1,82
7,0.00888889,1,80
7,0.01,1,60

9,0,1,100
9,0.00111111,1,100
9,0.00222222,1,100
9,0.00333333,1,100
9,0.00444444,1,100
9,0.00555556,1,100
9,0.00666667,1,95
9,0.00777778,1,87
9,0.00888889,1,64
9,0.01,1,65

11,0,1,100
11,0.00111111,1,100
11,0.00222222,1,100
11,0.00333333,1,100
11,0.00444444,1,100
11,0.00555556,1,98
11,0.00666667,1,92
11,0.00777778,1,84
11,0.00888889,1,61
11,0.01,1,48

13,0,1,100
13,0.00111111,1,100
13,0.00222222,1,100
13,0.00333333,1,100
13,0.00444444,1,100
13,0.00555556,1,100
13,0.00666667,1,95
13,0.00777778,1,86
13,0.00888889,1,59
13,0.01,1,52

15,0,1,100
15,0.00111111,1,100
15,0.00222222,1,100
15,0.00333333,1,100
15,0.00444444,1,100
15,0.00555556,1,100
15,0.00666667,1,99
15,0.00777778,1,82
15,0.00888889,1,67
15,0.01,1,41

17,0,1,100
17,0.00111111,1,100
17,0.00222222,1,100
17,0.00333333,1,100
17,0.00444444,1,100
17,0.00555556,1,100
17,0.00666667,1,97
17,0.00777778,1,79
17,0.00888889,1,53
17,0.01,1,55
total CPU time:74.42;total time:74436.5ms
srun: error: sh03-01n55: task 0: Exited with exit code 55
srun: launch/slurm: _step_signal: Terminating StepId=32133044.0
----------------------------------
id: 32132879
cpu per task 2
nodelist sh03-01n55
cluster name: sherlock
node list: sh03-01n55
node list: sh03-01n55
