hardware_concurrency32
Lmin:3;Lmax:17
Pmin:0;Pmax:0.01;nP10
Plmin:1;Plmax:1;nPl1
n:100seed:0;thread1

3,0,1,100
3,0.00111111,1,100
3,0.00222222,1,100
3,0.00333333,1,100
3,0.00444444,1,99
3,0.00555556,1,94
3,0.00666667,1,92
3,0.00777778,1,85
3,0.00888889,1,84
3,0.01,1,69

5,0,1,100
5,0.00111111,1,100
5,0.00222222,1,100
5,0.00333333,1,100
5,0.00444444,1,100
5,0.00555556,1,98
5,0.00666667,1,89
5,0.00777778,1,83
5,0.00888889,1,75
5,0.01,1,70

7,0,1,100
7,0.00111111,1,100
7,0.00222222,1,100
7,0.00333333,1,100
7,0.00444444,1,100
7,0.00555556,1,99
7,0.00666667,1,92
7,0.00777778,1,79
7,0.00888889,1,65
7,0.01,1,57

9,0,1,100
9,0.00111111,1,100
9,0.00222222,1,100
9,0.00333333,1,100
9,0.00444444,1,100
9,0.00555556,1,99
9,0.00666667,1,94
9,0.00777778,1,74
9,0.00888889,1,52
9,0.01,1,48

11,0,1,100
11,0.00111111,1,100
11,0.00222222,1,100
11,0.00333333,1,100
11,0.00444444,1,100
11,0.00555556,1,100
11,0.00666667,1,97
11,0.00777778,1,86
11,0.00888889,1,55
11,0.01,1,48

13,0,1,100
13,0.00111111,1,100
13,0.00222222,1,100
13,0.00333333,1,100
13,0.00444444,1,100
13,0.00555556,1,99
13,0.00666667,1,94
13,0.00777778,1,67
13,0.00888889,1,56
13,0.01,1,53

15,0,1,100
15,0.00111111,1,100
15,0.00222222,1,100
15,0.00333333,1,100
15,0.00444444,1,100
15,0.00555556,1,100
15,0.00666667,1,97
15,0.00777778,1,73
15,0.00888889,1,51
15,0.01,1,55

17,0,1,100
17,0.00111111,1,100
17,0.00222222,1,100
17,0.00333333,1,100
17,0.00444444,1,100
17,0.00555556,1,100
17,0.00666667,1,96
17,0.00777778,1,66
17,0.00888889,1,43
17,0.01,1,50
total CPU time:132.59;total time:132617ms
srun: error: sh03-01n12: task 0: Exited with exit code 50
srun: launch/slurm: _step_signal: Terminating StepId=32132857.0
----------------------------------
id: 32132769
cpu per task 2
nodelist sh03-01n12
cluster name: sherlock
node list: sh03-01n12
node list: sh03-01n12
