hardware_concurrency32
Lmin:3;Lmax:17
Pmin:0;Pmax:0.025;nP10
Plmin:1;Plmax:1;nPl1
n:100seed:0;thread1

3,0,1,100
3,0.00277778,1,100
3,0.00555556,1,100
3,0.00833333,1,100
3,0.0111111,1,100
3,0.0138889,1,100
3,0.0166667,1,97
3,0.0194444,1,93
3,0.0222222,1,97
3,0.025,1,98

5,0,1,100
5,0.00277778,1,100
5,0.00555556,1,100
5,0.00833333,1,100
5,0.0111111,1,100
5,0.0138889,1,100
5,0.0166667,1,97
5,0.0194444,1,100
5,0.0222222,1,98
5,0.025,1,93

7,0,1,100
7,0.00277778,1,100
7,0.00555556,1,100
7,0.00833333,1,100
7,0.0111111,1,100
7,0.0138889,1,100
7,0.0166667,1,99
7,0.0194444,1,99
7,0.0222222,1,98
7,0.025,1,94

9,0,1,100
9,0.00277778,1,100
9,0.00555556,1,100
9,0.00833333,1,100
9,0.0111111,1,100
9,0.0138889,1,100
9,0.0166667,1,100
9,0.0194444,1,99
9,0.0222222,1,98
9,0.025,1,95

11,0,1,100
11,0.00277778,1,100
11,0.00555556,1,100
11,0.00833333,1,100
11,0.0111111,1,100
11,0.0138889,1,100
11,0.0166667,1,100
11,0.0194444,1,100
11,0.0222222,1,99
11,0.025,1,90

13,0,1,100
13,0.00277778,1,100
13,0.00555556,1,100
13,0.00833333,1,100
13,0.0111111,1,100
13,0.0138889,1,100
13,0.0166667,1,100
13,0.0194444,1,100
13,0.0222222,1,98
13,0.025,1,95

15,0,1,100
15,0.00277778,1,100
15,0.00555556,1,100
15,0.00833333,1,100
15,0.0111111,1,100
15,0.0138889,1,100
15,0.0166667,1,100
15,0.0194444,1,100
15,0.0222222,1,99
15,0.025,1,91

17,0,1,100
17,0.00277778,1,100
17,0.00555556,1,100
17,0.00833333,1,100
17,0.0111111,1,100
17,0.0138889,1,100
17,0.0166667,1,100
17,0.0194444,1,100
17,0.0222222,1,99
17,0.025,1,91
total CPU time:13.85;total time:13876ms
srun: error: sh03-01n63: task 0: Exited with exit code 91
srun: launch/slurm: _step_signal: Terminating StepId=32152569.0
----------------------------------
id: 32152479
cpu per task 2
nodelist sh03-01n63
cluster name: sherlock
node list: sh03-01n63
node list: sh03-01n63
