hardware_concurrency32
Lmin:3;Lmax:17
Pmin:0;Pmax:0.025;nP10
Plmin:1;Plmax:1;nPl1
n:100seed:0;thread1

3,0,1,100
3,0.00277778,1,100
3,0.00555556,1,83
3,0.00833333,1,72
3,0.0111111,1,66
3,0.0138889,1,57
3,0.0166667,1,56
3,0.0194444,1,51
3,0.0222222,1,50
3,0.025,1,56

5,0,1,100
5,0.00277778,1,98
5,0.00555556,1,90
5,0.00833333,1,73
5,0.0111111,1,58
5,0.0138889,1,54
5,0.0166667,1,53
5,0.0194444,1,52
5,0.0222222,1,53
5,0.025,1,53

7,0,1,100
7,0.00277778,1,100
7,0.00555556,1,83
7,0.00833333,1,63
7,0.0111111,1,60
7,0.0138889,1,37
7,0.0166667,1,47
7,0.0194444,1,50
7,0.0222222,1,48
7,0.025,1,48

9,0,1,100
9,0.00277778,1,100
9,0.00555556,1,92
9,0.00833333,1,63
9,0.0111111,1,52
9,0.0138889,1,48
9,0.0166667,1,48
9,0.0194444,1,45
9,0.0222222,1,56
9,0.025,1,58

11,0,1,100
11,0.00277778,1,100
11,0.00555556,1,86
11,0.00833333,1,59
11,0.0111111,1,56
11,0.0138889,1,49
11,0.0166667,1,45
11,0.0194444,1,50
11,0.0222222,1,44
11,0.025,1,47

13,0,1,100
13,0.00277778,1,100
13,0.00555556,1,80
13,0.00833333,1,68
13,0.0111111,1,46
13,0.0138889,1,58
13,0.0166667,1,61
13,0.0194444,1,52
13,0.0222222,1,48
13,0.025,1,47

15,0,1,100
15,0.00277778,1,100
15,0.00555556,1,84
15,0.00833333,1,60
15,0.0111111,1,50
15,0.0138889,1,46
15,0.0166667,1,44
15,0.0194444,1,48
15,0.0222222,1,53
15,0.025,1,51

17,0,1,100
17,0.00277778,1,100
17,0.00555556,1,82
17,0.00833333,1,68
17,0.0111111,1,46
17,0.0138889,1,49
17,0.0166667,1,56
17,0.0194444,1,51
17,0.0222222,1,53
17,0.025,1,42
total CPU time:937.47;total time:937539ms
srun: error: sh03-01n55: task 0: Exited with exit code 42
srun: launch/slurm: _step_signal: Terminating StepId=32153450.0
----------------------------------
id: 32153092
cpu per task 2
nodelist sh03-01n55
cluster name: sherlock
node list: sh03-01n55
node list: sh03-01n55
