hardware_concurrency32
Lmin:3;Lmax:17
Pmin:0;Pmax:0.025;nP10
Plmin:1;Plmax:1;nPl1
n:100seed:0;thread1

3,0,1,100
3,0.00277778,1,99
3,0.00555556,1,89
3,0.00833333,1,69
3,0.0111111,1,57
3,0.0138889,1,60
3,0.0166667,1,48
3,0.0194444,1,53
3,0.0222222,1,54
3,0.025,1,49

5,0,1,100
5,0.00277778,1,100
5,0.00555556,1,90
5,0.00833333,1,75
5,0.0111111,1,60
5,0.0138889,1,48
5,0.0166667,1,57
5,0.0194444,1,47
5,0.0222222,1,49
5,0.025,1,55

7,0,1,100
7,0.00277778,1,100
7,0.00555556,1,88
7,0.00833333,1,62
7,0.0111111,1,51
7,0.0138889,1,49
7,0.0166667,1,54
7,0.0194444,1,53
7,0.0222222,1,52
7,0.025,1,51

9,0,1,100
9,0.00277778,1,100
9,0.00555556,1,84
9,0.00833333,1,57
9,0.0111111,1,54
9,0.0138889,1,54
9,0.0166667,1,49
9,0.0194444,1,48
9,0.0222222,1,43
9,0.025,1,62

11,0,1,100
11,0.00277778,1,100
11,0.00555556,1,80
11,0.00833333,1,69
11,0.0111111,1,57
11,0.0138889,1,56
11,0.0166667,1,45
11,0.0194444,1,50
11,0.0222222,1,54
11,0.025,1,44

13,0,1,100
13,0.00277778,1,100
13,0.00555556,1,79
13,0.00833333,1,63
13,0.0111111,1,43
13,0.0138889,1,56
13,0.0166667,1,42
13,0.0194444,1,47
13,0.0222222,1,48
13,0.025,1,55

15,0,1,100
15,0.00277778,1,100
15,0.00555556,1,83
15,0.00833333,1,62
15,0.0111111,1,50
15,0.0138889,1,47
15,0.0166667,1,53
15,0.0194444,1,40
15,0.0222222,1,50
15,0.025,1,47

17,0,1,100
17,0.00277778,1,100
17,0.00555556,1,81
17,0.00833333,1,59
17,0.0111111,1,53
17,0.0138889,1,50
17,0.0166667,1,48
17,0.0194444,1,54
17,0.0222222,1,48
17,0.025,1,53
total CPU time:954.06;total time:954147ms
srun: error: sh03-01n57: task 0: Exited with exit code 53
srun: launch/slurm: _step_signal: Terminating StepId=32153463.0
----------------------------------
id: 32153092
cpu per task 2
nodelist sh03-01n57
cluster name: sherlock
node list: sh03-01n57
node list: sh03-01n57
