hardware_concurrency32
Lmin:3;Lmax:17
Pmin:0;Pmax:0.025;nP10
Plmin:1;Plmax:1;nPl1
n:100seed:0;thread1

3,0,1,100
3,0.00277778,1,99
3,0.00555556,1,89
3,0.00833333,1,75
3,0.0111111,1,71
3,0.0138889,1,58
3,0.0166667,1,54
3,0.0194444,1,56
3,0.0222222,1,58
3,0.025,1,52

5,0,1,100
5,0.00277778,1,100
5,0.00555556,1,85
5,0.00833333,1,70
5,0.0111111,1,57
5,0.0138889,1,57
5,0.0166667,1,50
5,0.0194444,1,57
5,0.0222222,1,47
5,0.025,1,43

7,0,1,100
7,0.00277778,1,100
7,0.00555556,1,90
7,0.00833333,1,63
7,0.0111111,1,50
7,0.0138889,1,42
7,0.0166667,1,53
7,0.0194444,1,43
7,0.0222222,1,44
7,0.025,1,59

9,0,1,100
9,0.00277778,1,100
9,0.00555556,1,88
9,0.00833333,1,62
9,0.0111111,1,50
9,0.0138889,1,50
9,0.0166667,1,43
9,0.0194444,1,53
9,0.0222222,1,49
9,0.025,1,36

11,0,1,100
11,0.00277778,1,100
11,0.00555556,1,78
11,0.00833333,1,74
11,0.0111111,1,54
11,0.0138889,1,51
11,0.0166667,1,62
11,0.0194444,1,49
11,0.0222222,1,49
11,0.025,1,54

13,0,1,100
13,0.00277778,1,100
13,0.00555556,1,83
13,0.00833333,1,62
13,0.0111111,1,53
13,0.0138889,1,59
13,0.0166667,1,49
13,0.0194444,1,55
13,0.0222222,1,58
13,0.025,1,54

15,0,1,100
15,0.00277778,1,100
15,0.00555556,1,85
15,0.00833333,1,67
15,0.0111111,1,41
15,0.0138889,1,48
15,0.0166667,1,59
15,0.0194444,1,46
15,0.0222222,1,44
15,0.025,1,43

17,0,1,100
17,0.00277778,1,100
17,0.00555556,1,81
17,0.00833333,1,60
17,0.0111111,1,48
17,0.0138889,1,53
17,0.0166667,1,59
17,0.0194444,1,55
17,0.0222222,1,46
17,0.025,1,52
total CPU time:895.23;total time:895272ms
srun: error: sh03-01n58: task 0: Exited with exit code 52
srun: launch/slurm: _step_signal: Terminating StepId=32153475.0
----------------------------------
id: 32153092
cpu per task 2
nodelist sh03-01n58
cluster name: sherlock
node list: sh03-01n58
node list: sh03-01n58
