hardware_concurrency32
Lmin:3;Lmax:17
Pmin:0;Pmax:0.025;nP10
Plmin:1;Plmax:1;nPl1
n:100seed:0;thread1

3,0,1,100
3,0.00277778,1,99
3,0.00555556,1,82
3,0.00833333,1,81
3,0.0111111,1,67
3,0.0138889,1,60
3,0.0166667,1,62
3,0.0194444,1,56
3,0.0222222,1,49
3,0.025,1,50

5,0,1,100
5,0.00277778,1,97
5,0.00555556,1,96
5,0.00833333,1,68
5,0.0111111,1,55
5,0.0138889,1,42
5,0.0166667,1,43
5,0.0194444,1,46
5,0.0222222,1,53
5,0.025,1,41

7,0,1,100
7,0.00277778,1,100
7,0.00555556,1,85
7,0.00833333,1,69
7,0.0111111,1,54
7,0.0138889,1,47
7,0.0166667,1,46
7,0.0194444,1,54
7,0.0222222,1,57
7,0.025,1,56

9,0,1,100
9,0.00277778,1,100
9,0.00555556,1,90
9,0.00833333,1,62
9,0.0111111,1,43
9,0.0138889,1,55
9,0.0166667,1,62
9,0.0194444,1,48
9,0.0222222,1,39
9,0.025,1,52

11,0,1,100
11,0.00277778,1,100
11,0.00555556,1,83
11,0.00833333,1,62
11,0.0111111,1,48
11,0.0138889,1,42
11,0.0166667,1,40
11,0.0194444,1,51
11,0.0222222,1,46
11,0.025,1,52

13,0,1,100
13,0.00277778,1,100
13,0.00555556,1,84
13,0.00833333,1,56
13,0.0111111,1,49
13,0.0138889,1,56
13,0.0166667,1,47
13,0.0194444,1,46
13,0.0222222,1,50
13,0.025,1,49

15,0,1,100
15,0.00277778,1,100
15,0.00555556,1,84
15,0.00833333,1,65
15,0.0111111,1,47
15,0.0138889,1,49
15,0.0166667,1,53
15,0.0194444,1,48
15,0.0222222,1,52
15,0.025,1,45

17,0,1,100
17,0.00277778,1,100
17,0.00555556,1,79
17,0.00833333,1,62
17,0.0111111,1,55
17,0.0138889,1,49
17,0.0166667,1,54
17,0.0194444,1,48
17,0.0222222,1,45
17,0.025,1,52
total CPU time:881.9;total time:881911ms
srun: error: sh03-01n15: task 0: Exited with exit code 52
srun: launch/slurm: _step_signal: Terminating StepId=32153504.0
----------------------------------
id: 32153092
cpu per task 2
nodelist sh03-01n15
cluster name: sherlock
node list: sh03-01n15
node list: sh03-01n15
