hardware_concurrency32
Lmin:3;Lmax:17
Pmin:0;Pmax:0.025;nP10
Plmin:1;Plmax:1;nPl1
n:100seed:0;thread1

3,0,1,100
3,0.00277778,1,100
3,0.00555556,1,92
3,0.00833333,1,81
3,0.0111111,1,70
3,0.0138889,1,61
3,0.0166667,1,54
3,0.0194444,1,54
3,0.0222222,1,59
3,0.025,1,54

5,0,1,100
5,0.00277778,1,100
5,0.00555556,1,82
5,0.00833333,1,66
5,0.0111111,1,61
5,0.0138889,1,56
5,0.0166667,1,48
5,0.0194444,1,51
5,0.0222222,1,50
5,0.025,1,50

7,0,1,100
7,0.00277778,1,100
7,0.00555556,1,79
7,0.00833333,1,61
7,0.0111111,1,54
7,0.0138889,1,48
7,0.0166667,1,45
7,0.0194444,1,47
7,0.0222222,1,47
7,0.025,1,46

9,0,1,100
9,0.00277778,1,100
9,0.00555556,1,83
9,0.00833333,1,67
9,0.0111111,1,59
9,0.0138889,1,48
9,0.0166667,1,45
9,0.0194444,1,42
9,0.0222222,1,46
9,0.025,1,54

11,0,1,100
11,0.00277778,1,100
11,0.00555556,1,88
11,0.00833333,1,59
11,0.0111111,1,55
11,0.0138889,1,52
11,0.0166667,1,46
11,0.0194444,1,54
11,0.0222222,1,42
11,0.025,1,43

13,0,1,100
13,0.00277778,1,100
13,0.00555556,1,86
13,0.00833333,1,70
13,0.0111111,1,47
13,0.0138889,1,52
13,0.0166667,1,47
13,0.0194444,1,59
13,0.0222222,1,42
13,0.025,1,45

15,0,1,100
15,0.00277778,1,100
15,0.00555556,1,80
15,0.00833333,1,64
15,0.0111111,1,49
15,0.0138889,1,54
15,0.0166667,1,46
15,0.0194444,1,50
15,0.0222222,1,44
15,0.025,1,49

17,0,1,100
17,0.00277778,1,100
17,0.00555556,1,74
17,0.00833333,1,64
17,0.0111111,1,42
17,0.0138889,1,53
17,0.0166667,1,47
17,0.0194444,1,59
17,0.0222222,1,52
17,0.025,1,48
total CPU time:916.4;total time:916392ms
srun: error: sh03-01n11: task 0: Exited with exit code 48
srun: launch/slurm: _step_signal: Terminating StepId=32153467.0
----------------------------------
id: 32153092
cpu per task 2
nodelist sh03-01n11
cluster name: sherlock
node list: sh03-01n11
node list: sh03-01n11
