hardware_concurrency32
Lmin:3;Lmax:17
Pmin:0;Pmax:0.025;nP10
Plmin:1;Plmax:1;nPl1
n:100seed:0;thread1

3,0,1,100
3,0.00277778,1,99
3,0.00555556,1,98
3,0.00833333,1,99
3,0.0111111,1,95
3,0.0138889,1,86
3,0.0166667,1,79
3,0.0194444,1,70
3,0.0222222,1,63
3,0.025,1,64

5,0,1,100
5,0.00277778,1,100
5,0.00555556,1,100
5,0.00833333,1,99
5,0.0111111,1,94
5,0.0138889,1,82
5,0.0166667,1,62
5,0.0194444,1,55
5,0.0222222,1,54
5,0.025,1,58

7,0,1,100
7,0.00277778,1,100
7,0.00555556,1,100
7,0.00833333,1,99
7,0.0111111,1,92
7,0.0138889,1,83
7,0.0166667,1,62
7,0.0194444,1,53
7,0.0222222,1,45
7,0.025,1,54

9,0,1,100
9,0.00277778,1,100
9,0.00555556,1,100
9,0.00833333,1,99
9,0.0111111,1,93
9,0.0138889,1,69
9,0.0166667,1,59
9,0.0194444,1,53
9,0.0222222,1,42
9,0.025,1,53

11,0,1,100
11,0.00277778,1,100
11,0.00555556,1,100
11,0.00833333,1,100
11,0.0111111,1,96
11,0.0138889,1,72
11,0.0166667,1,51
11,0.0194444,1,53
11,0.0222222,1,44
11,0.025,1,46

13,0,1,100
13,0.00277778,1,100
13,0.00555556,1,100
13,0.00833333,1,100
13,0.0111111,1,96
13,0.0138889,1,67
13,0.0166667,1,53
13,0.0194444,1,48
13,0.0222222,1,57
13,0.025,1,48

15,0,1,100
15,0.00277778,1,100
15,0.00555556,1,100
15,0.00833333,1,100
15,0.0111111,1,97
15,0.0138889,1,64
15,0.0166667,1,53
15,0.0194444,1,48
15,0.0222222,1,60
15,0.025,1,53

17,0,1,100
17,0.00277778,1,100
17,0.00555556,1,100
17,0.00833333,1,100
17,0.0111111,1,95
17,0.0138889,1,67
17,0.0166667,1,47
17,0.0194444,1,43
17,0.0222222,1,52
17,0.025,1,54
total CPU time:243.03;total time:243042ms
srun: error: sh03-01n25: task 0: Exited with exit code 54
srun: launch/slurm: _step_signal: Terminating StepId=32133682.0
----------------------------------
id: 32133661
cpu per task 2
nodelist sh03-01n25
cluster name: sherlock
node list: sh03-01n25
node list: sh03-01n25
