hardware_concurrency32
Lmin:3;Lmax:17
Pmin:0;Pmax:0.025;nP10
Plmin:1;Plmax:1;nPl1
n:100seed:0;thread1

3,0,1,100
3,0.00277778,1,100
3,0.00555556,1,98
3,0.00833333,1,99
3,0.0111111,1,95
3,0.0138889,1,82
3,0.0166667,1,87
3,0.0194444,1,69
3,0.0222222,1,64
3,0.025,1,56

5,0,1,100
5,0.00277778,1,100
5,0.00555556,1,100
5,0.00833333,1,100
5,0.0111111,1,93
5,0.0138889,1,78
5,0.0166667,1,60
5,0.0194444,1,69
5,0.0222222,1,54
5,0.025,1,49

7,0,1,100
7,0.00277778,1,100
7,0.00555556,1,100
7,0.00833333,1,100
7,0.0111111,1,95
7,0.0138889,1,81
7,0.0166667,1,59
7,0.0194444,1,43
7,0.0222222,1,50
7,0.025,1,54

9,0,1,100
9,0.00277778,1,100
9,0.00555556,1,100
9,0.00833333,1,100
9,0.0111111,1,94
9,0.0138889,1,73
9,0.0166667,1,56
9,0.0194444,1,53
9,0.0222222,1,55
9,0.025,1,51

11,0,1,100
11,0.00277778,1,100
11,0.00555556,1,99
11,0.00833333,1,99
11,0.0111111,1,97
11,0.0138889,1,78
11,0.0166667,1,49
11,0.0194444,1,55
11,0.0222222,1,52
11,0.025,1,47

13,0,1,100
13,0.00277778,1,100
13,0.00555556,1,100
13,0.00833333,1,100
13,0.0111111,1,96
13,0.0138889,1,61
13,0.0166667,1,60
13,0.0194444,1,56
13,0.0222222,1,46
13,0.025,1,57

15,0,1,100
15,0.00277778,1,100
15,0.00555556,1,100
15,0.00833333,1,100
15,0.0111111,1,98
15,0.0138889,1,58
15,0.0166667,1,55
15,0.0194444,1,67
15,0.0222222,1,46
15,0.025,1,46

17,0,1,100
17,0.00277778,1,100
17,0.00555556,1,100
17,0.00833333,1,100
17,0.0111111,1,98
17,0.0138889,1,55
17,0.0166667,1,52
17,0.0194444,1,47
17,0.0222222,1,42
17,0.025,1,56
total CPU time:216.17;total time:216210ms
srun: error: sh03-01n14: task 0: Exited with exit code 56
srun: launch/slurm: _step_signal: Terminating StepId=32133733.0
----------------------------------
id: 32133661
cpu per task 2
nodelist sh03-01n14
cluster name: sherlock
node list: sh03-01n14
node list: sh03-01n14
