hardware_concurrency32
Lmin:3;Lmax:17
Pmin:0;Pmax:0.025;nP10
Plmin:1;Plmax:1;nPl1
n:100seed:0;thread1

3,0,1,100
3,0.00277778,1,100
3,0.00555556,1,100
3,0.00833333,1,100
3,0.0111111,1,100
3,0.0138889,1,96
3,0.0166667,1,97
3,0.0194444,1,88
3,0.0222222,1,76
3,0.025,1,81

5,0,1,100
5,0.00277778,1,100
5,0.00555556,1,100
5,0.00833333,1,100
5,0.0111111,1,99
5,0.0138889,1,97
5,0.0166667,1,95
5,0.0194444,1,92
5,0.0222222,1,68
5,0.025,1,59

7,0,1,100
7,0.00277778,1,100
7,0.00555556,1,100
7,0.00833333,1,100
7,0.0111111,1,100
7,0.0138889,1,100
7,0.0166667,1,92
7,0.0194444,1,71
7,0.0222222,1,62
7,0.025,1,58

9,0,1,100
9,0.00277778,1,100
9,0.00555556,1,100
9,0.00833333,1,100
9,0.0111111,1,100
9,0.0138889,1,99
9,0.0166667,1,96
9,0.0194444,1,75
9,0.0222222,1,66
9,0.025,1,41

11,0,1,100
11,0.00277778,1,100
11,0.00555556,1,100
11,0.00833333,1,100
11,0.0111111,1,100
11,0.0138889,1,100
11,0.0166667,1,97
11,0.0194444,1,78
11,0.0222222,1,42
11,0.025,1,61

13,0,1,100
13,0.00277778,1,100
13,0.00555556,1,100
13,0.00833333,1,100
13,0.0111111,1,100
13,0.0138889,1,100
13,0.0166667,1,98
13,0.0194444,1,71
13,0.0222222,1,56
13,0.025,1,51

15,0,1,100
15,0.00277778,1,100
15,0.00555556,1,100
15,0.00833333,1,100
15,0.0111111,1,100
15,0.0138889,1,100
15,0.0166667,1,100
15,0.0194444,1,77
15,0.0222222,1,46
15,0.025,1,57

17,0,1,100
17,0.00277778,1,100
17,0.00555556,1,100
17,0.00833333,1,100
17,0.0111111,1,100
17,0.0138889,1,100
17,0.0166667,1,100
17,0.0194444,1,72
17,0.0222222,1,59
17,0.025,1,51
total CPU time:137.06;total time:137088ms
srun: error: sh03-01n36: task 0: Exited with exit code 51
srun: launch/slurm: _step_signal: Terminating StepId=32133913.0
----------------------------------
id: 32133662
cpu per task 2
nodelist sh03-01n36
cluster name: sherlock
node list: sh03-01n36
node list: sh03-01n36
