hardware_concurrency32
Lmin:3;Lmax:17
Pmin:0;Pmax:0.01;nP10
Plmin:1;Plmax:1;nPl1
n:100seed:0;thread1

3,0,1,100
3,0.00111111,1,100
3,0.00222222,1,100
3,0.00333333,1,100
3,0.00444444,1,100
3,0.00555556,1,97
3,0.00666667,1,91
3,0.00777778,1,71
3,0.00888889,1,69
3,0.01,1,72

5,0,1,100
5,0.00111111,1,100
5,0.00222222,1,100
5,0.00333333,1,100
5,0.00444444,1,100
5,0.00555556,1,94
5,0.00666667,1,85
5,0.00777778,1,79
5,0.00888889,1,52
5,0.01,1,55

7,0,1,100
7,0.00111111,1,100
7,0.00222222,1,100
7,0.00333333,1,100
7,0.00444444,1,100
7,0.00555556,1,98
7,0.00666667,1,82
7,0.00777778,1,67
7,0.00888889,1,51
7,0.01,1,43

9,0,1,100
9,0.00111111,1,100
9,0.00222222,1,100
9,0.00333333,1,100
9,0.00444444,1,100
9,0.00555556,1,98
9,0.00666667,1,86
9,0.00777778,1,63
9,0.00888889,1,51
9,0.01,1,62

11,0,1,100
11,0.00111111,1,100
11,0.00222222,1,100
11,0.00333333,1,100
11,0.00444444,1,100
11,0.00555556,1,100
11,0.00666667,1,83
11,0.00777778,1,61
11,0.00888889,1,53
11,0.01,1,61

13,0,1,100
13,0.00111111,1,100
13,0.00222222,1,100
13,0.00333333,1,100
13,0.00444444,1,100
13,0.00555556,1,99
13,0.00666667,1,89
13,0.00777778,1,49
13,0.00888889,1,49
13,0.01,1,56

15,0,1,100
15,0.00111111,1,100
15,0.00222222,1,100
15,0.00333333,1,100
15,0.00444444,1,100
15,0.00555556,1,100
15,0.00666667,1,88
15,0.00777778,1,48
15,0.00888889,1,44
15,0.01,1,47

17,0,1,100
17,0.00111111,1,100
17,0.00222222,1,100
17,0.00333333,1,100
17,0.00444444,1,100
17,0.00555556,1,99
17,0.00666667,1,83
17,0.00777778,1,41
17,0.00888889,1,58
17,0.01,1,53
total CPU time:262.32;total time:262365ms
srun: error: sh03-01n07: task 0: Exited with exit code 53
srun: launch/slurm: _step_signal: Terminating StepId=32132988.0
----------------------------------
id: 32132782
cpu per task 2
nodelist sh03-01n07
cluster name: sherlock
node list: sh03-01n07
node list: sh03-01n07
