hardware_concurrency32
Lmin:3;Lmax:17
Pmin:0;Pmax:0.01;nP10
Plmin:1;Plmax:1;nPl1
n:100seed:0;thread1

3,0,1,100
3,0.00111111,1,100
3,0.00222222,1,100
3,0.00333333,1,99
3,0.00444444,1,100
3,0.00555556,1,95
3,0.00666667,1,93
3,0.00777778,1,82
3,0.00888889,1,66
3,0.01,1,62

5,0,1,100
5,0.00111111,1,100
5,0.00222222,1,100
5,0.00333333,1,100
5,0.00444444,1,99
5,0.00555556,1,97
5,0.00666667,1,92
5,0.00777778,1,77
5,0.00888889,1,59
5,0.01,1,52

7,0,1,100
7,0.00111111,1,100
7,0.00222222,1,100
7,0.00333333,1,100
7,0.00444444,1,99
7,0.00555556,1,98
7,0.00666667,1,81
7,0.00777778,1,65
7,0.00888889,1,46
7,0.01,1,49

9,0,1,100
9,0.00111111,1,100
9,0.00222222,1,100
9,0.00333333,1,100
9,0.00444444,1,100
9,0.00555556,1,99
9,0.00666667,1,88
9,0.00777778,1,62
9,0.00888889,1,49
9,0.01,1,57

11,0,1,100
11,0.00111111,1,100
11,0.00222222,1,100
11,0.00333333,1,100
11,0.00444444,1,100
11,0.00555556,1,98
11,0.00666667,1,80
11,0.00777778,1,56
11,0.00888889,1,51
11,0.01,1,50

13,0,1,100
13,0.00111111,1,100
13,0.00222222,1,100
13,0.00333333,1,100
13,0.00444444,1,100
13,0.00555556,1,100
13,0.00666667,1,86
13,0.00777778,1,60
13,0.00888889,1,54
13,0.01,1,56

15,0,1,100
15,0.00111111,1,100
15,0.00222222,1,100
15,0.00333333,1,100
15,0.00444444,1,100
15,0.00555556,1,100
15,0.00666667,1,83
15,0.00777778,1,53
15,0.00888889,1,51
15,0.01,1,49

17,0,1,100
17,0.00111111,1,100
17,0.00222222,1,100
17,0.00333333,1,100
17,0.00444444,1,100
17,0.00555556,1,100
17,0.00666667,1,84
17,0.00777778,1,42
17,0.00888889,1,45
17,0.01,1,46
total CPU time:248.57;total time:248603ms
srun: error: sh03-01n03: task 0: Exited with exit code 46
srun: launch/slurm: _step_signal: Terminating StepId=32132984.0
----------------------------------
id: 32132782
cpu per task 2
nodelist sh03-01n03
cluster name: sherlock
node list: sh03-01n03
node list: sh03-01n03
