hardware_concurrency32
Lmin:3;Lmax:17
Pmin:0;Pmax:0.025;nP10
Plmin:1;Plmax:1;nPl1
n:100seed:0;thread1

3,0,1,100
3,0.00277778,1,100
3,0.00555556,1,99
3,0.00833333,1,98
3,0.0111111,1,94
3,0.0138889,1,86
3,0.0166667,1,69
3,0.0194444,1,66
3,0.0222222,1,60
3,0.025,1,62

5,0,1,100
5,0.00277778,1,100
5,0.00555556,1,100
5,0.00833333,1,99
5,0.0111111,1,89
5,0.0138889,1,80
5,0.0166667,1,74
5,0.0194444,1,56
5,0.0222222,1,52
5,0.025,1,46

7,0,1,100
7,0.00277778,1,100
7,0.00555556,1,100
7,0.00833333,1,100
7,0.0111111,1,97
7,0.0138889,1,75
7,0.0166667,1,54
7,0.0194444,1,55
7,0.0222222,1,46
7,0.025,1,44

9,0,1,100
9,0.00277778,1,100
9,0.00555556,1,100
9,0.00833333,1,99
9,0.0111111,1,96
9,0.0138889,1,76
9,0.0166667,1,57
9,0.0194444,1,47
9,0.0222222,1,52
9,0.025,1,47

11,0,1,100
11,0.00277778,1,100
11,0.00555556,1,100
11,0.00833333,1,100
11,0.0111111,1,95
11,0.0138889,1,75
11,0.0166667,1,52
11,0.0194444,1,55
11,0.0222222,1,44
11,0.025,1,53

13,0,1,100
13,0.00277778,1,100
13,0.00555556,1,100
13,0.00833333,1,100
13,0.0111111,1,93
13,0.0138889,1,74
13,0.0166667,1,47
13,0.0194444,1,53
13,0.0222222,1,50
13,0.025,1,49

15,0,1,100
15,0.00277778,1,100
15,0.00555556,1,100
15,0.00833333,1,100
15,0.0111111,1,97
15,0.0138889,1,72
15,0.0166667,1,52
15,0.0194444,1,53
15,0.0222222,1,49
15,0.025,1,44

17,0,1,100
17,0.00277778,1,100
17,0.00555556,1,100
17,0.00833333,1,100
17,0.0111111,1,99
17,0.0138889,1,53
17,0.0166667,1,53
17,0.0194444,1,52
17,0.0222222,1,61
17,0.025,1,57
total CPU time:297.57;total time:297708ms
srun: error: sh03-01n01: task 0: Exited with exit code 57
srun: launch/slurm: _step_signal: Terminating StepId=32133772.0
----------------------------------
id: 32133661
cpu per task 2
nodelist sh03-01n01
cluster name: sherlock
node list: sh03-01n01
node list: sh03-01n01
