hardware_concurrency32
Lmin:3;Lmax:17
Pmin:0;Pmax:0.025;nP10
Plmin:1;Plmax:1;nPl1
n:100seed:0;thread1

3,0,1,100
3,0.00277778,1,100
3,0.00555556,1,100
3,0.00833333,1,97
3,0.0111111,1,88
3,0.0138889,1,86
3,0.0166667,1,83
3,0.0194444,1,70
3,0.0222222,1,67
3,0.025,1,56

5,0,1,100
5,0.00277778,1,100
5,0.00555556,1,100
5,0.00833333,1,99
5,0.0111111,1,94
5,0.0138889,1,79
5,0.0166667,1,74
5,0.0194444,1,54
5,0.0222222,1,45
5,0.025,1,49

7,0,1,100
7,0.00277778,1,100
7,0.00555556,1,100
7,0.00833333,1,99
7,0.0111111,1,95
7,0.0138889,1,81
7,0.0166667,1,68
7,0.0194444,1,58
7,0.0222222,1,52
7,0.025,1,50

9,0,1,100
9,0.00277778,1,100
9,0.00555556,1,100
9,0.00833333,1,100
9,0.0111111,1,95
9,0.0138889,1,62
9,0.0166667,1,50
9,0.0194444,1,52
9,0.0222222,1,51
9,0.025,1,47

11,0,1,100
11,0.00277778,1,100
11,0.00555556,1,100
11,0.00833333,1,100
11,0.0111111,1,100
11,0.0138889,1,67
11,0.0166667,1,54
11,0.0194444,1,48
11,0.0222222,1,46
11,0.025,1,52

13,0,1,100
13,0.00277778,1,100
13,0.00555556,1,100
13,0.00833333,1,100
13,0.0111111,1,96
13,0.0138889,1,61
13,0.0166667,1,51
13,0.0194444,1,53
13,0.0222222,1,49
13,0.025,1,55

15,0,1,100
15,0.00277778,1,100
15,0.00555556,1,100
15,0.00833333,1,100
15,0.0111111,1,94
15,0.0138889,1,59
15,0.0166667,1,52
15,0.0194444,1,51
15,0.0222222,1,56
15,0.025,1,48

17,0,1,100
17,0.00277778,1,100
17,0.00555556,1,100
17,0.00833333,1,100
17,0.0111111,1,97
17,0.0138889,1,56
17,0.0166667,1,41
17,0.0194444,1,55
17,0.0222222,1,48
17,0.025,1,56
total CPU time:291.25;total time:291270ms
srun: error: sh03-01n54: task 0: Exited with exit code 56
srun: launch/slurm: _step_signal: Terminating StepId=32133690.0
----------------------------------
id: 32133661
cpu per task 2
nodelist sh03-01n54
cluster name: sherlock
node list: sh03-01n54
node list: sh03-01n54
