hardware_concurrency32
Lmin:3;Lmax:17
Pmin:0;Pmax:0.025;nP10
Plmin:1;Plmax:1;nPl1
n:100seed:0;thread1

3,0,1,100
3,0.00277778,1,100
3,0.00555556,1,100
3,0.00833333,1,100
3,0.0111111,1,98
3,0.0138889,1,100
3,0.0166667,1,97
3,0.0194444,1,83
3,0.0222222,1,84
3,0.025,1,73

5,0,1,100
5,0.00277778,1,100
5,0.00555556,1,100
5,0.00833333,1,100
5,0.0111111,1,100
5,0.0138889,1,100
5,0.0166667,1,94
5,0.0194444,1,87
5,0.0222222,1,75
5,0.025,1,62

7,0,1,100
7,0.00277778,1,100
7,0.00555556,1,100
7,0.00833333,1,100
7,0.0111111,1,100
7,0.0138889,1,99
7,0.0166667,1,95
7,0.0194444,1,83
7,0.0222222,1,64
7,0.025,1,60

9,0,1,100
9,0.00277778,1,100
9,0.00555556,1,100
9,0.00833333,1,100
9,0.0111111,1,100
9,0.0138889,1,100
9,0.0166667,1,96
9,0.0194444,1,85
9,0.0222222,1,49
9,0.025,1,50

11,0,1,100
11,0.00277778,1,100
11,0.00555556,1,100
11,0.00833333,1,100
11,0.0111111,1,100
11,0.0138889,1,100
11,0.0166667,1,98
11,0.0194444,1,83
11,0.0222222,1,59
11,0.025,1,54

13,0,1,100
13,0.00277778,1,100
13,0.00555556,1,100
13,0.00833333,1,100
13,0.0111111,1,100
13,0.0138889,1,100
13,0.0166667,1,100
13,0.0194444,1,74
13,0.0222222,1,56
13,0.025,1,51

15,0,1,100
15,0.00277778,1,100
15,0.00555556,1,100
15,0.00833333,1,100
15,0.0111111,1,100
15,0.0138889,1,100
15,0.0166667,1,97
15,0.0194444,1,75
15,0.0222222,1,46
15,0.025,1,46

17,0,1,100
17,0.00277778,1,100
17,0.00555556,1,100
17,0.00833333,1,100
17,0.0111111,1,100
17,0.0138889,1,100
17,0.0166667,1,100
17,0.0194444,1,69
17,0.0222222,1,51
17,0.025,1,52
total CPU time:127.6;total time:127630ms
srun: error: sh03-01n51: task 0: Exited with exit code 52
srun: launch/slurm: _step_signal: Terminating StepId=32133893.0
----------------------------------
id: 32133662
cpu per task 2
nodelist sh03-01n51
cluster name: sherlock
node list: sh03-01n51
node list: sh03-01n51
