hardware_concurrency32
Lmin:3;Lmax:17
Pmin:0;Pmax:0.025;nP10
Plmin:1;Plmax:1;nPl1
n:100seed:0;thread1

3,0,1,100
3,0.00277778,1,100
3,0.00555556,1,100
3,0.00833333,1,99
3,0.0111111,1,92
3,0.0138889,1,89
3,0.0166667,1,83
3,0.0194444,1,71
3,0.0222222,1,63
3,0.025,1,58

5,0,1,100
5,0.00277778,1,100
5,0.00555556,1,100
5,0.00833333,1,100
5,0.0111111,1,95
5,0.0138889,1,84
5,0.0166667,1,70
5,0.0194444,1,53
5,0.0222222,1,59
5,0.025,1,56

7,0,1,100
7,0.00277778,1,100
7,0.00555556,1,100
7,0.00833333,1,100
7,0.0111111,1,94
7,0.0138889,1,75
7,0.0166667,1,55
7,0.0194444,1,45
7,0.0222222,1,53
7,0.025,1,57

9,0,1,100
9,0.00277778,1,100
9,0.00555556,1,100
9,0.00833333,1,97
9,0.0111111,1,93
9,0.0138889,1,77
9,0.0166667,1,53
9,0.0194444,1,49
9,0.0222222,1,48
9,0.025,1,50

11,0,1,100
11,0.00277778,1,100
11,0.00555556,1,100
11,0.00833333,1,100
11,0.0111111,1,97
11,0.0138889,1,65
11,0.0166667,1,54
11,0.0194444,1,48
11,0.0222222,1,45
11,0.025,1,49

13,0,1,100
13,0.00277778,1,100
13,0.00555556,1,100
13,0.00833333,1,100
13,0.0111111,1,98
13,0.0138889,1,60
13,0.0166667,1,47
13,0.0194444,1,55
13,0.0222222,1,47
13,0.025,1,39

15,0,1,100
15,0.00277778,1,100
15,0.00555556,1,100
15,0.00833333,1,100
15,0.0111111,1,94
15,0.0138889,1,60
15,0.0166667,1,55
15,0.0194444,1,50
15,0.0222222,1,54
15,0.025,1,50

17,0,1,100
17,0.00277778,1,100
17,0.00555556,1,100
17,0.00833333,1,100
17,0.0111111,1,98
17,0.0138889,1,58
17,0.0166667,1,48
17,0.0194444,1,44
17,0.0222222,1,55
17,0.025,1,44
total CPU time:221.16;total time:221171ms
srun: error: sh03-01n10: task 0: Exited with exit code 44
srun: launch/slurm: _step_signal: Terminating StepId=32133696.0
----------------------------------
id: 32133661
cpu per task 2
nodelist sh03-01n10
cluster name: sherlock
node list: sh03-01n10
node list: sh03-01n10
