hardware_concurrency32
Lmin:3;Lmax:17
Pmin:0;Pmax:0.01;nP10
Plmin:1;Plmax:1;nPl1
n:100seed:0;thread1

3,0,1,100
3,0.00111111,1,100
3,0.00222222,1,100
3,0.00333333,1,100
3,0.00444444,1,97
3,0.00555556,1,96
3,0.00666667,1,97
3,0.00777778,1,80
3,0.00888889,1,81
3,0.01,1,78

5,0,1,100
5,0.00111111,1,100
5,0.00222222,1,100
5,0.00333333,1,100
5,0.00444444,1,100
5,0.00555556,1,95
5,0.00666667,1,93
5,0.00777778,1,90
5,0.00888889,1,74
5,0.01,1,60

7,0,1,100
7,0.00111111,1,100
7,0.00222222,1,100
7,0.00333333,1,100
7,0.00444444,1,100
7,0.00555556,1,99
7,0.00666667,1,95
7,0.00777778,1,80
7,0.00888889,1,61
7,0.01,1,52

9,0,1,100
9,0.00111111,1,100
9,0.00222222,1,100
9,0.00333333,1,100
9,0.00444444,1,100
9,0.00555556,1,98
9,0.00666667,1,93
9,0.00777778,1,69
9,0.00888889,1,57
9,0.01,1,54

11,0,1,100
11,0.00111111,1,100
11,0.00222222,1,100
11,0.00333333,1,100
11,0.00444444,1,100
11,0.00555556,1,100
11,0.00666667,1,98
11,0.00777778,1,73
11,0.00888889,1,51
11,0.01,1,57

13,0,1,100
13,0.00111111,1,100
13,0.00222222,1,100
13,0.00333333,1,100
13,0.00444444,1,100
13,0.00555556,1,100
13,0.00666667,1,99
13,0.00777778,1,73
13,0.00888889,1,51
13,0.01,1,49

15,0,1,100
15,0.00111111,1,100
15,0.00222222,1,100
15,0.00333333,1,100
15,0.00444444,1,100
15,0.00555556,1,100
15,0.00666667,1,97
15,0.00777778,1,66
15,0.00888889,1,47
15,0.01,1,51

17,0,1,100
17,0.00111111,1,100
17,0.00222222,1,100
17,0.00333333,1,100
17,0.00444444,1,100
17,0.00555556,1,99
17,0.00666667,1,96
17,0.00777778,1,58
17,0.00888889,1,41
17,0.01,1,41
total CPU time:131.03;total time:131042ms
srun: error: sh03-01n03: task 0: Exited with exit code 41
srun: launch/slurm: _step_signal: Terminating StepId=32132790.0
----------------------------------
id: 32132769
cpu per task 2
nodelist sh03-01n03
cluster name: sherlock
node list: sh03-01n03
node list: sh03-01n03
