hardware_concurrency32
Lmin:3;Lmax:17
Pmin:0;Pmax:0.025;nP10
Plmin:1;Plmax:1;nPl1
n:100seed:0;thread1

3,0,1,100
3,0.00277778,1,100
3,0.00555556,1,100
3,0.00833333,1,99
3,0.0111111,1,99
3,0.0138889,1,96
3,0.0166667,1,92
3,0.0194444,1,93
3,0.0222222,1,79
3,0.025,1,64

5,0,1,100
5,0.00277778,1,100
5,0.00555556,1,100
5,0.00833333,1,100
5,0.0111111,1,100
5,0.0138889,1,98
5,0.0166667,1,94
5,0.0194444,1,88
5,0.0222222,1,67
5,0.025,1,66

7,0,1,100
7,0.00277778,1,100
7,0.00555556,1,100
7,0.00833333,1,100
7,0.0111111,1,100
7,0.0138889,1,99
7,0.0166667,1,98
7,0.0194444,1,81
7,0.0222222,1,66
7,0.025,1,51

9,0,1,100
9,0.00277778,1,100
9,0.00555556,1,100
9,0.00833333,1,100
9,0.0111111,1,100
9,0.0138889,1,99
9,0.0166667,1,92
9,0.0194444,1,80
9,0.0222222,1,59
9,0.025,1,54

11,0,1,100
11,0.00277778,1,100
11,0.00555556,1,100
11,0.00833333,1,100
11,0.0111111,1,100
11,0.0138889,1,100
11,0.0166667,1,96
11,0.0194444,1,74
11,0.0222222,1,60
11,0.025,1,53

13,0,1,100
13,0.00277778,1,100
13,0.00555556,1,100
13,0.00833333,1,100
13,0.0111111,1,100
13,0.0138889,1,100
13,0.0166667,1,98
13,0.0194444,1,76
13,0.0222222,1,55
13,0.025,1,53

15,0,1,100
15,0.00277778,1,100
15,0.00555556,1,100
15,0.00833333,1,100
15,0.0111111,1,100
15,0.0138889,1,100
15,0.0166667,1,98
15,0.0194444,1,76
15,0.0222222,1,52
15,0.025,1,55

17,0,1,100
17,0.00277778,1,100
17,0.00555556,1,100
17,0.00833333,1,100
17,0.0111111,1,100
17,0.0138889,1,100
17,0.0166667,1,99
17,0.0194444,1,72
17,0.0222222,1,56
17,0.025,1,47
total CPU time:137.46;total time:137475ms
srun: error: sh03-01n55: task 0: Exited with exit code 47
srun: launch/slurm: _step_signal: Terminating StepId=32133879.0
----------------------------------
id: 32133662
cpu per task 2
nodelist sh03-01n55
cluster name: sherlock
node list: sh03-01n55
node list: sh03-01n55
