hardware_concurrency32
Lmin:3;Lmax:17
Pmin:0;Pmax:0.01;nP10
Plmin:1;Plmax:1;nPl1
n:100seed:0;thread1

3,0,1,100
3,0.00111111,1,100
3,0.00222222,1,100
3,0.00333333,1,100
3,0.00444444,1,98
3,0.00555556,1,95
3,0.00666667,1,85
3,0.00777778,1,86
3,0.00888889,1,75
3,0.01,1,64

5,0,1,100
5,0.00111111,1,100
5,0.00222222,1,100
5,0.00333333,1,100
5,0.00444444,1,99
5,0.00555556,1,96
5,0.00666667,1,82
5,0.00777778,1,72
5,0.00888889,1,60
5,0.01,1,50

7,0,1,100
7,0.00111111,1,100
7,0.00222222,1,100
7,0.00333333,1,100
7,0.00444444,1,100
7,0.00555556,1,100
7,0.00666667,1,84
7,0.00777778,1,67
7,0.00888889,1,53
7,0.01,1,50

9,0,1,100
9,0.00111111,1,100
9,0.00222222,1,100
9,0.00333333,1,100
9,0.00444444,1,100
9,0.00555556,1,98
9,0.00666667,1,87
9,0.00777778,1,73
9,0.00888889,1,54
9,0.01,1,41

11,0,1,100
11,0.00111111,1,100
11,0.00222222,1,100
11,0.00333333,1,100
11,0.00444444,1,100
11,0.00555556,1,99
11,0.00666667,1,84
11,0.00777778,1,59
11,0.00888889,1,47
11,0.01,1,52

13,0,1,100
13,0.00111111,1,100
13,0.00222222,1,100
13,0.00333333,1,100
13,0.00444444,1,100
13,0.00555556,1,100
13,0.00666667,1,89
13,0.00777778,1,50
13,0.00888889,1,52
13,0.01,1,58

15,0,1,100
15,0.00111111,1,100
15,0.00222222,1,100
15,0.00333333,1,100
15,0.00444444,1,100
15,0.00555556,1,100
15,0.00666667,1,91
15,0.00777778,1,46
15,0.00888889,1,54
15,0.01,1,49

17,0,1,100
17,0.00111111,1,100
17,0.00222222,1,100
17,0.00333333,1,100
17,0.00444444,1,100
17,0.00555556,1,100
17,0.00666667,1,80
17,0.00777778,1,49
17,0.00888889,1,51
17,0.01,1,47
total CPU time:278.67;total time:278712ms
srun: error: sh03-01n30: task 0: Exited with exit code 47
srun: launch/slurm: _step_signal: Terminating StepId=32132914.0
----------------------------------
id: 32132782
cpu per task 2
nodelist sh03-01n30
cluster name: sherlock
node list: sh03-01n30
node list: sh03-01n30
