hardware_concurrency32
Lmin:3;Lmax:17
Pmin:0;Pmax:0.025;nP10
Plmin:1;Plmax:1;nPl1
n:100seed:0;thread1

3,0,1,100
3,0.00277778,1,100
3,0.00555556,1,99
3,0.00833333,1,99
3,0.0111111,1,95
3,0.0138889,1,89
3,0.0166667,1,80
3,0.0194444,1,66
3,0.0222222,1,65
3,0.025,1,65

5,0,1,100
5,0.00277778,1,100
5,0.00555556,1,100
5,0.00833333,1,97
5,0.0111111,1,93
5,0.0138889,1,86
5,0.0166667,1,76
5,0.0194444,1,59
5,0.0222222,1,54
5,0.025,1,53

7,0,1,100
7,0.00277778,1,100
7,0.00555556,1,100
7,0.00833333,1,100
7,0.0111111,1,92
7,0.0138889,1,79
7,0.0166667,1,61
7,0.0194444,1,52
7,0.0222222,1,51
7,0.025,1,48

9,0,1,100
9,0.00277778,1,100
9,0.00555556,1,100
9,0.00833333,1,99
9,0.0111111,1,94
9,0.0138889,1,77
9,0.0166667,1,57
9,0.0194444,1,53
9,0.0222222,1,46
9,0.025,1,48

11,0,1,100
11,0.00277778,1,100
11,0.00555556,1,100
11,0.00833333,1,99
11,0.0111111,1,90
11,0.0138889,1,64
11,0.0166667,1,61
11,0.0194444,1,49
11,0.0222222,1,56
11,0.025,1,61

13,0,1,100
13,0.00277778,1,100
13,0.00555556,1,100
13,0.00833333,1,99
13,0.0111111,1,92
13,0.0138889,1,69
13,0.0166667,1,44
13,0.0194444,1,47
13,0.0222222,1,53
13,0.025,1,49

15,0,1,100
15,0.00277778,1,100
15,0.00555556,1,100
15,0.00833333,1,100
15,0.0111111,1,96
15,0.0138889,1,60
15,0.0166667,1,42
15,0.0194444,1,46
15,0.0222222,1,47
15,0.025,1,56

17,0,1,100
17,0.00277778,1,100
17,0.00555556,1,100
17,0.00833333,1,100
17,0.0111111,1,96
17,0.0138889,1,64
17,0.0166667,1,50
17,0.0194444,1,48
17,0.0222222,1,50
17,0.025,1,49
total CPU time:247.77;total time:247793ms
srun: error: sh03-01n12: task 0: Exited with exit code 49
srun: launch/slurm: _step_signal: Terminating StepId=32133722.0
----------------------------------
id: 32133661
cpu per task 2
nodelist sh03-01n12
cluster name: sherlock
node list: sh03-01n12
node list: sh03-01n12
