hardware_concurrency32
Lmin:3;Lmax:17
Pmin:0;Pmax:0.025;nP10
Plmin:1;Plmax:1;nPl1
n:100seed:0;thread1

3,0,1,100
3,0.00277778,1,100
3,0.00555556,1,100
3,0.00833333,1,100
3,0.0111111,1,98
3,0.0138889,1,97
3,0.0166667,1,90
3,0.0194444,1,91
3,0.0222222,1,78
3,0.025,1,73

5,0,1,100
5,0.00277778,1,100
5,0.00555556,1,100
5,0.00833333,1,100
5,0.0111111,1,100
5,0.0138889,1,98
5,0.0166667,1,96
5,0.0194444,1,86
5,0.0222222,1,74
5,0.025,1,63

7,0,1,100
7,0.00277778,1,100
7,0.00555556,1,100
7,0.00833333,1,100
7,0.0111111,1,100
7,0.0138889,1,99
7,0.0166667,1,95
7,0.0194444,1,83
7,0.0222222,1,61
7,0.025,1,42

9,0,1,100
9,0.00277778,1,100
9,0.00555556,1,100
9,0.00833333,1,100
9,0.0111111,1,100
9,0.0138889,1,99
9,0.0166667,1,97
9,0.0194444,1,87
9,0.0222222,1,61
9,0.025,1,50

11,0,1,100
11,0.00277778,1,100
11,0.00555556,1,100
11,0.00833333,1,100
11,0.0111111,1,100
11,0.0138889,1,100
11,0.0166667,1,96
11,0.0194444,1,75
11,0.0222222,1,52
11,0.025,1,57

13,0,1,100
13,0.00277778,1,100
13,0.00555556,1,100
13,0.00833333,1,100
13,0.0111111,1,100
13,0.0138889,1,100
13,0.0166667,1,98
13,0.0194444,1,78
13,0.0222222,1,42
13,0.025,1,56

15,0,1,100
15,0.00277778,1,100
15,0.00555556,1,100
15,0.00833333,1,100
15,0.0111111,1,100
15,0.0138889,1,100
15,0.0166667,1,99
15,0.0194444,1,67
15,0.0222222,1,61
15,0.025,1,43

17,0,1,100
17,0.00277778,1,100
17,0.00555556,1,100
17,0.00833333,1,100
17,0.0111111,1,100
17,0.0138889,1,100
17,0.0166667,1,100
17,0.0194444,1,76
17,0.0222222,1,54
17,0.025,1,56
total CPU time:135.75;total time:135779ms
srun: error: sh03-01n29: task 0: Exited with exit code 56
srun: launch/slurm: _step_signal: Terminating StepId=32133902.0
----------------------------------
id: 32133662
cpu per task 2
nodelist sh03-01n29
cluster name: sherlock
node list: sh03-01n29
node list: sh03-01n29
