hardware_concurrency32
Lmin:3;Lmax:17
Pmin:0;Pmax:0.01;nP10
Plmin:1;Plmax:1;nPl1
n:100seed:0;thread1

3,0,1,100
3,0.00111111,1,100
3,0.00222222,1,100
3,0.00333333,1,100
3,0.00444444,1,98
3,0.00555556,1,97
3,0.00666667,1,94
3,0.00777778,1,84
3,0.00888889,1,76
3,0.01,1,74

5,0,1,100
5,0.00111111,1,100
5,0.00222222,1,100
5,0.00333333,1,100
5,0.00444444,1,100
5,0.00555556,1,98
5,0.00666667,1,92
5,0.00777778,1,82
5,0.00888889,1,71
5,0.01,1,61

7,0,1,100
7,0.00111111,1,100
7,0.00222222,1,100
7,0.00333333,1,100
7,0.00444444,1,100
7,0.00555556,1,96
7,0.00666667,1,89
7,0.00777778,1,80
7,0.00888889,1,58
7,0.01,1,57

9,0,1,100
9,0.00111111,1,100
9,0.00222222,1,100
9,0.00333333,1,100
9,0.00444444,1,100
9,0.00555556,1,100
9,0.00666667,1,95
9,0.00777778,1,74
9,0.00888889,1,51
9,0.01,1,60

11,0,1,100
11,0.00111111,1,100
11,0.00222222,1,100
11,0.00333333,1,100
11,0.00444444,1,100
11,0.00555556,1,100
11,0.00666667,1,94
11,0.00777778,1,75
11,0.00888889,1,58
11,0.01,1,47

13,0,1,100
13,0.00111111,1,100
13,0.00222222,1,100
13,0.00333333,1,100
13,0.00444444,1,100
13,0.00555556,1,100
13,0.00666667,1,95
13,0.00777778,1,74
13,0.00888889,1,53
13,0.01,1,51

15,0,1,100
15,0.00111111,1,100
15,0.00222222,1,100
15,0.00333333,1,100
15,0.00444444,1,100
15,0.00555556,1,100
15,0.00666667,1,99
15,0.00777778,1,71
15,0.00888889,1,49
15,0.01,1,48

17,0,1,100
17,0.00111111,1,100
17,0.00222222,1,100
17,0.00333333,1,100
17,0.00444444,1,100
17,0.00555556,1,100
17,0.00666667,1,95
17,0.00777778,1,61
17,0.00888889,1,54
17,0.01,1,53
total CPU time:132.81;total time:132823ms
srun: error: sh03-01n51: task 0: Exited with exit code 53
srun: launch/slurm: _step_signal: Terminating StepId=32132809.0
----------------------------------
id: 32132769
cpu per task 2
nodelist sh03-01n51
cluster name: sherlock
node list: sh03-01n51
node list: sh03-01n51
