hardware_concurrency32
Lmin:3;Lmax:17
Pmin:0;Pmax:0.025;nP10
Plmin:1;Plmax:1;nPl1
n:100seed:0;thread1

3,0,1,100
3,0.00277778,1,100
3,0.00555556,1,100
3,0.00833333,1,97
3,0.0111111,1,90
3,0.0138889,1,82
3,0.0166667,1,84
3,0.0194444,1,66
3,0.0222222,1,66
3,0.025,1,61

5,0,1,100
5,0.00277778,1,100
5,0.00555556,1,100
5,0.00833333,1,100
5,0.0111111,1,96
5,0.0138889,1,86
5,0.0166667,1,66
5,0.0194444,1,59
5,0.0222222,1,54
5,0.025,1,48

7,0,1,100
7,0.00277778,1,100
7,0.00555556,1,100
7,0.00833333,1,99
7,0.0111111,1,94
7,0.0138889,1,76
7,0.0166667,1,61
7,0.0194444,1,58
7,0.0222222,1,54
7,0.025,1,50

9,0,1,100
9,0.00277778,1,100
9,0.00555556,1,100
9,0.00833333,1,100
9,0.0111111,1,94
9,0.0138889,1,72
9,0.0166667,1,52
9,0.0194444,1,53
9,0.0222222,1,49
9,0.025,1,57

11,0,1,100
11,0.00277778,1,100
11,0.00555556,1,100
11,0.00833333,1,100
11,0.0111111,1,96
11,0.0138889,1,62
11,0.0166667,1,46
11,0.0194444,1,56
11,0.0222222,1,52
11,0.025,1,49

13,0,1,100
13,0.00277778,1,100
13,0.00555556,1,100
13,0.00833333,1,100
13,0.0111111,1,97
13,0.0138889,1,58
13,0.0166667,1,51
13,0.0194444,1,50
13,0.0222222,1,46
13,0.025,1,49

15,0,1,100
15,0.00277778,1,100
15,0.00555556,1,100
15,0.00833333,1,100
15,0.0111111,1,97
15,0.0138889,1,67
15,0.0166667,1,52
15,0.0194444,1,42
15,0.0222222,1,52
15,0.025,1,51

17,0,1,100
17,0.00277778,1,100
17,0.00555556,1,100
17,0.00833333,1,100
17,0.0111111,1,95
17,0.0138889,1,56
17,0.0166667,1,46
17,0.0194444,1,50
17,0.0222222,1,49
17,0.025,1,38
total CPU time:291.95;total time:291979ms
srun: error: sh03-01n55: task 0: Exited with exit code 38
srun: launch/slurm: _step_signal: Terminating StepId=32133705.0
----------------------------------
id: 32133661
cpu per task 2
nodelist sh03-01n55
cluster name: sherlock
node list: sh03-01n55
node list: sh03-01n55
