hardware_concurrency32
Lmin:3;Lmax:17
Pmin:0;Pmax:0.025;nP10
Plmin:1;Plmax:1;nPl1
n:100seed:0;thread1

3,0,1,100
3,0.00277778,1,100
3,0.00555556,1,100
3,0.00833333,1,95
3,0.0111111,1,96
3,0.0138889,1,84
3,0.0166667,1,74
3,0.0194444,1,72
3,0.0222222,1,59
3,0.025,1,53

5,0,1,100
5,0.00277778,1,100
5,0.00555556,1,100
5,0.00833333,1,99
5,0.0111111,1,96
5,0.0138889,1,82
5,0.0166667,1,69
5,0.0194444,1,57
5,0.0222222,1,54
5,0.025,1,44

7,0,1,100
7,0.00277778,1,100
7,0.00555556,1,100
7,0.00833333,1,99
7,0.0111111,1,93
7,0.0138889,1,68
7,0.0166667,1,63
7,0.0194444,1,51
7,0.0222222,1,60
7,0.025,1,56

9,0,1,100
9,0.00277778,1,100
9,0.00555556,1,100
9,0.00833333,1,100
9,0.0111111,1,99
9,0.0138889,1,75
9,0.0166667,1,47
9,0.0194444,1,59
9,0.0222222,1,53
9,0.025,1,49

11,0,1,100
11,0.00277778,1,100
11,0.00555556,1,100
11,0.00833333,1,100
11,0.0111111,1,90
11,0.0138889,1,77
11,0.0166667,1,51
11,0.0194444,1,50
11,0.0222222,1,55
11,0.025,1,49

13,0,1,100
13,0.00277778,1,100
13,0.00555556,1,100
13,0.00833333,1,100
13,0.0111111,1,93
13,0.0138889,1,73
13,0.0166667,1,51
13,0.0194444,1,52
13,0.0222222,1,48
13,0.025,1,41

15,0,1,100
15,0.00277778,1,100
15,0.00555556,1,100
15,0.00833333,1,100
15,0.0111111,1,93
15,0.0138889,1,60
15,0.0166667,1,53
15,0.0194444,1,50
15,0.0222222,1,53
15,0.025,1,50

17,0,1,100
17,0.00277778,1,100
17,0.00555556,1,100
17,0.00833333,1,100
17,0.0111111,1,95
17,0.0138889,1,50
17,0.0166667,1,55
17,0.0194444,1,56
17,0.0222222,1,47
17,0.025,1,60
total CPU time:268.12;total time:268188ms
srun: error: sh03-01n53: task 0: Exited with exit code 60
srun: launch/slurm: _step_signal: Terminating StepId=32133684.0
----------------------------------
id: 32133661
cpu per task 2
nodelist sh03-01n53
cluster name: sherlock
node list: sh03-01n53
node list: sh03-01n53
