hardware_concurrency32
Lmin:3;Lmax:17
Pmin:0;Pmax:0.01;nP10
Plmin:1;Plmax:1;nPl1
n:100seed:0;thread1

3,0,1,100
3,0.00111111,1,100
3,0.00222222,1,100
3,0.00333333,1,100
3,0.00444444,1,100
3,0.00555556,1,100
3,0.00666667,1,100
3,0.00777778,1,100
3,0.00888889,1,100
3,0.01,1,100

5,0,1,100
5,0.00111111,1,100
5,0.00222222,1,100
5,0.00333333,1,100
5,0.00444444,1,100
5,0.00555556,1,100
5,0.00666667,1,100
5,0.00777778,1,100
5,0.00888889,1,100
5,0.01,1,100

7,0,1,100
7,0.00111111,1,100
7,0.00222222,1,100
7,0.00333333,1,100
7,0.00444444,1,100
7,0.00555556,1,100
7,0.00666667,1,100
7,0.00777778,1,100
7,0.00888889,1,100
7,0.01,1,100

9,0,1,100
9,0.00111111,1,100
9,0.00222222,1,100
9,0.00333333,1,100
9,0.00444444,1,100
9,0.00555556,1,100
9,0.00666667,1,100
9,0.00777778,1,100
9,0.00888889,1,100
9,0.01,1,100

11,0,1,100
11,0.00111111,1,100
11,0.00222222,1,100
11,0.00333333,1,100
11,0.00444444,1,100
11,0.00555556,1,100
11,0.00666667,1,100
11,0.00777778,1,100
11,0.00888889,1,100
11,0.01,1,100

13,0,1,100
13,0.00111111,1,100
13,0.00222222,1,100
13,0.00333333,1,100
13,0.00444444,1,100
13,0.00555556,1,100
13,0.00666667,1,100
13,0.00777778,1,100
13,0.00888889,1,100
13,0.01,1,100

15,0,1,100
15,0.00111111,1,100
15,0.00222222,1,100
15,0.00333333,1,100
15,0.00444444,1,100
15,0.00555556,1,100
15,0.00666667,1,100
15,0.00777778,1,100
15,0.00888889,1,100
15,0.01,1,100

17,0,1,100
17,0.00111111,1,100
17,0.00222222,1,100
17,0.00333333,1,100
17,0.00444444,1,100
17,0.00555556,1,100
17,0.00666667,1,100
17,0.00777778,1,100
17,0.00888889,1,100
17,0.01,1,100
total CPU time:155.04;total time:155073ms
srun: error: sh03-01n11: task 0: Exited with exit code 100
srun: launch/slurm: _step_signal: Terminating StepId=32133371.0
----------------------------------
id: 32132884
cpu per task 2
nodelist sh03-01n11
cluster name: sherlock
node list: sh03-01n11
node list: sh03-01n11
