hardware_concurrency32
Lmin:3;Lmax:17
Pmin:0;Pmax:0.025;nP10
Plmin:1;Plmax:1;nPl1
n:100seed:0;thread1

3,0,1,100
3,0.00277778,1,100
3,0.00555556,1,100
3,0.00833333,1,100
3,0.0111111,1,100
3,0.0138889,1,97
3,0.0166667,1,95
3,0.0194444,1,84
3,0.0222222,1,83
3,0.025,1,71

5,0,1,100
5,0.00277778,1,100
5,0.00555556,1,100
5,0.00833333,1,100
5,0.0111111,1,100
5,0.0138889,1,97
5,0.0166667,1,90
5,0.0194444,1,83
5,0.0222222,1,66
5,0.025,1,63

7,0,1,100
7,0.00277778,1,100
7,0.00555556,1,100
7,0.00833333,1,100
7,0.0111111,1,100
7,0.0138889,1,98
7,0.0166667,1,96
7,0.0194444,1,79
7,0.0222222,1,64
7,0.025,1,56

9,0,1,100
9,0.00277778,1,100
9,0.00555556,1,100
9,0.00833333,1,100
9,0.0111111,1,100
9,0.0138889,1,100
9,0.0166667,1,96
9,0.0194444,1,85
9,0.0222222,1,51
9,0.025,1,44

11,0,1,100
11,0.00277778,1,100
11,0.00555556,1,100
11,0.00833333,1,100
11,0.0111111,1,100
11,0.0138889,1,100
11,0.0166667,1,96
11,0.0194444,1,78
11,0.0222222,1,57
11,0.025,1,41

13,0,1,100
13,0.00277778,1,100
13,0.00555556,1,100
13,0.00833333,1,100
13,0.0111111,1,100
13,0.0138889,1,100
13,0.0166667,1,94
13,0.0194444,1,72
13,0.0222222,1,59
13,0.025,1,52

15,0,1,100
15,0.00277778,1,100
15,0.00555556,1,100
15,0.00833333,1,100
15,0.0111111,1,100
15,0.0138889,1,100
15,0.0166667,1,99
15,0.0194444,1,69
15,0.0222222,1,42
15,0.025,1,55

17,0,1,100
17,0.00277778,1,100
17,0.00555556,1,100
17,0.00833333,1,100
17,0.0111111,1,100
17,0.0138889,1,100
17,0.0166667,1,99
17,0.0194444,1,74
17,0.0222222,1,52
17,0.025,1,51
total CPU time:138.06;total time:138099ms
srun: error: sh03-01n07: task 0: Exited with exit code 51
srun: launch/slurm: _step_signal: Terminating StepId=32133821.0
----------------------------------
id: 32133662
cpu per task 2
nodelist sh03-01n07
cluster name: sherlock
node list: sh03-01n07
node list: sh03-01n07
