hardware_concurrency32
Lmin:3;Lmax:17
Pmin:0;Pmax:0.025;nP10
Plmin:1;Plmax:1;nPl1
n:100seed:0;thread1

3,0,1,100
3,0.00277778,1,100
3,0.00555556,1,100
3,0.00833333,1,99
3,0.0111111,1,99
3,0.0138889,1,93
3,0.0166667,1,89
3,0.0194444,1,86
3,0.0222222,1,80
3,0.025,1,75

5,0,1,100
5,0.00277778,1,100
5,0.00555556,1,100
5,0.00833333,1,100
5,0.0111111,1,100
5,0.0138889,1,99
5,0.0166667,1,93
5,0.0194444,1,80
5,0.0222222,1,76
5,0.025,1,52

7,0,1,100
7,0.00277778,1,100
7,0.00555556,1,100
7,0.00833333,1,100
7,0.0111111,1,100
7,0.0138889,1,99
7,0.0166667,1,92
7,0.0194444,1,88
7,0.0222222,1,64
7,0.025,1,54

9,0,1,100
9,0.00277778,1,100
9,0.00555556,1,100
9,0.00833333,1,100
9,0.0111111,1,100
9,0.0138889,1,100
9,0.0166667,1,95
9,0.0194444,1,81
9,0.0222222,1,65
9,0.025,1,58

11,0,1,100
11,0.00277778,1,100
11,0.00555556,1,100
11,0.00833333,1,100
11,0.0111111,1,100
11,0.0138889,1,100
11,0.0166667,1,99
11,0.0194444,1,77
11,0.0222222,1,50
11,0.025,1,45

13,0,1,100
13,0.00277778,1,100
13,0.00555556,1,100
13,0.00833333,1,100
13,0.0111111,1,100
13,0.0138889,1,100
13,0.0166667,1,97
13,0.0194444,1,82
13,0.0222222,1,53
13,0.025,1,50

15,0,1,100
15,0.00277778,1,100
15,0.00555556,1,100
15,0.00833333,1,100
15,0.0111111,1,100
15,0.0138889,1,100
15,0.0166667,1,97
15,0.0194444,1,77
15,0.0222222,1,50
15,0.025,1,52

17,0,1,100
17,0.00277778,1,100
17,0.00555556,1,100
17,0.00833333,1,100
17,0.0111111,1,100
17,0.0138889,1,100
17,0.0166667,1,99
17,0.0194444,1,71
17,0.0222222,1,44
17,0.025,1,52
total CPU time:138.86;total time:138932ms
srun: error: sh03-01n32: task 0: Exited with exit code 52
srun: launch/slurm: _step_signal: Terminating StepId=32133864.0
----------------------------------
id: 32133662
cpu per task 2
nodelist sh03-01n32
cluster name: sherlock
node list: sh03-01n32
node list: sh03-01n32
