hardware_concurrency32
Lmin:3;Lmax:17
Pmin:0;Pmax:0.025;nP10
Plmin:1;Plmax:1;nPl1
n:100seed:0;thread1

3,0,1,100
3,0.00277778,1,100
3,0.00555556,1,97
3,0.00833333,1,93
3,0.0111111,1,93
3,0.0138889,1,90
3,0.0166667,1,75
3,0.0194444,1,63
3,0.0222222,1,68
3,0.025,1,55

5,0,1,100
5,0.00277778,1,100
5,0.00555556,1,100
5,0.00833333,1,100
5,0.0111111,1,95
5,0.0138889,1,83
5,0.0166667,1,70
5,0.0194444,1,74
5,0.0222222,1,46
5,0.025,1,45

7,0,1,100
7,0.00277778,1,100
7,0.00555556,1,100
7,0.00833333,1,100
7,0.0111111,1,95
7,0.0138889,1,79
7,0.0166667,1,50
7,0.0194444,1,49
7,0.0222222,1,56
7,0.025,1,52

9,0,1,100
9,0.00277778,1,100
9,0.00555556,1,100
9,0.00833333,1,100
9,0.0111111,1,92
9,0.0138889,1,71
9,0.0166667,1,63
9,0.0194444,1,47
9,0.0222222,1,48
9,0.025,1,52

11,0,1,100
11,0.00277778,1,100
11,0.00555556,1,100
11,0.00833333,1,100
11,0.0111111,1,95
11,0.0138889,1,74
11,0.0166667,1,44
11,0.0194444,1,45
11,0.0222222,1,58
11,0.025,1,58

13,0,1,100
13,0.00277778,1,100
13,0.00555556,1,100
13,0.00833333,1,100
13,0.0111111,1,95
13,0.0138889,1,69
13,0.0166667,1,54
13,0.0194444,1,58
13,0.0222222,1,66
13,0.025,1,50

15,0,1,100
15,0.00277778,1,100
15,0.00555556,1,100
15,0.00833333,1,100
15,0.0111111,1,96
15,0.0138889,1,60
15,0.0166667,1,52
15,0.0194444,1,58
15,0.0222222,1,47
15,0.025,1,49

17,0,1,100
17,0.00277778,1,100
17,0.00555556,1,100
17,0.00833333,1,100
17,0.0111111,1,98
17,0.0138889,1,61
17,0.0166667,1,49
17,0.0194444,1,53
17,0.0222222,1,48
17,0.025,1,44
total CPU time:276.27;total time:276314ms
srun: error: sh03-01n30: task 0: Exited with exit code 44
srun: launch/slurm: _step_signal: Terminating StepId=32133761.0
----------------------------------
id: 32133661
cpu per task 2
nodelist sh03-01n30
cluster name: sherlock
node list: sh03-01n30
node list: sh03-01n30
