hardware_concurrency32
Lmin:3;Lmax:17
Pmin:0;Pmax:0.025;nP10
Plmin:1;Plmax:1;nPl1
n:100seed:0;thread1

3,0,1,100
3,0.00277778,1,100
3,0.00555556,1,99
3,0.00833333,1,96
3,0.0111111,1,94
3,0.0138889,1,87
3,0.0166667,1,75
3,0.0194444,1,75
3,0.0222222,1,62
3,0.025,1,69

5,0,1,100
5,0.00277778,1,100
5,0.00555556,1,100
5,0.00833333,1,98
5,0.0111111,1,96
5,0.0138889,1,81
5,0.0166667,1,66
5,0.0194444,1,57
5,0.0222222,1,53
5,0.025,1,48

7,0,1,100
7,0.00277778,1,100
7,0.00555556,1,100
7,0.00833333,1,100
7,0.0111111,1,93
7,0.0138889,1,82
7,0.0166667,1,63
7,0.0194444,1,51
7,0.0222222,1,48
7,0.025,1,50

9,0,1,100
9,0.00277778,1,100
9,0.00555556,1,100
9,0.00833333,1,99
9,0.0111111,1,91
9,0.0138889,1,67
9,0.0166667,1,51
9,0.0194444,1,48
9,0.0222222,1,45
9,0.025,1,53

11,0,1,100
11,0.00277778,1,100
11,0.00555556,1,100
11,0.00833333,1,100
11,0.0111111,1,92
11,0.0138889,1,69
11,0.0166667,1,56
11,0.0194444,1,48
11,0.0222222,1,43
11,0.025,1,44

13,0,1,100
13,0.00277778,1,100
13,0.00555556,1,100
13,0.00833333,1,100
13,0.0111111,1,96
13,0.0138889,1,63
13,0.0166667,1,52
13,0.0194444,1,56
13,0.0222222,1,60
13,0.025,1,47

15,0,1,100
15,0.00277778,1,100
15,0.00555556,1,100
15,0.00833333,1,100
15,0.0111111,1,98
15,0.0138889,1,67
15,0.0166667,1,51
15,0.0194444,1,54
15,0.0222222,1,43
15,0.025,1,51

17,0,1,100
17,0.00277778,1,100
17,0.00555556,1,100
17,0.00833333,1,100
17,0.0111111,1,96
17,0.0138889,1,57
17,0.0166667,1,51
17,0.0194444,1,60
17,0.0222222,1,47
17,0.025,1,49
total CPU time:297.28;total time:297310ms
srun: error: sh03-01n36: task 0: Exited with exit code 49
srun: launch/slurm: _step_signal: Terminating StepId=32133730.0
----------------------------------
id: 32133661
cpu per task 2
nodelist sh03-01n36
cluster name: sherlock
node list: sh03-01n36
node list: sh03-01n36
