hardware_concurrency32
Lmin:3;Lmax:17
Pmin:0;Pmax:0.025;nP10
Plmin:1;Plmax:1;nPl1
n:100seed:0;thread1

3,0,1,100
3,0.00277778,1,100
3,0.00555556,1,100
3,0.00833333,1,100
3,0.0111111,1,100
3,0.0138889,1,97
3,0.0166667,1,88
3,0.0194444,1,84
3,0.0222222,1,80
3,0.025,1,73

5,0,1,100
5,0.00277778,1,100
5,0.00555556,1,100
5,0.00833333,1,100
5,0.0111111,1,100
5,0.0138889,1,100
5,0.0166667,1,92
5,0.0194444,1,81
5,0.0222222,1,70
5,0.025,1,55

7,0,1,100
7,0.00277778,1,100
7,0.00555556,1,100
7,0.00833333,1,100
7,0.0111111,1,100
7,0.0138889,1,99
7,0.0166667,1,96
7,0.0194444,1,83
7,0.0222222,1,64
7,0.025,1,40

9,0,1,100
9,0.00277778,1,100
9,0.00555556,1,100
9,0.00833333,1,100
9,0.0111111,1,100
9,0.0138889,1,100
9,0.0166667,1,94
9,0.0194444,1,76
9,0.0222222,1,61
9,0.025,1,57

11,0,1,100
11,0.00277778,1,100
11,0.00555556,1,100
11,0.00833333,1,100
11,0.0111111,1,100
11,0.0138889,1,100
11,0.0166667,1,96
11,0.0194444,1,72
11,0.0222222,1,57
11,0.025,1,55

13,0,1,100
13,0.00277778,1,100
13,0.00555556,1,100
13,0.00833333,1,100
13,0.0111111,1,100
13,0.0138889,1,100
13,0.0166667,1,100
13,0.0194444,1,72
13,0.0222222,1,47
13,0.025,1,43

15,0,1,100
15,0.00277778,1,100
15,0.00555556,1,100
15,0.00833333,1,100
15,0.0111111,1,100
15,0.0138889,1,100
15,0.0166667,1,98
15,0.0194444,1,71
15,0.0222222,1,45
15,0.025,1,58

17,0,1,100
17,0.00277778,1,100
17,0.00555556,1,100
17,0.00833333,1,100
17,0.0111111,1,100
17,0.0138889,1,100
17,0.0166667,1,100
17,0.0194444,1,68
17,0.0222222,1,47
17,0.025,1,48
total CPU time:136.6;total time:136617ms
srun: error: sh03-01n12: task 0: Exited with exit code 48
srun: launch/slurm: _step_signal: Terminating StepId=32133720.0
----------------------------------
id: 32133662
cpu per task 2
nodelist sh03-01n12
cluster name: sherlock
node list: sh03-01n12
node list: sh03-01n12
