hardware_concurrency32
Lmin:3;Lmax:17
Pmin:0;Pmax:0.025;nP10
Plmin:1;Plmax:1;nPl1
n:100seed:0;thread1

3,0,1,100
3,0.00277778,1,100
3,0.00555556,1,100
3,0.00833333,1,95
3,0.0111111,1,92
3,0.0138889,1,81
3,0.0166667,1,74
3,0.0194444,1,71
3,0.0222222,1,56
3,0.025,1,57

5,0,1,100
5,0.00277778,1,100
5,0.00555556,1,99
5,0.00833333,1,99
5,0.0111111,1,94
5,0.0138889,1,80
5,0.0166667,1,73
5,0.0194444,1,60
5,0.0222222,1,55
5,0.025,1,58

7,0,1,100
7,0.00277778,1,100
7,0.00555556,1,100
7,0.00833333,1,100
7,0.0111111,1,95
7,0.0138889,1,83
7,0.0166667,1,64
7,0.0194444,1,46
7,0.0222222,1,48
7,0.025,1,44

9,0,1,100
9,0.00277778,1,100
9,0.00555556,1,100
9,0.00833333,1,100
9,0.0111111,1,96
9,0.0138889,1,68
9,0.0166667,1,57
9,0.0194444,1,51
9,0.0222222,1,56
9,0.025,1,51

11,0,1,100
11,0.00277778,1,100
11,0.00555556,1,100
11,0.00833333,1,100
11,0.0111111,1,94
11,0.0138889,1,67
11,0.0166667,1,50
11,0.0194444,1,50
11,0.0222222,1,59
11,0.025,1,54

13,0,1,100
13,0.00277778,1,100
13,0.00555556,1,100
13,0.00833333,1,100
13,0.0111111,1,96
13,0.0138889,1,62
13,0.0166667,1,53
13,0.0194444,1,54
13,0.0222222,1,56
13,0.025,1,53

15,0,1,100
15,0.00277778,1,100
15,0.00555556,1,100
15,0.00833333,1,100
15,0.0111111,1,97
15,0.0138889,1,66
15,0.0166667,1,48
15,0.0194444,1,61
15,0.0222222,1,46
15,0.025,1,42

17,0,1,100
17,0.00277778,1,100
17,0.00555556,1,100
17,0.00833333,1,100
17,0.0111111,1,99
17,0.0138889,1,61
17,0.0166667,1,63
17,0.0194444,1,59
17,0.0222222,1,63
17,0.025,1,61
total CPU time:283.06;total time:283080ms
srun: error: sh03-01n08: task 0: Exited with exit code 61
srun: launch/slurm: _step_signal: Terminating StepId=32133687.0
----------------------------------
id: 32133661
cpu per task 2
nodelist sh03-01n08
cluster name: sherlock
node list: sh03-01n08
node list: sh03-01n08
