hardware_concurrency32
Lmin:3;Lmax:17
Pmin:0;Pmax:0.025;nP10
Plmin:1;Plmax:1;nPl1
n:100seed:0;thread1

3,0,1,100
3,0.00277778,1,100
3,0.00555556,1,100
3,0.00833333,1,100
3,0.0111111,1,100
3,0.0138889,1,95
3,0.0166667,1,96
3,0.0194444,1,86
3,0.0222222,1,85
3,0.025,1,64

5,0,1,100
5,0.00277778,1,100
5,0.00555556,1,100
5,0.00833333,1,100
5,0.0111111,1,99
5,0.0138889,1,99
5,0.0166667,1,91
5,0.0194444,1,87
5,0.0222222,1,72
5,0.025,1,54

7,0,1,100
7,0.00277778,1,100
7,0.00555556,1,100
7,0.00833333,1,100
7,0.0111111,1,100
7,0.0138889,1,98
7,0.0166667,1,98
7,0.0194444,1,81
7,0.0222222,1,60
7,0.025,1,48

9,0,1,100
9,0.00277778,1,100
9,0.00555556,1,100
9,0.00833333,1,100
9,0.0111111,1,100
9,0.0138889,1,100
9,0.0166667,1,96
9,0.0194444,1,84
9,0.0222222,1,53
9,0.025,1,38

11,0,1,100
11,0.00277778,1,100
11,0.00555556,1,100
11,0.00833333,1,100
11,0.0111111,1,100
11,0.0138889,1,100
11,0.0166667,1,98
11,0.0194444,1,78
11,0.0222222,1,56
11,0.025,1,46

13,0,1,100
13,0.00277778,1,100
13,0.00555556,1,100
13,0.00833333,1,100
13,0.0111111,1,100
13,0.0138889,1,100
13,0.0166667,1,99
13,0.0194444,1,71
13,0.0222222,1,55
13,0.025,1,53

15,0,1,100
15,0.00277778,1,100
15,0.00555556,1,100
15,0.00833333,1,100
15,0.0111111,1,100
15,0.0138889,1,100
15,0.0166667,1,100
15,0.0194444,1,64
15,0.0222222,1,43
15,0.025,1,47

17,0,1,100
17,0.00277778,1,100
17,0.00555556,1,100
17,0.00833333,1,100
17,0.0111111,1,100
17,0.0138889,1,100
17,0.0166667,1,98
17,0.0194444,1,65
17,0.0222222,1,42
17,0.025,1,50
total CPU time:138.3;total time:138334ms
srun: error: sh03-01n06: task 0: Exited with exit code 50
srun: launch/slurm: _step_signal: Terminating StepId=32133855.0
----------------------------------
id: 32133662
cpu per task 2
nodelist sh03-01n06
cluster name: sherlock
node list: sh03-01n06
node list: sh03-01n06
