hardware_concurrency32
Lmin:3;Lmax:17
Pmin:0;Pmax:0.01;nP10
Plmin:1;Plmax:1;nPl1
n:100seed:0;thread1

3,0,1,100
3,0.00111111,1,100
3,0.00222222,1,100
3,0.00333333,1,100
3,0.00444444,1,100
3,0.00555556,1,96
3,0.00666667,1,89
3,0.00777778,1,80
3,0.00888889,1,74
3,0.01,1,63

5,0,1,100
5,0.00111111,1,100
5,0.00222222,1,100
5,0.00333333,1,100
5,0.00444444,1,99
5,0.00555556,1,95
5,0.00666667,1,82
5,0.00777778,1,69
5,0.00888889,1,59
5,0.01,1,58

7,0,1,100
7,0.00111111,1,100
7,0.00222222,1,100
7,0.00333333,1,100
7,0.00444444,1,100
7,0.00555556,1,96
7,0.00666667,1,89
7,0.00777778,1,61
7,0.00888889,1,47
7,0.01,1,51

9,0,1,100
9,0.00111111,1,100
9,0.00222222,1,100
9,0.00333333,1,100
9,0.00444444,1,100
9,0.00555556,1,100
9,0.00666667,1,90
9,0.00777778,1,67
9,0.00888889,1,71
9,0.01,1,51

11,0,1,100
11,0.00111111,1,100
11,0.00222222,1,100
11,0.00333333,1,100
11,0.00444444,1,100
11,0.00555556,1,99
11,0.00666667,1,87
11,0.00777778,1,57
11,0.00888889,1,52
11,0.01,1,51

13,0,1,100
13,0.00111111,1,100
13,0.00222222,1,100
13,0.00333333,1,100
13,0.00444444,1,100
13,0.00555556,1,100
13,0.00666667,1,82
13,0.00777778,1,56
13,0.00888889,1,42
13,0.01,1,58

15,0,1,100
15,0.00111111,1,100
15,0.00222222,1,100
15,0.00333333,1,100
15,0.00444444,1,100
15,0.00555556,1,100
15,0.00666667,1,83
15,0.00777778,1,40
15,0.00888889,1,52
15,0.01,1,50

17,0,1,100
17,0.00111111,1,100
17,0.00222222,1,100
17,0.00333333,1,100
17,0.00444444,1,100
17,0.00555556,1,100
17,0.00666667,1,82
17,0.00777778,1,55
17,0.00888889,1,51
17,0.01,1,38
total CPU time:261.73;total time:261768ms
srun: error: sh03-01n29: task 0: Exited with exit code 38
srun: launch/slurm: _step_signal: Terminating StepId=32132996.0
----------------------------------
id: 32132782
cpu per task 2
nodelist sh03-01n29
cluster name: sherlock
node list: sh03-01n29
node list: sh03-01n29
