hardware_concurrency32
Lmin:3;Lmax:17
Pmin:0;Pmax:0.025;nP10
Plmin:1;Plmax:1;nPl1
n:100seed:0;thread1

3,0,1,100
3,0.00277778,1,100
3,0.00555556,1,100
3,0.00833333,1,99
3,0.0111111,1,100
3,0.0138889,1,100
3,0.0166667,1,94
3,0.0194444,1,86
3,0.0222222,1,78
3,0.025,1,70

5,0,1,100
5,0.00277778,1,100
5,0.00555556,1,100
5,0.00833333,1,100
5,0.0111111,1,100
5,0.0138889,1,100
5,0.0166667,1,91
5,0.0194444,1,82
5,0.0222222,1,73
5,0.025,1,56

7,0,1,100
7,0.00277778,1,100
7,0.00555556,1,100
7,0.00833333,1,100
7,0.0111111,1,100
7,0.0138889,1,98
7,0.0166667,1,96
7,0.0194444,1,82
7,0.0222222,1,70
7,0.025,1,52

9,0,1,100
9,0.00277778,1,100
9,0.00555556,1,100
9,0.00833333,1,100
9,0.0111111,1,100
9,0.0138889,1,99
9,0.0166667,1,94
9,0.0194444,1,77
9,0.0222222,1,69
9,0.025,1,45

11,0,1,100
11,0.00277778,1,100
11,0.00555556,1,100
11,0.00833333,1,100
11,0.0111111,1,100
11,0.0138889,1,99
11,0.0166667,1,96
11,0.0194444,1,75
11,0.0222222,1,49
11,0.025,1,56

13,0,1,100
13,0.00277778,1,100
13,0.00555556,1,100
13,0.00833333,1,100
13,0.0111111,1,100
13,0.0138889,1,100
13,0.0166667,1,100
13,0.0194444,1,73
13,0.0222222,1,53
13,0.025,1,50

15,0,1,100
15,0.00277778,1,100
15,0.00555556,1,100
15,0.00833333,1,100
15,0.0111111,1,100
15,0.0138889,1,100
15,0.0166667,1,98
15,0.0194444,1,73
15,0.0222222,1,58
15,0.025,1,50

17,0,1,100
17,0.00277778,1,100
17,0.00555556,1,100
17,0.00833333,1,100
17,0.0111111,1,100
17,0.0138889,1,100
17,0.0166667,1,99
17,0.0194444,1,73
17,0.0222222,1,47
17,0.025,1,43
total CPU time:131.5;total time:131518ms
srun: error: sh03-01n30: task 0: Exited with exit code 43
srun: launch/slurm: _step_signal: Terminating StepId=32133905.0
----------------------------------
id: 32133662
cpu per task 2
nodelist sh03-01n30
cluster name: sherlock
node list: sh03-01n30
node list: sh03-01n30
