hardware_concurrency32
Lmin:3;Lmax:17
Pmin:0;Pmax:0.025;nP10
Plmin:1;Plmax:1;nPl1
n:100seed:0;thread1

3,0,1,100
3,0.00277778,1,99
3,0.00555556,1,89
3,0.00833333,1,65
3,0.0111111,1,65
3,0.0138889,1,65
3,0.0166667,1,50
3,0.0194444,1,63
3,0.0222222,1,48
3,0.025,1,53

5,0,1,100
5,0.00277778,1,100
5,0.00555556,1,88
5,0.00833333,1,67
5,0.0111111,1,64
5,0.0138889,1,53
5,0.0166667,1,53
5,0.0194444,1,55
5,0.0222222,1,60
5,0.025,1,58

7,0,1,100
7,0.00277778,1,98
7,0.00555556,1,91
7,0.00833333,1,65
7,0.0111111,1,45
7,0.0138889,1,52
7,0.0166667,1,52
7,0.0194444,1,40
7,0.0222222,1,59
7,0.025,1,49

9,0,1,100
9,0.00277778,1,100
9,0.00555556,1,91
9,0.00833333,1,64
9,0.0111111,1,54
9,0.0138889,1,56
9,0.0166667,1,55
9,0.0194444,1,45
9,0.0222222,1,57
9,0.025,1,41

11,0,1,100
11,0.00277778,1,100
11,0.00555556,1,85
11,0.00833333,1,63
11,0.0111111,1,49
11,0.0138889,1,50
11,0.0166667,1,57
11,0.0194444,1,54
11,0.0222222,1,41
11,0.025,1,44

13,0,1,100
13,0.00277778,1,100
13,0.00555556,1,80
13,0.00833333,1,55
13,0.0111111,1,48
13,0.0138889,1,40
13,0.0166667,1,51
13,0.0194444,1,39
13,0.0222222,1,55
13,0.025,1,53

15,0,1,100
15,0.00277778,1,100
15,0.00555556,1,84
15,0.00833333,1,68
15,0.0111111,1,46
15,0.0138889,1,48
15,0.0166667,1,45
15,0.0194444,1,48
15,0.0222222,1,45
15,0.025,1,57

17,0,1,100
17,0.00277778,1,100
17,0.00555556,1,78
17,0.00833333,1,58
17,0.0111111,1,57
17,0.0138889,1,45
17,0.0166667,1,49
17,0.0194444,1,53
17,0.0222222,1,48
17,0.025,1,55
total CPU time:980.06;total time:980139ms
srun: error: sh03-01n60: task 0: Exited with exit code 55
srun: launch/slurm: _step_signal: Terminating StepId=32153501.0
----------------------------------
id: 32153092
cpu per task 2
nodelist sh03-01n60
cluster name: sherlock
node list: sh03-01n60
node list: sh03-01n60
