hardware_concurrency32
Lmin:3;Lmax:17
Pmin:0;Pmax:0.025;nP10
Plmin:1;Plmax:1;nPl1
n:100seed:0;thread1

3,0,1,100
3,0.00277778,1,98
3,0.00555556,1,88
3,0.00833333,1,80
3,0.0111111,1,65
3,0.0138889,1,63
3,0.0166667,1,50
3,0.0194444,1,54
3,0.0222222,1,53
3,0.025,1,47

5,0,1,100
5,0.00277778,1,100
5,0.00555556,1,91
5,0.00833333,1,74
5,0.0111111,1,62
5,0.0138889,1,54
5,0.0166667,1,52
5,0.0194444,1,56
5,0.0222222,1,57
5,0.025,1,52

7,0,1,100
7,0.00277778,1,100
7,0.00555556,1,87
7,0.00833333,1,69
7,0.0111111,1,65
7,0.0138889,1,51
7,0.0166667,1,51
7,0.0194444,1,43
7,0.0222222,1,49
7,0.025,1,51

9,0,1,100
9,0.00277778,1,100
9,0.00555556,1,79
9,0.00833333,1,53
9,0.0111111,1,50
9,0.0138889,1,52
9,0.0166667,1,53
9,0.0194444,1,49
9,0.0222222,1,60
9,0.025,1,49

11,0,1,100
11,0.00277778,1,100
11,0.00555556,1,88
11,0.00833333,1,57
11,0.0111111,1,49
11,0.0138889,1,52
11,0.0166667,1,55
11,0.0194444,1,51
11,0.0222222,1,50
11,0.025,1,56

13,0,1,100
13,0.00277778,1,100
13,0.00555556,1,85
13,0.00833333,1,59
13,0.0111111,1,47
13,0.0138889,1,40
13,0.0166667,1,56
13,0.0194444,1,42
13,0.0222222,1,54
13,0.025,1,49

15,0,1,100
15,0.00277778,1,100
15,0.00555556,1,82
15,0.00833333,1,58
15,0.0111111,1,47
15,0.0138889,1,52
15,0.0166667,1,49
15,0.0194444,1,51
15,0.0222222,1,50
15,0.025,1,50

17,0,1,100
17,0.00277778,1,100
17,0.00555556,1,77
17,0.00833333,1,52
17,0.0111111,1,51
17,0.0138889,1,49
17,0.0166667,1,54
17,0.0194444,1,52
17,0.0222222,1,48
17,0.025,1,50
total CPU time:983.81;total time:984020ms
srun: error: sh03-01n38: task 0: Exited with exit code 50
srun: launch/slurm: _step_signal: Terminating StepId=32153482.0
----------------------------------
id: 32153092
cpu per task 2
nodelist sh03-01n38
cluster name: sherlock
node list: sh03-01n38
node list: sh03-01n38
