hardware_concurrency32
Lmin:3;Lmax:17
Pmin:0;Pmax:0.025;nP10
Plmin:1;Plmax:1;nPl1
n:100seed:0;thread1

3,0,1,100
3,0.00277778,1,100
3,0.00555556,1,100
3,0.00833333,1,100
3,0.0111111,1,100
3,0.0138889,1,100
3,0.0166667,1,99
3,0.0194444,1,99
3,0.0222222,1,98
3,0.025,1,93

5,0,1,100
5,0.00277778,1,100
5,0.00555556,1,100
5,0.00833333,1,100
5,0.0111111,1,100
5,0.0138889,1,100
5,0.0166667,1,100
5,0.0194444,1,100
5,0.0222222,1,97
5,0.025,1,98

7,0,1,100
7,0.00277778,1,100
7,0.00555556,1,100
7,0.00833333,1,100
7,0.0111111,1,100
7,0.0138889,1,100
7,0.0166667,1,100
7,0.0194444,1,100
7,0.0222222,1,97
7,0.025,1,94

9,0,1,100
9,0.00277778,1,100
9,0.00555556,1,100
9,0.00833333,1,100
9,0.0111111,1,100
9,0.0138889,1,100
9,0.0166667,1,100
9,0.0194444,1,100
9,0.0222222,1,97
9,0.025,1,96

11,0,1,100
11,0.00277778,1,100
11,0.00555556,1,100
11,0.00833333,1,100
11,0.0111111,1,100
11,0.0138889,1,100
11,0.0166667,1,100
11,0.0194444,1,100
11,0.0222222,1,99
11,0.025,1,94

13,0,1,100
13,0.00277778,1,100
13,0.00555556,1,100
13,0.00833333,1,100
13,0.0111111,1,100
13,0.0138889,1,100
13,0.0166667,1,100
13,0.0194444,1,100
13,0.0222222,1,98
13,0.025,1,93

15,0,1,100
15,0.00277778,1,100
15,0.00555556,1,100
15,0.00833333,1,100
15,0.0111111,1,100
15,0.0138889,1,100
15,0.0166667,1,100
15,0.0194444,1,100
15,0.0222222,1,99
15,0.025,1,91

17,0,1,100
17,0.00277778,1,100
17,0.00555556,1,100
17,0.00833333,1,100
17,0.0111111,1,100
17,0.0138889,1,100
17,0.0166667,1,100
17,0.0194444,1,99
17,0.0222222,1,98
17,0.025,1,89
total CPU time:14.01;total time:14016.4ms
srun: error: sh03-01n60: task 0: Exited with exit code 89
srun: launch/slurm: _step_signal: Terminating StepId=32152550.0
----------------------------------
id: 32152479
cpu per task 2
nodelist sh03-01n60
cluster name: sherlock
node list: sh03-01n60
node list: sh03-01n60
