hardware_concurrency32
Lmin:3;Lmax:17
Pmin:0;Pmax:0.025;nP10
Plmin:1;Plmax:1;nPl1
n:100seed:0;thread1

3,0,1,100
3,0.00277778,1,100
3,0.00555556,1,88
3,0.00833333,1,73
3,0.0111111,1,73
3,0.0138889,1,58
3,0.0166667,1,58
3,0.0194444,1,52
3,0.0222222,1,50
3,0.025,1,50

5,0,1,100
5,0.00277778,1,100
5,0.00555556,1,86
5,0.00833333,1,67
5,0.0111111,1,57
5,0.0138889,1,44
5,0.0166667,1,54
5,0.0194444,1,52
5,0.0222222,1,52
5,0.025,1,50

7,0,1,100
7,0.00277778,1,100
7,0.00555556,1,83
7,0.00833333,1,64
7,0.0111111,1,50
7,0.0138889,1,44
7,0.0166667,1,48
7,0.0194444,1,52
7,0.0222222,1,50
7,0.025,1,50

9,0,1,100
9,0.00277778,1,100
9,0.00555556,1,85
9,0.00833333,1,63
9,0.0111111,1,58
9,0.0138889,1,53
9,0.0166667,1,53
9,0.0194444,1,47
9,0.0222222,1,50
9,0.025,1,44

11,0,1,100
11,0.00277778,1,100
11,0.00555556,1,84
11,0.00833333,1,63
11,0.0111111,1,53
11,0.0138889,1,52
11,0.0166667,1,54
11,0.0194444,1,45
11,0.0222222,1,53
11,0.025,1,55

13,0,1,100
13,0.00277778,1,100
13,0.00555556,1,83
13,0.00833333,1,62
13,0.0111111,1,54
13,0.0138889,1,37
13,0.0166667,1,61
13,0.0194444,1,54
13,0.0222222,1,54
13,0.025,1,43

15,0,1,100
15,0.00277778,1,100
15,0.00555556,1,78
15,0.00833333,1,66
15,0.0111111,1,53
15,0.0138889,1,49
15,0.0166667,1,46
15,0.0194444,1,43
15,0.0222222,1,53
15,0.025,1,40

17,0,1,100
17,0.00277778,1,100
17,0.00555556,1,79
17,0.00833333,1,61
17,0.0111111,1,49
17,0.0138889,1,51
17,0.0166667,1,53
17,0.0194444,1,47
17,0.0222222,1,40
17,0.025,1,49
total CPU time:876.19;total time:876213ms
srun: error: sh03-01n41: task 0: Exited with exit code 49
srun: launch/slurm: _step_signal: Terminating StepId=32153492.0
----------------------------------
id: 32153092
cpu per task 2
nodelist sh03-01n41
cluster name: sherlock
node list: sh03-01n41
node list: sh03-01n41
