hardware_concurrency32
Lmin:3;Lmax:17
Pmin:0;Pmax:0.025;nP10
Plmin:1;Plmax:1;nPl1
n:100seed:0;thread1

3,0,1,100
3,0.00277778,1,100
3,0.00555556,1,96
3,0.00833333,1,78
3,0.0111111,1,60
3,0.0138889,1,58
3,0.0166667,1,50
3,0.0194444,1,53
3,0.0222222,1,58
3,0.025,1,56

5,0,1,100
5,0.00277778,1,99
5,0.00555556,1,89
5,0.00833333,1,69
5,0.0111111,1,63
5,0.0138889,1,59
5,0.0166667,1,50
5,0.0194444,1,50
5,0.0222222,1,50
5,0.025,1,45

7,0,1,100
7,0.00277778,1,100
7,0.00555556,1,80
7,0.00833333,1,68
7,0.0111111,1,56
7,0.0138889,1,35
7,0.0166667,1,48
7,0.0194444,1,46
7,0.0222222,1,53
7,0.025,1,53

9,0,1,100
9,0.00277778,1,100
9,0.00555556,1,85
9,0.00833333,1,60
9,0.0111111,1,52
9,0.0138889,1,43
9,0.0166667,1,55
9,0.0194444,1,51
9,0.0222222,1,55
9,0.025,1,51

11,0,1,100
11,0.00277778,1,100
11,0.00555556,1,86
11,0.00833333,1,61
11,0.0111111,1,43
11,0.0138889,1,47
11,0.0166667,1,54
11,0.0194444,1,47
11,0.0222222,1,46
11,0.025,1,49

13,0,1,100
13,0.00277778,1,100
13,0.00555556,1,78
13,0.00833333,1,58
13,0.0111111,1,48
13,0.0138889,1,45
13,0.0166667,1,50
13,0.0194444,1,37
13,0.0222222,1,44
13,0.025,1,53

15,0,1,100
15,0.00277778,1,100
15,0.00555556,1,82
15,0.00833333,1,61
15,0.0111111,1,45
15,0.0138889,1,47
15,0.0166667,1,48
15,0.0194444,1,44
15,0.0222222,1,41
15,0.025,1,57

17,0,1,100
17,0.00277778,1,100
17,0.00555556,1,82
17,0.00833333,1,66
17,0.0111111,1,48
17,0.0138889,1,60
17,0.0166667,1,53
17,0.0194444,1,55
17,0.0222222,1,45
17,0.025,1,54
total CPU time:942.34;total time:942478ms
srun: error: sh03-01n07: task 0: Exited with exit code 54
srun: launch/slurm: _step_signal: Terminating StepId=32153109.0
----------------------------------
id: 32153092
cpu per task 2
nodelist sh03-01n07
cluster name: sherlock
node list: sh03-01n07
node list: sh03-01n07
