hardware_concurrency32
Lmin:3;Lmax:17
Pmin:0;Pmax:0.025;nP10
Plmin:1;Plmax:1;nPl1
n:100seed:0;thread1

3,0,1,100
3,0.00277778,1,100
3,0.00555556,1,89
3,0.00833333,1,76
3,0.0111111,1,66
3,0.0138889,1,60
3,0.0166667,1,51
3,0.0194444,1,61
3,0.0222222,1,46
3,0.025,1,41

5,0,1,100
5,0.00277778,1,100
5,0.00555556,1,88
5,0.00833333,1,67
5,0.0111111,1,64
5,0.0138889,1,46
5,0.0166667,1,49
5,0.0194444,1,47
5,0.0222222,1,49
5,0.025,1,55

7,0,1,100
7,0.00277778,1,100
7,0.00555556,1,91
7,0.00833333,1,61
7,0.0111111,1,52
7,0.0138889,1,55
7,0.0166667,1,44
7,0.0194444,1,45
7,0.0222222,1,53
7,0.025,1,58

9,0,1,100
9,0.00277778,1,100
9,0.00555556,1,82
9,0.00833333,1,59
9,0.0111111,1,59
9,0.0138889,1,51
9,0.0166667,1,49
9,0.0194444,1,51
9,0.0222222,1,44
9,0.025,1,50

11,0,1,100
11,0.00277778,1,100
11,0.00555556,1,84
11,0.00833333,1,70
11,0.0111111,1,59
11,0.0138889,1,48
11,0.0166667,1,55
11,0.0194444,1,40
11,0.0222222,1,40
11,0.025,1,53

13,0,1,100
13,0.00277778,1,100
13,0.00555556,1,88
13,0.00833333,1,66
13,0.0111111,1,52
13,0.0138889,1,51
13,0.0166667,1,46
13,0.0194444,1,49
13,0.0222222,1,47
13,0.025,1,48

15,0,1,100
15,0.00277778,1,100
15,0.00555556,1,79
15,0.00833333,1,53
15,0.0111111,1,47
15,0.0138889,1,49
15,0.0166667,1,41
15,0.0194444,1,46
15,0.0222222,1,48
15,0.025,1,60

17,0,1,100
17,0.00277778,1,100
17,0.00555556,1,81
17,0.00833333,1,73
17,0.0111111,1,53
17,0.0138889,1,50
17,0.0166667,1,50
17,0.0194444,1,46
17,0.0222222,1,42
17,0.025,1,51
total CPU time:942.14;total time:942159ms
srun: error: sh03-01n08: task 0: Exited with exit code 51
srun: launch/slurm: _step_signal: Terminating StepId=32153428.0
----------------------------------
id: 32153092
cpu per task 2
nodelist sh03-01n08
cluster name: sherlock
node list: sh03-01n08
node list: sh03-01n08
