hardware_concurrency20
SLURM_CPUS_PER_TASK:2
Lmin:3;Lmax:13
Pmin:0.004;Pmax:0.008;nP10
Plmin:0.05;Plmax:0.05;nPl1
n:500seed:0;thread1

3,0.004,0.05,466
3,0.00444444,0.05,451
3,0.00488889,0.05,454
3,0.00533333,0.05,448
3,0.00577778,0.05,450
3,0.00622222,0.05,439
3,0.00666667,0.05,420
3,0.00711111,0.05,428
3,0.00755556,0.05,428
3,0.008,0.05,410

5,0.004,0.05,463
5,0.00444444,0.05,457
5,0.00488889,0.05,436
5,0.00533333,0.05,451
5,0.00577778,0.05,426
5,0.00622222,0.05,419
5,0.00666667,0.05,395
5,0.00711111,0.05,396
5,0.00755556,0.05,407
5,0.008,0.05,380

7,0.004,0.05,475
7,0.00444444,0.05,474
7,0.00488889,0.05,449
7,0.00533333,0.05,446
7,0.00577778,0.05,416
7,0.00622222,0.05,401
7,0.00666667,0.05,393
7,0.00711111,0.05,370
7,0.00755556,0.05,356
7,0.008,0.05,343

9,0.004,0.05,478
9,0.00444444,0.05,459
9,0.00488889,0.05,431
9,0.00533333,0.05,434
9,0.00577778,0.05,405
9,0.00622222,0.05,381
9,0.00666667,0.05,354
9,0.00711111,0.05,357
9,0.00755556,0.05,311
9,0.008,0.05,305

11,0.004,0.05,475
11,0.00444444,0.05,449
11,0.00488889,0.05,444
11,0.00533333,0.05,416
11,0.00577778,0.05,389
11,0.00622222,0.05,370
11,0.00666667,0.05,348
11,0.00711111,0.05,331
11,0.00755556,0.05,301
11,0.008,0.05,277

13,0.004,0.05,468
13,0.00444444,0.05,446
13,0.00488889,0.05,429
13,0.00533333,0.05,378
13,0.00577778,0.05,371
13,0.00622222,0.05,361
13,0.00666667,0.05,313
13,0.00711111,0.05,289
13,0.00755556,0.05,273
13,0.008,0.05,270
total CPU time:178.6;total time:89834.8ms
----------------------------------
id: 28566266
cpu per task 2
nodelist sh02-01n24
cluster name: sherlock
node list: sh02-01n24
node list: sh02-01n24
