L,p_error,num_success
3,0,0,100
3,0.00173684,0,100
3,0.00347368,0,100
3,0.00521053,0,99
3,0.00694737,0,100
3,0.00868421,0,100
3,0.0104211,0,100
3,0.0121579,0,98
3,0.0138947,0,99
3,0.0156316,0,99
3,0.0173684,0,99
3,0.0191053,0,96
3,0.0208421,0,93
3,0.0225789,0,96
3,0.0243158,0,93
3,0.0260526,0,96
3,0.0277895,0,94
3,0.0295263,0,91
3,0.0312632,0,95
3,0.033,0,86
5,0,0,100
5,0.00173684,0,100
5,0.00347368,0,100
5,0.00521053,0,100
5,0.00694737,0,100
5,0.00868421,0,100
5,0.0104211,0,100
5,0.0121579,0,100
5,0.0138947,0,99
5,0.0156316,0,97
5,0.0173684,0,99
5,0.0191053,0,97
5,0.0208421,0,97
5,0.0225789,0,97
5,0.0243158,0,95
5,0.0260526,0,95
5,0.0277895,0,95
5,0.0295263,0,93
5,0.0312632,0,91
5,0.033,0,90
7,0,0,100
7,0.00173684,0,100
7,0.00347368,0,100
7,0.00521053,0,100
7,0.00694737,0,100
7,0.00868421,0,100
7,0.0104211,0,100
7,0.0121579,0,100
7,0.0138947,0,100
7,0.0156316,0,100
7,0.0173684,0,99
7,0.0191053,0,99
7,0.0208421,0,97
7,0.0225789,0,94
7,0.0243158,0,96
7,0.0260526,0,93
7,0.0277895,0,92
7,0.0295263,0,90
7,0.0312632,0,93
7,0.033,0,94
9,0,0,100
9,0.00173684,0,100
9,0.00347368,0,100
9,0.00521053,0,100
9,0.00694737,0,100
9,0.00868421,0,100
9,0.0104211,0,100
9,0.0121579,0,100
9,0.0138947,0,100
9,0.0156316,0,100
9,0.0173684,0,99
9,0.0191053,0,99
9,0.0208421,0,99
9,0.0225789,0,99
9,0.0243158,0,94
9,0.0260526,0,93
9,0.0277895,0,92
9,0.0295263,0,94
9,0.0312632,0,89
9,0.033,0,91
11,0,0,100
11,0.00173684,0,100
11,0.00347368,0,100
11,0.00521053,0,100
11,0.00694737,0,100
11,0.00868421,0,100
11,0.0104211,0,100
11,0.0121579,0,100
11,0.0138947,0,100
11,0.0156316,0,100
11,0.0173684,0,100
11,0.0191053,0,100
11,0.0208421,0,99
11,0.0225789,0,97
11,0.0243158,0,99
11,0.0260526,0,96
11,0.0277895,0,96
11,0.0295263,0,95
11,0.0312632,0,87
11,0.033,0,85
13,0,0,100
13,0.00173684,0,100
13,0.00347368,0,100
13,0.00521053,0,100
13,0.00694737,0,100
13,0.00868421,0,100
13,0.0104211,0,100
13,0.0121579,0,100
13,0.0138947,0,100
13,0.0156316,0,100
13,0.0173684,0,100
13,0.0191053,0,100
13,0.0208421,0,100
13,0.0225789,0,100
13,0.0243158,0,96
13,0.0260526,0,99
13,0.0277895,0,98
13,0.0295263,0,96
13,0.0312632,0,93
13,0.033,0,85
15,0,0,100
15,0.00173684,0,100
15,0.00347368,0,100
15,0.00521053,0,100
15,0.00694737,0,100
15,0.00868421,0,100
15,0.0104211,0,100
15,0.0121579,0,100
15,0.0138947,0,100
15,0.0156316,0,100
15,0.0173684,0,100
15,0.0191053,0,100
15,0.0208421,0,100
15,0.0225789,0,99
15,0.0243158,0,98
15,0.0260526,0,98
15,0.0277895,0,98
15,0.0295263,0,95
15,0.0312632,0,88
15,0.033,0,78
17,0,0,100
17,0.00173684,0,100
17,0.00347368,0,100
17,0.00521053,0,100
17,0.00694737,0,100
17,0.00868421,0,100
17,0.0104211,0,100
17,0.0121579,0,100
17,0.0138947,0,100
17,0.0156316,0,100
17,0.0173684,0,100
17,0.0191053,0,100
17,0.0208421,0,99
17,0.0225789,0,100
17,0.0243158,0,98
17,0.0260526,0,97
17,0.0277895,0,95
17,0.0295263,0,93
17,0.0312632,0,83
17,0.033,0,71
3,0,0.0131579,100
3,0.00173684,0.0131579,100
3,0.00347368,0.0131579,100
3,0.00521053,0.0131579,100
3,0.00694737,0.0131579,97
3,0.00868421,0.0131579,98
3,0.0104211,0.0131579,100
3,0.0121579,0.0131579,100
3,0.0138947,0.0131579,96
3,0.0156316,0.0131579,96
3,0.0173684,0.0131579,94
3,0.0191053,0.0131579,93
3,0.0208421,0.0131579,90
3,0.0225789,0.0131579,98
3,0.0243158,0.0131579,93
3,0.0260526,0.0131579,91
3,0.0277895,0.0131579,88
3,0.0295263,0.0131579,90
3,0.0312632,0.0131579,94
3,0.033,0.0131579,91
5,0,0.0131579,100
5,0.00173684,0.0131579,100
5,0.00347368,0.0131579,99
5,0.00521053,0.0131579,100
5,0.00694737,0.0131579,100
5,0.00868421,0.0131579,100
5,0.0104211,0.0131579,100
5,0.0121579,0.0131579,99
5,0.0138947,0.0131579,99
5,0.0156316,0.0131579,98
5,0.0173684,0.0131579,100
5,0.0191053,0.0131579,98
5,0.0208421,0.0131579,97
5,0.0225789,0.0131579,95
5,0.0243158,0.0131579,93
5,0.0260526,0.0131579,95
5,0.0277895,0.0131579,93
5,0.0295263,0.0131579,91
5,0.0312632,0.0131579,89
5,0.033,0.0131579,86
7,0,0.0131579,100
7,0.00173684,0.0131579,100
7,0.00347368,0.0131579,100
7,0.00521053,0.0131579,100
7,0.00694737,0.0131579,100
7,0.00868421,0.0131579,100
7,0.0104211,0.0131579,99
7,0.0121579,0.0131579,98
7,0.0138947,0.0131579,99
7,0.0156316,0.0131579,100
7,0.0173684,0.0131579,97
7,0.0191053,0.0131579,97
7,0.0208421,0.0131579,98
7,0.0225789,0.0131579,97
7,0.0243158,0.0131579,96
7,0.0260526,0.0131579,95
7,0.0277895,0.0131579,95
7,0.0295263,0.0131579,89
7,0.0312632,0.0131579,89
7,0.033,0.0131579,81
9,0,0.0131579,100
9,0.00173684,0.0131579,100
9,0.00347368,0.0131579,100
9,0.00521053,0.0131579,100
9,0.00694737,0.0131579,100
9,0.00868421,0.0131579,100
9,0.0104211,0.0131579,100
9,0.0121579,0.0131579,100
9,0.0138947,0.0131579,100
9,0.0156316,0.0131579,99
9,0.0173684,0.0131579,100
9,0.0191053,0.0131579,99
9,0.0208421,0.0131579,96
9,0.0225789,0.0131579,99
9,0.0243158,0.0131579,95
9,0.0260526,0.0131579,95
9,0.0277895,0.0131579,90
9,0.0295263,0.0131579,87
9,0.0312632,0.0131579,91
9,0.033,0.0131579,82
11,0,0.0131579,100
11,0.00173684,0.0131579,100
11,0.00347368,0.0131579,100
11,0.00521053,0.0131579,100
11,0.00694737,0.0131579,100
11,0.00868421,0.0131579,100
11,0.0104211,0.0131579,100
11,0.0121579,0.0131579,100
11,0.0138947,0.0131579,100
11,0.0156316,0.0131579,100
11,0.0173684,0.0131579,100
11,0.0191053,0.0131579,100
11,0.0208421,0.0131579,98
11,0.0225789,0.0131579,99
11,0.0243158,0.0131579,97
11,0.0260526,0.0131579,94
11,0.0277895,0.0131579,94
11,0.0295263,0.0131579,91
11,0.0312632,0.0131579,88
11,0.033,0.0131579,85
13,0,0.0131579,100
13,0.00173684,0.0131579,100
13,0.00347368,0.0131579,100
13,0.00521053,0.0131579,100
13,0.00694737,0.0131579,100
13,0.00868421,0.0131579,100
13,0.0104211,0.0131579,100
13,0.0121579,0.0131579,100
13,0.0138947,0.0131579,100
13,0.0156316,0.0131579,100
13,0.0173684,0.0131579,99
13,0.0191053,0.0131579,100
13,0.0208421,0.0131579,100
13,0.0225789,0.0131579,98
13,0.0243158,0.0131579,98
13,0.0260526,0.0131579,97
13,0.0277895,0.0131579,93
13,0.0295263,0.0131579,81
13,0.0312632,0.0131579,88
13,0.033,0.0131579,79
15,0,0.0131579,100
15,0.00173684,0.0131579,100
15,0.00347368,0.0131579,100
15,0.00521053,0.0131579,100
15,0.00694737,0.0131579,100
15,0.00868421,0.0131579,100
15,0.0104211,0.0131579,100
15,0.0121579,0.0131579,100
15,0.0138947,0.0131579,100
15,0.0156316,0.0131579,100
15,0.0173684,0.0131579,100
15,0.0191053,0.0131579,99
15,0.0208421,0.0131579,100
15,0.0225789,0.0131579,99
15,0.0243158,0.0131579,96
15,0.0260526,0.0131579,95
15,0.0277895,0.0131579,94
15,0.0295263,0.0131579,87
15,0.0312632,0.0131579,81
15,0.033,0.0131579,81
17,0,0.0131579,100
17,0.00173684,0.0131579,100
17,0.00347368,0.0131579,100
17,0.00521053,0.0131579,100
17,0.00694737,0.0131579,100
17,0.00868421,0.0131579,100
17,0.0104211,0.0131579,100
17,0.0121579,0.0131579,100
17,0.0138947,0.0131579,100
17,0.0156316,0.0131579,100
17,0.0173684,0.0131579,100
17,0.0191053,0.0131579,100
17,0.0208421,0.0131579,100
17,0.0225789,0.0131579,100
17,0.0243158,0.0131579,98
17,0.0260526,0.0131579,95
17,0.0277895,0.0131579,88
17,0.0295263,0.0131579,84
17,0.0312632,0.0131579,85
17,0.033,0.0131579,68
3,0,0.0263158,100
3,0.00173684,0.0263158,100
3,0.00347368,0.0263158,98
3,0.00521053,0.0263158,100
3,0.00694737,0.0263158,100
3,0.00868421,0.0263158,99
3,0.0104211,0.0263158,97
3,0.0121579,0.0263158,98
3,0.0138947,0.0263158,95
3,0.0156316,0.0263158,98
3,0.0173684,0.0263158,93
3,0.0191053,0.0263158,95
3,0.0208421,0.0263158,93
3,0.0225789,0.0263158,95
3,0.0243158,0.0263158,95
3,0.0260526,0.0263158,93
3,0.0277895,0.0263158,88
3,0.0295263,0.0263158,92
3,0.0312632,0.0263158,92
3,0.033,0.0263158,89
5,0,0.0263158,100
5,0.00173684,0.0263158,100
5,0.00347368,0.0263158,100
5,0.00521053,0.0263158,100
5,0.00694737,0.0263158,99
5,0.00868421,0.0263158,100
5,0.0104211,0.0263158,99
5,0.0121579,0.0263158,99
5,0.0138947,0.0263158,99
5,0.0156316,0.0263158,97
5,0.0173684,0.0263158,95
5,0.0191053,0.0263158,99
5,0.0208421,0.0263158,95
5,0.0225789,0.0263158,92
5,0.0243158,0.0263158,93
5,0.0260526,0.0263158,89
5,0.0277895,0.0263158,91
5,0.0295263,0.0263158,87
5,0.0312632,0.0263158,88
5,0.033,0.0263158,84
7,0,0.0263158,100
7,0.00173684,0.0263158,100
7,0.00347368,0.0263158,100
7,0.00521053,0.0263158,100
7,0.00694737,0.0263158,100
7,0.00868421,0.0263158,100
7,0.0104211,0.0263158,100
7,0.0121579,0.0263158,99
7,0.0138947,0.0263158,100
7,0.0156316,0.0263158,98
7,0.0173684,0.0263158,98
7,0.0191053,0.0263158,96
7,0.0208421,0.0263158,99
7,0.0225789,0.0263158,96
7,0.0243158,0.0263158,93
7,0.0260526,0.0263158,93
7,0.0277895,0.0263158,88
7,0.0295263,0.0263158,88
7,0.0312632,0.0263158,83
7,0.033,0.0263158,91
9,0,0.0263158,100
9,0.00173684,0.0263158,100
9,0.00347368,0.0263158,100
9,0.00521053,0.0263158,100
9,0.00694737,0.0263158,100
9,0.00868421,0.0263158,100
9,0.0104211,0.0263158,100
9,0.0121579,0.0263158,100
9,0.0138947,0.0263158,100
9,0.0156316,0.0263158,100
9,0.0173684,0.0263158,100
9,0.0191053,0.0263158,99
9,0.0208421,0.0263158,99
9,0.0225789,0.0263158,94
9,0.0243158,0.0263158,92
9,0.0260526,0.0263158,88
9,0.0277895,0.0263158,87
9,0.0295263,0.0263158,80
9,0.0312632,0.0263158,86
9,0.033,0.0263158,86
11,0,0.0263158,100
11,0.00173684,0.0263158,100
11,0.00347368,0.0263158,100
11,0.00521053,0.0263158,100
11,0.00694737,0.0263158,100
11,0.00868421,0.0263158,100
11,0.0104211,0.0263158,100
11,0.0121579,0.0263158,100
11,0.0138947,0.0263158,100
11,0.0156316,0.0263158,99
11,0.0173684,0.0263158,99
11,0.0191053,0.0263158,100
11,0.0208421,0.0263158,99
11,0.0225789,0.0263158,95
11,0.0243158,0.0263158,97
11,0.0260526,0.0263158,95
11,0.0277895,0.0263158,89
11,0.0295263,0.0263158,87
11,0.0312632,0.0263158,81
11,0.033,0.0263158,78
13,0,0.0263158,100
13,0.00173684,0.0263158,100
13,0.00347368,0.0263158,100
13,0.00521053,0.0263158,100
13,0.00694737,0.0263158,100
13,0.00868421,0.0263158,100
13,0.0104211,0.0263158,100
13,0.0121579,0.0263158,100
13,0.0138947,0.0263158,100
13,0.0156316,0.0263158,100
13,0.0173684,0.0263158,100
13,0.0191053,0.0263158,100
13,0.0208421,0.0263158,99
13,0.0225789,0.0263158,95
13,0.0243158,0.0263158,93
13,0.0260526,0.0263158,93
13,0.0277895,0.0263158,85
13,0.0295263,0.0263158,88
13,0.0312632,0.0263158,73
13,0.033,0.0263158,76
15,0,0.0263158,100
15,0.00173684,0.0263158,100
15,0.00347368,0.0263158,100
15,0.00521053,0.0263158,100
15,0.00694737,0.0263158,100
15,0.00868421,0.0263158,100
15,0.0104211,0.0263158,100
15,0.0121579,0.0263158,100
15,0.0138947,0.0263158,100
15,0.0156316,0.0263158,100
15,0.0173684,0.0263158,100
15,0.0191053,0.0263158,100
15,0.0208421,0.0263158,96
15,0.0225789,0.0263158,96
15,0.0243158,0.0263158,96
15,0.0260526,0.0263158,96
15,0.0277895,0.0263158,83
15,0.0295263,0.0263158,78
15,0.0312632,0.0263158,73
15,0.033,0.0263158,65
17,0,0.0263158,100
17,0.00173684,0.0263158,100
17,0.00347368,0.0263158,100
17,0.00521053,0.0263158,100
17,0.00694737,0.0263158,100
17,0.00868421,0.0263158,100
17,0.0104211,0.0263158,100
17,0.0121579,0.0263158,100
17,0.0138947,0.0263158,100
17,0.0156316,0.0263158,100
17,0.0173684,0.0263158,99
17,0.0191053,0.0263158,98
17,0.0208421,0.0263158,96
17,0.0225789,0.0263158,98
17,0.0243158,0.0263158,95
17,0.0260526,0.0263158,90
17,0.0277895,0.0263158,86
17,0.0295263,0.0263158,75
17,0.0312632,0.0263158,65
17,0.033,0.0263158,63
3,0,0.0394737,100
3,0.00173684,0.0394737,100
3,0.00347368,0.0394737,98
3,0.00521053,0.0394737,99
3,0.00694737,0.0394737,99
3,0.00868421,0.0394737,95
3,0.0104211,0.0394737,97
3,0.0121579,0.0394737,90
3,0.0138947,0.0394737,96
3,0.0156316,0.0394737,99
3,0.0173684,0.0394737,97
3,0.0191053,0.0394737,95
3,0.0208421,0.0394737,97
3,0.0225789,0.0394737,93
3,0.0243158,0.0394737,94
3,0.0260526,0.0394737,90
3,0.0277895,0.0394737,88
3,0.0295263,0.0394737,87
3,0.0312632,0.0394737,83
3,0.033,0.0394737,88
5,0,0.0394737,100
5,0.00173684,0.0394737,100
5,0.00347368,0.0394737,100
5,0.00521053,0.0394737,100
5,0.00694737,0.0394737,99
5,0.00868421,0.0394737,99
5,0.0104211,0.0394737,99
5,0.0121579,0.0394737,99
5,0.0138947,0.0394737,98
5,0.0156316,0.0394737,97
5,0.0173684,0.0394737,94
5,0.0191053,0.0394737,96
5,0.0208421,0.0394737,94
5,0.0225789,0.0394737,94
5,0.0243158,0.0394737,95
5,0.0260526,0.0394737,90
5,0.0277895,0.0394737,87
5,0.0295263,0.0394737,89
5,0.0312632,0.0394737,87
5,0.033,0.0394737,86
7,0,0.0394737,100
7,0.00173684,0.0394737,100
7,0.00347368,0.0394737,100
7,0.00521053,0.0394737,100
7,0.00694737,0.0394737,100
7,0.00868421,0.0394737,100
7,0.0104211,0.0394737,100
7,0.0121579,0.0394737,99
7,0.0138947,0.0394737,99
7,0.0156316,0.0394737,100
7,0.0173684,0.0394737,99
7,0.0191053,0.0394737,96
7,0.0208421,0.0394737,91
7,0.0225789,0.0394737,89
7,0.0243158,0.0394737,87
7,0.0260526,0.0394737,92
7,0.0277895,0.0394737,86
7,0.0295263,0.0394737,88
7,0.0312632,0.0394737,84
7,0.033,0.0394737,79
9,0,0.0394737,100
9,0.00173684,0.0394737,100
9,0.00347368,0.0394737,100
9,0.00521053,0.0394737,100
9,0.00694737,0.0394737,100
9,0.00868421,0.0394737,100
9,0.0104211,0.0394737,100
9,0.0121579,0.0394737,100
9,0.0138947,0.0394737,100
9,0.0156316,0.0394737,100
9,0.0173684,0.0394737,96
9,0.0191053,0.0394737,96
9,0.0208421,0.0394737,93
9,0.0225789,0.0394737,96
9,0.0243158,0.0394737,96
9,0.0260526,0.0394737,90
9,0.0277895,0.0394737,85
9,0.0295263,0.0394737,85
9,0.0312632,0.0394737,76
9,0.033,0.0394737,75
11,0,0.0394737,100
11,0.00173684,0.0394737,100
11,0.00347368,0.0394737,100
11,0.00521053,0.0394737,100
11,0.00694737,0.0394737,100
11,0.00868421,0.0394737,100
11,0.0104211,0.0394737,100
11,0.0121579,0.0394737,100
11,0.0138947,0.0394737,100
11,0.0156316,0.0394737,99
11,0.0173684,0.0394737,98
11,0.0191053,0.0394737,98
11,0.0208421,0.0394737,99
11,0.0225789,0.0394737,95
11,0.0243158,0.0394737,88
11,0.0260526,0.0394737,88
11,0.0277895,0.0394737,74
11,0.0295263,0.0394737,81
11,0.0312632,0.0394737,82
11,0.033,0.0394737,72
13,0,0.0394737,100
13,0.00173684,0.0394737,100
13,0.00347368,0.0394737,100
13,0.00521053,0.0394737,100
13,0.00694737,0.0394737,100
13,0.00868421,0.0394737,100
13,0.0104211,0.0394737,100
13,0.0121579,0.0394737,100
13,0.0138947,0.0394737,99
13,0.0156316,0.0394737,100
13,0.0173684,0.0394737,99
13,0.0191053,0.0394737,97
13,0.0208421,0.0394737,98
13,0.0225789,0.0394737,91
13,0.0243158,0.0394737,90
13,0.0260526,0.0394737,88
13,0.0277895,0.0394737,83
13,0.0295263,0.0394737,77
13,0.0312632,0.0394737,74
13,0.033,0.0394737,62
15,0,0.0394737,100
15,0.00173684,0.0394737,100
15,0.00347368,0.0394737,100
15,0.00521053,0.0394737,100
15,0.00694737,0.0394737,100
15,0.00868421,0.0394737,100
15,0.0104211,0.0394737,100
15,0.0121579,0.0394737,100
15,0.0138947,0.0394737,99
15,0.0156316,0.0394737,100
15,0.0173684,0.0394737,97
15,0.0191053,0.0394737,99
15,0.0208421,0.0394737,94
15,0.0225789,0.0394737,94
15,0.0243158,0.0394737,91
15,0.0260526,0.0394737,84
15,0.0277895,0.0394737,85
15,0.0295263,0.0394737,73
15,0.0312632,0.0394737,68
15,0.033,0.0394737,59
17,0,0.0394737,100
17,0.00173684,0.0394737,100
17,0.00347368,0.0394737,100
17,0.00521053,0.0394737,100
17,0.00694737,0.0394737,100
17,0.00868421,0.0394737,100
17,0.0104211,0.0394737,100
17,0.0121579,0.0394737,100
17,0.0138947,0.0394737,99
17,0.0156316,0.0394737,99
17,0.0173684,0.0394737,100
17,0.0191053,0.0394737,99
17,0.0208421,0.0394737,94
17,0.0225789,0.0394737,90
17,0.0243158,0.0394737,91
17,0.0260526,0.0394737,85
17,0.0277895,0.0394737,79
17,0.0295263,0.0394737,70
17,0.0312632,0.0394737,64
17,0.033,0.0394737,64
3,0,0.0526316,100
3,0.00173684,0.0526316,100
3,0.00347368,0.0526316,99
3,0.00521053,0.0526316,100
3,0.00694737,0.0526316,96
3,0.00868421,0.0526316,97
3,0.0104211,0.0526316,97
3,0.0121579,0.0526316,96
3,0.0138947,0.0526316,96
3,0.0156316,0.0526316,95
3,0.0173684,0.0526316,95
3,0.0191053,0.0526316,95
3,0.0208421,0.0526316,86
3,0.0225789,0.0526316,91
3,0.0243158,0.0526316,88
3,0.0260526,0.0526316,91
3,0.0277895,0.0526316,89
3,0.0295263,0.0526316,84
3,0.0312632,0.0526316,87
3,0.033,0.0526316,84
5,0,0.0526316,100
5,0.00173684,0.0526316,100
5,0.00347368,0.0526316,100
5,0.00521053,0.0526316,99
5,0.00694737,0.0526316,99
5,0.00868421,0.0526316,97
5,0.0104211,0.0526316,98
5,0.0121579,0.0526316,98
5,0.0138947,0.0526316,97
5,0.0156316,0.0526316,98
5,0.0173684,0.0526316,98
5,0.0191053,0.0526316,94
5,0.0208421,0.0526316,92
5,0.0225789,0.0526316,95
5,0.0243158,0.0526316,81
5,0.0260526,0.0526316,93
5,0.0277895,0.0526316,85
5,0.0295263,0.0526316,91
5,0.0312632,0.0526316,83
5,0.033,0.0526316,80
7,0,0.0526316,100
7,0.00173684,0.0526316,100
7,0.00347368,0.0526316,100
7,0.00521053,0.0526316,98
7,0.00694737,0.0526316,100
7,0.00868421,0.0526316,100
7,0.0104211,0.0526316,97
7,0.0121579,0.0526316,97
7,0.0138947,0.0526316,96
7,0.0156316,0.0526316,94
7,0.0173684,0.0526316,97
7,0.0191053,0.0526316,95
7,0.0208421,0.0526316,94
7,0.0225789,0.0526316,92
7,0.0243158,0.0526316,87
7,0.0260526,0.0526316,90
7,0.0277895,0.0526316,82
7,0.0295263,0.0526316,82
7,0.0312632,0.0526316,74
7,0.033,0.0526316,74
9,0,0.0526316,100
9,0.00173684,0.0526316,100
9,0.00347368,0.0526316,100
9,0.00521053,0.0526316,100
9,0.00694737,0.0526316,100
9,0.00868421,0.0526316,100
9,0.0104211,0.0526316,100
9,0.0121579,0.0526316,99
9,0.0138947,0.0526316,97
9,0.0156316,0.0526316,99
9,0.0173684,0.0526316,94
9,0.0191053,0.0526316,90
9,0.0208421,0.0526316,96
9,0.0225789,0.0526316,92
9,0.0243158,0.0526316,86
9,0.0260526,0.0526316,84
9,0.0277895,0.0526316,78
9,0.0295263,0.0526316,79
9,0.0312632,0.0526316,69
9,0.033,0.0526316,70
11,0,0.0526316,100
11,0.00173684,0.0526316,100
11,0.00347368,0.0526316,100
11,0.00521053,0.0526316,100
11,0.00694737,0.0526316,100
11,0.00868421,0.0526316,100
11,0.0104211,0.0526316,100
11,0.0121579,0.0526316,100
11,0.0138947,0.0526316,99
11,0.0156316,0.0526316,99
11,0.0173684,0.0526316,100
11,0.0191053,0.0526316,98
11,0.0208421,0.0526316,97
11,0.0225789,0.0526316,92
11,0.0243158,0.0526316,87
11,0.0260526,0.0526316,78
11,0.0277895,0.0526316,86
11,0.0295263,0.0526316,75
11,0.0312632,0.0526316,77
11,0.033,0.0526316,74
13,0,0.0526316,100
13,0.00173684,0.0526316,100
13,0.00347368,0.0526316,100
13,0.00521053,0.0526316,100
13,0.00694737,0.0526316,100
13,0.00868421,0.0526316,100
13,0.0104211,0.0526316,100
13,0.0121579,0.0526316,100
13,0.0138947,0.0526316,99
13,0.0156316,0.0526316,98
13,0.0173684,0.0526316,99
13,0.0191053,0.0526316,97
13,0.0208421,0.0526316,90
13,0.0225789,0.0526316,93
13,0.0243158,0.0526316,79
13,0.0260526,0.0526316,73
13,0.0277895,0.0526316,81
13,0.0295263,0.0526316,74
13,0.0312632,0.0526316,67
13,0.033,0.0526316,65
15,0,0.0526316,100
15,0.00173684,0.0526316,100
15,0.00347368,0.0526316,100
15,0.00521053,0.0526316,100
15,0.00694737,0.0526316,100
15,0.00868421,0.0526316,100
15,0.0104211,0.0526316,100
15,0.0121579,0.0526316,100
15,0.0138947,0.0526316,100
15,0.0156316,0.0526316,100
15,0.0173684,0.0526316,98
15,0.0191053,0.0526316,99
15,0.0208421,0.0526316,96
15,0.0225789,0.0526316,91
15,0.0243158,0.0526316,81
15,0.0260526,0.0526316,72
15,0.0277895,0.0526316,72
15,0.0295263,0.0526316,73
15,0.0312632,0.0526316,67
15,0.033,0.0526316,66
17,0,0.0526316,100
17,0.00173684,0.0526316,100
17,0.00347368,0.0526316,100
17,0.00521053,0.0526316,100
17,0.00694737,0.0526316,100
17,0.00868421,0.0526316,100
17,0.0104211,0.0526316,100
17,0.0121579,0.0526316,100
17,0.0138947,0.0526316,100
17,0.0156316,0.0526316,99
17,0.0173684,0.0526316,99
17,0.0191053,0.0526316,95
17,0.0208421,0.0526316,96
17,0.0225789,0.0526316,88
17,0.0243158,0.0526316,81
17,0.0260526,0.0526316,75
17,0.0277895,0.0526316,66
17,0.0295263,0.0526316,64
17,0.0312632,0.0526316,57
17,0.033,0.0526316,48
3,0,0.0657895,99
3,0.00173684,0.0657895,100
3,0.00347368,0.0657895,100
3,0.00521053,0.0657895,98
3,0.00694737,0.0657895,97
3,0.00868421,0.0657895,99
3,0.0104211,0.0657895,93
3,0.0121579,0.0657895,92
3,0.0138947,0.0657895,98
3,0.0156316,0.0657895,94
3,0.0173684,0.0657895,95
3,0.0191053,0.0657895,91
3,0.0208421,0.0657895,86
3,0.0225789,0.0657895,90
3,0.0243158,0.0657895,92
3,0.0260526,0.0657895,85
3,0.0277895,0.0657895,90
3,0.0295263,0.0657895,85
3,0.0312632,0.0657895,80
3,0.033,0.0657895,82
5,0,0.0657895,100
5,0.00173684,0.0657895,100
5,0.00347368,0.0657895,100
5,0.00521053,0.0657895,100
5,0.00694737,0.0657895,99
5,0.00868421,0.0657895,98
5,0.0104211,0.0657895,97
5,0.0121579,0.0657895,98
5,0.0138947,0.0657895,95
5,0.0156316,0.0657895,93
5,0.0173684,0.0657895,91
5,0.0191053,0.0657895,94
5,0.0208421,0.0657895,88
5,0.0225789,0.0657895,92
5,0.0243158,0.0657895,90
5,0.0260526,0.0657895,92
5,0.0277895,0.0657895,81
5,0.0295263,0.0657895,87
5,0.0312632,0.0657895,76
5,0.033,0.0657895,84
7,0,0.0657895,100
7,0.00173684,0.0657895,100
7,0.00347368,0.0657895,100
7,0.00521053,0.0657895,99
7,0.00694737,0.0657895,100
7,0.00868421,0.0657895,100
7,0.0104211,0.0657895,100
7,0.0121579,0.0657895,97
7,0.0138947,0.0657895,98
7,0.0156316,0.0657895,98
7,0.0173684,0.0657895,95
7,0.0191053,0.0657895,92
7,0.0208421,0.0657895,93
7,0.0225789,0.0657895,88
7,0.0243158,0.0657895,90
7,0.0260526,0.0657895,80
7,0.0277895,0.0657895,79
7,0.0295263,0.0657895,78
7,0.0312632,0.0657895,72
7,0.033,0.0657895,71
9,0,0.0657895,100
9,0.00173684,0.0657895,100
9,0.00347368,0.0657895,100
9,0.00521053,0.0657895,100
9,0.00694737,0.0657895,99
9,0.00868421,0.0657895,99
9,0.0104211,0.0657895,100
9,0.0121579,0.0657895,100
9,0.0138947,0.0657895,98
9,0.0156316,0.0657895,94
9,0.0173684,0.0657895,96
9,0.0191053,0.0657895,94
9,0.0208421,0.0657895,93
9,0.0225789,0.0657895,88
9,0.0243158,0.0657895,85
9,0.0260526,0.0657895,85
9,0.0277895,0.0657895,70
9,0.0295263,0.0657895,73
9,0.0312632,0.0657895,69
9,0.033,0.0657895,68
11,0,0.0657895,100
11,0.00173684,0.0657895,100
11,0.00347368,0.0657895,100
11,0.00521053,0.0657895,100
11,0.00694737,0.0657895,100
11,0.00868421,0.0657895,100
11,0.0104211,0.0657895,99
11,0.0121579,0.0657895,100
11,0.0138947,0.0657895,98
11,0.0156316,0.0657895,99
11,0.0173684,0.0657895,99
11,0.0191053,0.0657895,93
11,0.0208421,0.0657895,90
11,0.0225789,0.0657895,85
11,0.0243158,0.0657895,82
11,0.0260526,0.0657895,79
11,0.0277895,0.0657895,74
11,0.0295263,0.0657895,67
11,0.0312632,0.0657895,69
11,0.033,0.0657895,66
13,0,0.0657895,100
13,0.00173684,0.0657895,100
13,0.00347368,0.0657895,100
13,0.00521053,0.0657895,100
13,0.00694737,0.0657895,100
13,0.00868421,0.0657895,100
13,0.0104211,0.0657895,99
13,0.0121579,0.0657895,100
13,0.0138947,0.0657895,98
13,0.0156316,0.0657895,95
13,0.0173684,0.0657895,96
13,0.0191053,0.0657895,96
13,0.0208421,0.0657895,91
13,0.0225789,0.0657895,90
13,0.0243158,0.0657895,79
13,0.0260526,0.0657895,73
13,0.0277895,0.0657895,66
13,0.0295263,0.0657895,52
13,0.0312632,0.0657895,58
13,0.033,0.0657895,54
15,0,0.0657895,100
15,0.00173684,0.0657895,100
15,0.00347368,0.0657895,100
15,0.00521053,0.0657895,100
15,0.00694737,0.0657895,100
15,0.00868421,0.0657895,100
15,0.0104211,0.0657895,100
15,0.0121579,0.0657895,98
15,0.0138947,0.0657895,98
15,0.0156316,0.0657895,98
15,0.0173684,0.0657895,92
15,0.0191053,0.0657895,94
15,0.0208421,0.0657895,92
15,0.0225789,0.0657895,83
15,0.0243158,0.0657895,84
15,0.0260526,0.0657895,74
15,0.0277895,0.0657895,76
15,0.0295263,0.0657895,66
15,0.0312632,0.0657895,59
15,0.033,0.0657895,51
17,0,0.0657895,100
17,0.00173684,0.0657895,100
17,0.00347368,0.0657895,100
17,0.00521053,0.0657895,100
17,0.00694737,0.0657895,100
17,0.00868421,0.0657895,100
17,0.0104211,0.0657895,100
17,0.0121579,0.0657895,99
17,0.0138947,0.0657895,99
17,0.0156316,0.0657895,99
17,0.0173684,0.0657895,93
17,0.0191053,0.0657895,93
17,0.0208421,0.0657895,89
17,0.0225789,0.0657895,83
17,0.0243158,0.0657895,75
17,0.0260526,0.0657895,69
17,0.0277895,0.0657895,57
17,0.0295263,0.0657895,56
17,0.0312632,0.0657895,53
17,0.033,0.0657895,58
3,0,0.0789474,99
3,0.00173684,0.0789474,99
3,0.00347368,0.0789474,98
3,0.00521053,0.0789474,99
3,0.00694737,0.0789474,97
3,0.00868421,0.0789474,97
3,0.0104211,0.0789474,97
3,0.0121579,0.0789474,95
3,0.0138947,0.0789474,93
3,0.0156316,0.0789474,90
3,0.0173684,0.0789474,92
3,0.0191053,0.0789474,94
3,0.0208421,0.0789474,88
3,0.0225789,0.0789474,89
3,0.0243158,0.0789474,94
3,0.0260526,0.0789474,89
3,0.0277895,0.0789474,84
3,0.0295263,0.0789474,86
3,0.0312632,0.0789474,84
3,0.033,0.0789474,84
5,0,0.0789474,100
5,0.00173684,0.0789474,100
5,0.00347368,0.0789474,100
5,0.00521053,0.0789474,99
5,0.00694737,0.0789474,99
5,0.00868421,0.0789474,94
5,0.0104211,0.0789474,99
5,0.0121579,0.0789474,97
5,0.0138947,0.0789474,93
5,0.0156316,0.0789474,95
5,0.0173684,0.0789474,84
5,0.0191053,0.0789474,93
5,0.0208421,0.0789474,88
5,0.0225789,0.0789474,89
5,0.0243158,0.0789474,88
5,0.0260526,0.0789474,83
5,0.0277895,0.0789474,82
5,0.0295263,0.0789474,85
5,0.0312632,0.0789474,72
5,0.033,0.0789474,70
7,0,0.0789474,100
7,0.00173684,0.0789474,100
7,0.00347368,0.0789474,100
7,0.00521053,0.0789474,99
7,0.00694737,0.0789474,99
7,0.00868421,0.0789474,99
7,0.0104211,0.0789474,100
7,0.0121579,0.0789474,97
7,0.0138947,0.0789474,95
7,0.0156316,0.0789474,98
7,0.0173684,0.0789474,93
7,0.0191053,0.0789474,89
7,0.0208421,0.0789474,92
7,0.0225789,0.0789474,87
7,0.0243158,0.0789474,84
7,0.0260526,0.0789474,77
7,0.0277895,0.0789474,83
7,0.0295263,0.0789474,74
7,0.0312632,0.0789474,72
7,0.033,0.0789474,64
9,0,0.0789474,100
9,0.00173684,0.0789474,100
9,0.00347368,0.0789474,99
9,0.00521053,0.0789474,100
9,0.00694737,0.0789474,100
9,0.00868421,0.0789474,100
9,0.0104211,0.0789474,100
9,0.0121579,0.0789474,96
9,0.0138947,0.0789474,99
9,0.0156316,0.0789474,93
9,0.0173684,0.0789474,95
9,0.0191053,0.0789474,91
9,0.0208421,0.0789474,84
9,0.0225789,0.0789474,81
9,0.0243158,0.0789474,79
9,0.0260526,0.0789474,75
9,0.0277895,0.0789474,69
9,0.0295263,0.0789474,72
9,0.0312632,0.0789474,67
9,0.033,0.0789474,62
11,0,0.0789474,100
11,0.00173684,0.0789474,100
11,0.00347368,0.0789474,100
11,0.00521053,0.0789474,100
11,0.00694737,0.0789474,100
11,0.00868421,0.0789474,100
11,0.0104211,0.0789474,100
11,0.0121579,0.0789474,96
11,0.0138947,0.0789474,97
11,0.0156316,0.0789474,95
11,0.0173684,0.0789474,94
11,0.0191053,0.0789474,94
11,0.0208421,0.0789474,83
11,0.0225789,0.0789474,83
11,0.0243158,0.0789474,78
11,0.0260526,0.0789474,73
11,0.0277895,0.0789474,66
11,0.0295263,0.0789474,55
11,0.0312632,0.0789474,52
11,0.033,0.0789474,49
13,0,0.0789474,100
13,0.00173684,0.0789474,100
13,0.00347368,0.0789474,100
13,0.00521053,0.0789474,100
13,0.00694737,0.0789474,100
13,0.00868421,0.0789474,99
13,0.0104211,0.0789474,99
13,0.0121579,0.0789474,100
13,0.0138947,0.0789474,96
13,0.0156316,0.0789474,96
13,0.0173684,0.0789474,91
13,0.0191053,0.0789474,95
13,0.0208421,0.0789474,82
13,0.0225789,0.0789474,75
13,0.0243158,0.0789474,74
13,0.0260526,0.0789474,71
13,0.0277895,0.0789474,59
13,0.0295263,0.0789474,63
13,0.0312632,0.0789474,59
13,0.033,0.0789474,46
15,0,0.0789474,100
15,0.00173684,0.0789474,100
15,0.00347368,0.0789474,100
15,0.00521053,0.0789474,100
15,0.00694737,0.0789474,100
15,0.00868421,0.0789474,100
15,0.0104211,0.0789474,100
15,0.0121579,0.0789474,100
15,0.0138947,0.0789474,97
15,0.0156316,0.0789474,95
15,0.0173684,0.0789474,93
15,0.0191053,0.0789474,88
15,0.0208421,0.0789474,84
15,0.0225789,0.0789474,71
15,0.0243158,0.0789474,67
15,0.0260526,0.0789474,64
15,0.0277895,0.0789474,61
15,0.0295263,0.0789474,48
15,0.0312632,0.0789474,52
15,0.033,0.0789474,52
17,0,0.0789474,100
17,0.00173684,0.0789474,100
17,0.00347368,0.0789474,100
17,0.00521053,0.0789474,100
17,0.00694737,0.0789474,100
17,0.00868421,0.0789474,100
17,0.0104211,0.0789474,100
17,0.0121579,0.0789474,99
17,0.0138947,0.0789474,97
17,0.0156316,0.0789474,98
17,0.0173684,0.0789474,88
17,0.0191053,0.0789474,87
17,0.0208421,0.0789474,85
17,0.0225789,0.0789474,77
17,0.0243158,0.0789474,71
17,0.0260526,0.0789474,61
17,0.0277895,0.0789474,66
17,0.0295263,0.0789474,48
17,0.0312632,0.0789474,53
17,0.033,0.0789474,45
3,0,0.0921053,99
3,0.00173684,0.0921053,100
3,0.00347368,0.0921053,97
3,0.00521053,0.0921053,96
3,0.00694737,0.0921053,96
3,0.00868421,0.0921053,97
3,0.0104211,0.0921053,95
3,0.0121579,0.0921053,94
3,0.0138947,0.0921053,94
3,0.0156316,0.0921053,92
3,0.0173684,0.0921053,90
3,0.0191053,0.0921053,83
3,0.0208421,0.0921053,92
3,0.0225789,0.0921053,85
3,0.0243158,0.0921053,86
3,0.0260526,0.0921053,90
3,0.0277895,0.0921053,81
3,0.0295263,0.0921053,89
3,0.0312632,0.0921053,84
3,0.033,0.0921053,81
5,0,0.0921053,100
5,0.00173684,0.0921053,100
5,0.00347368,0.0921053,100
5,0.00521053,0.0921053,100
5,0.00694737,0.0921053,99
5,0.00868421,0.0921053,100
5,0.0104211,0.0921053,95
5,0.0121579,0.0921053,95
5,0.0138947,0.0921053,97
5,0.0156316,0.0921053,88
5,0.0173684,0.0921053,94
5,0.0191053,0.0921053,90
5,0.0208421,0.0921053,81
5,0.0225789,0.0921053,87
5,0.0243158,0.0921053,77
5,0.0260526,0.0921053,84
5,0.0277895,0.0921053,79
5,0.0295263,0.0921053,83
5,0.0312632,0.0921053,83
5,0.033,0.0921053,74
7,0,0.0921053,100
7,0.00173684,0.0921053,100
7,0.00347368,0.0921053,99
7,0.00521053,0.0921053,100
7,0.00694737,0.0921053,100
7,0.00868421,0.0921053,100
7,0.0104211,0.0921053,98
7,0.0121579,0.0921053,95
7,0.0138947,0.0921053,92
7,0.0156316,0.0921053,97
7,0.0173684,0.0921053,93
7,0.0191053,0.0921053,88
7,0.0208421,0.0921053,86
7,0.0225789,0.0921053,82
7,0.0243158,0.0921053,84
7,0.0260526,0.0921053,75
7,0.0277895,0.0921053,69
7,0.0295263,0.0921053,71
7,0.0312632,0.0921053,68
7,0.033,0.0921053,57
9,0,0.0921053,100
9,0.00173684,0.0921053,100
9,0.00347368,0.0921053,100
9,0.00521053,0.0921053,100
9,0.00694737,0.0921053,98
9,0.00868421,0.0921053,100
9,0.0104211,0.0921053,96
9,0.0121579,0.0921053,97
9,0.0138947,0.0921053,96
9,0.0156316,0.0921053,94
9,0.0173684,0.0921053,85
9,0.0191053,0.0921053,87
9,0.0208421,0.0921053,82
9,0.0225789,0.0921053,78
9,0.0243158,0.0921053,72
9,0.0260526,0.0921053,74
9,0.0277895,0.0921053,75
9,0.0295263,0.0921053,61
9,0.0312632,0.0921053,52
9,0.033,0.0921053,62
11,0,0.0921053,100
11,0.00173684,0.0921053,100
11,0.00347368,0.0921053,100
11,0.00521053,0.0921053,100
11,0.00694737,0.0921053,100
11,0.00868421,0.0921053,100
11,0.0104211,0.0921053,98
11,0.0121579,0.0921053,98
11,0.0138947,0.0921053,96
11,0.0156316,0.0921053,93
11,0.0173684,0.0921053,89
11,0.0191053,0.0921053,88
11,0.0208421,0.0921053,81
11,0.0225789,0.0921053,69
11,0.0243158,0.0921053,76
11,0.0260526,0.0921053,60
11,0.0277895,0.0921053,56
11,0.0295263,0.0921053,59
11,0.0312632,0.0921053,56
11,0.033,0.0921053,56
13,0,0.0921053,100
13,0.00173684,0.0921053,100
13,0.00347368,0.0921053,100
13,0.00521053,0.0921053,100
13,0.00694737,0.0921053,100
13,0.00868421,0.0921053,99
13,0.0104211,0.0921053,99
13,0.0121579,0.0921053,98
13,0.0138947,0.0921053,99
13,0.0156316,0.0921053,94
13,0.0173684,0.0921053,91
13,0.0191053,0.0921053,90
13,0.0208421,0.0921053,81
13,0.0225789,0.0921053,74
13,0.0243158,0.0921053,69
13,0.0260526,0.0921053,63
13,0.0277895,0.0921053,53
13,0.0295263,0.0921053,53
13,0.0312632,0.0921053,55
13,0.033,0.0921053,46
15,0,0.0921053,100
15,0.00173684,0.0921053,100
15,0.00347368,0.0921053,100
15,0.00521053,0.0921053,100
15,0.00694737,0.0921053,100
15,0.00868421,0.0921053,100
15,0.0104211,0.0921053,99
15,0.0121579,0.0921053,97
15,0.0138947,0.0921053,100
15,0.0156316,0.0921053,89
15,0.0173684,0.0921053,89
15,0.0191053,0.0921053,84
15,0.0208421,0.0921053,77
15,0.0225789,0.0921053,64
15,0.0243158,0.0921053,64
15,0.0260526,0.0921053,61
15,0.0277895,0.0921053,54
15,0.0295263,0.0921053,51
15,0.0312632,0.0921053,58
15,0.033,0.0921053,59
17,0,0.0921053,100
17,0.00173684,0.0921053,100
17,0.00347368,0.0921053,100
17,0.00521053,0.0921053,100
17,0.00694737,0.0921053,100
17,0.00868421,0.0921053,100
17,0.0104211,0.0921053,100
17,0.0121579,0.0921053,99
17,0.0138947,0.0921053,95
17,0.0156316,0.0921053,90
17,0.0173684,0.0921053,86
17,0.0191053,0.0921053,80
17,0.0208421,0.0921053,73
17,0.0225789,0.0921053,67
17,0.0243158,0.0921053,62
17,0.0260526,0.0921053,53
17,0.0277895,0.0921053,48
17,0.0295263,0.0921053,51
17,0.0312632,0.0921053,49
17,0.033,0.0921053,54
3,0,0.105263,99
3,0.00173684,0.105263,97
3,0.00347368,0.105263,100
3,0.00521053,0.105263,95
3,0.00694737,0.105263,93
3,0.00868421,0.105263,91
3,0.0104211,0.105263,91
3,0.0121579,0.105263,89
3,0.0138947,0.105263,93
3,0.0156316,0.105263,89
3,0.0173684,0.105263,88
3,0.0191053,0.105263,88
3,0.0208421,0.105263,84
3,0.0225789,0.105263,92
3,0.0243158,0.105263,89
3,0.0260526,0.105263,92
3,0.0277895,0.105263,82
3,0.0295263,0.105263,83
3,0.0312632,0.105263,84
3,0.033,0.105263,77
5,0,0.105263,100
5,0.00173684,0.105263,99
5,0.00347368,0.105263,99
5,0.00521053,0.105263,99
5,0.00694737,0.105263,97
5,0.00868421,0.105263,98
5,0.0104211,0.105263,96
5,0.0121579,0.105263,96
5,0.0138947,0.105263,86
5,0.0156316,0.105263,90
5,0.0173684,0.105263,89
5,0.0191053,0.105263,90
5,0.0208421,0.105263,83
5,0.0225789,0.105263,87
5,0.0243158,0.105263,84
5,0.0260526,0.105263,83
5,0.0277895,0.105263,70
5,0.0295263,0.105263,80
5,0.0312632,0.105263,68
5,0.033,0.105263,79
7,0,0.105263,100
7,0.00173684,0.105263,99
7,0.00347368,0.105263,100
7,0.00521053,0.105263,99
7,0.00694737,0.105263,97
7,0.00868421,0.105263,98
7,0.0104211,0.105263,100
7,0.0121579,0.105263,96
7,0.0138947,0.105263,93
7,0.0156316,0.105263,89
7,0.0173684,0.105263,86
7,0.0191053,0.105263,83
7,0.0208421,0.105263,82
7,0.0225789,0.105263,77
7,0.0243158,0.105263,77
7,0.0260526,0.105263,77
7,0.0277895,0.105263,66
7,0.0295263,0.105263,69
7,0.0312632,0.105263,71
7,0.033,0.105263,66
9,0,0.105263,100
9,0.00173684,0.105263,100
9,0.00347368,0.105263,99
9,0.00521053,0.105263,99
9,0.00694737,0.105263,100
9,0.00868421,0.105263,98
9,0.0104211,0.105263,97
9,0.0121579,0.105263,94
9,0.0138947,0.105263,93
9,0.0156316,0.105263,89
9,0.0173684,0.105263,84
9,0.0191053,0.105263,83
9,0.0208421,0.105263,79
9,0.0225789,0.105263,70
9,0.0243158,0.105263,75
9,0.0260526,0.105263,73
9,0.0277895,0.105263,60
9,0.0295263,0.105263,67
9,0.0312632,0.105263,67
9,0.033,0.105263,65
11,0,0.105263,100
11,0.00173684,0.105263,100
11,0.00347368,0.105263,100
11,0.00521053,0.105263,99
11,0.00694737,0.105263,98
11,0.00868421,0.105263,98
11,0.0104211,0.105263,100
11,0.0121579,0.105263,95
11,0.0138947,0.105263,91
11,0.0156316,0.105263,92
11,0.0173684,0.105263,84
11,0.0191053,0.105263,81
11,0.0208421,0.105263,70
11,0.0225789,0.105263,73
11,0.0243158,0.105263,64
11,0.0260526,0.105263,59
11,0.0277895,0.105263,57
11,0.0295263,0.105263,57
11,0.0312632,0.105263,48
11,0.033,0.105263,60
13,0,0.105263,100
13,0.00173684,0.105263,100
13,0.00347368,0.105263,100
13,0.00521053,0.105263,100
13,0.00694737,0.105263,100
13,0.00868421,0.105263,98
13,0.0104211,0.105263,97
13,0.0121579,0.105263,95
13,0.0138947,0.105263,90
13,0.0156316,0.105263,95
13,0.0173684,0.105263,80
13,0.0191053,0.105263,79
13,0.0208421,0.105263,68
13,0.0225789,0.105263,65
13,0.0243158,0.105263,61
13,0.0260526,0.105263,57
13,0.0277895,0.105263,56
13,0.0295263,0.105263,50
13,0.0312632,0.105263,54
13,0.033,0.105263,64
15,0,0.105263,100
15,0.00173684,0.105263,100
15,0.00347368,0.105263,100
15,0.00521053,0.105263,100
15,0.00694737,0.105263,100
15,0.00868421,0.105263,99
15,0.0104211,0.105263,97
15,0.0121579,0.105263,94
15,0.0138947,0.105263,93
15,0.0156316,0.105263,87
15,0.0173684,0.105263,83
15,0.0191053,0.105263,70
15,0.0208421,0.105263,63
15,0.0225789,0.105263,64
15,0.0243158,0.105263,61
15,0.0260526,0.105263,65
15,0.0277895,0.105263,48
15,0.0295263,0.105263,47
15,0.0312632,0.105263,44
15,0.033,0.105263,52
17,0,0.105263,100
17,0.00173684,0.105263,100
17,0.00347368,0.105263,100
17,0.00521053,0.105263,100
17,0.00694737,0.105263,100
17,0.00868421,0.105263,100
17,0.0104211,0.105263,98
17,0.0121579,0.105263,96
17,0.0138947,0.105263,93
17,0.0156316,0.105263,89
17,0.0173684,0.105263,77
17,0.0191053,0.105263,71
17,0.0208421,0.105263,67
17,0.0225789,0.105263,66
17,0.0243158,0.105263,61
17,0.0260526,0.105263,52
17,0.0277895,0.105263,53
17,0.0295263,0.105263,50
17,0.0312632,0.105263,54
17,0.033,0.105263,45
3,0,0.118421,97
3,0.00173684,0.118421,97
3,0.00347368,0.118421,97
3,0.00521053,0.118421,97
3,0.00694737,0.118421,92
3,0.00868421,0.118421,97
3,0.0104211,0.118421,94
3,0.0121579,0.118421,95
3,0.0138947,0.118421,92
3,0.0156316,0.118421,89
3,0.0173684,0.118421,86
3,0.0191053,0.118421,87
3,0.0208421,0.118421,89
3,0.0225789,0.118421,85
3,0.0243158,0.118421,83
3,0.0260526,0.118421,88
3,0.0277895,0.118421,81
3,0.0295263,0.118421,80
3,0.0312632,0.118421,79
3,0.033,0.118421,78
5,0,0.118421,100
5,0.00173684,0.118421,99
5,0.00347368,0.118421,98
5,0.00521053,0.118421,96
5,0.00694737,0.118421,96
5,0.00868421,0.118421,95
5,0.0104211,0.118421,93
5,0.0121579,0.118421,91
5,0.0138947,0.118421,86
5,0.0156316,0.118421,93
5,0.0173684,0.118421,86
5,0.0191053,0.118421,88
5,0.0208421,0.118421,85
5,0.0225789,0.118421,79
5,0.0243158,0.118421,78
5,0.0260526,0.118421,79
5,0.0277895,0.118421,78
5,0.0295263,0.118421,69
5,0.0312632,0.118421,68
5,0.033,0.118421,73
7,0,0.118421,100
7,0.00173684,0.118421,100
7,0.00347368,0.118421,98
7,0.00521053,0.118421,99
7,0.00694737,0.118421,94
7,0.00868421,0.118421,99
7,0.0104211,0.118421,94
7,0.0121579,0.118421,91
7,0.0138947,0.118421,90
7,0.0156316,0.118421,85
7,0.0173684,0.118421,83
7,0.0191053,0.118421,83
7,0.0208421,0.118421,79
7,0.0225789,0.118421,76
7,0.0243158,0.118421,72
7,0.0260526,0.118421,76
7,0.0277895,0.118421,64
7,0.0295263,0.118421,78
7,0.0312632,0.118421,71
7,0.033,0.118421,60
9,0,0.118421,100
9,0.00173684,0.118421,100
9,0.00347368,0.118421,100
9,0.00521053,0.118421,98
9,0.00694737,0.118421,98
9,0.00868421,0.118421,98
9,0.0104211,0.118421,91
9,0.0121579,0.118421,94
9,0.0138947,0.118421,89
9,0.0156316,0.118421,86
9,0.0173684,0.118421,79
9,0.0191053,0.118421,88
9,0.0208421,0.118421,80
9,0.0225789,0.118421,73
9,0.0243158,0.118421,73
9,0.0260526,0.118421,73
9,0.0277895,0.118421,57
9,0.0295263,0.118421,54
9,0.0312632,0.118421,64
9,0.033,0.118421,52
11,0,0.118421,100
11,0.00173684,0.118421,100
11,0.00347368,0.118421,99
11,0.00521053,0.118421,99
11,0.00694737,0.118421,98
11,0.00868421,0.118421,94
11,0.0104211,0.118421,94
11,0.0121579,0.118421,93
11,0.0138947,0.118421,88
11,0.0156316,0.118421,85
11,0.0173684,0.118421,76
11,0.0191053,0.118421,80
11,0.0208421,0.118421,75
11,0.0225789,0.118421,66
11,0.0243158,0.118421,61
11,0.0260526,0.118421,51
11,0.0277895,0.118421,47
11,0.0295263,0.118421,50
11,0.0312632,0.118421,56
11,0.033,0.118421,58
13,0,0.118421,100
13,0.00173684,0.118421,100
13,0.00347368,0.118421,100
13,0.00521053,0.118421,100
13,0.00694737,0.118421,100
13,0.00868421,0.118421,97
13,0.0104211,0.118421,96
13,0.0121579,0.118421,94
13,0.0138947,0.118421,89
13,0.0156316,0.118421,85
13,0.0173684,0.118421,75
13,0.0191053,0.118421,72
13,0.0208421,0.118421,68
13,0.0225789,0.118421,50
13,0.0243158,0.118421,58
13,0.0260526,0.118421,50
13,0.0277895,0.118421,49
13,0.0295263,0.118421,56
13,0.0312632,0.118421,51
13,0.033,0.118421,58
15,0,0.118421,100
15,0.00173684,0.118421,100
15,0.00347368,0.118421,99
15,0.00521053,0.118421,98
15,0.00694737,0.118421,100
15,0.00868421,0.118421,99
15,0.0104211,0.118421,98
15,0.0121579,0.118421,86
15,0.0138947,0.118421,86
15,0.0156316,0.118421,85
15,0.0173684,0.118421,76
15,0.0191053,0.118421,64
15,0.0208421,0.118421,52
15,0.0225789,0.118421,60
15,0.0243158,0.118421,50
15,0.0260526,0.118421,46
15,0.0277895,0.118421,51
15,0.0295263,0.118421,51
15,0.0312632,0.118421,52
15,0.033,0.118421,56
17,0,0.118421,100
17,0.00173684,0.118421,100
17,0.00347368,0.118421,100
17,0.00521053,0.118421,100
17,0.00694737,0.118421,99
17,0.00868421,0.118421,98
17,0.0104211,0.118421,99
17,0.0121579,0.118421,89
17,0.0138947,0.118421,83
17,0.0156316,0.118421,76
17,0.0173684,0.118421,69
17,0.0191053,0.118421,58
17,0.0208421,0.118421,54
17,0.0225789,0.118421,57
17,0.0243158,0.118421,46
17,0.0260526,0.118421,45
17,0.0277895,0.118421,53
17,0.0295263,0.118421,52
17,0.0312632,0.118421,48
17,0.033,0.118421,61
3,0,0.131579,98
3,0.00173684,0.131579,97
3,0.00347368,0.131579,97
3,0.00521053,0.131579,93
3,0.00694737,0.131579,94
3,0.00868421,0.131579,92
3,0.0104211,0.131579,93
3,0.0121579,0.131579,89
3,0.0138947,0.131579,86
3,0.0156316,0.131579,89
3,0.0173684,0.131579,79
3,0.0191053,0.131579,90
3,0.0208421,0.131579,80
3,0.0225789,0.131579,88
3,0.0243158,0.131579,82
3,0.0260526,0.131579,81
3,0.0277895,0.131579,88
3,0.0295263,0.131579,80
3,0.0312632,0.131579,82
3,0.033,0.131579,84
5,0,0.131579,100
5,0.00173684,0.131579,99
5,0.00347368,0.131579,100
5,0.00521053,0.131579,99
5,0.00694737,0.131579,98
5,0.00868421,0.131579,94
5,0.0104211,0.131579,96
5,0.0121579,0.131579,95
5,0.0138947,0.131579,90
5,0.0156316,0.131579,87
5,0.0173684,0.131579,87
5,0.0191053,0.131579,87
5,0.0208421,0.131579,81
5,0.0225789,0.131579,86
5,0.0243158,0.131579,79
5,0.0260526,0.131579,79
5,0.0277895,0.131579,75
5,0.0295263,0.131579,79
5,0.0312632,0.131579,59
5,0.033,0.131579,64
7,0,0.131579,100
7,0.00173684,0.131579,100
7,0.00347368,0.131579,99
7,0.00521053,0.131579,97
7,0.00694737,0.131579,98
7,0.00868421,0.131579,94
7,0.0104211,0.131579,99
7,0.0121579,0.131579,89
7,0.0138947,0.131579,90
7,0.0156316,0.131579,81
7,0.0173684,0.131579,86
7,0.0191053,0.131579,81
7,0.0208421,0.131579,79
7,0.0225789,0.131579,76
7,0.0243158,0.131579,76
7,0.0260526,0.131579,68
7,0.0277895,0.131579,62
7,0.0295263,0.131579,54
7,0.0312632,0.131579,56
7,0.033,0.131579,58
9,0,0.131579,100
9,0.00173684,0.131579,100
9,0.00347368,0.131579,100
9,0.00521053,0.131579,99
9,0.00694737,0.131579,96
9,0.00868421,0.131579,97
9,0.0104211,0.131579,94
9,0.0121579,0.131579,90
9,0.0138947,0.131579,87
9,0.0156316,0.131579,75
9,0.0173684,0.131579,71
9,0.0191053,0.131579,68
9,0.0208421,0.131579,79
9,0.0225789,0.131579,62
9,0.0243158,0.131579,65
9,0.0260526,0.131579,63
9,0.0277895,0.131579,57
9,0.0295263,0.131579,49
9,0.0312632,0.131579,62
9,0.033,0.131579,54
11,0,0.131579,100
11,0.00173684,0.131579,100
11,0.00347368,0.131579,100
11,0.00521053,0.131579,100
11,0.00694737,0.131579,97
11,0.00868421,0.131579,94
11,0.0104211,0.131579,96
11,0.0121579,0.131579,88
11,0.0138947,0.131579,89
11,0.0156316,0.131579,83
11,0.0173684,0.131579,70
11,0.0191053,0.131579,60
11,0.0208421,0.131579,67
11,0.0225789,0.131579,58
11,0.0243158,0.131579,47
11,0.0260526,0.131579,56
11,0.0277895,0.131579,50
11,0.0295263,0.131579,57
11,0.0312632,0.131579,50
11,0.033,0.131579,48
13,0,0.131579,100
13,0.00173684,0.131579,100
13,0.00347368,0.131579,100
13,0.00521053,0.131579,99
13,0.00694737,0.131579,98
13,0.00868421,0.131579,94
13,0.0104211,0.131579,92
13,0.0121579,0.131579,91
13,0.0138947,0.131579,84
13,0.0156316,0.131579,76
13,0.0173684,0.131579,72
13,0.0191053,0.131579,64
13,0.0208421,0.131579,67
13,0.0225789,0.131579,55
13,0.0243158,0.131579,51
13,0.0260526,0.131579,53
13,0.0277895,0.131579,51
13,0.0295263,0.131579,48
13,0.0312632,0.131579,52
13,0.033,0.131579,49
15,0,0.131579,100
15,0.00173684,0.131579,100
15,0.00347368,0.131579,99
15,0.00521053,0.131579,100
15,0.00694737,0.131579,100
15,0.00868421,0.131579,98
15,0.0104211,0.131579,94
15,0.0121579,0.131579,85
15,0.0138947,0.131579,78
15,0.0156316,0.131579,77
15,0.0173684,0.131579,64
15,0.0191053,0.131579,61
15,0.0208421,0.131579,52
15,0.0225789,0.131579,47
15,0.0243158,0.131579,48
15,0.0260526,0.131579,50
15,0.0277895,0.131579,50
15,0.0295263,0.131579,49
15,0.0312632,0.131579,48
15,0.033,0.131579,50
17,0,0.131579,100
17,0.00173684,0.131579,100
17,0.00347368,0.131579,100
17,0.00521053,0.131579,100
17,0.00694737,0.131579,100
17,0.00868421,0.131579,94
17,0.0104211,0.131579,89
17,0.0121579,0.131579,86
17,0.0138947,0.131579,77
17,0.0156316,0.131579,74
17,0.0173684,0.131579,56
17,0.0191053,0.131579,52
17,0.0208421,0.131579,53
17,0.0225789,0.131579,54
17,0.0243158,0.131579,60
17,0.0260526,0.131579,52
17,0.0277895,0.131579,52
17,0.0295263,0.131579,52
17,0.0312632,0.131579,51
17,0.033,0.131579,41
3,0,0.144737,97
3,0.00173684,0.144737,96
3,0.00347368,0.144737,94
3,0.00521053,0.144737,96
3,0.00694737,0.144737,93
3,0.00868421,0.144737,90
3,0.0104211,0.144737,92
3,0.0121579,0.144737,89
3,0.0138947,0.144737,84
3,0.0156316,0.144737,85
3,0.0173684,0.144737,86
3,0.0191053,0.144737,89
3,0.0208421,0.144737,84
3,0.0225789,0.144737,86
3,0.0243158,0.144737,89
3,0.0260526,0.144737,81
3,0.0277895,0.144737,74
3,0.0295263,0.144737,75
3,0.0312632,0.144737,76
3,0.033,0.144737,78
5,0,0.144737,100
5,0.00173684,0.144737,100
5,0.00347368,0.144737,97
5,0.00521053,0.144737,97
5,0.00694737,0.144737,94
5,0.00868421,0.144737,95
5,0.0104211,0.144737,93
5,0.0121579,0.144737,89
5,0.0138947,0.144737,91
5,0.0156316,0.144737,82
5,0.0173684,0.144737,86
5,0.0191053,0.144737,85
5,0.0208421,0.144737,79
5,0.0225789,0.144737,78
5,0.0243158,0.144737,74
5,0.0260526,0.144737,74
5,0.0277895,0.144737,71
5,0.0295263,0.144737,71
5,0.0312632,0.144737,54
5,0.033,0.144737,71
7,0,0.144737,100
7,0.00173684,0.144737,99
7,0.00347368,0.144737,94
7,0.00521053,0.144737,96
7,0.00694737,0.144737,94
7,0.00868421,0.144737,93
7,0.0104211,0.144737,94
7,0.0121579,0.144737,87
7,0.0138947,0.144737,87
7,0.0156316,0.144737,83
7,0.0173684,0.144737,82
7,0.0191053,0.144737,70
7,0.0208421,0.144737,73
7,0.0225789,0.144737,66
7,0.0243158,0.144737,66
7,0.0260526,0.144737,65
7,0.0277895,0.144737,67
7,0.0295263,0.144737,63
7,0.0312632,0.144737,52
7,0.033,0.144737,61
9,0,0.144737,100
9,0.00173684,0.144737,100
9,0.00347368,0.144737,98
9,0.00521053,0.144737,98
9,0.00694737,0.144737,99
9,0.00868421,0.144737,94
9,0.0104211,0.144737,88
9,0.0121579,0.144737,90
9,0.0138947,0.144737,83
9,0.0156316,0.144737,79
9,0.0173684,0.144737,67
9,0.0191053,0.144737,78
9,0.0208421,0.144737,69
9,0.0225789,0.144737,57
9,0.0243158,0.144737,59
9,0.0260526,0.144737,49
9,0.0277895,0.144737,55
9,0.0295263,0.144737,51
9,0.0312632,0.144737,61
9,0.033,0.144737,54
11,0,0.144737,100
11,0.00173684,0.144737,100
11,0.00347368,0.144737,100
11,0.00521053,0.144737,97
11,0.00694737,0.144737,96
11,0.00868421,0.144737,88
11,0.0104211,0.144737,86
11,0.0121579,0.144737,84
11,0.0138947,0.144737,83
11,0.0156316,0.144737,72
11,0.0173684,0.144737,56
11,0.0191053,0.144737,65
11,0.0208421,0.144737,61
11,0.0225789,0.144737,58
11,0.0243158,0.144737,47
11,0.0260526,0.144737,57
11,0.0277895,0.144737,55
11,0.0295263,0.144737,53
11,0.0312632,0.144737,47
11,0.033,0.144737,50
13,0,0.144737,100
13,0.00173684,0.144737,100
13,0.00347368,0.144737,100
13,0.00521053,0.144737,99
13,0.00694737,0.144737,97
13,0.00868421,0.144737,97
13,0.0104211,0.144737,87
13,0.0121579,0.144737,77
13,0.0138947,0.144737,77
13,0.0156316,0.144737,64
13,0.0173684,0.144737,62
13,0.0191053,0.144737,53
13,0.0208421,0.144737,56
13,0.0225789,0.144737,51
13,0.0243158,0.144737,54
13,0.0260526,0.144737,57
13,0.0277895,0.144737,49
13,0.0295263,0.144737,48
13,0.0312632,0.144737,56
13,0.033,0.144737,50
15,0,0.144737,100
15,0.00173684,0.144737,100
15,0.00347368,0.144737,100
15,0.00521053,0.144737,100
15,0.00694737,0.144737,96
15,0.00868421,0.144737,95
15,0.0104211,0.144737,83
15,0.0121579,0.144737,79
15,0.0138947,0.144737,66
15,0.0156316,0.144737,62
15,0.0173684,0.144737,62
15,0.0191053,0.144737,51
15,0.0208421,0.144737,57
15,0.0225789,0.144737,54
15,0.0243158,0.144737,45
15,0.0260526,0.144737,54
15,0.0277895,0.144737,45
15,0.0295263,0.144737,54
15,0.0312632,0.144737,57
15,0.033,0.144737,53
17,0,0.144737,100
17,0.00173684,0.144737,100
17,0.00347368,0.144737,100
17,0.00521053,0.144737,99
17,0.00694737,0.144737,95
17,0.00868421,0.144737,90
17,0.0104211,0.144737,88
17,0.0121579,0.144737,76
17,0.0138947,0.144737,73
17,0.0156316,0.144737,60
17,0.0173684,0.144737,53
17,0.0191053,0.144737,45
17,0.0208421,0.144737,56
17,0.0225789,0.144737,64
17,0.0243158,0.144737,45
17,0.0260526,0.144737,58
17,0.0277895,0.144737,50
17,0.0295263,0.144737,43
17,0.0312632,0.144737,51
17,0.033,0.144737,51
3,0,0.157895,96
3,0.00173684,0.157895,94
3,0.00347368,0.157895,94
3,0.00521053,0.157895,95
3,0.00694737,0.157895,91
3,0.00868421,0.157895,89
3,0.0104211,0.157895,88
3,0.0121579,0.157895,89
3,0.0138947,0.157895,84
3,0.0156316,0.157895,81
3,0.0173684,0.157895,78
3,0.0191053,0.157895,78
3,0.0208421,0.157895,80
3,0.0225789,0.157895,82
3,0.0243158,0.157895,75
3,0.0260526,0.157895,79
3,0.0277895,0.157895,77
3,0.0295263,0.157895,81
3,0.0312632,0.157895,72
3,0.033,0.157895,77
5,0,0.157895,99
5,0.00173684,0.157895,97
5,0.00347368,0.157895,97
5,0.00521053,0.157895,96
5,0.00694737,0.157895,93
5,0.00868421,0.157895,94
5,0.0104211,0.157895,89
5,0.0121579,0.157895,83
5,0.0138947,0.157895,87
5,0.0156316,0.157895,80
5,0.0173684,0.157895,83
5,0.0191053,0.157895,81
5,0.0208421,0.157895,74
5,0.0225789,0.157895,79
5,0.0243158,0.157895,71
5,0.0260526,0.157895,64
5,0.0277895,0.157895,71
5,0.0295263,0.157895,74
5,0.0312632,0.157895,60
5,0.033,0.157895,61
7,0,0.157895,100
7,0.00173684,0.157895,99
7,0.00347368,0.157895,98
7,0.00521053,0.157895,96
7,0.00694737,0.157895,99
7,0.00868421,0.157895,87
7,0.0104211,0.157895,90
7,0.0121579,0.157895,87
7,0.0138947,0.157895,80
7,0.0156316,0.157895,72
7,0.0173684,0.157895,76
7,0.0191053,0.157895,70
7,0.0208421,0.157895,75
7,0.0225789,0.157895,64
7,0.0243158,0.157895,58
7,0.0260526,0.157895,60
7,0.0277895,0.157895,64
7,0.0295263,0.157895,54
7,0.0312632,0.157895,53
7,0.033,0.157895,51
9,0,0.157895,100
9,0.00173684,0.157895,98
9,0.00347368,0.157895,97
9,0.00521053,0.157895,98
9,0.00694737,0.157895,89
9,0.00868421,0.157895,95
9,0.0104211,0.157895,83
9,0.0121579,0.157895,84
9,0.0138947,0.157895,77
9,0.0156316,0.157895,78
9,0.0173684,0.157895,72
9,0.0191053,0.157895,55
9,0.0208421,0.157895,68
9,0.0225789,0.157895,57
9,0.0243158,0.157895,63
9,0.0260526,0.157895,58
9,0.0277895,0.157895,53
9,0.0295263,0.157895,56
9,0.0312632,0.157895,51
9,0.033,0.157895,57
11,0,0.157895,100
11,0.00173684,0.157895,100
11,0.00347368,0.157895,97
11,0.00521053,0.157895,93
11,0.00694737,0.157895,91
11,0.00868421,0.157895,89
11,0.0104211,0.157895,84
11,0.0121579,0.157895,78
11,0.0138947,0.157895,70
11,0.0156316,0.157895,62
11,0.0173684,0.157895,60
11,0.0191053,0.157895,57
11,0.0208421,0.157895,49
11,0.0225789,0.157895,51
11,0.0243158,0.157895,51
11,0.0260526,0.157895,43
11,0.0277895,0.157895,57
11,0.0295263,0.157895,45
11,0.0312632,0.157895,47
11,0.033,0.157895,61
13,0,0.157895,100
13,0.00173684,0.157895,100
13,0.00347368,0.157895,100
13,0.00521053,0.157895,95
13,0.00694737,0.157895,94
13,0.00868421,0.157895,92
13,0.0104211,0.157895,81
13,0.0121579,0.157895,71
13,0.0138947,0.157895,70
13,0.0156316,0.157895,59
13,0.0173684,0.157895,59
13,0.0191053,0.157895,52
13,0.0208421,0.157895,62
13,0.0225789,0.157895,52
13,0.0243158,0.157895,47
13,0.0260526,0.157895,54
13,0.0277895,0.157895,47
13,0.0295263,0.157895,59
13,0.0312632,0.157895,47
13,0.033,0.157895,46
15,0,0.157895,100
15,0.00173684,0.157895,100
15,0.00347368,0.157895,100
15,0.00521053,0.157895,96
15,0.00694737,0.157895,97
15,0.00868421,0.157895,90
15,0.0104211,0.157895,80
15,0.0121579,0.157895,69
15,0.0138947,0.157895,66
15,0.0156316,0.157895,60
15,0.0173684,0.157895,61
15,0.0191053,0.157895,50
15,0.0208421,0.157895,51
15,0.0225789,0.157895,47
15,0.0243158,0.157895,53
15,0.0260526,0.157895,61
15,0.0277895,0.157895,39
15,0.0295263,0.157895,50
15,0.0312632,0.157895,50
15,0.033,0.157895,44
17,0,0.157895,100
17,0.00173684,0.157895,99
17,0.00347368,0.157895,99
17,0.00521053,0.157895,99
17,0.00694737,0.157895,95
17,0.00868421,0.157895,86
17,0.0104211,0.157895,73
17,0.0121579,0.157895,68
17,0.0138947,0.157895,59
17,0.0156316,0.157895,60
17,0.0173684,0.157895,53
17,0.0191053,0.157895,53
17,0.0208421,0.157895,46
17,0.0225789,0.157895,52
17,0.0243158,0.157895,59
17,0.0260526,0.157895,43
17,0.0277895,0.157895,43
17,0.0295263,0.157895,56
17,0.0312632,0.157895,52
17,0.033,0.157895,48
3,0,0.171053,98
3,0.00173684,0.171053,90
3,0.00347368,0.171053,92
3,0.00521053,0.171053,88
3,0.00694737,0.171053,89
3,0.00868421,0.171053,83
3,0.0104211,0.171053,83
3,0.0121579,0.171053,88
3,0.0138947,0.171053,89
3,0.0156316,0.171053,88
3,0.0173684,0.171053,78
3,0.0191053,0.171053,84
3,0.0208421,0.171053,77
3,0.0225789,0.171053,78
3,0.0243158,0.171053,81
3,0.0260526,0.171053,76
3,0.0277895,0.171053,69
3,0.0295263,0.171053,73
3,0.0312632,0.171053,74
3,0.033,0.171053,72
5,0,0.171053,98
5,0.00173684,0.171053,92
5,0.00347368,0.171053,91
5,0.00521053,0.171053,86
5,0.00694737,0.171053,91
5,0.00868421,0.171053,92
5,0.0104211,0.171053,86
5,0.0121579,0.171053,81
5,0.0138947,0.171053,80
5,0.0156316,0.171053,88
5,0.0173684,0.171053,76
5,0.0191053,0.171053,73
5,0.0208421,0.171053,77
5,0.0225789,0.171053,63
5,0.0243158,0.171053,68
5,0.0260526,0.171053,68
5,0.0277895,0.171053,67
5,0.0295263,0.171053,64
5,0.0312632,0.171053,70
5,0.033,0.171053,66
7,0,0.171053,98
7,0.00173684,0.171053,100
7,0.00347368,0.171053,98
7,0.00521053,0.171053,91
7,0.00694737,0.171053,94
7,0.00868421,0.171053,79
7,0.0104211,0.171053,85
7,0.0121579,0.171053,86
7,0.0138947,0.171053,80
7,0.0156316,0.171053,77
7,0.0173684,0.171053,69
7,0.0191053,0.171053,63
7,0.0208421,0.171053,52
7,0.0225789,0.171053,65
7,0.0243158,0.171053,55
7,0.0260526,0.171053,65
7,0.0277895,0.171053,56
7,0.0295263,0.171053,54
7,0.0312632,0.171053,52
7,0.033,0.171053,50
9,0,0.171053,100
9,0.00173684,0.171053,98
9,0.00347368,0.171053,99
9,0.00521053,0.171053,95
9,0.00694737,0.171053,87
9,0.00868421,0.171053,87
9,0.0104211,0.171053,77
9,0.0121579,0.171053,68
9,0.0138947,0.171053,69
9,0.0156316,0.171053,71
9,0.0173684,0.171053,62
9,0.0191053,0.171053,56
9,0.0208421,0.171053,66
9,0.0225789,0.171053,52
9,0.0243158,0.171053,59
9,0.0260526,0.171053,52
9,0.0277895,0.171053,52
9,0.0295263,0.171053,49
9,0.0312632,0.171053,46
9,0.033,0.171053,49
11,0,0.171053,100
11,0.00173684,0.171053,99
11,0.00347368,0.171053,97
11,0.00521053,0.171053,91
11,0.00694737,0.171053,94
11,0.00868421,0.171053,82
11,0.0104211,0.171053,71
11,0.0121579,0.171053,74
11,0.0138947,0.171053,69
11,0.0156316,0.171053,61
11,0.0173684,0.171053,58
11,0.0191053,0.171053,46
11,0.0208421,0.171053,57
11,0.0225789,0.171053,66
11,0.0243158,0.171053,58
11,0.0260526,0.171053,54
11,0.0277895,0.171053,47
11,0.0295263,0.171053,41
11,0.0312632,0.171053,38
11,0.033,0.171053,49
13,0,0.171053,100
13,0.00173684,0.171053,99
13,0.00347368,0.171053,95
13,0.00521053,0.171053,95
13,0.00694737,0.171053,93
13,0.00868421,0.171053,78
13,0.0104211,0.171053,78
13,0.0121579,0.171053,57
13,0.0138947,0.171053,58
13,0.0156316,0.171053,49
13,0.0173684,0.171053,50
13,0.0191053,0.171053,55
13,0.0208421,0.171053,52
13,0.0225789,0.171053,53
13,0.0243158,0.171053,59
13,0.0260526,0.171053,46
13,0.0277895,0.171053,51
13,0.0295263,0.171053,50
13,0.0312632,0.171053,57
13,0.033,0.171053,53
15,0,0.171053,100
15,0.00173684,0.171053,100
15,0.00347368,0.171053,98
15,0.00521053,0.171053,90
15,0.00694737,0.171053,90
15,0.00868421,0.171053,81
15,0.0104211,0.171053,72
15,0.0121579,0.171053,62
15,0.0138947,0.171053,60
15,0.0156316,0.171053,52
15,0.0173684,0.171053,51
15,0.0191053,0.171053,58
15,0.0208421,0.171053,41
15,0.0225789,0.171053,54
15,0.0243158,0.171053,48
15,0.0260526,0.171053,56
15,0.0277895,0.171053,50
15,0.0295263,0.171053,35
15,0.0312632,0.171053,56
15,0.033,0.171053,47
17,0,0.171053,100
17,0.00173684,0.171053,100
17,0.00347368,0.171053,99
17,0.00521053,0.171053,98
17,0.00694737,0.171053,86
17,0.00868421,0.171053,82
17,0.0104211,0.171053,67
17,0.0121579,0.171053,62
17,0.0138947,0.171053,45
17,0.0156316,0.171053,50
17,0.0173684,0.171053,51
17,0.0191053,0.171053,60
17,0.0208421,0.171053,52
17,0.0225789,0.171053,42
17,0.0243158,0.171053,47
17,0.0260526,0.171053,43
17,0.0277895,0.171053,46
17,0.0295263,0.171053,53
17,0.0312632,0.171053,46
17,0.033,0.171053,47
3,0,0.184211,90
3,0.00173684,0.184211,90
3,0.00347368,0.184211,91
3,0.00521053,0.184211,89
3,0.00694737,0.184211,87
3,0.00868421,0.184211,89
3,0.0104211,0.184211,92
3,0.0121579,0.184211,75
3,0.0138947,0.184211,89
3,0.0156316,0.184211,81
3,0.0173684,0.184211,74
3,0.0191053,0.184211,79
3,0.0208421,0.184211,80
3,0.0225789,0.184211,71
3,0.0243158,0.184211,75
3,0.0260526,0.184211,71
3,0.0277895,0.184211,70
3,0.0295263,0.184211,77
3,0.0312632,0.184211,74
3,0.033,0.184211,71
5,0,0.184211,95
5,0.00173684,0.184211,97
5,0.00347368,0.184211,88
5,0.00521053,0.184211,87
5,0.00694737,0.184211,89
5,0.00868421,0.184211,88
5,0.0104211,0.184211,81
5,0.0121579,0.184211,77
5,0.0138947,0.184211,83
5,0.0156316,0.184211,72
5,0.0173684,0.184211,76
5,0.0191053,0.184211,67
5,0.0208421,0.184211,76
5,0.0225789,0.184211,69
5,0.0243158,0.184211,63
5,0.0260526,0.184211,56
5,0.0277895,0.184211,66
5,0.0295263,0.184211,57
5,0.0312632,0.184211,63
5,0.033,0.184211,54
7,0,0.184211,96
7,0.00173684,0.184211,96
7,0.00347368,0.184211,94
7,0.00521053,0.184211,93
7,0.00694737,0.184211,87
7,0.00868421,0.184211,82
7,0.0104211,0.184211,75
7,0.0121579,0.184211,74
7,0.0138947,0.184211,63
7,0.0156316,0.184211,72
7,0.0173684,0.184211,66
7,0.0191053,0.184211,66
7,0.0208421,0.184211,56
7,0.0225789,0.184211,61
7,0.0243158,0.184211,61
7,0.0260526,0.184211,57
7,0.0277895,0.184211,52
7,0.0295263,0.184211,46
7,0.0312632,0.184211,43
7,0.033,0.184211,43
9,0,0.184211,100
9,0.00173684,0.184211,100
9,0.00347368,0.184211,93
9,0.00521053,0.184211,92
9,0.00694737,0.184211,95
9,0.00868421,0.184211,73
9,0.0104211,0.184211,66
9,0.0121579,0.184211,64
9,0.0138947,0.184211,63
9,0.0156316,0.184211,51
9,0.0173684,0.184211,65
9,0.0191053,0.184211,53
9,0.0208421,0.184211,50
9,0.0225789,0.184211,52
9,0.0243158,0.184211,53
9,0.0260526,0.184211,56
9,0.0277895,0.184211,50
9,0.0295263,0.184211,50
9,0.0312632,0.184211,41
9,0.033,0.184211,43
11,0,0.184211,100
11,0.00173684,0.184211,100
11,0.00347368,0.184211,95
11,0.00521053,0.184211,90
11,0.00694737,0.184211,88
11,0.00868421,0.184211,71
11,0.0104211,0.184211,72
11,0.0121579,0.184211,68
11,0.0138947,0.184211,62
11,0.0156316,0.184211,70
11,0.0173684,0.184211,51
11,0.0191053,0.184211,52
11,0.0208421,0.184211,51
11,0.0225789,0.184211,51
11,0.0243158,0.184211,50
11,0.0260526,0.184211,49
11,0.0277895,0.184211,51
11,0.0295263,0.184211,48
11,0.0312632,0.184211,45
11,0.033,0.184211,53
13,0,0.184211,99
13,0.00173684,0.184211,98
13,0.00347368,0.184211,97
13,0.00521053,0.184211,88
13,0.00694737,0.184211,81
13,0.00868421,0.184211,76
13,0.0104211,0.184211,74
13,0.0121579,0.184211,57
13,0.0138947,0.184211,53
13,0.0156316,0.184211,47
13,0.0173684,0.184211,56
13,0.0191053,0.184211,53
13,0.0208421,0.184211,52
13,0.0225789,0.184211,50
13,0.0243158,0.184211,43
13,0.0260526,0.184211,53
13,0.0277895,0.184211,45
13,0.0295263,0.184211,49
13,0.0312632,0.184211,54
13,0.033,0.184211,48
15,0,0.184211,100
15,0.00173684,0.184211,100
15,0.00347368,0.184211,95
15,0.00521053,0.184211,84
15,0.00694737,0.184211,77
15,0.00868421,0.184211,69
15,0.0104211,0.184211,58
15,0.0121579,0.184211,56
15,0.0138947,0.184211,56
15,0.0156316,0.184211,49
15,0.0173684,0.184211,51
15,0.0191053,0.184211,50
15,0.0208421,0.184211,45
15,0.0225789,0.184211,54
15,0.0243158,0.184211,49
15,0.0260526,0.184211,43
15,0.0277895,0.184211,48
15,0.0295263,0.184211,52
15,0.0312632,0.184211,44
15,0.033,0.184211,54
17,0,0.184211,100
17,0.00173684,0.184211,99
17,0.00347368,0.184211,95
17,0.00521053,0.184211,90
17,0.00694737,0.184211,76
17,0.00868421,0.184211,77
17,0.0104211,0.184211,54
17,0.0121579,0.184211,60
17,0.0138947,0.184211,56
17,0.0156316,0.184211,48
17,0.0173684,0.184211,45
17,0.0191053,0.184211,56
17,0.0208421,0.184211,57
17,0.0225789,0.184211,45
17,0.0243158,0.184211,47
17,0.0260526,0.184211,49
17,0.0277895,0.184211,57
17,0.0295263,0.184211,56
17,0.0312632,0.184211,53
17,0.033,0.184211,59
3,0,0.197368,91
3,0.00173684,0.197368,89
3,0.00347368,0.197368,88
3,0.00521053,0.197368,89
3,0.00694737,0.197368,85
3,0.00868421,0.197368,85
3,0.0104211,0.197368,83
3,0.0121579,0.197368,78
3,0.0138947,0.197368,77
3,0.0156316,0.197368,79
3,0.0173684,0.197368,72
3,0.0191053,0.197368,70
3,0.0208421,0.197368,73
3,0.0225789,0.197368,69
3,0.0243158,0.197368,75
3,0.0260526,0.197368,63
3,0.0277895,0.197368,74
3,0.0295263,0.197368,72
3,0.0312632,0.197368,71
3,0.033,0.197368,72
5,0,0.197368,95
5,0.00173684,0.197368,91
5,0.00347368,0.197368,84
5,0.00521053,0.197368,95
5,0.00694737,0.197368,80
5,0.00868421,0.197368,81
5,0.0104211,0.197368,81
5,0.0121579,0.197368,76
5,0.0138947,0.197368,64
5,0.0156316,0.197368,83
5,0.0173684,0.197368,75
5,0.0191053,0.197368,66
5,0.0208421,0.197368,60
5,0.0225789,0.197368,69
5,0.0243158,0.197368,53
5,0.0260526,0.197368,64
5,0.0277895,0.197368,65
5,0.0295263,0.197368,66
5,0.0312632,0.197368,60
5,0.033,0.197368,56
7,0,0.197368,93
7,0.00173684,0.197368,94
7,0.00347368,0.197368,91
7,0.00521053,0.197368,83
7,0.00694737,0.197368,82
7,0.00868421,0.197368,82
7,0.0104211,0.197368,67
7,0.0121579,0.197368,70
7,0.0138947,0.197368,63
7,0.0156316,0.197368,69
7,0.0173684,0.197368,56
7,0.0191053,0.197368,57
7,0.0208421,0.197368,61
7,0.0225789,0.197368,63
7,0.0243158,0.197368,50
7,0.0260526,0.197368,45
7,0.0277895,0.197368,57
7,0.0295263,0.197368,45
7,0.0312632,0.197368,48
7,0.033,0.197368,50
9,0,0.197368,99
9,0.00173684,0.197368,97
9,0.00347368,0.197368,92
9,0.00521053,0.197368,88
9,0.00694737,0.197368,86
9,0.00868421,0.197368,80
9,0.0104211,0.197368,70
9,0.0121579,0.197368,51
9,0.0138947,0.197368,62
9,0.0156316,0.197368,62
9,0.0173684,0.197368,58
9,0.0191053,0.197368,52
9,0.0208421,0.197368,55
9,0.0225789,0.197368,60
9,0.0243158,0.197368,48
9,0.0260526,0.197368,53
9,0.0277895,0.197368,50
9,0.0295263,0.197368,47
9,0.0312632,0.197368,52
9,0.033,0.197368,47
11,0,0.197368,100
11,0.00173684,0.197368,97
11,0.00347368,0.197368,95
11,0.00521053,0.197368,88
11,0.00694737,0.197368,76
11,0.00868421,0.197368,70
11,0.0104211,0.197368,56
11,0.0121579,0.197368,60
11,0.0138947,0.197368,57
11,0.0156316,0.197368,56
11,0.0173684,0.197368,58
11,0.0191053,0.197368,49
11,0.0208421,0.197368,46
11,0.0225789,0.197368,59
11,0.0243158,0.197368,54
11,0.0260526,0.197368,50
11,0.0277895,0.197368,61
11,0.0295263,0.197368,44
11,0.0312632,0.197368,50
11,0.033,0.197368,47
13,0,0.197368,99
13,0.00173684,0.197368,94
13,0.00347368,0.197368,91
13,0.00521053,0.197368,89
13,0.00694737,0.197368,65
13,0.00868421,0.197368,65
13,0.0104211,0.197368,66
13,0.0121579,0.197368,60
13,0.0138947,0.197368,49
13,0.0156316,0.197368,44
13,0.0173684,0.197368,54
13,0.0191053,0.197368,45
13,0.0208421,0.197368,51
13,0.0225789,0.197368,45
13,0.0243158,0.197368,48
13,0.0260526,0.197368,51
13,0.0277895,0.197368,56
13,0.0295263,0.197368,48
13,0.0312632,0.197368,55
13,0.033,0.197368,53
15,0,0.197368,100
15,0.00173684,0.197368,99
15,0.00347368,0.197368,94
15,0.00521053,0.197368,88
15,0.00694737,0.197368,77
15,0.00868421,0.197368,66
15,0.0104211,0.197368,50
15,0.0121579,0.197368,47
15,0.0138947,0.197368,50
15,0.0156316,0.197368,39
15,0.0173684,0.197368,50
15,0.0191053,0.197368,46
15,0.0208421,0.197368,55
15,0.0225789,0.197368,56
15,0.0243158,0.197368,47
15,0.0260526,0.197368,54
15,0.0277895,0.197368,58
15,0.0295263,0.197368,54
15,0.0312632,0.197368,52
15,0.033,0.197368,43
17,0,0.197368,100
17,0.00173684,0.197368,100
17,0.00347368,0.197368,86
17,0.00521053,0.197368,75
17,0.00694737,0.197368,74
17,0.00868421,0.197368,53
17,0.0104211,0.197368,52
17,0.0121579,0.197368,54
17,0.0138947,0.197368,47
17,0.0156316,0.197368,45
17,0.0173684,0.197368,52
17,0.0191053,0.197368,50
17,0.0208421,0.197368,47
17,0.0225789,0.197368,48
17,0.0243158,0.197368,44
17,0.0260526,0.197368,50
17,0.0277895,0.197368,48
17,0.0295263,0.197368,54
17,0.0312632,0.197368,49
17,0.033,0.197368,55
3,0,0.210526,84
3,0.00173684,0.210526,86
3,0.00347368,0.210526,82
3,0.00521053,0.210526,87
3,0.00694737,0.210526,81
3,0.00868421,0.210526,76
3,0.0104211,0.210526,74
3,0.0121579,0.210526,79
3,0.0138947,0.210526,72
3,0.0156316,0.210526,74
3,0.0173684,0.210526,67
3,0.0191053,0.210526,71
3,0.0208421,0.210526,74
3,0.0225789,0.210526,60
3,0.0243158,0.210526,74
3,0.0260526,0.210526,66
3,0.0277895,0.210526,74
3,0.0295263,0.210526,71
3,0.0312632,0.210526,53
3,0.033,0.210526,65
5,0,0.210526,87
5,0.00173684,0.210526,84
5,0.00347368,0.210526,83
5,0.00521053,0.210526,83
5,0.00694737,0.210526,72
5,0.00868421,0.210526,84
5,0.0104211,0.210526,72
5,0.0121579,0.210526,63
5,0.0138947,0.210526,70
5,0.0156316,0.210526,65
5,0.0173684,0.210526,64
5,0.0191053,0.210526,62
5,0.0208421,0.210526,51
5,0.0225789,0.210526,55
5,0.0243158,0.210526,59
5,0.0260526,0.210526,47
5,0.0277895,0.210526,52
5,0.0295263,0.210526,49
5,0.0312632,0.210526,48
5,0.033,0.210526,42
7,0,0.210526,93
7,0.00173684,0.210526,90
7,0.00347368,0.210526,87
7,0.00521053,0.210526,87
7,0.00694737,0.210526,74
7,0.00868421,0.210526,80
7,0.0104211,0.210526,70
7,0.0121579,0.210526,79
7,0.0138947,0.210526,68
7,0.0156316,0.210526,53
7,0.0173684,0.210526,64
7,0.0191053,0.210526,50
7,0.0208421,0.210526,51
7,0.0225789,0.210526,53
7,0.0243158,0.210526,50
7,0.0260526,0.210526,53
7,0.0277895,0.210526,52
7,0.0295263,0.210526,57
7,0.0312632,0.210526,50
7,0.033,0.210526,56
9,0,0.210526,97
9,0.00173684,0.210526,88
9,0.00347368,0.210526,88
9,0.00521053,0.210526,83
9,0.00694737,0.210526,77
9,0.00868421,0.210526,73
9,0.0104211,0.210526,56
9,0.0121579,0.210526,62
9,0.0138947,0.210526,52
9,0.0156316,0.210526,60
9,0.0173684,0.210526,57
9,0.0191053,0.210526,61
9,0.0208421,0.210526,46
9,0.0225789,0.210526,60
9,0.0243158,0.210526,52
9,0.0260526,0.210526,52
9,0.0277895,0.210526,39
9,0.0295263,0.210526,44
9,0.0312632,0.210526,44
9,0.033,0.210526,39
11,0,0.210526,97
11,0.00173684,0.210526,90
11,0.00347368,0.210526,91
11,0.00521053,0.210526,79
11,0.00694737,0.210526,69
11,0.00868421,0.210526,64
11,0.0104211,0.210526,54
11,0.0121579,0.210526,51
11,0.0138947,0.210526,48
11,0.0156316,0.210526,53
11,0.0173684,0.210526,45
11,0.0191053,0.210526,50
11,0.0208421,0.210526,47
11,0.0225789,0.210526,48
11,0.0243158,0.210526,54
11,0.0260526,0.210526,57
11,0.0277895,0.210526,49
11,0.0295263,0.210526,49
11,0.0312632,0.210526,58
11,0.033,0.210526,55
13,0,0.210526,100
13,0.00173684,0.210526,95
13,0.00347368,0.210526,84
13,0.00521053,0.210526,81
13,0.00694737,0.210526,66
13,0.00868421,0.210526,50
13,0.0104211,0.210526,57
13,0.0121579,0.210526,57
13,0.0138947,0.210526,46
13,0.0156316,0.210526,51
13,0.0173684,0.210526,52
13,0.0191053,0.210526,46
13,0.0208421,0.210526,55
13,0.0225789,0.210526,46
13,0.0243158,0.210526,48
13,0.0260526,0.210526,51
13,0.0277895,0.210526,49
13,0.0295263,0.210526,46
13,0.0312632,0.210526,52
13,0.033,0.210526,51
15,0,0.210526,100
15,0.00173684,0.210526,97
15,0.00347368,0.210526,77
15,0.00521053,0.210526,67
15,0.00694737,0.210526,69
15,0.00868421,0.210526,52
15,0.0104211,0.210526,52
15,0.0121579,0.210526,56
15,0.0138947,0.210526,50
15,0.0156316,0.210526,53
15,0.0173684,0.210526,45
15,0.0191053,0.210526,56
15,0.0208421,0.210526,51
15,0.0225789,0.210526,56
15,0.0243158,0.210526,51
15,0.0260526,0.210526,53
15,0.0277895,0.210526,46
15,0.0295263,0.210526,50
15,0.0312632,0.210526,49
15,0.033,0.210526,45
17,0,0.210526,100
17,0.00173684,0.210526,90
17,0.00347368,0.210526,86
17,0.00521053,0.210526,74
17,0.00694737,0.210526,59
17,0.00868421,0.210526,53
17,0.0104211,0.210526,54
17,0.0121579,0.210526,48
17,0.0138947,0.210526,56
17,0.0156316,0.210526,47
17,0.0173684,0.210526,55
17,0.0191053,0.210526,48
17,0.0208421,0.210526,38
17,0.0225789,0.210526,48
17,0.0243158,0.210526,54
17,0.0260526,0.210526,45
17,0.0277895,0.210526,49
17,0.0295263,0.210526,47
17,0.0312632,0.210526,51
17,0.033,0.210526,45
3,0,0.223684,73
3,0.00173684,0.223684,88
3,0.00347368,0.223684,76
3,0.00521053,0.223684,84
3,0.00694737,0.223684,75
3,0.00868421,0.223684,79
3,0.0104211,0.223684,79
3,0.0121579,0.223684,67
3,0.0138947,0.223684,75
3,0.0156316,0.223684,70
3,0.0173684,0.223684,67
3,0.0191053,0.223684,72
3,0.0208421,0.223684,75
3,0.0225789,0.223684,70
3,0.0243158,0.223684,61
3,0.0260526,0.223684,67
3,0.0277895,0.223684,60
3,0.0295263,0.223684,63
3,0.0312632,0.223684,66
3,0.033,0.223684,57
5,0,0.223684,82
5,0.00173684,0.223684,80
5,0.00347368,0.223684,77
5,0.00521053,0.223684,68
5,0.00694737,0.223684,69
5,0.00868421,0.223684,64
5,0.0104211,0.223684,76
5,0.0121579,0.223684,55
5,0.0138947,0.223684,68
5,0.0156316,0.223684,62
5,0.0173684,0.223684,52
5,0.0191053,0.223684,51
5,0.0208421,0.223684,63
5,0.0225789,0.223684,55
5,0.0243158,0.223684,56
5,0.0260526,0.223684,47
5,0.0277895,0.223684,43
5,0.0295263,0.223684,60
5,0.0312632,0.223684,55
5,0.033,0.223684,46
7,0,0.223684,92
7,0.00173684,0.223684,80
7,0.00347368,0.223684,78
7,0.00521053,0.223684,77
7,0.00694737,0.223684,73
7,0.00868421,0.223684,71
7,0.0104211,0.223684,66
7,0.0121579,0.223684,56
7,0.0138947,0.223684,68
7,0.0156316,0.223684,57
7,0.0173684,0.223684,66
7,0.0191053,0.223684,60
7,0.0208421,0.223684,54
7,0.0225789,0.223684,49
7,0.0243158,0.223684,43
7,0.0260526,0.223684,49
7,0.0277895,0.223684,53
7,0.0295263,0.223684,43
7,0.0312632,0.223684,51
7,0.033,0.223684,41
9,0,0.223684,89
9,0.00173684,0.223684,78
9,0.00347368,0.223684,83
9,0.00521053,0.223684,72
9,0.00694737,0.223684,64
9,0.00868421,0.223684,65
9,0.0104211,0.223684,52
9,0.0121579,0.223684,60
9,0.0138947,0.223684,47
9,0.0156316,0.223684,53
9,0.0173684,0.223684,45
9,0.0191053,0.223684,51
9,0.0208421,0.223684,45
9,0.0225789,0.223684,48
9,0.0243158,0.223684,44
9,0.0260526,0.223684,45
9,0.0277895,0.223684,41
9,0.0295263,0.223684,48
9,0.0312632,0.223684,47
9,0.033,0.223684,42
11,0,0.223684,96
11,0.00173684,0.223684,86
11,0.00347368,0.223684,79
11,0.00521053,0.223684,68
11,0.00694737,0.223684,62
11,0.00868421,0.223684,65
11,0.0104211,0.223684,56
11,0.0121579,0.223684,50
11,0.0138947,0.223684,46
11,0.0156316,0.223684,47
11,0.0173684,0.223684,43
11,0.0191053,0.223684,50
11,0.0208421,0.223684,41
11,0.0225789,0.223684,43
11,0.0243158,0.223684,48
11,0.0260526,0.223684,52
11,0.0277895,0.223684,41
11,0.0295263,0.223684,53
11,0.0312632,0.223684,55
11,0.033,0.223684,53
13,0,0.223684,99
13,0.00173684,0.223684,87
13,0.00347368,0.223684,72
13,0.00521053,0.223684,64
13,0.00694737,0.223684,55
13,0.00868421,0.223684,50
13,0.0104211,0.223684,50
13,0.0121579,0.223684,57
13,0.0138947,0.223684,48
13,0.0156316,0.223684,47
13,0.0173684,0.223684,47
13,0.0191053,0.223684,42
13,0.0208421,0.223684,43
13,0.0225789,0.223684,54
13,0.0243158,0.223684,49
13,0.0260526,0.223684,54
13,0.0277895,0.223684,45
13,0.0295263,0.223684,51
13,0.0312632,0.223684,54
13,0.033,0.223684,52
15,0,0.223684,99
15,0.00173684,0.223684,89
15,0.00347368,0.223684,80
15,0.00521053,0.223684,64
15,0.00694737,0.223684,56
15,0.00868421,0.223684,44
15,0.0104211,0.223684,51
15,0.0121579,0.223684,53
15,0.0138947,0.223684,51
15,0.0156316,0.223684,47
15,0.0173684,0.223684,45
15,0.0191053,0.223684,52
15,0.0208421,0.223684,53
15,0.0225789,0.223684,57
15,0.0243158,0.223684,43
15,0.0260526,0.223684,45
15,0.0277895,0.223684,52
15,0.0295263,0.223684,49
15,0.0312632,0.223684,55
15,0.033,0.223684,48
17,0,0.223684,99
17,0.00173684,0.223684,84
17,0.00347368,0.223684,69
17,0.00521053,0.223684,53
17,0.00694737,0.223684,56
17,0.00868421,0.223684,57
17,0.0104211,0.223684,46
17,0.0121579,0.223684,55
17,0.0138947,0.223684,53
17,0.0156316,0.223684,47
17,0.0173684,0.223684,40
17,0.0191053,0.223684,43
17,0.0208421,0.223684,49
17,0.0225789,0.223684,52
17,0.0243158,0.223684,56
17,0.0260526,0.223684,41
17,0.0277895,0.223684,48
17,0.0295263,0.223684,47
17,0.0312632,0.223684,41
17,0.033,0.223684,55
3,0,0.236842,72
3,0.00173684,0.236842,75
3,0.00347368,0.236842,80
3,0.00521053,0.236842,79
3,0.00694737,0.236842,73
3,0.00868421,0.236842,72
3,0.0104211,0.236842,76
3,0.0121579,0.236842,71
3,0.0138947,0.236842,64
3,0.0156316,0.236842,69
3,0.0173684,0.236842,65
3,0.0191053,0.236842,64
3,0.0208421,0.236842,57
3,0.0225789,0.236842,68
3,0.0243158,0.236842,66
3,0.0260526,0.236842,56
3,0.0277895,0.236842,54
3,0.0295263,0.236842,53
3,0.0312632,0.236842,60
3,0.033,0.236842,57
5,0,0.236842,79
5,0.00173684,0.236842,71
5,0.00347368,0.236842,61
5,0.00521053,0.236842,64
5,0.00694737,0.236842,70
5,0.00868421,0.236842,68
5,0.0104211,0.236842,53
5,0.0121579,0.236842,55
5,0.0138947,0.236842,52
5,0.0156316,0.236842,40
5,0.0173684,0.236842,52
5,0.0191053,0.236842,53
5,0.0208421,0.236842,53
5,0.0225789,0.236842,36
5,0.0243158,0.236842,46
5,0.0260526,0.236842,46
5,0.0277895,0.236842,39
5,0.0295263,0.236842,42
5,0.0312632,0.236842,41
5,0.033,0.236842,46
7,0,0.236842,82
7,0.00173684,0.236842,73
7,0.00347368,0.236842,70
7,0.00521053,0.236842,57
7,0.00694737,0.236842,69
7,0.00868421,0.236842,53
7,0.0104211,0.236842,62
7,0.0121579,0.236842,50
7,0.0138947,0.236842,47
7,0.0156316,0.236842,48
7,0.0173684,0.236842,50
7,0.0191053,0.236842,40
7,0.0208421,0.236842,39
7,0.0225789,0.236842,36
7,0.0243158,0.236842,38
7,0.0260526,0.236842,50
7,0.0277895,0.236842,47
7,0.0295263,0.236842,41
7,0.0312632,0.236842,31
7,0.033,0.236842,43
9,0,0.236842,85
9,0.00173684,0.236842,76
9,0.00347368,0.236842,61
9,0.00521053,0.236842,56
9,0.00694737,0.236842,67
9,0.00868421,0.236842,54
9,0.0104211,0.236842,50
9,0.0121579,0.236842,44
9,0.0138947,0.236842,35
9,0.0156316,0.236842,50
9,0.0173684,0.236842,42
9,0.0191053,0.236842,42
9,0.0208421,0.236842,38
9,0.0225789,0.236842,47
9,0.0243158,0.236842,37
9,0.0260526,0.236842,38
9,0.0277895,0.236842,46
9,0.0295263,0.236842,42
9,0.0312632,0.236842,40
9,0.033,0.236842,39
11,0,0.236842,87
11,0.00173684,0.236842,77
11,0.00347368,0.236842,61
11,0.00521053,0.236842,66
11,0.00694737,0.236842,43
11,0.00868421,0.236842,38
11,0.0104211,0.236842,43
11,0.0121579,0.236842,41
11,0.0138947,0.236842,42
11,0.0156316,0.236842,45
11,0.0173684,0.236842,50
11,0.0191053,0.236842,47
11,0.0208421,0.236842,41
11,0.0225789,0.236842,52
11,0.0243158,0.236842,41
11,0.0260526,0.236842,46
11,0.0277895,0.236842,36
11,0.0295263,0.236842,46
11,0.0312632,0.236842,40
11,0.033,0.236842,38
13,0,0.236842,80
13,0.00173684,0.236842,78
13,0.00347368,0.236842,64
13,0.00521053,0.236842,59
13,0.00694737,0.236842,54
13,0.00868421,0.236842,52
13,0.0104211,0.236842,47
13,0.0121579,0.236842,51
13,0.0138947,0.236842,51
13,0.0156316,0.236842,54
13,0.0173684,0.236842,49
13,0.0191053,0.236842,41
13,0.0208421,0.236842,38
13,0.0225789,0.236842,45
13,0.0243158,0.236842,43
13,0.0260526,0.236842,46
13,0.0277895,0.236842,49
13,0.0295263,0.236842,48
13,0.0312632,0.236842,39
13,0.033,0.236842,43
15,0,0.236842,89
15,0.00173684,0.236842,71
15,0.00347368,0.236842,57
15,0.00521053,0.236842,50
15,0.00694737,0.236842,44
15,0.00868421,0.236842,44
15,0.0104211,0.236842,44
15,0.0121579,0.236842,49
15,0.0138947,0.236842,45
15,0.0156316,0.236842,44
15,0.0173684,0.236842,40
15,0.0191053,0.236842,50
15,0.0208421,0.236842,48
15,0.0225789,0.236842,35
15,0.0243158,0.236842,51
15,0.0260526,0.236842,43
15,0.0277895,0.236842,42
15,0.0295263,0.236842,48
15,0.0312632,0.236842,49
15,0.033,0.236842,45
17,0,0.236842,92
17,0.00173684,0.236842,77
17,0.00347368,0.236842,57
17,0.00521053,0.236842,58
17,0.00694737,0.236842,48
17,0.00868421,0.236842,35
17,0.0104211,0.236842,38
17,0.0121579,0.236842,37
17,0.0138947,0.236842,45
17,0.0156316,0.236842,47
17,0.0173684,0.236842,51
17,0.0191053,0.236842,42
17,0.0208421,0.236842,50
17,0.0225789,0.236842,41
17,0.0243158,0.236842,41
17,0.0260526,0.236842,49
17,0.0277895,0.236842,46
17,0.0295263,0.236842,45
17,0.0312632,0.236842,37
17,0.033,0.236842,45
3,0,0.25,75
3,0.00173684,0.25,77
3,0.00347368,0.25,75
3,0.00521053,0.25,73
3,0.00694737,0.25,68
3,0.00868421,0.25,78
3,0.0104211,0.25,74
3,0.0121579,0.25,76
3,0.0138947,0.25,67
3,0.0156316,0.25,64
3,0.0173684,0.25,57
3,0.0191053,0.25,68
3,0.0208421,0.25,63
3,0.0225789,0.25,55
3,0.0243158,0.25,59
3,0.0260526,0.25,64
3,0.0277895,0.25,61
3,0.0295263,0.25,62
3,0.0312632,0.25,50
3,0.033,0.25,55
5,0,0.25,73
5,0.00173684,0.25,61
5,0.00347368,0.25,57
5,0.00521053,0.25,62
5,0.00694737,0.25,59
5,0.00868421,0.25,57
5,0.0104211,0.25,60
5,0.0121579,0.25,48
5,0.0138947,0.25,58
5,0.0156316,0.25,43
5,0.0173684,0.25,45
5,0.0191053,0.25,42
5,0.0208421,0.25,48
5,0.0225789,0.25,42
5,0.0243158,0.25,33
5,0.0260526,0.25,37
5,0.0277895,0.25,37
5,0.0295263,0.25,33
5,0.0312632,0.25,38
5,0.033,0.25,38
7,0,0.25,72
7,0.00173684,0.25,63
7,0.00347368,0.25,57
7,0.00521053,0.25,61
7,0.00694737,0.25,50
7,0.00868421,0.25,46
7,0.0104211,0.25,42
7,0.0121579,0.25,35
7,0.0138947,0.25,45
7,0.0156316,0.25,37
7,0.0173684,0.25,52
7,0.0191053,0.25,42
7,0.0208421,0.25,40
7,0.0225789,0.25,35
7,0.0243158,0.25,35
7,0.0260526,0.25,30
7,0.0277895,0.25,43
7,0.0295263,0.25,35
7,0.0312632,0.25,32
7,0.033,0.25,38
9,0,0.25,77
9,0.00173684,0.25,64
9,0.00347368,0.25,53
9,0.00521053,0.25,44
9,0.00694737,0.25,41
9,0.00868421,0.25,36
9,0.0104211,0.25,39
9,0.0121579,0.25,34
9,0.0138947,0.25,36
9,0.0156316,0.25,37
9,0.0173684,0.25,46
9,0.0191053,0.25,42
9,0.0208421,0.25,41
9,0.0225789,0.25,36
9,0.0243158,0.25,43
9,0.0260526,0.25,27
9,0.0277895,0.25,43
9,0.0295263,0.25,45
9,0.0312632,0.25,37
9,0.033,0.25,37
11,0,0.25,68
11,0.00173684,0.25,55
11,0.00347368,0.25,41
11,0.00521053,0.25,45
11,0.00694737,0.25,39
11,0.00868421,0.25,48
11,0.0104211,0.25,42
11,0.0121579,0.25,28
11,0.0138947,0.25,34
11,0.0156316,0.25,34
11,0.0173684,0.25,36
11,0.0191053,0.25,29
11,0.0208421,0.25,37
11,0.0225789,0.25,38
11,0.0243158,0.25,31
11,0.0260526,0.25,42
11,0.0277895,0.25,29
11,0.0295263,0.25,42
11,0.0312632,0.25,30
11,0.033,0.25,34
13,0,0.25,72
13,0.00173684,0.25,53
13,0.00347368,0.25,41
13,0.00521053,0.25,44
13,0.00694737,0.25,36
13,0.00868421,0.25,28
13,0.0104211,0.25,36
13,0.0121579,0.25,31
13,0.0138947,0.25,35
13,0.0156316,0.25,46
13,0.0173684,0.25,37
13,0.0191053,0.25,39
13,0.0208421,0.25,30
13,0.0225789,0.25,24
13,0.0243158,0.25,34
13,0.0260526,0.25,36
13,0.0277895,0.25,39
13,0.0295263,0.25,29
13,0.0312632,0.25,33
13,0.033,0.25,32
15,0,0.25,62
15,0.00173684,0.25,49
15,0.00347368,0.25,37
15,0.00521053,0.25,38
15,0.00694737,0.25,40
15,0.00868421,0.25,31
15,0.0104211,0.25,43
15,0.0121579,0.25,33
15,0.0138947,0.25,42
15,0.0156316,0.25,33
15,0.0173684,0.25,34
15,0.0191053,0.25,29
15,0.0208421,0.25,32
15,0.0225789,0.25,28
15,0.0243158,0.25,39
15,0.0260526,0.25,32
15,0.0277895,0.25,34
15,0.0295263,0.25,35
15,0.0312632,0.25,29
15,0.033,0.25,29
17,0,0.25,60
17,0.00173684,0.25,53
17,0.00347368,0.25,44
17,0.00521053,0.25,37
17,0.00694737,0.25,30
17,0.00868421,0.25,37
17,0.0104211,0.25,46
17,0.0121579,0.25,39
17,0.0138947,0.25,37
17,0.0156316,0.25,35
17,0.0173684,0.25,27
17,0.0191053,0.25,26
17,0.0208421,0.25,29
17,0.0225789,0.25,26
17,0.0243158,0.25,40
17,0.0260526,0.25,32
17,0.0277895,0.25,33
17,0.0295263,0.25,40
17,0.0312632,0.25,36
17,0.033,0.25,39
