L,p_error,num_success
3,0,0,100
3,0.00173684,0,100
3,0.00347368,0,99
3,0.00521053,0,100
3,0.00694737,0,100
3,0.00868421,0,99
3,0.0104211,0,97
3,0.0121579,0,100
3,0.0138947,0,97
3,0.0156316,0,98
3,0.0173684,0,95
3,0.0191053,0,97
3,0.0208421,0,97
3,0.0225789,0,96
3,0.0243158,0,93
3,0.0260526,0,96
3,0.0277895,0,85
3,0.0295263,0,96
3,0.0312632,0,90
3,0.033,0,85
5,0,0,100
5,0.00173684,0,100
5,0.00347368,0,100
5,0.00521053,0,100
5,0.00694737,0,100
5,0.00868421,0,100
5,0.0104211,0,99
5,0.0121579,0,100
5,0.0138947,0,100
5,0.0156316,0,99
5,0.0173684,0,98
5,0.0191053,0,99
5,0.0208421,0,96
5,0.0225789,0,94
5,0.0243158,0,94
5,0.0260526,0,92
5,0.0277895,0,90
5,0.0295263,0,96
5,0.0312632,0,95
5,0.033,0,93
7,0,0,100
7,0.00173684,0,100
7,0.00347368,0,100
7,0.00521053,0,100
7,0.00694737,0,100
7,0.00868421,0,100
7,0.0104211,0,100
7,0.0121579,0,100
7,0.0138947,0,99
7,0.0156316,0,100
7,0.0173684,0,99
7,0.0191053,0,95
7,0.0208421,0,98
7,0.0225789,0,98
7,0.0243158,0,98
7,0.0260526,0,95
7,0.0277895,0,94
7,0.0295263,0,90
7,0.0312632,0,94
7,0.033,0,85
9,0,0,100
9,0.00173684,0,100
9,0.00347368,0,100
9,0.00521053,0,100
9,0.00694737,0,100
9,0.00868421,0,100
9,0.0104211,0,100
9,0.0121579,0,100
9,0.0138947,0,100
9,0.0156316,0,100
9,0.0173684,0,100
9,0.0191053,0,99
9,0.0208421,0,99
9,0.0225789,0,99
9,0.0243158,0,99
9,0.0260526,0,98
9,0.0277895,0,98
9,0.0295263,0,93
9,0.0312632,0,87
9,0.033,0,87
11,0,0,100
11,0.00173684,0,100
11,0.00347368,0,100
11,0.00521053,0,100
11,0.00694737,0,100
11,0.00868421,0,100
11,0.0104211,0,100
11,0.0121579,0,100
11,0.0138947,0,100
11,0.0156316,0,100
11,0.0173684,0,100
11,0.0191053,0,100
11,0.0208421,0,99
11,0.0225789,0,100
11,0.0243158,0,99
11,0.0260526,0,97
11,0.0277895,0,96
11,0.0295263,0,92
11,0.0312632,0,93
11,0.033,0,81
13,0,0,100
13,0.00173684,0,100
13,0.00347368,0,100
13,0.00521053,0,100
13,0.00694737,0,100
13,0.00868421,0,100
13,0.0104211,0,100
13,0.0121579,0,100
13,0.0138947,0,100
13,0.0156316,0,100
13,0.0173684,0,100
13,0.0191053,0,100
13,0.0208421,0,100
13,0.0225789,0,96
13,0.0243158,0,100
13,0.0260526,0,95
13,0.0277895,0,98
13,0.0295263,0,94
13,0.0312632,0,88
13,0.033,0,85
15,0,0,100
15,0.00173684,0,100
15,0.00347368,0,100
15,0.00521053,0,100
15,0.00694737,0,100
15,0.00868421,0,100
15,0.0104211,0,100
15,0.0121579,0,100
15,0.0138947,0,100
15,0.0156316,0,100
15,0.0173684,0,100
15,0.0191053,0,100
15,0.0208421,0,100
15,0.0225789,0,98
15,0.0243158,0,100
15,0.0260526,0,96
15,0.0277895,0,99
15,0.0295263,0,90
15,0.0312632,0,87
15,0.033,0,86
17,0,0,100
17,0.00173684,0,100
17,0.00347368,0,100
17,0.00521053,0,100
17,0.00694737,0,100
17,0.00868421,0,100
17,0.0104211,0,100
17,0.0121579,0,100
17,0.0138947,0,100
17,0.0156316,0,100
17,0.0173684,0,100
17,0.0191053,0,100
17,0.0208421,0,100
17,0.0225789,0,100
17,0.0243158,0,100
17,0.0260526,0,99
17,0.0277895,0,97
17,0.0295263,0,91
17,0.0312632,0,86
17,0.033,0,83
3,0,0.0131579,100
3,0.00173684,0.0131579,100
3,0.00347368,0.0131579,100
3,0.00521053,0.0131579,99
3,0.00694737,0.0131579,100
3,0.00868421,0.0131579,98
3,0.0104211,0.0131579,97
3,0.0121579,0.0131579,98
3,0.0138947,0.0131579,98
3,0.0156316,0.0131579,97
3,0.0173684,0.0131579,96
3,0.0191053,0.0131579,96
3,0.0208421,0.0131579,97
3,0.0225789,0.0131579,98
3,0.0243158,0.0131579,92
3,0.0260526,0.0131579,94
3,0.0277895,0.0131579,89
3,0.0295263,0.0131579,97
3,0.0312632,0.0131579,91
3,0.033,0.0131579,93
5,0,0.0131579,100
5,0.00173684,0.0131579,100
5,0.00347368,0.0131579,100
5,0.00521053,0.0131579,100
5,0.00694737,0.0131579,99
5,0.00868421,0.0131579,100
5,0.0104211,0.0131579,99
5,0.0121579,0.0131579,97
5,0.0138947,0.0131579,99
5,0.0156316,0.0131579,98
5,0.0173684,0.0131579,98
5,0.0191053,0.0131579,98
5,0.0208421,0.0131579,96
5,0.0225789,0.0131579,95
5,0.0243158,0.0131579,93
5,0.0260526,0.0131579,91
5,0.0277895,0.0131579,91
5,0.0295263,0.0131579,93
5,0.0312632,0.0131579,86
5,0.033,0.0131579,90
7,0,0.0131579,100
7,0.00173684,0.0131579,100
7,0.00347368,0.0131579,100
7,0.00521053,0.0131579,100
7,0.00694737,0.0131579,100
7,0.00868421,0.0131579,100
7,0.0104211,0.0131579,99
7,0.0121579,0.0131579,100
7,0.0138947,0.0131579,99
7,0.0156316,0.0131579,99
7,0.0173684,0.0131579,99
7,0.0191053,0.0131579,99
7,0.0208421,0.0131579,96
7,0.0225789,0.0131579,98
7,0.0243158,0.0131579,95
7,0.0260526,0.0131579,94
7,0.0277895,0.0131579,91
7,0.0295263,0.0131579,90
7,0.0312632,0.0131579,86
7,0.033,0.0131579,87
9,0,0.0131579,100
9,0.00173684,0.0131579,100
9,0.00347368,0.0131579,100
9,0.00521053,0.0131579,100
9,0.00694737,0.0131579,100
9,0.00868421,0.0131579,100
9,0.0104211,0.0131579,100
9,0.0121579,0.0131579,100
9,0.0138947,0.0131579,100
9,0.0156316,0.0131579,96
9,0.0173684,0.0131579,99
9,0.0191053,0.0131579,100
9,0.0208421,0.0131579,99
9,0.0225789,0.0131579,98
9,0.0243158,0.0131579,98
9,0.0260526,0.0131579,97
9,0.0277895,0.0131579,88
9,0.0295263,0.0131579,89
9,0.0312632,0.0131579,92
9,0.033,0.0131579,77
11,0,0.0131579,100
11,0.00173684,0.0131579,100
11,0.00347368,0.0131579,100
11,0.00521053,0.0131579,100
11,0.00694737,0.0131579,100
11,0.00868421,0.0131579,100
11,0.0104211,0.0131579,100
11,0.0121579,0.0131579,100
11,0.0138947,0.0131579,100
11,0.0156316,0.0131579,100
11,0.0173684,0.0131579,99
11,0.0191053,0.0131579,99
11,0.0208421,0.0131579,97
11,0.0225789,0.0131579,99
11,0.0243158,0.0131579,97
11,0.0260526,0.0131579,95
11,0.0277895,0.0131579,89
11,0.0295263,0.0131579,88
11,0.0312632,0.0131579,80
11,0.033,0.0131579,76
13,0,0.0131579,100
13,0.00173684,0.0131579,100
13,0.00347368,0.0131579,100
13,0.00521053,0.0131579,100
13,0.00694737,0.0131579,100
13,0.00868421,0.0131579,100
13,0.0104211,0.0131579,100
13,0.0121579,0.0131579,100
13,0.0138947,0.0131579,100
13,0.0156316,0.0131579,100
13,0.0173684,0.0131579,100
13,0.0191053,0.0131579,100
13,0.0208421,0.0131579,99
13,0.0225789,0.0131579,96
13,0.0243158,0.0131579,98
13,0.0260526,0.0131579,95
13,0.0277895,0.0131579,93
13,0.0295263,0.0131579,91
13,0.0312632,0.0131579,86
13,0.033,0.0131579,76
15,0,0.0131579,100
15,0.00173684,0.0131579,100
15,0.00347368,0.0131579,100
15,0.00521053,0.0131579,100
15,0.00694737,0.0131579,100
15,0.00868421,0.0131579,100
15,0.0104211,0.0131579,100
15,0.0121579,0.0131579,100
15,0.0138947,0.0131579,100
15,0.0156316,0.0131579,100
15,0.0173684,0.0131579,99
15,0.0191053,0.0131579,100
15,0.0208421,0.0131579,99
15,0.0225789,0.0131579,100
15,0.0243158,0.0131579,97
15,0.0260526,0.0131579,97
15,0.0277895,0.0131579,95
15,0.0295263,0.0131579,90
15,0.0312632,0.0131579,81
15,0.033,0.0131579,69
17,0,0.0131579,100
17,0.00173684,0.0131579,100
17,0.00347368,0.0131579,100
17,0.00521053,0.0131579,100
17,0.00694737,0.0131579,100
17,0.00868421,0.0131579,100
17,0.0104211,0.0131579,100
17,0.0121579,0.0131579,100
17,0.0138947,0.0131579,100
17,0.0156316,0.0131579,100
17,0.0173684,0.0131579,100
17,0.0191053,0.0131579,99
17,0.0208421,0.0131579,100
17,0.0225789,0.0131579,98
17,0.0243158,0.0131579,98
17,0.0260526,0.0131579,98
17,0.0277895,0.0131579,89
17,0.0295263,0.0131579,79
17,0.0312632,0.0131579,82
17,0.033,0.0131579,67
3,0,0.0263158,100
3,0.00173684,0.0263158,100
3,0.00347368,0.0263158,100
3,0.00521053,0.0263158,100
3,0.00694737,0.0263158,99
3,0.00868421,0.0263158,98
3,0.0104211,0.0263158,98
3,0.0121579,0.0263158,96
3,0.0138947,0.0263158,99
3,0.0156316,0.0263158,96
3,0.0173684,0.0263158,97
3,0.0191053,0.0263158,93
3,0.0208421,0.0263158,91
3,0.0225789,0.0263158,96
3,0.0243158,0.0263158,94
3,0.0260526,0.0263158,93
3,0.0277895,0.0263158,93
3,0.0295263,0.0263158,91
3,0.0312632,0.0263158,87
3,0.033,0.0263158,88
5,0,0.0263158,100
5,0.00173684,0.0263158,100
5,0.00347368,0.0263158,100
5,0.00521053,0.0263158,100
5,0.00694737,0.0263158,100
5,0.00868421,0.0263158,100
5,0.0104211,0.0263158,98
5,0.0121579,0.0263158,100
5,0.0138947,0.0263158,100
5,0.0156316,0.0263158,96
5,0.0173684,0.0263158,96
5,0.0191053,0.0263158,95
5,0.0208421,0.0263158,93
5,0.0225789,0.0263158,95
5,0.0243158,0.0263158,91
5,0.0260526,0.0263158,93
5,0.0277895,0.0263158,89
5,0.0295263,0.0263158,88
5,0.0312632,0.0263158,87
5,0.033,0.0263158,87
7,0,0.0263158,100
7,0.00173684,0.0263158,100
7,0.00347368,0.0263158,100
7,0.00521053,0.0263158,100
7,0.00694737,0.0263158,100
7,0.00868421,0.0263158,100
7,0.0104211,0.0263158,100
7,0.0121579,0.0263158,99
7,0.0138947,0.0263158,99
7,0.0156316,0.0263158,100
7,0.0173684,0.0263158,95
7,0.0191053,0.0263158,94
7,0.0208421,0.0263158,96
7,0.0225789,0.0263158,97
7,0.0243158,0.0263158,93
7,0.0260526,0.0263158,91
7,0.0277895,0.0263158,88
7,0.0295263,0.0263158,89
7,0.0312632,0.0263158,84
7,0.033,0.0263158,79
9,0,0.0263158,100
9,0.00173684,0.0263158,100
9,0.00347368,0.0263158,100
9,0.00521053,0.0263158,100
9,0.00694737,0.0263158,100
9,0.00868421,0.0263158,100
9,0.0104211,0.0263158,100
9,0.0121579,0.0263158,100
9,0.0138947,0.0263158,100
9,0.0156316,0.0263158,99
9,0.0173684,0.0263158,100
9,0.0191053,0.0263158,98
9,0.0208421,0.0263158,97
9,0.0225789,0.0263158,96
9,0.0243158,0.0263158,99
9,0.0260526,0.0263158,91
9,0.0277895,0.0263158,89
9,0.0295263,0.0263158,90
9,0.0312632,0.0263158,82
9,0.033,0.0263158,81
11,0,0.0263158,100
11,0.00173684,0.0263158,100
11,0.00347368,0.0263158,100
11,0.00521053,0.0263158,100
11,0.00694737,0.0263158,100
11,0.00868421,0.0263158,100
11,0.0104211,0.0263158,100
11,0.0121579,0.0263158,100
11,0.0138947,0.0263158,100
11,0.0156316,0.0263158,99
11,0.0173684,0.0263158,100
11,0.0191053,0.0263158,100
11,0.0208421,0.0263158,98
11,0.0225789,0.0263158,98
11,0.0243158,0.0263158,90
11,0.0260526,0.0263158,92
11,0.0277895,0.0263158,88
11,0.0295263,0.0263158,81
11,0.0312632,0.0263158,80
11,0.033,0.0263158,71
13,0,0.0263158,100
13,0.00173684,0.0263158,100
13,0.00347368,0.0263158,100
13,0.00521053,0.0263158,100
13,0.00694737,0.0263158,100
13,0.00868421,0.0263158,100
13,0.0104211,0.0263158,100
13,0.0121579,0.0263158,100
13,0.0138947,0.0263158,100
13,0.0156316,0.0263158,100
13,0.0173684,0.0263158,100
13,0.0191053,0.0263158,100
13,0.0208421,0.0263158,98
13,0.0225789,0.0263158,96
13,0.0243158,0.0263158,94
13,0.0260526,0.0263158,89
13,0.0277895,0.0263158,80
13,0.0295263,0.0263158,85
13,0.0312632,0.0263158,75
13,0.033,0.0263158,76
15,0,0.0263158,100
15,0.00173684,0.0263158,100
15,0.00347368,0.0263158,100
15,0.00521053,0.0263158,100
15,0.00694737,0.0263158,100
15,0.00868421,0.0263158,100
15,0.0104211,0.0263158,100
15,0.0121579,0.0263158,100
15,0.0138947,0.0263158,100
15,0.0156316,0.0263158,100
15,0.0173684,0.0263158,100
15,0.0191053,0.0263158,100
15,0.0208421,0.0263158,98
15,0.0225789,0.0263158,96
15,0.0243158,0.0263158,95
15,0.0260526,0.0263158,95
15,0.0277895,0.0263158,85
15,0.0295263,0.0263158,82
15,0.0312632,0.0263158,67
15,0.033,0.0263158,67
17,0,0.0263158,100
17,0.00173684,0.0263158,100
17,0.00347368,0.0263158,100
17,0.00521053,0.0263158,100
17,0.00694737,0.0263158,100
17,0.00868421,0.0263158,100
17,0.0104211,0.0263158,100
17,0.0121579,0.0263158,100
17,0.0138947,0.0263158,100
17,0.0156316,0.0263158,100
17,0.0173684,0.0263158,100
17,0.0191053,0.0263158,98
17,0.0208421,0.0263158,97
17,0.0225789,0.0263158,98
17,0.0243158,0.0263158,97
17,0.0260526,0.0263158,96
17,0.0277895,0.0263158,84
17,0.0295263,0.0263158,72
17,0.0312632,0.0263158,71
17,0.033,0.0263158,63
3,0,0.0394737,100
3,0.00173684,0.0394737,100
3,0.00347368,0.0394737,100
3,0.00521053,0.0394737,97
3,0.00694737,0.0394737,100
3,0.00868421,0.0394737,96
3,0.0104211,0.0394737,97
3,0.0121579,0.0394737,96
3,0.0138947,0.0394737,95
3,0.0156316,0.0394737,96
3,0.0173684,0.0394737,94
3,0.0191053,0.0394737,94
3,0.0208421,0.0394737,94
3,0.0225789,0.0394737,96
3,0.0243158,0.0394737,93
3,0.0260526,0.0394737,93
3,0.0277895,0.0394737,86
3,0.0295263,0.0394737,86
3,0.0312632,0.0394737,86
3,0.033,0.0394737,78
5,0,0.0394737,100
5,0.00173684,0.0394737,100
5,0.00347368,0.0394737,100
5,0.00521053,0.0394737,100
5,0.00694737,0.0394737,99
5,0.00868421,0.0394737,99
5,0.0104211,0.0394737,99
5,0.0121579,0.0394737,99
5,0.0138947,0.0394737,100
5,0.0156316,0.0394737,98
5,0.0173684,0.0394737,92
5,0.0191053,0.0394737,95
5,0.0208421,0.0394737,94
5,0.0225789,0.0394737,96
5,0.0243158,0.0394737,92
5,0.0260526,0.0394737,93
5,0.0277895,0.0394737,89
5,0.0295263,0.0394737,89
5,0.0312632,0.0394737,78
5,0.033,0.0394737,81
7,0,0.0394737,100
7,0.00173684,0.0394737,100
7,0.00347368,0.0394737,100
7,0.00521053,0.0394737,100
7,0.00694737,0.0394737,100
7,0.00868421,0.0394737,99
7,0.0104211,0.0394737,100
7,0.0121579,0.0394737,100
7,0.0138947,0.0394737,100
7,0.0156316,0.0394737,98
7,0.0173684,0.0394737,97
7,0.0191053,0.0394737,96
7,0.0208421,0.0394737,96
7,0.0225789,0.0394737,96
7,0.0243158,0.0394737,92
7,0.0260526,0.0394737,89
7,0.0277895,0.0394737,85
7,0.0295263,0.0394737,85
7,0.0312632,0.0394737,84
7,0.033,0.0394737,78
9,0,0.0394737,100
9,0.00173684,0.0394737,100
9,0.00347368,0.0394737,100
9,0.00521053,0.0394737,100
9,0.00694737,0.0394737,100
9,0.00868421,0.0394737,99
9,0.0104211,0.0394737,100
9,0.0121579,0.0394737,100
9,0.0138947,0.0394737,98
9,0.0156316,0.0394737,99
9,0.0173684,0.0394737,99
9,0.0191053,0.0394737,98
9,0.0208421,0.0394737,93
9,0.0225789,0.0394737,90
9,0.0243158,0.0394737,92
9,0.0260526,0.0394737,89
9,0.0277895,0.0394737,86
9,0.0295263,0.0394737,85
9,0.0312632,0.0394737,79
9,0.033,0.0394737,58
11,0,0.0394737,100
11,0.00173684,0.0394737,100
11,0.00347368,0.0394737,100
11,0.00521053,0.0394737,100
11,0.00694737,0.0394737,100
11,0.00868421,0.0394737,100
11,0.0104211,0.0394737,99
11,0.0121579,0.0394737,99
11,0.0138947,0.0394737,100
11,0.0156316,0.0394737,97
11,0.0173684,0.0394737,98
11,0.0191053,0.0394737,96
11,0.0208421,0.0394737,95
11,0.0225789,0.0394737,95
11,0.0243158,0.0394737,87
11,0.0260526,0.0394737,84
11,0.0277895,0.0394737,79
11,0.0295263,0.0394737,85
11,0.0312632,0.0394737,69
11,0.033,0.0394737,71
13,0,0.0394737,100
13,0.00173684,0.0394737,100
13,0.00347368,0.0394737,100
13,0.00521053,0.0394737,100
13,0.00694737,0.0394737,100
13,0.00868421,0.0394737,100
13,0.0104211,0.0394737,100
13,0.0121579,0.0394737,100
13,0.0138947,0.0394737,100
13,0.0156316,0.0394737,100
13,0.0173684,0.0394737,98
13,0.0191053,0.0394737,99
13,0.0208421,0.0394737,100
13,0.0225789,0.0394737,96
13,0.0243158,0.0394737,92
13,0.0260526,0.0394737,87
13,0.0277895,0.0394737,80
13,0.0295263,0.0394737,73
13,0.0312632,0.0394737,69
13,0.033,0.0394737,62
15,0,0.0394737,100
15,0.00173684,0.0394737,100
15,0.00347368,0.0394737,100
15,0.00521053,0.0394737,100
15,0.00694737,0.0394737,100
15,0.00868421,0.0394737,100
15,0.0104211,0.0394737,100
15,0.0121579,0.0394737,100
15,0.0138947,0.0394737,100
15,0.0156316,0.0394737,99
15,0.0173684,0.0394737,99
15,0.0191053,0.0394737,98
15,0.0208421,0.0394737,92
15,0.0225789,0.0394737,98
15,0.0243158,0.0394737,90
15,0.0260526,0.0394737,85
15,0.0277895,0.0394737,89
15,0.0295263,0.0394737,71
15,0.0312632,0.0394737,66
15,0.033,0.0394737,61
17,0,0.0394737,100
17,0.00173684,0.0394737,100
17,0.00347368,0.0394737,100
17,0.00521053,0.0394737,100
17,0.00694737,0.0394737,100
17,0.00868421,0.0394737,100
17,0.0104211,0.0394737,100
17,0.0121579,0.0394737,100
17,0.0138947,0.0394737,100
17,0.0156316,0.0394737,99
17,0.0173684,0.0394737,100
17,0.0191053,0.0394737,98
17,0.0208421,0.0394737,97
17,0.0225789,0.0394737,96
17,0.0243158,0.0394737,94
17,0.0260526,0.0394737,85
17,0.0277895,0.0394737,79
17,0.0295263,0.0394737,69
17,0.0312632,0.0394737,67
17,0.033,0.0394737,50
3,0,0.0526316,100
3,0.00173684,0.0526316,99
3,0.00347368,0.0526316,100
3,0.00521053,0.0526316,100
3,0.00694737,0.0526316,100
3,0.00868421,0.0526316,99
3,0.0104211,0.0526316,97
3,0.0121579,0.0526316,94
3,0.0138947,0.0526316,97
3,0.0156316,0.0526316,94
3,0.0173684,0.0526316,94
3,0.0191053,0.0526316,95
3,0.0208421,0.0526316,95
3,0.0225789,0.0526316,88
3,0.0243158,0.0526316,89
3,0.0260526,0.0526316,91
3,0.0277895,0.0526316,96
3,0.0295263,0.0526316,87
3,0.0312632,0.0526316,85
3,0.033,0.0526316,84
5,0,0.0526316,100
5,0.00173684,0.0526316,100
5,0.00347368,0.0526316,100
5,0.00521053,0.0526316,99
5,0.00694737,0.0526316,99
5,0.00868421,0.0526316,99
5,0.0104211,0.0526316,100
5,0.0121579,0.0526316,97
5,0.0138947,0.0526316,99
5,0.0156316,0.0526316,96
5,0.0173684,0.0526316,96
5,0.0191053,0.0526316,95
5,0.0208421,0.0526316,94
5,0.0225789,0.0526316,93
5,0.0243158,0.0526316,90
5,0.0260526,0.0526316,84
5,0.0277895,0.0526316,87
5,0.0295263,0.0526316,87
5,0.0312632,0.0526316,81
5,0.033,0.0526316,85
7,0,0.0526316,100
7,0.00173684,0.0526316,100
7,0.00347368,0.0526316,100
7,0.00521053,0.0526316,100
7,0.00694737,0.0526316,99
7,0.00868421,0.0526316,100
7,0.0104211,0.0526316,100
7,0.0121579,0.0526316,100
7,0.0138947,0.0526316,98
7,0.0156316,0.0526316,96
7,0.0173684,0.0526316,95
7,0.0191053,0.0526316,89
7,0.0208421,0.0526316,93
7,0.0225789,0.0526316,92
7,0.0243158,0.0526316,85
7,0.0260526,0.0526316,86
7,0.0277895,0.0526316,83
7,0.0295263,0.0526316,81
7,0.0312632,0.0526316,85
7,0.033,0.0526316,73
9,0,0.0526316,100
9,0.00173684,0.0526316,100
9,0.00347368,0.0526316,100
9,0.00521053,0.0526316,100
9,0.00694737,0.0526316,99
9,0.00868421,0.0526316,100
9,0.0104211,0.0526316,98
9,0.0121579,0.0526316,99
9,0.0138947,0.0526316,100
9,0.0156316,0.0526316,98
9,0.0173684,0.0526316,94
9,0.0191053,0.0526316,90
9,0.0208421,0.0526316,90
9,0.0225789,0.0526316,91
9,0.0243158,0.0526316,86
9,0.0260526,0.0526316,79
9,0.0277895,0.0526316,77
9,0.0295263,0.0526316,79
9,0.0312632,0.0526316,79
9,0.033,0.0526316,68
11,0,0.0526316,100
11,0.00173684,0.0526316,100
11,0.00347368,0.0526316,100
11,0.00521053,0.0526316,100
11,0.00694737,0.0526316,100
11,0.00868421,0.0526316,100
11,0.0104211,0.0526316,100
11,0.0121579,0.0526316,98
11,0.0138947,0.0526316,100
11,0.0156316,0.0526316,96
11,0.0173684,0.0526316,96
11,0.0191053,0.0526316,96
11,0.0208421,0.0526316,90
11,0.0225789,0.0526316,92
11,0.0243158,0.0526316,86
11,0.0260526,0.0526316,86
11,0.0277895,0.0526316,78
11,0.0295263,0.0526316,84
11,0.0312632,0.0526316,69
11,0.033,0.0526316,69
13,0,0.0526316,100
13,0.00173684,0.0526316,100
13,0.00347368,0.0526316,100
13,0.00521053,0.0526316,100
13,0.00694737,0.0526316,100
13,0.00868421,0.0526316,100
13,0.0104211,0.0526316,100
13,0.0121579,0.0526316,100
13,0.0138947,0.0526316,100
13,0.0156316,0.0526316,100
13,0.0173684,0.0526316,99
13,0.0191053,0.0526316,97
13,0.0208421,0.0526316,93
13,0.0225789,0.0526316,93
13,0.0243158,0.0526316,86
13,0.0260526,0.0526316,85
13,0.0277895,0.0526316,81
13,0.0295263,0.0526316,71
13,0.0312632,0.0526316,61
13,0.033,0.0526316,63
15,0,0.0526316,100
15,0.00173684,0.0526316,100
15,0.00347368,0.0526316,100
15,0.00521053,0.0526316,100
15,0.00694737,0.0526316,100
15,0.00868421,0.0526316,100
15,0.0104211,0.0526316,100
15,0.0121579,0.0526316,100
15,0.0138947,0.0526316,100
15,0.0156316,0.0526316,99
15,0.0173684,0.0526316,99
15,0.0191053,0.0526316,95
15,0.0208421,0.0526316,97
15,0.0225789,0.0526316,91
15,0.0243158,0.0526316,81
15,0.0260526,0.0526316,79
15,0.0277895,0.0526316,70
15,0.0295263,0.0526316,55
15,0.0312632,0.0526316,61
15,0.033,0.0526316,55
17,0,0.0526316,100
17,0.00173684,0.0526316,100
17,0.00347368,0.0526316,100
17,0.00521053,0.0526316,100
17,0.00694737,0.0526316,100
17,0.00868421,0.0526316,100
17,0.0104211,0.0526316,100
17,0.0121579,0.0526316,100
17,0.0138947,0.0526316,100
17,0.0156316,0.0526316,99
17,0.0173684,0.0526316,98
17,0.0191053,0.0526316,95
17,0.0208421,0.0526316,94
17,0.0225789,0.0526316,82
17,0.0243158,0.0526316,86
17,0.0260526,0.0526316,75
17,0.0277895,0.0526316,71
17,0.0295263,0.0526316,59
17,0.0312632,0.0526316,57
17,0.033,0.0526316,52
3,0,0.0657895,100
3,0.00173684,0.0657895,99
3,0.00347368,0.0657895,100
3,0.00521053,0.0657895,98
3,0.00694737,0.0657895,98
3,0.00868421,0.0657895,95
3,0.0104211,0.0657895,96
3,0.0121579,0.0657895,97
3,0.0138947,0.0657895,97
3,0.0156316,0.0657895,93
3,0.0173684,0.0657895,94
3,0.0191053,0.0657895,95
3,0.0208421,0.0657895,93
3,0.0225789,0.0657895,92
3,0.0243158,0.0657895,88
3,0.0260526,0.0657895,88
3,0.0277895,0.0657895,88
3,0.0295263,0.0657895,91
3,0.0312632,0.0657895,88
3,0.033,0.0657895,88
5,0,0.0657895,100
5,0.00173684,0.0657895,100
5,0.00347368,0.0657895,100
5,0.00521053,0.0657895,99
5,0.00694737,0.0657895,99
5,0.00868421,0.0657895,99
5,0.0104211,0.0657895,100
5,0.0121579,0.0657895,98
5,0.0138947,0.0657895,98
5,0.0156316,0.0657895,93
5,0.0173684,0.0657895,94
5,0.0191053,0.0657895,91
5,0.0208421,0.0657895,90
5,0.0225789,0.0657895,92
5,0.0243158,0.0657895,85
5,0.0260526,0.0657895,81
5,0.0277895,0.0657895,88
5,0.0295263,0.0657895,86
5,0.0312632,0.0657895,81
5,0.033,0.0657895,79
7,0,0.0657895,100
7,0.00173684,0.0657895,100
7,0.00347368,0.0657895,100
7,0.00521053,0.0657895,100
7,0.00694737,0.0657895,100
7,0.00868421,0.0657895,99
7,0.0104211,0.0657895,99
7,0.0121579,0.0657895,95
7,0.0138947,0.0657895,99
7,0.0156316,0.0657895,97
7,0.0173684,0.0657895,95
7,0.0191053,0.0657895,94
7,0.0208421,0.0657895,92
7,0.0225789,0.0657895,90
7,0.0243158,0.0657895,86
7,0.0260526,0.0657895,85
7,0.0277895,0.0657895,81
7,0.0295263,0.0657895,83
7,0.0312632,0.0657895,72
7,0.033,0.0657895,71
9,0,0.0657895,100
9,0.00173684,0.0657895,100
9,0.00347368,0.0657895,100
9,0.00521053,0.0657895,100
9,0.00694737,0.0657895,100
9,0.00868421,0.0657895,100
9,0.0104211,0.0657895,100
9,0.0121579,0.0657895,99
9,0.0138947,0.0657895,98
9,0.0156316,0.0657895,94
9,0.0173684,0.0657895,91
9,0.0191053,0.0657895,89
9,0.0208421,0.0657895,90
9,0.0225789,0.0657895,88
9,0.0243158,0.0657895,76
9,0.0260526,0.0657895,87
9,0.0277895,0.0657895,75
9,0.0295263,0.0657895,66
9,0.0312632,0.0657895,67
9,0.033,0.0657895,70
11,0,0.0657895,100
11,0.00173684,0.0657895,100
11,0.00347368,0.0657895,100
11,0.00521053,0.0657895,100
11,0.00694737,0.0657895,100
11,0.00868421,0.0657895,100
11,0.0104211,0.0657895,100
11,0.0121579,0.0657895,100
11,0.0138947,0.0657895,99
11,0.0156316,0.0657895,99
11,0.0173684,0.0657895,94
11,0.0191053,0.0657895,91
11,0.0208421,0.0657895,88
11,0.0225789,0.0657895,79
11,0.0243158,0.0657895,89
11,0.0260526,0.0657895,78
11,0.0277895,0.0657895,82
11,0.0295263,0.0657895,63
11,0.0312632,0.0657895,67
11,0.033,0.0657895,64
13,0,0.0657895,100
13,0.00173684,0.0657895,100
13,0.00347368,0.0657895,100
13,0.00521053,0.0657895,100
13,0.00694737,0.0657895,100
13,0.00868421,0.0657895,100
13,0.0104211,0.0657895,100
13,0.0121579,0.0657895,100
13,0.0138947,0.0657895,99
13,0.0156316,0.0657895,99
13,0.0173684,0.0657895,97
13,0.0191053,0.0657895,93
13,0.0208421,0.0657895,89
13,0.0225789,0.0657895,89
13,0.0243158,0.0657895,81
13,0.0260526,0.0657895,74
13,0.0277895,0.0657895,66
13,0.0295263,0.0657895,63
13,0.0312632,0.0657895,57
13,0.033,0.0657895,60
15,0,0.0657895,100
15,0.00173684,0.0657895,100
15,0.00347368,0.0657895,100
15,0.00521053,0.0657895,100
15,0.00694737,0.0657895,100
15,0.00868421,0.0657895,100
15,0.0104211,0.0657895,100
15,0.0121579,0.0657895,100
15,0.0138947,0.0657895,99
15,0.0156316,0.0657895,98
15,0.0173684,0.0657895,94
15,0.0191053,0.0657895,92
15,0.0208421,0.0657895,87
15,0.0225789,0.0657895,86
15,0.0243158,0.0657895,83
15,0.0260526,0.0657895,69
15,0.0277895,0.0657895,64
15,0.0295263,0.0657895,61
15,0.0312632,0.0657895,55
15,0.033,0.0657895,51
17,0,0.0657895,100
17,0.00173684,0.0657895,100
17,0.00347368,0.0657895,100
17,0.00521053,0.0657895,100
17,0.00694737,0.0657895,100
17,0.00868421,0.0657895,100
17,0.0104211,0.0657895,100
17,0.0121579,0.0657895,100
17,0.0138947,0.0657895,98
17,0.0156316,0.0657895,97
17,0.0173684,0.0657895,93
17,0.0191053,0.0657895,93
17,0.0208421,0.0657895,90
17,0.0225789,0.0657895,83
17,0.0243158,0.0657895,72
17,0.0260526,0.0657895,74
17,0.0277895,0.0657895,65
17,0.0295263,0.0657895,47
17,0.0312632,0.0657895,56
17,0.033,0.0657895,57
3,0,0.0789474,100
3,0.00173684,0.0789474,99
3,0.00347368,0.0789474,97
3,0.00521053,0.0789474,99
3,0.00694737,0.0789474,98
3,0.00868421,0.0789474,98
3,0.0104211,0.0789474,97
3,0.0121579,0.0789474,89
3,0.0138947,0.0789474,97
3,0.0156316,0.0789474,95
3,0.0173684,0.0789474,91
3,0.0191053,0.0789474,88
3,0.0208421,0.0789474,89
3,0.0225789,0.0789474,89
3,0.0243158,0.0789474,86
3,0.0260526,0.0789474,90
3,0.0277895,0.0789474,90
3,0.0295263,0.0789474,83
3,0.0312632,0.0789474,80
3,0.033,0.0789474,83
5,0,0.0789474,100
5,0.00173684,0.0789474,100
5,0.00347368,0.0789474,100
5,0.00521053,0.0789474,99
5,0.00694737,0.0789474,100
5,0.00868421,0.0789474,99
5,0.0104211,0.0789474,96
5,0.0121579,0.0789474,97
5,0.0138947,0.0789474,96
5,0.0156316,0.0789474,92
5,0.0173684,0.0789474,95
5,0.0191053,0.0789474,93
5,0.0208421,0.0789474,92
5,0.0225789,0.0789474,87
5,0.0243158,0.0789474,86
5,0.0260526,0.0789474,78
5,0.0277895,0.0789474,84
5,0.0295263,0.0789474,72
5,0.0312632,0.0789474,80
5,0.033,0.0789474,75
7,0,0.0789474,100
7,0.00173684,0.0789474,100
7,0.00347368,0.0789474,100
7,0.00521053,0.0789474,99
7,0.00694737,0.0789474,98
7,0.00868421,0.0789474,99
7,0.0104211,0.0789474,97
7,0.0121579,0.0789474,100
7,0.0138947,0.0789474,94
7,0.0156316,0.0789474,93
7,0.0173684,0.0789474,94
7,0.0191053,0.0789474,93
7,0.0208421,0.0789474,91
7,0.0225789,0.0789474,92
7,0.0243158,0.0789474,79
7,0.0260526,0.0789474,74
7,0.0277895,0.0789474,67
7,0.0295263,0.0789474,74
7,0.0312632,0.0789474,73
7,0.033,0.0789474,74
9,0,0.0789474,100
9,0.00173684,0.0789474,100
9,0.00347368,0.0789474,100
9,0.00521053,0.0789474,100
9,0.00694737,0.0789474,100
9,0.00868421,0.0789474,99
9,0.0104211,0.0789474,100
9,0.0121579,0.0789474,99
9,0.0138947,0.0789474,93
9,0.0156316,0.0789474,96
9,0.0173684,0.0789474,89
9,0.0191053,0.0789474,90
9,0.0208421,0.0789474,92
9,0.0225789,0.0789474,86
9,0.0243158,0.0789474,74
9,0.0260526,0.0789474,72
9,0.0277895,0.0789474,74
9,0.0295263,0.0789474,69
9,0.0312632,0.0789474,65
9,0.033,0.0789474,60
11,0,0.0789474,100
11,0.00173684,0.0789474,100
11,0.00347368,0.0789474,100
11,0.00521053,0.0789474,100
11,0.00694737,0.0789474,100
11,0.00868421,0.0789474,100
11,0.0104211,0.0789474,100
11,0.0121579,0.0789474,98
11,0.0138947,0.0789474,99
11,0.0156316,0.0789474,93
11,0.0173684,0.0789474,90
11,0.0191053,0.0789474,92
11,0.0208421,0.0789474,87
11,0.0225789,0.0789474,83
11,0.0243158,0.0789474,80
11,0.0260526,0.0789474,76
11,0.0277895,0.0789474,62
11,0.0295263,0.0789474,56
11,0.0312632,0.0789474,68
11,0.033,0.0789474,61
13,0,0.0789474,100
13,0.00173684,0.0789474,100
13,0.00347368,0.0789474,100
13,0.00521053,0.0789474,100
13,0.00694737,0.0789474,100
13,0.00868421,0.0789474,100
13,0.0104211,0.0789474,100
13,0.0121579,0.0789474,99
13,0.0138947,0.0789474,95
13,0.0156316,0.0789474,96
13,0.0173684,0.0789474,91
13,0.0191053,0.0789474,93
13,0.0208421,0.0789474,90
13,0.0225789,0.0789474,84
13,0.0243158,0.0789474,77
13,0.0260526,0.0789474,66
13,0.0277895,0.0789474,66
13,0.0295263,0.0789474,63
13,0.0312632,0.0789474,50
13,0.033,0.0789474,58
15,0,0.0789474,100
15,0.00173684,0.0789474,100
15,0.00347368,0.0789474,99
15,0.00521053,0.0789474,100
15,0.00694737,0.0789474,100
15,0.00868421,0.0789474,100
15,0.0104211,0.0789474,99
15,0.0121579,0.0789474,98
15,0.0138947,0.0789474,97
15,0.0156316,0.0789474,92
15,0.0173684,0.0789474,95
15,0.0191053,0.0789474,80
15,0.0208421,0.0789474,79
15,0.0225789,0.0789474,85
15,0.0243158,0.0789474,74
15,0.0260526,0.0789474,68
15,0.0277895,0.0789474,50
15,0.0295263,0.0789474,64
15,0.0312632,0.0789474,54
15,0.033,0.0789474,50
17,0,0.0789474,100
17,0.00173684,0.0789474,100
17,0.00347368,0.0789474,100
17,0.00521053,0.0789474,100
17,0.00694737,0.0789474,100
17,0.00868421,0.0789474,100
17,0.0104211,0.0789474,100
17,0.0121579,0.0789474,100
17,0.0138947,0.0789474,93
17,0.0156316,0.0789474,94
17,0.0173684,0.0789474,90
17,0.0191053,0.0789474,92
17,0.0208421,0.0789474,73
17,0.0225789,0.0789474,82
17,0.0243158,0.0789474,64
17,0.0260526,0.0789474,58
17,0.0277895,0.0789474,58
17,0.0295263,0.0789474,60
17,0.0312632,0.0789474,51
17,0.033,0.0789474,47
3,0,0.0921053,100
3,0.00173684,0.0921053,100
3,0.00347368,0.0921053,98
3,0.00521053,0.0921053,97
3,0.00694737,0.0921053,97
3,0.00868421,0.0921053,96
3,0.0104211,0.0921053,96
3,0.0121579,0.0921053,94
3,0.0138947,0.0921053,97
3,0.0156316,0.0921053,90
3,0.0173684,0.0921053,95
3,0.0191053,0.0921053,89
3,0.0208421,0.0921053,90
3,0.0225789,0.0921053,88
3,0.0243158,0.0921053,90
3,0.0260526,0.0921053,85
3,0.0277895,0.0921053,86
3,0.0295263,0.0921053,82
3,0.0312632,0.0921053,87
3,0.033,0.0921053,85
5,0,0.0921053,100
5,0.00173684,0.0921053,100
5,0.00347368,0.0921053,100
5,0.00521053,0.0921053,97
5,0.00694737,0.0921053,97
5,0.00868421,0.0921053,97
5,0.0104211,0.0921053,98
5,0.0121579,0.0921053,96
5,0.0138947,0.0921053,97
5,0.0156316,0.0921053,90
5,0.0173684,0.0921053,89
5,0.0191053,0.0921053,86
5,0.0208421,0.0921053,91
5,0.0225789,0.0921053,91
5,0.0243158,0.0921053,87
5,0.0260526,0.0921053,78
5,0.0277895,0.0921053,76
5,0.0295263,0.0921053,84
5,0.0312632,0.0921053,75
5,0.033,0.0921053,71
7,0,0.0921053,100
7,0.00173684,0.0921053,100
7,0.00347368,0.0921053,100
7,0.00521053,0.0921053,98
7,0.00694737,0.0921053,97
7,0.00868421,0.0921053,99
7,0.0104211,0.0921053,100
7,0.0121579,0.0921053,95
7,0.0138947,0.0921053,93
7,0.0156316,0.0921053,93
7,0.0173684,0.0921053,87
7,0.0191053,0.0921053,88
7,0.0208421,0.0921053,84
7,0.0225789,0.0921053,84
7,0.0243158,0.0921053,77
7,0.0260526,0.0921053,75
7,0.0277895,0.0921053,78
7,0.0295263,0.0921053,69
7,0.0312632,0.0921053,71
7,0.033,0.0921053,60
9,0,0.0921053,100
9,0.00173684,0.0921053,100
9,0.00347368,0.0921053,100
9,0.00521053,0.0921053,99
9,0.00694737,0.0921053,100
9,0.00868421,0.0921053,98
9,0.0104211,0.0921053,100
9,0.0121579,0.0921053,98
9,0.0138947,0.0921053,97
9,0.0156316,0.0921053,89
9,0.0173684,0.0921053,97
9,0.0191053,0.0921053,84
9,0.0208421,0.0921053,82
9,0.0225789,0.0921053,79
9,0.0243158,0.0921053,77
9,0.0260526,0.0921053,77
9,0.0277895,0.0921053,64
9,0.0295263,0.0921053,70
9,0.0312632,0.0921053,63
9,0.033,0.0921053,59
11,0,0.0921053,100
11,0.00173684,0.0921053,100
11,0.00347368,0.0921053,100
11,0.00521053,0.0921053,100
11,0.00694737,0.0921053,99
11,0.00868421,0.0921053,99
11,0.0104211,0.0921053,98
11,0.0121579,0.0921053,96
11,0.0138947,0.0921053,95
11,0.0156316,0.0921053,92
11,0.0173684,0.0921053,94
11,0.0191053,0.0921053,88
11,0.0208421,0.0921053,84
11,0.0225789,0.0921053,79
11,0.0243158,0.0921053,69
11,0.0260526,0.0921053,69
11,0.0277895,0.0921053,72
11,0.0295263,0.0921053,53
11,0.0312632,0.0921053,51
11,0.033,0.0921053,56
13,0,0.0921053,100
13,0.00173684,0.0921053,100
13,0.00347368,0.0921053,100
13,0.00521053,0.0921053,100
13,0.00694737,0.0921053,100
13,0.00868421,0.0921053,100
13,0.0104211,0.0921053,100
13,0.0121579,0.0921053,98
13,0.0138947,0.0921053,92
13,0.0156316,0.0921053,94
13,0.0173684,0.0921053,87
13,0.0191053,0.0921053,81
13,0.0208421,0.0921053,72
13,0.0225789,0.0921053,77
13,0.0243158,0.0921053,68
13,0.0260526,0.0921053,62
13,0.0277895,0.0921053,61
13,0.0295263,0.0921053,55
13,0.0312632,0.0921053,57
13,0.033,0.0921053,53
15,0,0.0921053,100
15,0.00173684,0.0921053,100
15,0.00347368,0.0921053,100
15,0.00521053,0.0921053,100
15,0.00694737,0.0921053,100
15,0.00868421,0.0921053,100
15,0.0104211,0.0921053,99
15,0.0121579,0.0921053,97
15,0.0138947,0.0921053,96
15,0.0156316,0.0921053,87
15,0.0173684,0.0921053,88
15,0.0191053,0.0921053,80
15,0.0208421,0.0921053,73
15,0.0225789,0.0921053,71
15,0.0243158,0.0921053,56
15,0.0260526,0.0921053,56
15,0.0277895,0.0921053,49
15,0.0295263,0.0921053,51
15,0.0312632,0.0921053,54
15,0.033,0.0921053,49
17,0,0.0921053,100
17,0.00173684,0.0921053,100
17,0.00347368,0.0921053,100
17,0.00521053,0.0921053,100
17,0.00694737,0.0921053,100
17,0.00868421,0.0921053,100
17,0.0104211,0.0921053,98
17,0.0121579,0.0921053,97
17,0.0138947,0.0921053,96
17,0.0156316,0.0921053,94
17,0.0173684,0.0921053,86
17,0.0191053,0.0921053,79
17,0.0208421,0.0921053,66
17,0.0225789,0.0921053,72
17,0.0243158,0.0921053,54
17,0.0260526,0.0921053,58
17,0.0277895,0.0921053,62
17,0.0295263,0.0921053,45
17,0.0312632,0.0921053,45
17,0.033,0.0921053,51
3,0,0.105263,97
3,0.00173684,0.105263,100
3,0.00347368,0.105263,95
3,0.00521053,0.105263,97
3,0.00694737,0.105263,98
3,0.00868421,0.105263,96
3,0.0104211,0.105263,92
3,0.0121579,0.105263,90
3,0.0138947,0.105263,89
3,0.0156316,0.105263,90
3,0.0173684,0.105263,86
3,0.0191053,0.105263,92
3,0.0208421,0.105263,91
3,0.0225789,0.105263,92
3,0.0243158,0.105263,82
3,0.0260526,0.105263,86
3,0.0277895,0.105263,87
3,0.0295263,0.105263,82
3,0.0312632,0.105263,81
3,0.033,0.105263,83
5,0,0.105263,100
5,0.00173684,0.105263,100
5,0.00347368,0.105263,98
5,0.00521053,0.105263,99
5,0.00694737,0.105263,98
5,0.00868421,0.105263,98
5,0.0104211,0.105263,95
5,0.0121579,0.105263,95
5,0.0138947,0.105263,91
5,0.0156316,0.105263,84
5,0.0173684,0.105263,94
5,0.0191053,0.105263,84
5,0.0208421,0.105263,87
5,0.0225789,0.105263,86
5,0.0243158,0.105263,80
5,0.0260526,0.105263,78
5,0.0277895,0.105263,72
5,0.0295263,0.105263,81
5,0.0312632,0.105263,71
5,0.033,0.105263,75
7,0,0.105263,100
7,0.00173684,0.105263,100
7,0.00347368,0.105263,100
7,0.00521053,0.105263,97
7,0.00694737,0.105263,98
7,0.00868421,0.105263,92
7,0.0104211,0.105263,95
7,0.0121579,0.105263,95
7,0.0138947,0.105263,99
7,0.0156316,0.105263,89
7,0.0173684,0.105263,87
7,0.0191053,0.105263,87
7,0.0208421,0.105263,83
7,0.0225789,0.105263,76
7,0.0243158,0.105263,71
7,0.0260526,0.105263,73
7,0.0277895,0.105263,65
7,0.0295263,0.105263,67
7,0.0312632,0.105263,73
7,0.033,0.105263,67
9,0,0.105263,100
9,0.00173684,0.105263,100
9,0.00347368,0.105263,100
9,0.00521053,0.105263,99
9,0.00694737,0.105263,99
9,0.00868421,0.105263,99
9,0.0104211,0.105263,95
9,0.0121579,0.105263,95
9,0.0138947,0.105263,95
9,0.0156316,0.105263,87
9,0.0173684,0.105263,90
9,0.0191053,0.105263,84
9,0.0208421,0.105263,83
9,0.0225789,0.105263,69
9,0.0243158,0.105263,76
9,0.0260526,0.105263,68
9,0.0277895,0.105263,60
9,0.0295263,0.105263,56
9,0.0312632,0.105263,54
9,0.033,0.105263,53
11,0,0.105263,100
11,0.00173684,0.105263,100
11,0.00347368,0.105263,100
11,0.00521053,0.105263,99
11,0.00694737,0.105263,100
11,0.00868421,0.105263,98
11,0.0104211,0.105263,93
11,0.0121579,0.105263,91
11,0.0138947,0.105263,93
11,0.0156316,0.105263,85
11,0.0173684,0.105263,81
11,0.0191053,0.105263,78
11,0.0208421,0.105263,71
11,0.0225789,0.105263,74
11,0.0243158,0.105263,72
11,0.0260526,0.105263,63
11,0.0277895,0.105263,57
11,0.0295263,0.105263,65
11,0.0312632,0.105263,67
11,0.033,0.105263,52
13,0,0.105263,100
13,0.00173684,0.105263,100
13,0.00347368,0.105263,100
13,0.00521053,0.105263,100
13,0.00694737,0.105263,99
13,0.00868421,0.105263,99
13,0.0104211,0.105263,96
13,0.0121579,0.105263,96
13,0.0138947,0.105263,93
13,0.0156316,0.105263,84
13,0.0173684,0.105263,81
13,0.0191053,0.105263,82
13,0.0208421,0.105263,67
13,0.0225789,0.105263,67
13,0.0243158,0.105263,64
13,0.0260526,0.105263,63
13,0.0277895,0.105263,54
13,0.0295263,0.105263,55
13,0.0312632,0.105263,56
13,0.033,0.105263,60
15,0,0.105263,100
15,0.00173684,0.105263,100
15,0.00347368,0.105263,100
15,0.00521053,0.105263,100
15,0.00694737,0.105263,100
15,0.00868421,0.105263,100
15,0.0104211,0.105263,97
15,0.0121579,0.105263,99
15,0.0138947,0.105263,92
15,0.0156316,0.105263,95
15,0.0173684,0.105263,78
15,0.0191053,0.105263,78
15,0.0208421,0.105263,70
15,0.0225789,0.105263,64
15,0.0243158,0.105263,65
15,0.0260526,0.105263,47
15,0.0277895,0.105263,47
15,0.0295263,0.105263,64
15,0.0312632,0.105263,50
15,0.033,0.105263,55
17,0,0.105263,100
17,0.00173684,0.105263,100
17,0.00347368,0.105263,100
17,0.00521053,0.105263,100
17,0.00694737,0.105263,98
17,0.00868421,0.105263,100
17,0.0104211,0.105263,99
17,0.0121579,0.105263,96
17,0.0138947,0.105263,92
17,0.0156316,0.105263,90
17,0.0173684,0.105263,79
17,0.0191053,0.105263,66
17,0.0208421,0.105263,58
17,0.0225789,0.105263,49
17,0.0243158,0.105263,53
17,0.0260526,0.105263,42
17,0.0277895,0.105263,46
17,0.0295263,0.105263,48
17,0.0312632,0.105263,54
17,0.033,0.105263,47
3,0,0.118421,97
3,0.00173684,0.118421,95
3,0.00347368,0.118421,99
3,0.00521053,0.118421,96
3,0.00694737,0.118421,92
3,0.00868421,0.118421,96
3,0.0104211,0.118421,89
3,0.0121579,0.118421,88
3,0.0138947,0.118421,93
3,0.0156316,0.118421,86
3,0.0173684,0.118421,92
3,0.0191053,0.118421,87
3,0.0208421,0.118421,81
3,0.0225789,0.118421,84
3,0.0243158,0.118421,83
3,0.0260526,0.118421,86
3,0.0277895,0.118421,76
3,0.0295263,0.118421,81
3,0.0312632,0.118421,76
3,0.033,0.118421,86
5,0,0.118421,100
5,0.00173684,0.118421,100
5,0.00347368,0.118421,96
5,0.00521053,0.118421,98
5,0.00694737,0.118421,99
5,0.00868421,0.118421,96
5,0.0104211,0.118421,96
5,0.0121579,0.118421,90
5,0.0138947,0.118421,93
5,0.0156316,0.118421,88
5,0.0173684,0.118421,85
5,0.0191053,0.118421,83
5,0.0208421,0.118421,73
5,0.0225789,0.118421,81
5,0.0243158,0.118421,77
5,0.0260526,0.118421,73
5,0.0277895,0.118421,79
5,0.0295263,0.118421,75
5,0.0312632,0.118421,73
5,0.033,0.118421,68
7,0,0.118421,100
7,0.00173684,0.118421,100
7,0.00347368,0.118421,98
7,0.00521053,0.118421,100
7,0.00694737,0.118421,98
7,0.00868421,0.118421,99
7,0.0104211,0.118421,97
7,0.0121579,0.118421,94
7,0.0138947,0.118421,92
7,0.0156316,0.118421,89
7,0.0173684,0.118421,87
7,0.0191053,0.118421,75
7,0.0208421,0.118421,79
7,0.0225789,0.118421,82
7,0.0243158,0.118421,77
7,0.0260526,0.118421,71
7,0.0277895,0.118421,61
7,0.0295263,0.118421,66
7,0.0312632,0.118421,68
7,0.033,0.118421,60
9,0,0.118421,100
9,0.00173684,0.118421,100
9,0.00347368,0.118421,98
9,0.00521053,0.118421,99
9,0.00694737,0.118421,99
9,0.00868421,0.118421,98
9,0.0104211,0.118421,92
9,0.0121579,0.118421,93
9,0.0138947,0.118421,94
9,0.0156316,0.118421,84
9,0.0173684,0.118421,90
9,0.0191053,0.118421,79
9,0.0208421,0.118421,67
9,0.0225789,0.118421,72
9,0.0243158,0.118421,78
9,0.0260526,0.118421,61
9,0.0277895,0.118421,59
9,0.0295263,0.118421,51
9,0.0312632,0.118421,55
9,0.033,0.118421,55
11,0,0.118421,100
11,0.00173684,0.118421,100
11,0.00347368,0.118421,99
11,0.00521053,0.118421,100
11,0.00694737,0.118421,100
11,0.00868421,0.118421,97
11,0.0104211,0.118421,94
11,0.0121579,0.118421,95
11,0.0138947,0.118421,97
11,0.0156316,0.118421,79
11,0.0173684,0.118421,72
11,0.0191053,0.118421,78
11,0.0208421,0.118421,58
11,0.0225789,0.118421,67
11,0.0243158,0.118421,55
11,0.0260526,0.118421,51
11,0.0277895,0.118421,61
11,0.0295263,0.118421,58
11,0.0312632,0.118421,63
11,0.033,0.118421,43
13,0,0.118421,100
13,0.00173684,0.118421,100
13,0.00347368,0.118421,99
13,0.00521053,0.118421,100
13,0.00694737,0.118421,99
13,0.00868421,0.118421,100
13,0.0104211,0.118421,92
13,0.0121579,0.118421,91
13,0.0138947,0.118421,88
13,0.0156316,0.118421,80
13,0.0173684,0.118421,71
13,0.0191053,0.118421,69
13,0.0208421,0.118421,64
13,0.0225789,0.118421,72
13,0.0243158,0.118421,49
13,0.0260526,0.118421,56
13,0.0277895,0.118421,48
13,0.0295263,0.118421,57
13,0.0312632,0.118421,59
13,0.033,0.118421,52
15,0,0.118421,100
15,0.00173684,0.118421,100
15,0.00347368,0.118421,100
15,0.00521053,0.118421,100
15,0.00694737,0.118421,99
15,0.00868421,0.118421,100
15,0.0104211,0.118421,97
15,0.0121579,0.118421,92
15,0.0138947,0.118421,86
15,0.0156316,0.118421,79
15,0.0173684,0.118421,72
15,0.0191053,0.118421,67
15,0.0208421,0.118421,54
15,0.0225789,0.118421,52
15,0.0243158,0.118421,50
15,0.0260526,0.118421,50
15,0.0277895,0.118421,52
15,0.0295263,0.118421,52
15,0.0312632,0.118421,51
15,0.033,0.118421,49
17,0,0.118421,100
17,0.00173684,0.118421,100
17,0.00347368,0.118421,100
17,0.00521053,0.118421,99
17,0.00694737,0.118421,100
17,0.00868421,0.118421,99
17,0.0104211,0.118421,95
17,0.0121579,0.118421,92
17,0.0138947,0.118421,86
17,0.0156316,0.118421,72
17,0.0173684,0.118421,65
17,0.0191053,0.118421,73
17,0.0208421,0.118421,53
17,0.0225789,0.118421,55
17,0.0243158,0.118421,62
17,0.0260526,0.118421,53
17,0.0277895,0.118421,46
17,0.0295263,0.118421,42
17,0.0312632,0.118421,59
17,0.033,0.118421,47
3,0,0.131579,96
3,0.00173684,0.131579,99
3,0.00347368,0.131579,91
3,0.00521053,0.131579,93
3,0.00694737,0.131579,93
3,0.00868421,0.131579,88
3,0.0104211,0.131579,91
3,0.0121579,0.131579,91
3,0.0138947,0.131579,88
3,0.0156316,0.131579,86
3,0.0173684,0.131579,87
3,0.0191053,0.131579,86
3,0.0208421,0.131579,87
3,0.0225789,0.131579,84
3,0.0243158,0.131579,80
3,0.0260526,0.131579,78
3,0.0277895,0.131579,80
3,0.0295263,0.131579,80
3,0.0312632,0.131579,79
3,0.033,0.131579,73
5,0,0.131579,100
5,0.00173684,0.131579,100
5,0.00347368,0.131579,97
5,0.00521053,0.131579,98
5,0.00694737,0.131579,96
5,0.00868421,0.131579,93
5,0.0104211,0.131579,98
5,0.0121579,0.131579,88
5,0.0138947,0.131579,94
5,0.0156316,0.131579,80
5,0.0173684,0.131579,88
5,0.0191053,0.131579,88
5,0.0208421,0.131579,79
5,0.0225789,0.131579,81
5,0.0243158,0.131579,79
5,0.0260526,0.131579,73
5,0.0277895,0.131579,71
5,0.0295263,0.131579,75
5,0.0312632,0.131579,67
5,0.033,0.131579,64
7,0,0.131579,100
7,0.00173684,0.131579,100
7,0.00347368,0.131579,100
7,0.00521053,0.131579,100
7,0.00694737,0.131579,96
7,0.00868421,0.131579,97
7,0.0104211,0.131579,97
7,0.0121579,0.131579,88
7,0.0138947,0.131579,85
7,0.0156316,0.131579,77
7,0.0173684,0.131579,83
7,0.0191053,0.131579,86
7,0.0208421,0.131579,71
7,0.0225789,0.131579,65
7,0.0243158,0.131579,71
7,0.0260526,0.131579,55
7,0.0277895,0.131579,65
7,0.0295263,0.131579,71
7,0.0312632,0.131579,61
7,0.033,0.131579,72
9,0,0.131579,100
9,0.00173684,0.131579,100
9,0.00347368,0.131579,100
9,0.00521053,0.131579,98
9,0.00694737,0.131579,94
9,0.00868421,0.131579,93
9,0.0104211,0.131579,94
9,0.0121579,0.131579,92
9,0.0138947,0.131579,83
9,0.0156316,0.131579,79
9,0.0173684,0.131579,73
9,0.0191053,0.131579,75
9,0.0208421,0.131579,76
9,0.0225789,0.131579,68
9,0.0243158,0.131579,65
9,0.0260526,0.131579,54
9,0.0277895,0.131579,59
9,0.0295263,0.131579,60
9,0.0312632,0.131579,49
9,0.033,0.131579,56
11,0,0.131579,100
11,0.00173684,0.131579,100
11,0.00347368,0.131579,100
11,0.00521053,0.131579,100
11,0.00694737,0.131579,99
11,0.00868421,0.131579,98
11,0.0104211,0.131579,88
11,0.0121579,0.131579,93
11,0.0138947,0.131579,81
11,0.0156316,0.131579,77
11,0.0173684,0.131579,76
11,0.0191053,0.131579,71
11,0.0208421,0.131579,68
11,0.0225789,0.131579,60
11,0.0243158,0.131579,58
11,0.0260526,0.131579,48
11,0.0277895,0.131579,54
11,0.0295263,0.131579,48
11,0.0312632,0.131579,48
11,0.033,0.131579,45
13,0,0.131579,100
13,0.00173684,0.131579,100
13,0.00347368,0.131579,100
13,0.00521053,0.131579,99
13,0.00694737,0.131579,98
13,0.00868421,0.131579,93
13,0.0104211,0.131579,95
13,0.0121579,0.131579,84
13,0.0138947,0.131579,84
13,0.0156316,0.131579,76
13,0.0173684,0.131579,81
13,0.0191053,0.131579,69
13,0.0208421,0.131579,54
13,0.0225789,0.131579,50
13,0.0243158,0.131579,56
13,0.0260526,0.131579,47
13,0.0277895,0.131579,53
13,0.0295263,0.131579,55
13,0.0312632,0.131579,52
13,0.033,0.131579,60
15,0,0.131579,100
15,0.00173684,0.131579,100
15,0.00347368,0.131579,100
15,0.00521053,0.131579,100
15,0.00694737,0.131579,98
15,0.00868421,0.131579,95
15,0.0104211,0.131579,90
15,0.0121579,0.131579,92
15,0.0138947,0.131579,74
15,0.0156316,0.131579,68
15,0.0173684,0.131579,58
15,0.0191053,0.131579,63
15,0.0208421,0.131579,52
15,0.0225789,0.131579,50
15,0.0243158,0.131579,53
15,0.0260526,0.131579,42
15,0.0277895,0.131579,52
15,0.0295263,0.131579,48
15,0.0312632,0.131579,45
15,0.033,0.131579,49
17,0,0.131579,100
17,0.00173684,0.131579,100
17,0.00347368,0.131579,100
17,0.00521053,0.131579,99
17,0.00694737,0.131579,97
17,0.00868421,0.131579,96
17,0.0104211,0.131579,88
17,0.0121579,0.131579,86
17,0.0138947,0.131579,70
17,0.0156316,0.131579,65
17,0.0173684,0.131579,62
17,0.0191053,0.131579,61
17,0.0208421,0.131579,61
17,0.0225789,0.131579,48
17,0.0243158,0.131579,51
17,0.0260526,0.131579,59
17,0.0277895,0.131579,44
17,0.0295263,0.131579,50
17,0.0312632,0.131579,47
17,0.033,0.131579,48
3,0,0.144737,97
3,0.00173684,0.144737,97
3,0.00347368,0.144737,93
3,0.00521053,0.144737,91
3,0.00694737,0.144737,94
3,0.00868421,0.144737,91
3,0.0104211,0.144737,88
3,0.0121579,0.144737,86
3,0.0138947,0.144737,88
3,0.0156316,0.144737,85
3,0.0173684,0.144737,85
3,0.0191053,0.144737,83
3,0.0208421,0.144737,84
3,0.0225789,0.144737,82
3,0.0243158,0.144737,75
3,0.0260526,0.144737,84
3,0.0277895,0.144737,82
3,0.0295263,0.144737,75
3,0.0312632,0.144737,72
3,0.033,0.144737,74
5,0,0.144737,98
5,0.00173684,0.144737,100
5,0.00347368,0.144737,97
5,0.00521053,0.144737,95
5,0.00694737,0.144737,98
5,0.00868421,0.144737,96
5,0.0104211,0.144737,91
5,0.0121579,0.144737,87
5,0.0138947,0.144737,87
5,0.0156316,0.144737,83
5,0.0173684,0.144737,84
5,0.0191053,0.144737,78
5,0.0208421,0.144737,77
5,0.0225789,0.144737,74
5,0.0243158,0.144737,70
5,0.0260526,0.144737,67
5,0.0277895,0.144737,75
5,0.0295263,0.144737,69
5,0.0312632,0.144737,67
5,0.033,0.144737,63
7,0,0.144737,100
7,0.00173684,0.144737,99
7,0.00347368,0.144737,99
7,0.00521053,0.144737,97
7,0.00694737,0.144737,95
7,0.00868421,0.144737,94
7,0.0104211,0.144737,94
7,0.0121579,0.144737,86
7,0.0138947,0.144737,82
7,0.0156316,0.144737,84
7,0.0173684,0.144737,84
7,0.0191053,0.144737,76
7,0.0208421,0.144737,72
7,0.0225789,0.144737,69
7,0.0243158,0.144737,67
7,0.0260526,0.144737,62
7,0.0277895,0.144737,65
7,0.0295263,0.144737,48
7,0.0312632,0.144737,57
7,0.033,0.144737,62
9,0,0.144737,100
9,0.00173684,0.144737,100
9,0.00347368,0.144737,100
9,0.00521053,0.144737,99
9,0.00694737,0.144737,96
9,0.00868421,0.144737,94
9,0.0104211,0.144737,90
9,0.0121579,0.144737,89
9,0.0138947,0.144737,78
9,0.0156316,0.144737,77
9,0.0173684,0.144737,61
9,0.0191053,0.144737,69
9,0.0208421,0.144737,66
9,0.0225789,0.144737,62
9,0.0243158,0.144737,61
9,0.0260526,0.144737,59
9,0.0277895,0.144737,65
9,0.0295263,0.144737,60
9,0.0312632,0.144737,55
9,0.033,0.144737,54
11,0,0.144737,100
11,0.00173684,0.144737,100
11,0.00347368,0.144737,100
11,0.00521053,0.144737,97
11,0.00694737,0.144737,96
11,0.00868421,0.144737,95
11,0.0104211,0.144737,93
11,0.0121579,0.144737,84
11,0.0138947,0.144737,77
11,0.0156316,0.144737,69
11,0.0173684,0.144737,64
11,0.0191053,0.144737,57
11,0.0208421,0.144737,61
11,0.0225789,0.144737,51
11,0.0243158,0.144737,49
11,0.0260526,0.144737,48
11,0.0277895,0.144737,50
11,0.0295263,0.144737,49
11,0.0312632,0.144737,49
11,0.033,0.144737,55
13,0,0.144737,100
13,0.00173684,0.144737,100
13,0.00347368,0.144737,100
13,0.00521053,0.144737,100
13,0.00694737,0.144737,95
13,0.00868421,0.144737,92
13,0.0104211,0.144737,84
13,0.0121579,0.144737,80
13,0.0138947,0.144737,76
13,0.0156316,0.144737,68
13,0.0173684,0.144737,56
13,0.0191053,0.144737,59
13,0.0208421,0.144737,44
13,0.0225789,0.144737,52
13,0.0243158,0.144737,67
13,0.0260526,0.144737,34
13,0.0277895,0.144737,55
13,0.0295263,0.144737,52
13,0.0312632,0.144737,60
13,0.033,0.144737,42
15,0,0.144737,100
15,0.00173684,0.144737,100
15,0.00347368,0.144737,99
15,0.00521053,0.144737,96
15,0.00694737,0.144737,96
15,0.00868421,0.144737,91
15,0.0104211,0.144737,85
15,0.0121579,0.144737,74
15,0.0138947,0.144737,66
15,0.0156316,0.144737,68
15,0.0173684,0.144737,61
15,0.0191053,0.144737,61
15,0.0208421,0.144737,48
15,0.0225789,0.144737,52
15,0.0243158,0.144737,52
15,0.0260526,0.144737,40
15,0.0277895,0.144737,49
15,0.0295263,0.144737,53
15,0.0312632,0.144737,54
15,0.033,0.144737,48
17,0,0.144737,100
17,0.00173684,0.144737,100
17,0.00347368,0.144737,99
17,0.00521053,0.144737,99
17,0.00694737,0.144737,97
17,0.00868421,0.144737,96
17,0.0104211,0.144737,84
17,0.0121579,0.144737,80
17,0.0138947,0.144737,71
17,0.0156316,0.144737,68
17,0.0173684,0.144737,53
17,0.0191053,0.144737,59
17,0.0208421,0.144737,46
17,0.0225789,0.144737,52
17,0.0243158,0.144737,50
17,0.0260526,0.144737,47
17,0.0277895,0.144737,59
17,0.0295263,0.144737,51
17,0.0312632,0.144737,54
17,0.033,0.144737,44
3,0,0.157895,97
3,0.00173684,0.157895,94
3,0.00347368,0.157895,89
3,0.00521053,0.157895,89
3,0.00694737,0.157895,94
3,0.00868421,0.157895,90
3,0.0104211,0.157895,90
3,0.0121579,0.157895,80
3,0.0138947,0.157895,88
3,0.0156316,0.157895,89
3,0.0173684,0.157895,83
3,0.0191053,0.157895,77
3,0.0208421,0.157895,80
3,0.0225789,0.157895,86
3,0.0243158,0.157895,80
3,0.0260526,0.157895,82
3,0.0277895,0.157895,76
3,0.0295263,0.157895,79
3,0.0312632,0.157895,74
3,0.033,0.157895,72
5,0,0.157895,98
5,0.00173684,0.157895,98
5,0.00347368,0.157895,95
5,0.00521053,0.157895,93
5,0.00694737,0.157895,91
5,0.00868421,0.157895,91
5,0.0104211,0.157895,87
5,0.0121579,0.157895,82
5,0.0138947,0.157895,86
5,0.0156316,0.157895,82
5,0.0173684,0.157895,80
5,0.0191053,0.157895,75
5,0.0208421,0.157895,77
5,0.0225789,0.157895,73
5,0.0243158,0.157895,75
5,0.0260526,0.157895,66
5,0.0277895,0.157895,66
5,0.0295263,0.157895,65
5,0.0312632,0.157895,65
5,0.033,0.157895,69
7,0,0.157895,99
7,0.00173684,0.157895,100
7,0.00347368,0.157895,99
7,0.00521053,0.157895,95
7,0.00694737,0.157895,91
7,0.00868421,0.157895,92
7,0.0104211,0.157895,90
7,0.0121579,0.157895,83
7,0.0138947,0.157895,91
7,0.0156316,0.157895,73
7,0.0173684,0.157895,75
7,0.0191053,0.157895,69
7,0.0208421,0.157895,63
7,0.0225789,0.157895,66
7,0.0243158,0.157895,77
7,0.0260526,0.157895,65
7,0.0277895,0.157895,59
7,0.0295263,0.157895,61
7,0.0312632,0.157895,63
7,0.033,0.157895,60
9,0,0.157895,100
9,0.00173684,0.157895,99
9,0.00347368,0.157895,99
9,0.00521053,0.157895,97
9,0.00694737,0.157895,90
9,0.00868421,0.157895,89
9,0.0104211,0.157895,86
9,0.0121579,0.157895,79
9,0.0138947,0.157895,85
9,0.0156316,0.157895,72
9,0.0173684,0.157895,67
9,0.0191053,0.157895,62
9,0.0208421,0.157895,53
9,0.0225789,0.157895,62
9,0.0243158,0.157895,63
9,0.0260526,0.157895,66
9,0.0277895,0.157895,58
9,0.0295263,0.157895,55
9,0.0312632,0.157895,44
9,0.033,0.157895,52
11,0,0.157895,100
11,0.00173684,0.157895,99
11,0.00347368,0.157895,100
11,0.00521053,0.157895,97
11,0.00694737,0.157895,94
11,0.00868421,0.157895,87
11,0.0104211,0.157895,85
11,0.0121579,0.157895,80
11,0.0138947,0.157895,77
11,0.0156316,0.157895,69
11,0.0173684,0.157895,59
11,0.0191053,0.157895,59
11,0.0208421,0.157895,68
11,0.0225789,0.157895,52
11,0.0243158,0.157895,54
11,0.0260526,0.157895,53
11,0.0277895,0.157895,61
11,0.0295263,0.157895,52
11,0.0312632,0.157895,48
11,0.033,0.157895,47
13,0,0.157895,100
13,0.00173684,0.157895,100
13,0.00347368,0.157895,99
13,0.00521053,0.157895,98
13,0.00694737,0.157895,89
13,0.00868421,0.157895,87
13,0.0104211,0.157895,85
13,0.0121579,0.157895,78
13,0.0138947,0.157895,68
13,0.0156316,0.157895,65
13,0.0173684,0.157895,55
13,0.0191053,0.157895,50
13,0.0208421,0.157895,55
13,0.0225789,0.157895,51
13,0.0243158,0.157895,50
13,0.0260526,0.157895,49
13,0.0277895,0.157895,53
13,0.0295263,0.157895,51
13,0.0312632,0.157895,54
13,0.033,0.157895,53
15,0,0.157895,100
15,0.00173684,0.157895,100
15,0.00347368,0.157895,100
15,0.00521053,0.157895,96
15,0.00694737,0.157895,89
15,0.00868421,0.157895,83
15,0.0104211,0.157895,80
15,0.0121579,0.157895,71
15,0.0138947,0.157895,70
15,0.0156316,0.157895,65
15,0.0173684,0.157895,52
15,0.0191053,0.157895,44
15,0.0208421,0.157895,47
15,0.0225789,0.157895,51
15,0.0243158,0.157895,51
15,0.0260526,0.157895,47
15,0.0277895,0.157895,51
15,0.0295263,0.157895,43
15,0.0312632,0.157895,44
15,0.033,0.157895,50
17,0,0.157895,100
17,0.00173684,0.157895,100
17,0.00347368,0.157895,96
17,0.00521053,0.157895,96
17,0.00694737,0.157895,93
17,0.00868421,0.157895,88
17,0.0104211,0.157895,71
17,0.0121579,0.157895,70
17,0.0138947,0.157895,61
17,0.0156316,0.157895,52
17,0.0173684,0.157895,50
17,0.0191053,0.157895,59
17,0.0208421,0.157895,49
17,0.0225789,0.157895,60
17,0.0243158,0.157895,40
17,0.0260526,0.157895,46
17,0.0277895,0.157895,49
17,0.0295263,0.157895,49
17,0.0312632,0.157895,51
17,0.033,0.157895,46
3,0,0.171053,93
3,0.00173684,0.171053,88
3,0.00347368,0.171053,92
3,0.00521053,0.171053,91
3,0.00694737,0.171053,89
3,0.00868421,0.171053,88
3,0.0104211,0.171053,85
3,0.0121579,0.171053,89
3,0.0138947,0.171053,81
3,0.0156316,0.171053,86
3,0.0173684,0.171053,78
3,0.0191053,0.171053,79
3,0.0208421,0.171053,75
3,0.0225789,0.171053,80
3,0.0243158,0.171053,75
3,0.0260526,0.171053,75
3,0.0277895,0.171053,81
3,0.0295263,0.171053,82
3,0.0312632,0.171053,71
3,0.033,0.171053,75
5,0,0.171053,100
5,0.00173684,0.171053,96
5,0.00347368,0.171053,93
5,0.00521053,0.171053,87
5,0.00694737,0.171053,89
5,0.00868421,0.171053,86
5,0.0104211,0.171053,90
5,0.0121579,0.171053,81
5,0.0138947,0.171053,84
5,0.0156316,0.171053,78
5,0.0173684,0.171053,80
5,0.0191053,0.171053,68
5,0.0208421,0.171053,79
5,0.0225789,0.171053,70
5,0.0243158,0.171053,73
5,0.0260526,0.171053,62
5,0.0277895,0.171053,74
5,0.0295263,0.171053,72
5,0.0312632,0.171053,59
5,0.033,0.171053,58
7,0,0.171053,99
7,0.00173684,0.171053,95
7,0.00347368,0.171053,97
7,0.00521053,0.171053,94
7,0.00694737,0.171053,88
7,0.00868421,0.171053,87
7,0.0104211,0.171053,85
7,0.0121579,0.171053,85
7,0.0138947,0.171053,75
7,0.0156316,0.171053,74
7,0.0173684,0.171053,75
7,0.0191053,0.171053,64
7,0.0208421,0.171053,62
7,0.0225789,0.171053,60
7,0.0243158,0.171053,63
7,0.0260526,0.171053,73
7,0.0277895,0.171053,59
7,0.0295263,0.171053,49
7,0.0312632,0.171053,38
7,0.033,0.171053,58
9,0,0.171053,99
9,0.00173684,0.171053,97
9,0.00347368,0.171053,94
9,0.00521053,0.171053,96
9,0.00694737,0.171053,95
9,0.00868421,0.171053,86
9,0.0104211,0.171053,77
9,0.0121579,0.171053,80
9,0.0138947,0.171053,70
9,0.0156316,0.171053,67
9,0.0173684,0.171053,64
9,0.0191053,0.171053,68
9,0.0208421,0.171053,60
9,0.0225789,0.171053,60
9,0.0243158,0.171053,61
9,0.0260526,0.171053,54
9,0.0277895,0.171053,45
9,0.0295263,0.171053,62
9,0.0312632,0.171053,53
9,0.033,0.171053,45
11,0,0.171053,100
11,0.00173684,0.171053,97
11,0.00347368,0.171053,97
11,0.00521053,0.171053,96
11,0.00694737,0.171053,87
11,0.00868421,0.171053,86
11,0.0104211,0.171053,80
11,0.0121579,0.171053,69
11,0.0138947,0.171053,58
11,0.0156316,0.171053,68
11,0.0173684,0.171053,67
11,0.0191053,0.171053,52
11,0.0208421,0.171053,59
11,0.0225789,0.171053,60
11,0.0243158,0.171053,43
11,0.0260526,0.171053,42
11,0.0277895,0.171053,57
11,0.0295263,0.171053,53
11,0.0312632,0.171053,51
11,0.033,0.171053,47
13,0,0.171053,100
13,0.00173684,0.171053,99
13,0.00347368,0.171053,98
13,0.00521053,0.171053,95
13,0.00694737,0.171053,87
13,0.00868421,0.171053,84
13,0.0104211,0.171053,76
13,0.0121579,0.171053,65
13,0.0138947,0.171053,62
13,0.0156316,0.171053,59
13,0.0173684,0.171053,55
13,0.0191053,0.171053,51
13,0.0208421,0.171053,54
13,0.0225789,0.171053,52
13,0.0243158,0.171053,39
13,0.0260526,0.171053,48
13,0.0277895,0.171053,49
13,0.0295263,0.171053,48
13,0.0312632,0.171053,52
13,0.033,0.171053,47
15,0,0.171053,100
15,0.00173684,0.171053,100
15,0.00347368,0.171053,97
15,0.00521053,0.171053,94
15,0.00694737,0.171053,86
15,0.00868421,0.171053,87
15,0.0104211,0.171053,74
15,0.0121579,0.171053,60
15,0.0138947,0.171053,53
15,0.0156316,0.171053,57
15,0.0173684,0.171053,60
15,0.0191053,0.171053,51
15,0.0208421,0.171053,49
15,0.0225789,0.171053,54
15,0.0243158,0.171053,60
15,0.0260526,0.171053,50
15,0.0277895,0.171053,49
15,0.0295263,0.171053,52
15,0.0312632,0.171053,45
15,0.033,0.171053,53
17,0,0.171053,100
17,0.00173684,0.171053,99
17,0.00347368,0.171053,98
17,0.00521053,0.171053,93
17,0.00694737,0.171053,79
17,0.00868421,0.171053,81
17,0.0104211,0.171053,61
17,0.0121579,0.171053,55
17,0.0138947,0.171053,53
17,0.0156316,0.171053,42
17,0.0173684,0.171053,57
17,0.0191053,0.171053,53
17,0.0208421,0.171053,51
17,0.0225789,0.171053,51
17,0.0243158,0.171053,50
17,0.0260526,0.171053,55
17,0.0277895,0.171053,49
17,0.0295263,0.171053,57
17,0.0312632,0.171053,44
17,0.033,0.171053,60
3,0,0.184211,88
3,0.00173684,0.184211,93
3,0.00347368,0.184211,91
3,0.00521053,0.184211,93
3,0.00694737,0.184211,90
3,0.00868421,0.184211,86
3,0.0104211,0.184211,89
3,0.0121579,0.184211,84
3,0.0138947,0.184211,79
3,0.0156316,0.184211,81
3,0.0173684,0.184211,83
3,0.0191053,0.184211,73
3,0.0208421,0.184211,79
3,0.0225789,0.184211,78
3,0.0243158,0.184211,75
3,0.0260526,0.184211,71
3,0.0277895,0.184211,71
3,0.0295263,0.184211,71
3,0.0312632,0.184211,65
3,0.033,0.184211,76
5,0,0.184211,97
5,0.00173684,0.184211,93
5,0.00347368,0.184211,89
5,0.00521053,0.184211,91
5,0.00694737,0.184211,89
5,0.00868421,0.184211,83
5,0.0104211,0.184211,86
5,0.0121579,0.184211,88
5,0.0138947,0.184211,85
5,0.0156316,0.184211,79
5,0.0173684,0.184211,73
5,0.0191053,0.184211,69
5,0.0208421,0.184211,71
5,0.0225789,0.184211,66
5,0.0243158,0.184211,66
5,0.0260526,0.184211,64
5,0.0277895,0.184211,63
5,0.0295263,0.184211,60
5,0.0312632,0.184211,59
5,0.033,0.184211,58
7,0,0.184211,99
7,0.00173684,0.184211,96
7,0.00347368,0.184211,93
7,0.00521053,0.184211,88
7,0.00694737,0.184211,87
7,0.00868421,0.184211,88
7,0.0104211,0.184211,77
7,0.0121579,0.184211,72
7,0.0138947,0.184211,67
7,0.0156316,0.184211,73
7,0.0173684,0.184211,64
7,0.0191053,0.184211,58
7,0.0208421,0.184211,57
7,0.0225789,0.184211,62
7,0.0243158,0.184211,53
7,0.0260526,0.184211,59
7,0.0277895,0.184211,57
7,0.0295263,0.184211,54
7,0.0312632,0.184211,56
7,0.033,0.184211,50
9,0,0.184211,100
9,0.00173684,0.184211,98
9,0.00347368,0.184211,96
9,0.00521053,0.184211,88
9,0.00694737,0.184211,89
9,0.00868421,0.184211,78
9,0.0104211,0.184211,70
9,0.0121579,0.184211,69
9,0.0138947,0.184211,69
9,0.0156316,0.184211,58
9,0.0173684,0.184211,60
9,0.0191053,0.184211,61
9,0.0208421,0.184211,55
9,0.0225789,0.184211,53
9,0.0243158,0.184211,50
9,0.0260526,0.184211,56
9,0.0277895,0.184211,58
9,0.0295263,0.184211,50
9,0.0312632,0.184211,55
9,0.033,0.184211,47
11,0,0.184211,100
11,0.00173684,0.184211,100
11,0.00347368,0.184211,94
11,0.00521053,0.184211,90
11,0.00694737,0.184211,85
11,0.00868421,0.184211,85
11,0.0104211,0.184211,74
11,0.0121579,0.184211,66
11,0.0138947,0.184211,63
11,0.0156316,0.184211,56
11,0.0173684,0.184211,58
11,0.0191053,0.184211,52
11,0.0208421,0.184211,53
11,0.0225789,0.184211,53
11,0.0243158,0.184211,47
11,0.0260526,0.184211,49
11,0.0277895,0.184211,50
11,0.0295263,0.184211,49
11,0.0312632,0.184211,59
11,0.033,0.184211,58
13,0,0.184211,100
13,0.00173684,0.184211,97
13,0.00347368,0.184211,95
13,0.00521053,0.184211,88
13,0.00694737,0.184211,84
13,0.00868421,0.184211,68
13,0.0104211,0.184211,78
13,0.0121579,0.184211,62
13,0.0138947,0.184211,61
13,0.0156316,0.184211,53
13,0.0173684,0.184211,53
13,0.0191053,0.184211,55
13,0.0208421,0.184211,46
13,0.0225789,0.184211,53
13,0.0243158,0.184211,49
13,0.0260526,0.184211,48
13,0.0277895,0.184211,61
13,0.0295263,0.184211,49
13,0.0312632,0.184211,46
13,0.033,0.184211,54
15,0,0.184211,100
15,0.00173684,0.184211,99
15,0.00347368,0.184211,98
15,0.00521053,0.184211,91
15,0.00694737,0.184211,75
15,0.00868421,0.184211,66
15,0.0104211,0.184211,67
15,0.0121579,0.184211,60
15,0.0138947,0.184211,47
15,0.0156316,0.184211,51
15,0.0173684,0.184211,41
15,0.0191053,0.184211,53
15,0.0208421,0.184211,44
15,0.0225789,0.184211,44
15,0.0243158,0.184211,51
15,0.0260526,0.184211,53
15,0.0277895,0.184211,53
15,0.0295263,0.184211,52
15,0.0312632,0.184211,61
15,0.033,0.184211,48
17,0,0.184211,100
17,0.00173684,0.184211,99
17,0.00347368,0.184211,94
17,0.00521053,0.184211,93
17,0.00694737,0.184211,75
17,0.00868421,0.184211,69
17,0.0104211,0.184211,62
17,0.0121579,0.184211,49
17,0.0138947,0.184211,57
17,0.0156316,0.184211,58
17,0.0173684,0.184211,51
17,0.0191053,0.184211,46
17,0.0208421,0.184211,53
17,0.0225789,0.184211,43
17,0.0243158,0.184211,39
17,0.0260526,0.184211,48
17,0.0277895,0.184211,55
17,0.0295263,0.184211,51
17,0.0312632,0.184211,47
17,0.033,0.184211,42
3,0,0.197368,92
3,0.00173684,0.197368,89
3,0.00347368,0.197368,87
3,0.00521053,0.197368,86
3,0.00694737,0.197368,82
3,0.00868421,0.197368,80
3,0.0104211,0.197368,83
3,0.0121579,0.197368,78
3,0.0138947,0.197368,79
3,0.0156316,0.197368,82
3,0.0173684,0.197368,64
3,0.0191053,0.197368,71
3,0.0208421,0.197368,76
3,0.0225789,0.197368,65
3,0.0243158,0.197368,77
3,0.0260526,0.197368,75
3,0.0277895,0.197368,67
3,0.0295263,0.197368,75
3,0.0312632,0.197368,68
3,0.033,0.197368,65
5,0,0.197368,97
5,0.00173684,0.197368,87
5,0.00347368,0.197368,91
5,0.00521053,0.197368,88
5,0.00694737,0.197368,85
5,0.00868421,0.197368,79
5,0.0104211,0.197368,76
5,0.0121579,0.197368,77
5,0.0138947,0.197368,70
5,0.0156316,0.197368,76
5,0.0173684,0.197368,70
5,0.0191053,0.197368,61
5,0.0208421,0.197368,61
5,0.0225789,0.197368,70
5,0.0243158,0.197368,56
5,0.0260526,0.197368,67
5,0.0277895,0.197368,58
5,0.0295263,0.197368,58
5,0.0312632,0.197368,58
5,0.033,0.197368,53
7,0,0.197368,94
7,0.00173684,0.197368,94
7,0.00347368,0.197368,90
7,0.00521053,0.197368,83
7,0.00694737,0.197368,91
7,0.00868421,0.197368,80
7,0.0104211,0.197368,71
7,0.0121579,0.197368,70
7,0.0138947,0.197368,66
7,0.0156316,0.197368,60
7,0.0173684,0.197368,73
7,0.0191053,0.197368,60
7,0.0208421,0.197368,61
7,0.0225789,0.197368,59
7,0.0243158,0.197368,54
7,0.0260526,0.197368,60
7,0.0277895,0.197368,41
7,0.0295263,0.197368,48
7,0.0312632,0.197368,47
7,0.033,0.197368,56
9,0,0.197368,99
9,0.00173684,0.197368,95
9,0.00347368,0.197368,89
9,0.00521053,0.197368,86
9,0.00694737,0.197368,84
9,0.00868421,0.197368,72
9,0.0104211,0.197368,76
9,0.0121579,0.197368,72
9,0.0138947,0.197368,66
9,0.0156316,0.197368,60
9,0.0173684,0.197368,57
9,0.0191053,0.197368,61
9,0.0208421,0.197368,56
9,0.0225789,0.197368,52
9,0.0243158,0.197368,48
9,0.0260526,0.197368,52
9,0.0277895,0.197368,45
9,0.0295263,0.197368,45
9,0.0312632,0.197368,40
9,0.033,0.197368,48
11,0,0.197368,100
11,0.00173684,0.197368,99
11,0.00347368,0.197368,90
11,0.00521053,0.197368,89
11,0.00694737,0.197368,76
11,0.00868421,0.197368,75
11,0.0104211,0.197368,66
11,0.0121579,0.197368,56
11,0.0138947,0.197368,46
11,0.0156316,0.197368,46
11,0.0173684,0.197368,53
11,0.0191053,0.197368,55
11,0.0208421,0.197368,48
11,0.0225789,0.197368,43
11,0.0243158,0.197368,40
11,0.0260526,0.197368,45
11,0.0277895,0.197368,45
11,0.0295263,0.197368,50
11,0.0312632,0.197368,47
11,0.033,0.197368,53
13,0,0.197368,100
13,0.00173684,0.197368,98
13,0.00347368,0.197368,95
13,0.00521053,0.197368,84
13,0.00694737,0.197368,70
13,0.00868421,0.197368,59
13,0.0104211,0.197368,61
13,0.0121579,0.197368,57
13,0.0138947,0.197368,50
13,0.0156316,0.197368,44
13,0.0173684,0.197368,58
13,0.0191053,0.197368,47
13,0.0208421,0.197368,44
13,0.0225789,0.197368,57
13,0.0243158,0.197368,52
13,0.0260526,0.197368,53
13,0.0277895,0.197368,57
13,0.0295263,0.197368,38
13,0.0312632,0.197368,50
13,0.033,0.197368,47
15,0,0.197368,100
15,0.00173684,0.197368,99
15,0.00347368,0.197368,91
15,0.00521053,0.197368,86
15,0.00694737,0.197368,72
15,0.00868421,0.197368,70
15,0.0104211,0.197368,66
15,0.0121579,0.197368,57
15,0.0138947,0.197368,59
15,0.0156316,0.197368,47
15,0.0173684,0.197368,51
15,0.0191053,0.197368,55
15,0.0208421,0.197368,52
15,0.0225789,0.197368,53
15,0.0243158,0.197368,47
15,0.0260526,0.197368,47
15,0.0277895,0.197368,52
15,0.0295263,0.197368,54
15,0.0312632,0.197368,52
15,0.033,0.197368,58
17,0,0.197368,100
17,0.00173684,0.197368,97
17,0.00347368,0.197368,92
17,0.00521053,0.197368,80
17,0.00694737,0.197368,58
17,0.00868421,0.197368,59
17,0.0104211,0.197368,57
17,0.0121579,0.197368,47
17,0.0138947,0.197368,53
17,0.0156316,0.197368,50
17,0.0173684,0.197368,48
17,0.0191053,0.197368,48
17,0.0208421,0.197368,49
17,0.0225789,0.197368,52
17,0.0243158,0.197368,51
17,0.0260526,0.197368,60
17,0.0277895,0.197368,58
17,0.0295263,0.197368,50
17,0.0312632,0.197368,51
17,0.033,0.197368,54
3,0,0.210526,88
3,0.00173684,0.210526,89
3,0.00347368,0.210526,89
3,0.00521053,0.210526,85
3,0.00694737,0.210526,81
3,0.00868421,0.210526,82
3,0.0104211,0.210526,78
3,0.0121579,0.210526,83
3,0.0138947,0.210526,75
3,0.0156316,0.210526,76
3,0.0173684,0.210526,70
3,0.0191053,0.210526,69
3,0.0208421,0.210526,73
3,0.0225789,0.210526,70
3,0.0243158,0.210526,58
3,0.0260526,0.210526,65
3,0.0277895,0.210526,70
3,0.0295263,0.210526,65
3,0.0312632,0.210526,60
3,0.033,0.210526,58
5,0,0.210526,88
5,0.00173684,0.210526,83
5,0.00347368,0.210526,88
5,0.00521053,0.210526,82
5,0.00694737,0.210526,76
5,0.00868421,0.210526,82
5,0.0104211,0.210526,66
5,0.0121579,0.210526,66
5,0.0138947,0.210526,66
5,0.0156316,0.210526,60
5,0.0173684,0.210526,63
5,0.0191053,0.210526,57
5,0.0208421,0.210526,66
5,0.0225789,0.210526,61
5,0.0243158,0.210526,59
5,0.0260526,0.210526,58
5,0.0277895,0.210526,60
5,0.0295263,0.210526,50
5,0.0312632,0.210526,53
5,0.033,0.210526,58
7,0,0.210526,88
7,0.00173684,0.210526,86
7,0.00347368,0.210526,84
7,0.00521053,0.210526,75
7,0.00694737,0.210526,75
7,0.00868421,0.210526,68
7,0.0104211,0.210526,69
7,0.0121579,0.210526,65
7,0.0138947,0.210526,66
7,0.0156316,0.210526,69
7,0.0173684,0.210526,55
7,0.0191053,0.210526,55
7,0.0208421,0.210526,52
7,0.0225789,0.210526,52
7,0.0243158,0.210526,53
7,0.0260526,0.210526,47
7,0.0277895,0.210526,46
7,0.0295263,0.210526,50
7,0.0312632,0.210526,48
7,0.033,0.210526,49
9,0,0.210526,93
9,0.00173684,0.210526,92
9,0.00347368,0.210526,84
9,0.00521053,0.210526,80
9,0.00694737,0.210526,67
9,0.00868421,0.210526,76
9,0.0104211,0.210526,70
9,0.0121579,0.210526,55
9,0.0138947,0.210526,53
9,0.0156316,0.210526,53
9,0.0173684,0.210526,51
9,0.0191053,0.210526,54
9,0.0208421,0.210526,51
9,0.0225789,0.210526,56
9,0.0243158,0.210526,38
9,0.0260526,0.210526,49
9,0.0277895,0.210526,44
9,0.0295263,0.210526,57
9,0.0312632,0.210526,46
9,0.033,0.210526,42
11,0,0.210526,100
11,0.00173684,0.210526,93
11,0.00347368,0.210526,86
11,0.00521053,0.210526,77
11,0.00694737,0.210526,72
11,0.00868421,0.210526,57
11,0.0104211,0.210526,59
11,0.0121579,0.210526,60
11,0.0138947,0.210526,48
11,0.0156316,0.210526,52
11,0.0173684,0.210526,53
11,0.0191053,0.210526,50
11,0.0208421,0.210526,57
11,0.0225789,0.210526,44
11,0.0243158,0.210526,52
11,0.0260526,0.210526,53
11,0.0277895,0.210526,49
11,0.0295263,0.210526,52
11,0.0312632,0.210526,38
11,0.033,0.210526,55
13,0,0.210526,99
13,0.00173684,0.210526,95
13,0.00347368,0.210526,85
13,0.00521053,0.210526,72
13,0.00694737,0.210526,66
13,0.00868421,0.210526,57
13,0.0104211,0.210526,53
13,0.0121579,0.210526,51
13,0.0138947,0.210526,48
13,0.0156316,0.210526,58
13,0.0173684,0.210526,47
13,0.0191053,0.210526,55
13,0.0208421,0.210526,49
13,0.0225789,0.210526,43
13,0.0243158,0.210526,43
13,0.0260526,0.210526,58
13,0.0277895,0.210526,50
13,0.0295263,0.210526,41
13,0.0312632,0.210526,48
13,0.033,0.210526,51
15,0,0.210526,99
15,0.00173684,0.210526,96
15,0.00347368,0.210526,85
15,0.00521053,0.210526,73
15,0.00694737,0.210526,63
15,0.00868421,0.210526,60
15,0.0104211,0.210526,59
15,0.0121579,0.210526,49
15,0.0138947,0.210526,45
15,0.0156316,0.210526,49
15,0.0173684,0.210526,57
15,0.0191053,0.210526,50
15,0.0208421,0.210526,49
15,0.0225789,0.210526,60
15,0.0243158,0.210526,51
15,0.0260526,0.210526,50
15,0.0277895,0.210526,55
15,0.0295263,0.210526,57
15,0.0312632,0.210526,52
15,0.033,0.210526,41
17,0,0.210526,99
17,0.00173684,0.210526,95
17,0.00347368,0.210526,77
17,0.00521053,0.210526,63
17,0.00694737,0.210526,61
17,0.00868421,0.210526,60
17,0.0104211,0.210526,52
17,0.0121579,0.210526,54
17,0.0138947,0.210526,52
17,0.0156316,0.210526,49
17,0.0173684,0.210526,50
17,0.0191053,0.210526,46
17,0.0208421,0.210526,47
17,0.0225789,0.210526,47
17,0.0243158,0.210526,44
17,0.0260526,0.210526,46
17,0.0277895,0.210526,44
17,0.0295263,0.210526,53
17,0.0312632,0.210526,49
17,0.033,0.210526,44
3,0,0.223684,80
3,0.00173684,0.223684,85
3,0.00347368,0.223684,80
3,0.00521053,0.223684,85
3,0.00694737,0.223684,74
3,0.00868421,0.223684,76
3,0.0104211,0.223684,79
3,0.0121579,0.223684,68
3,0.0138947,0.223684,68
3,0.0156316,0.223684,79
3,0.0173684,0.223684,74
3,0.0191053,0.223684,73
3,0.0208421,0.223684,67
3,0.0225789,0.223684,64
3,0.0243158,0.223684,71
3,0.0260526,0.223684,64
3,0.0277895,0.223684,61
3,0.0295263,0.223684,67
3,0.0312632,0.223684,68
3,0.033,0.223684,62
5,0,0.223684,84
5,0.00173684,0.223684,83
5,0.00347368,0.223684,78
5,0.00521053,0.223684,70
5,0.00694737,0.223684,69
5,0.00868421,0.223684,70
5,0.0104211,0.223684,63
5,0.0121579,0.223684,60
5,0.0138947,0.223684,65
5,0.0156316,0.223684,58
5,0.0173684,0.223684,64
5,0.0191053,0.223684,58
5,0.0208421,0.223684,48
5,0.0225789,0.223684,59
5,0.0243158,0.223684,53
5,0.0260526,0.223684,54
5,0.0277895,0.223684,50
5,0.0295263,0.223684,54
5,0.0312632,0.223684,44
5,0.033,0.223684,50
7,0,0.223684,92
7,0.00173684,0.223684,84
7,0.00347368,0.223684,74
7,0.00521053,0.223684,70
7,0.00694737,0.223684,66
7,0.00868421,0.223684,60
7,0.0104211,0.223684,61
7,0.0121579,0.223684,52
7,0.0138947,0.223684,46
7,0.0156316,0.223684,55
7,0.0173684,0.223684,62
7,0.0191053,0.223684,59
7,0.0208421,0.223684,47
7,0.0225789,0.223684,45
7,0.0243158,0.223684,49
7,0.0260526,0.223684,43
7,0.0277895,0.223684,45
7,0.0295263,0.223684,41
7,0.0312632,0.223684,44
7,0.033,0.223684,51
9,0,0.223684,86
9,0.00173684,0.223684,87
9,0.00347368,0.223684,82
9,0.00521053,0.223684,72
9,0.00694737,0.223684,65
9,0.00868421,0.223684,62
9,0.0104211,0.223684,59
9,0.0121579,0.223684,45
9,0.0138947,0.223684,54
9,0.0156316,0.223684,46
9,0.0173684,0.223684,49
9,0.0191053,0.223684,51
9,0.0208421,0.223684,48
9,0.0225789,0.223684,44
9,0.0243158,0.223684,48
9,0.0260526,0.223684,45
9,0.0277895,0.223684,45
9,0.0295263,0.223684,38
9,0.0312632,0.223684,43
9,0.033,0.223684,43
11,0,0.223684,95
11,0.00173684,0.223684,86
11,0.00347368,0.223684,75
11,0.00521053,0.223684,71
11,0.00694737,0.223684,55
11,0.00868421,0.223684,54
11,0.0104211,0.223684,60
11,0.0121579,0.223684,45
11,0.0138947,0.223684,45
11,0.0156316,0.223684,45
11,0.0173684,0.223684,56
11,0.0191053,0.223684,50
11,0.0208421,0.223684,42
11,0.0225789,0.223684,49
11,0.0243158,0.223684,59
11,0.0260526,0.223684,52
11,0.0277895,0.223684,44
11,0.0295263,0.223684,40
11,0.0312632,0.223684,42
11,0.033,0.223684,43
13,0,0.223684,95
13,0.00173684,0.223684,85
13,0.00347368,0.223684,76
13,0.00521053,0.223684,76
13,0.00694737,0.223684,59
13,0.00868421,0.223684,53
13,0.0104211,0.223684,45
13,0.0121579,0.223684,54
13,0.0138947,0.223684,44
13,0.0156316,0.223684,50
13,0.0173684,0.223684,46
13,0.0191053,0.223684,47
13,0.0208421,0.223684,52
13,0.0225789,0.223684,59
13,0.0243158,0.223684,54
13,0.0260526,0.223684,47
13,0.0277895,0.223684,47
13,0.0295263,0.223684,45
13,0.0312632,0.223684,57
13,0.033,0.223684,52
15,0,0.223684,96
15,0.00173684,0.223684,87
15,0.00347368,0.223684,77
15,0.00521053,0.223684,66
15,0.00694737,0.223684,56
15,0.00868421,0.223684,62
15,0.0104211,0.223684,50
15,0.0121579,0.223684,49
15,0.0138947,0.223684,39
15,0.0156316,0.223684,36
15,0.0173684,0.223684,54
15,0.0191053,0.223684,46
15,0.0208421,0.223684,38
15,0.0225789,0.223684,53
15,0.0243158,0.223684,47
15,0.0260526,0.223684,56
15,0.0277895,0.223684,55
15,0.0295263,0.223684,56
15,0.0312632,0.223684,49
15,0.033,0.223684,40
17,0,0.223684,98
17,0.00173684,0.223684,84
17,0.00347368,0.223684,60
17,0.00521053,0.223684,55
17,0.00694737,0.223684,56
17,0.00868421,0.223684,41
17,0.0104211,0.223684,62
17,0.0121579,0.223684,41
17,0.0138947,0.223684,44
17,0.0156316,0.223684,52
17,0.0173684,0.223684,48
17,0.0191053,0.223684,44
17,0.0208421,0.223684,44
17,0.0225789,0.223684,41
17,0.0243158,0.223684,51
17,0.0260526,0.223684,61
17,0.0277895,0.223684,53
17,0.0295263,0.223684,57
17,0.0312632,0.223684,41
17,0.033,0.223684,45
3,0,0.236842,84
3,0.00173684,0.236842,76
3,0.00347368,0.236842,74
3,0.00521053,0.236842,74
3,0.00694737,0.236842,75
3,0.00868421,0.236842,69
3,0.0104211,0.236842,72
3,0.0121579,0.236842,73
3,0.0138947,0.236842,61
3,0.0156316,0.236842,64
3,0.0173684,0.236842,63
3,0.0191053,0.236842,62
3,0.0208421,0.236842,64
3,0.0225789,0.236842,56
3,0.0243158,0.236842,64
3,0.0260526,0.236842,61
3,0.0277895,0.236842,63
3,0.0295263,0.236842,65
3,0.0312632,0.236842,56
3,0.033,0.236842,64
5,0,0.236842,80
5,0.00173684,0.236842,74
5,0.00347368,0.236842,71
5,0.00521053,0.236842,65
5,0.00694737,0.236842,67
5,0.00868421,0.236842,67
5,0.0104211,0.236842,69
5,0.0121579,0.236842,55
5,0.0138947,0.236842,59
5,0.0156316,0.236842,57
5,0.0173684,0.236842,52
5,0.0191053,0.236842,44
5,0.0208421,0.236842,37
5,0.0225789,0.236842,47
5,0.0243158,0.236842,39
5,0.0260526,0.236842,46
5,0.0277895,0.236842,34
5,0.0295263,0.236842,46
5,0.0312632,0.236842,41
5,0.033,0.236842,37
7,0,0.236842,85
7,0.00173684,0.236842,82
7,0.00347368,0.236842,66
7,0.00521053,0.236842,64
7,0.00694737,0.236842,59
7,0.00868421,0.236842,49
7,0.0104211,0.236842,51
7,0.0121579,0.236842,43
7,0.0138947,0.236842,51
7,0.0156316,0.236842,52
7,0.0173684,0.236842,55
7,0.0191053,0.236842,47
7,0.0208421,0.236842,48
7,0.0225789,0.236842,43
7,0.0243158,0.236842,52
7,0.0260526,0.236842,44
7,0.0277895,0.236842,45
7,0.0295263,0.236842,43
7,0.0312632,0.236842,37
7,0.033,0.236842,42
9,0,0.236842,84
9,0.00173684,0.236842,70
9,0.00347368,0.236842,69
9,0.00521053,0.236842,52
9,0.00694737,0.236842,60
9,0.00868421,0.236842,49
9,0.0104211,0.236842,53
9,0.0121579,0.236842,42
9,0.0138947,0.236842,39
9,0.0156316,0.236842,55
9,0.0173684,0.236842,49
9,0.0191053,0.236842,38
9,0.0208421,0.236842,37
9,0.0225789,0.236842,51
9,0.0243158,0.236842,45
9,0.0260526,0.236842,39
9,0.0277895,0.236842,50
9,0.0295263,0.236842,44
9,0.0312632,0.236842,31
9,0.033,0.236842,39
11,0,0.236842,87
11,0.00173684,0.236842,75
11,0.00347368,0.236842,66
11,0.00521053,0.236842,47
11,0.00694737,0.236842,61
11,0.00868421,0.236842,51
11,0.0104211,0.236842,49
11,0.0121579,0.236842,51
11,0.0138947,0.236842,38
11,0.0156316,0.236842,44
11,0.0173684,0.236842,57
11,0.0191053,0.236842,45
11,0.0208421,0.236842,37
11,0.0225789,0.236842,37
11,0.0243158,0.236842,47
11,0.0260526,0.236842,45
11,0.0277895,0.236842,36
11,0.0295263,0.236842,41
11,0.0312632,0.236842,43
11,0.033,0.236842,47
13,0,0.236842,87
13,0.00173684,0.236842,73
13,0.00347368,0.236842,68
13,0.00521053,0.236842,54
13,0.00694737,0.236842,48
13,0.00868421,0.236842,42
13,0.0104211,0.236842,48
13,0.0121579,0.236842,49
13,0.0138947,0.236842,45
13,0.0156316,0.236842,48
13,0.0173684,0.236842,53
13,0.0191053,0.236842,47
13,0.0208421,0.236842,37
13,0.0225789,0.236842,54
13,0.0243158,0.236842,39
13,0.0260526,0.236842,47
13,0.0277895,0.236842,33
13,0.0295263,0.236842,45
13,0.0312632,0.236842,37
13,0.033,0.236842,49
15,0,0.236842,89
15,0.00173684,0.236842,72
15,0.00347368,0.236842,55
15,0.00521053,0.236842,47
15,0.00694737,0.236842,52
15,0.00868421,0.236842,46
15,0.0104211,0.236842,47
15,0.0121579,0.236842,49
15,0.0138947,0.236842,48
15,0.0156316,0.236842,49
15,0.0173684,0.236842,50
15,0.0191053,0.236842,48
15,0.0208421,0.236842,42
15,0.0225789,0.236842,45
15,0.0243158,0.236842,47
15,0.0260526,0.236842,50
15,0.0277895,0.236842,44
15,0.0295263,0.236842,50
15,0.0312632,0.236842,43
15,0.033,0.236842,42
17,0,0.236842,88
17,0.00173684,0.236842,70
17,0.00347368,0.236842,59
17,0.00521053,0.236842,47
17,0.00694737,0.236842,48
17,0.00868421,0.236842,47
17,0.0104211,0.236842,47
17,0.0121579,0.236842,50
17,0.0138947,0.236842,56
17,0.0156316,0.236842,37
17,0.0173684,0.236842,48
17,0.0191053,0.236842,62
17,0.0208421,0.236842,44
17,0.0225789,0.236842,47
17,0.0243158,0.236842,48
17,0.0260526,0.236842,41
17,0.0277895,0.236842,49
17,0.0295263,0.236842,47
17,0.0312632,0.236842,42
17,0.033,0.236842,41
3,0,0.25,72
3,0.00173684,0.25,78
3,0.00347368,0.25,78
3,0.00521053,0.25,75
3,0.00694737,0.25,69
3,0.00868421,0.25,65
3,0.0104211,0.25,58
3,0.0121579,0.25,61
3,0.0138947,0.25,67
3,0.0156316,0.25,66
3,0.0173684,0.25,65
3,0.0191053,0.25,56
3,0.0208421,0.25,56
3,0.0225789,0.25,58
3,0.0243158,0.25,59
3,0.0260526,0.25,59
3,0.0277895,0.25,56
3,0.0295263,0.25,57
3,0.0312632,0.25,55
3,0.033,0.25,54
5,0,0.25,73
5,0.00173684,0.25,63
5,0.00347368,0.25,57
5,0.00521053,0.25,59
5,0.00694737,0.25,53
5,0.00868421,0.25,50
5,0.0104211,0.25,57
5,0.0121579,0.25,50
5,0.0138947,0.25,51
5,0.0156316,0.25,55
5,0.0173684,0.25,40
5,0.0191053,0.25,46
5,0.0208421,0.25,48
5,0.0225789,0.25,43
5,0.0243158,0.25,36
5,0.0260526,0.25,35
5,0.0277895,0.25,47
5,0.0295263,0.25,40
5,0.0312632,0.25,41
5,0.033,0.25,32
7,0,0.25,74
7,0.00173684,0.25,61
7,0.00347368,0.25,54
7,0.00521053,0.25,55
7,0.00694737,0.25,52
7,0.00868421,0.25,48
7,0.0104211,0.25,44
7,0.0121579,0.25,43
7,0.0138947,0.25,38
7,0.0156316,0.25,36
7,0.0173684,0.25,41
7,0.0191053,0.25,36
7,0.0208421,0.25,39
7,0.0225789,0.25,29
7,0.0243158,0.25,35
7,0.0260526,0.25,32
7,0.0277895,0.25,35
7,0.0295263,0.25,34
7,0.0312632,0.25,28
7,0.033,0.25,27
9,0,0.25,68
9,0.00173684,0.25,60
9,0.00347368,0.25,58
9,0.00521053,0.25,58
9,0.00694737,0.25,40
9,0.00868421,0.25,37
9,0.0104211,0.25,39
9,0.0121579,0.25,30
9,0.0138947,0.25,39
9,0.0156316,0.25,35
9,0.0173684,0.25,35
9,0.0191053,0.25,48
9,0.0208421,0.25,32
9,0.0225789,0.25,33
9,0.0243158,0.25,30
9,0.0260526,0.25,30
9,0.0277895,0.25,38
9,0.0295263,0.25,40
9,0.0312632,0.25,35
9,0.033,0.25,30
11,0,0.25,73
11,0.00173684,0.25,63
11,0.00347368,0.25,49
11,0.00521053,0.25,37
11,0.00694737,0.25,38
11,0.00868421,0.25,40
11,0.0104211,0.25,36
11,0.0121579,0.25,34
11,0.0138947,0.25,37
11,0.0156316,0.25,39
11,0.0173684,0.25,28
11,0.0191053,0.25,46
11,0.0208421,0.25,36
11,0.0225789,0.25,34
11,0.0243158,0.25,34
11,0.0260526,0.25,33
11,0.0277895,0.25,35
11,0.0295263,0.25,35
11,0.0312632,0.25,41
11,0.033,0.25,31
13,0,0.25,69
13,0.00173684,0.25,50
13,0.00347368,0.25,47
13,0.00521053,0.25,38
13,0.00694737,0.25,33
13,0.00868421,0.25,34
13,0.0104211,0.25,31
13,0.0121579,0.25,31
13,0.0138947,0.25,41
13,0.0156316,0.25,31
13,0.0173684,0.25,33
13,0.0191053,0.25,39
13,0.0208421,0.25,38
13,0.0225789,0.25,37
13,0.0243158,0.25,39
13,0.0260526,0.25,36
13,0.0277895,0.25,27
13,0.0295263,0.25,37
13,0.0312632,0.25,34
13,0.033,0.25,24
15,0,0.25,68
15,0.00173684,0.25,56
15,0.00347368,0.25,49
15,0.00521053,0.25,29
15,0.00694737,0.25,30
15,0.00868421,0.25,32
15,0.0104211,0.25,34
15,0.0121579,0.25,35
15,0.0138947,0.25,28
15,0.0156316,0.25,39
15,0.0173684,0.25,44
15,0.0191053,0.25,35
15,0.0208421,0.25,30
15,0.0225789,0.25,22
15,0.0243158,0.25,35
15,0.0260526,0.25,33
15,0.0277895,0.25,40
15,0.0295263,0.25,32
15,0.0312632,0.25,40
15,0.033,0.25,33
17,0,0.25,67
17,0.00173684,0.25,42
17,0.00347368,0.25,42
17,0.00521053,0.25,33
17,0.00694737,0.25,43
17,0.00868421,0.25,31
17,0.0104211,0.25,37
17,0.0121579,0.25,35
17,0.0138947,0.25,27
17,0.0156316,0.25,27
17,0.0173684,0.25,31
17,0.0191053,0.25,36
17,0.0208421,0.25,28
17,0.0225789,0.25,30
17,0.0243158,0.25,39
17,0.0260526,0.25,34
17,0.0277895,0.25,35
17,0.0295263,0.25,32
17,0.0312632,0.25,25
17,0.033,0.25,31
