L,p_error,num_success
3,0,0,100
3,0.00173684,0,100
3,0.00347368,0,100
3,0.00521053,0,100
3,0.00694737,0,100
3,0.00868421,0,100
3,0.0104211,0,100
3,0.0121579,0,99
3,0.0138947,0,99
3,0.0156316,0,98
3,0.0173684,0,98
3,0.0191053,0,95
3,0.0208421,0,92
3,0.0225789,0,95
3,0.0243158,0,96
3,0.0260526,0,90
3,0.0277895,0,94
3,0.0295263,0,85
3,0.0312632,0,89
3,0.033,0,88
5,0,0,100
5,0.00173684,0,100
5,0.00347368,0,100
5,0.00521053,0,100
5,0.00694737,0,100
5,0.00868421,0,100
5,0.0104211,0,100
5,0.0121579,0,98
5,0.0138947,0,100
5,0.0156316,0,99
5,0.0173684,0,99
5,0.0191053,0,97
5,0.0208421,0,97
5,0.0225789,0,96
5,0.0243158,0,97
5,0.0260526,0,95
5,0.0277895,0,95
5,0.0295263,0,93
5,0.0312632,0,91
5,0.033,0,90
7,0,0,100
7,0.00173684,0,100
7,0.00347368,0,100
7,0.00521053,0,100
7,0.00694737,0,100
7,0.00868421,0,100
7,0.0104211,0,100
7,0.0121579,0,100
7,0.0138947,0,100
7,0.0156316,0,100
7,0.0173684,0,97
7,0.0191053,0,97
7,0.0208421,0,99
7,0.0225789,0,97
7,0.0243158,0,98
7,0.0260526,0,93
7,0.0277895,0,97
7,0.0295263,0,90
7,0.0312632,0,91
7,0.033,0,92
9,0,0,100
9,0.00173684,0,100
9,0.00347368,0,100
9,0.00521053,0,100
9,0.00694737,0,100
9,0.00868421,0,100
9,0.0104211,0,100
9,0.0121579,0,100
9,0.0138947,0,100
9,0.0156316,0,99
9,0.0173684,0,100
9,0.0191053,0,100
9,0.0208421,0,100
9,0.0225789,0,99
9,0.0243158,0,97
9,0.0260526,0,95
9,0.0277895,0,94
9,0.0295263,0,89
9,0.0312632,0,89
9,0.033,0,86
11,0,0,100
11,0.00173684,0,100
11,0.00347368,0,100
11,0.00521053,0,100
11,0.00694737,0,100
11,0.00868421,0,100
11,0.0104211,0,100
11,0.0121579,0,100
11,0.0138947,0,100
11,0.0156316,0,100
11,0.0173684,0,100
11,0.0191053,0,99
11,0.0208421,0,100
11,0.0225789,0,96
11,0.0243158,0,99
11,0.0260526,0,94
11,0.0277895,0,94
11,0.0295263,0,93
11,0.0312632,0,91
11,0.033,0,84
13,0,0,100
13,0.00173684,0,100
13,0.00347368,0,100
13,0.00521053,0,100
13,0.00694737,0,100
13,0.00868421,0,100
13,0.0104211,0,100
13,0.0121579,0,100
13,0.0138947,0,100
13,0.0156316,0,100
13,0.0173684,0,100
13,0.0191053,0,99
13,0.0208421,0,100
13,0.0225789,0,100
13,0.0243158,0,100
13,0.0260526,0,100
13,0.0277895,0,93
13,0.0295263,0,96
13,0.0312632,0,88
13,0.033,0,84
15,0,0,100
15,0.00173684,0,100
15,0.00347368,0,100
15,0.00521053,0,100
15,0.00694737,0,100
15,0.00868421,0,100
15,0.0104211,0,100
15,0.0121579,0,100
15,0.0138947,0,100
15,0.0156316,0,100
15,0.0173684,0,100
15,0.0191053,0,100
15,0.0208421,0,100
15,0.0225789,0,100
15,0.0243158,0,99
15,0.0260526,0,99
15,0.0277895,0,92
15,0.0295263,0,96
15,0.0312632,0,93
15,0.033,0,85
17,0,0,100
17,0.00173684,0,100
17,0.00347368,0,100
17,0.00521053,0,100
17,0.00694737,0,100
17,0.00868421,0,100
17,0.0104211,0,100
17,0.0121579,0,100
17,0.0138947,0,100
17,0.0156316,0,100
17,0.0173684,0,100
17,0.0191053,0,100
17,0.0208421,0,99
17,0.0225789,0,100
17,0.0243158,0,100
17,0.0260526,0,100
17,0.0277895,0,94
17,0.0295263,0,90
17,0.0312632,0,88
17,0.033,0,80
3,0,0.0131579,100
3,0.00173684,0.0131579,100
3,0.00347368,0.0131579,100
3,0.00521053,0.0131579,100
3,0.00694737,0.0131579,98
3,0.00868421,0.0131579,99
3,0.0104211,0.0131579,99
3,0.0121579,0.0131579,99
3,0.0138947,0.0131579,99
3,0.0156316,0.0131579,98
3,0.0173684,0.0131579,95
3,0.0191053,0.0131579,94
3,0.0208421,0.0131579,96
3,0.0225789,0.0131579,96
3,0.0243158,0.0131579,94
3,0.0260526,0.0131579,93
3,0.0277895,0.0131579,92
3,0.0295263,0.0131579,94
3,0.0312632,0.0131579,93
3,0.033,0.0131579,89
5,0,0.0131579,100
5,0.00173684,0.0131579,100
5,0.00347368,0.0131579,100
5,0.00521053,0.0131579,100
5,0.00694737,0.0131579,100
5,0.00868421,0.0131579,100
5,0.0104211,0.0131579,99
5,0.0121579,0.0131579,99
5,0.0138947,0.0131579,99
5,0.0156316,0.0131579,99
5,0.0173684,0.0131579,98
5,0.0191053,0.0131579,98
5,0.0208421,0.0131579,98
5,0.0225789,0.0131579,94
5,0.0243158,0.0131579,93
5,0.0260526,0.0131579,95
5,0.0277895,0.0131579,93
5,0.0295263,0.0131579,91
5,0.0312632,0.0131579,85
5,0.033,0.0131579,88
7,0,0.0131579,100
7,0.00173684,0.0131579,100
7,0.00347368,0.0131579,100
7,0.00521053,0.0131579,100
7,0.00694737,0.0131579,100
7,0.00868421,0.0131579,100
7,0.0104211,0.0131579,100
7,0.0121579,0.0131579,100
7,0.0138947,0.0131579,99
7,0.0156316,0.0131579,99
7,0.0173684,0.0131579,99
7,0.0191053,0.0131579,100
7,0.0208421,0.0131579,96
7,0.0225789,0.0131579,99
7,0.0243158,0.0131579,97
7,0.0260526,0.0131579,95
7,0.0277895,0.0131579,89
7,0.0295263,0.0131579,83
7,0.0312632,0.0131579,87
7,0.033,0.0131579,85
9,0,0.0131579,100
9,0.00173684,0.0131579,100
9,0.00347368,0.0131579,100
9,0.00521053,0.0131579,100
9,0.00694737,0.0131579,100
9,0.00868421,0.0131579,100
9,0.0104211,0.0131579,100
9,0.0121579,0.0131579,100
9,0.0138947,0.0131579,100
9,0.0156316,0.0131579,99
9,0.0173684,0.0131579,100
9,0.0191053,0.0131579,100
9,0.0208421,0.0131579,100
9,0.0225789,0.0131579,95
9,0.0243158,0.0131579,95
9,0.0260526,0.0131579,99
9,0.0277895,0.0131579,95
9,0.0295263,0.0131579,94
9,0.0312632,0.0131579,88
9,0.033,0.0131579,88
11,0,0.0131579,100
11,0.00173684,0.0131579,100
11,0.00347368,0.0131579,100
11,0.00521053,0.0131579,100
11,0.00694737,0.0131579,100
11,0.00868421,0.0131579,100
11,0.0104211,0.0131579,100
11,0.0121579,0.0131579,100
11,0.0138947,0.0131579,100
11,0.0156316,0.0131579,100
11,0.0173684,0.0131579,100
11,0.0191053,0.0131579,100
11,0.0208421,0.0131579,98
11,0.0225789,0.0131579,99
11,0.0243158,0.0131579,98
11,0.0260526,0.0131579,98
11,0.0277895,0.0131579,92
11,0.0295263,0.0131579,93
11,0.0312632,0.0131579,81
11,0.033,0.0131579,83
13,0,0.0131579,100
13,0.00173684,0.0131579,100
13,0.00347368,0.0131579,100
13,0.00521053,0.0131579,100
13,0.00694737,0.0131579,100
13,0.00868421,0.0131579,100
13,0.0104211,0.0131579,100
13,0.0121579,0.0131579,100
13,0.0138947,0.0131579,100
13,0.0156316,0.0131579,100
13,0.0173684,0.0131579,100
13,0.0191053,0.0131579,100
13,0.0208421,0.0131579,98
13,0.0225789,0.0131579,99
13,0.0243158,0.0131579,97
13,0.0260526,0.0131579,94
13,0.0277895,0.0131579,91
13,0.0295263,0.0131579,89
13,0.0312632,0.0131579,81
13,0.033,0.0131579,82
15,0,0.0131579,100
15,0.00173684,0.0131579,100
15,0.00347368,0.0131579,100
15,0.00521053,0.0131579,100
15,0.00694737,0.0131579,100
15,0.00868421,0.0131579,100
15,0.0104211,0.0131579,100
15,0.0121579,0.0131579,100
15,0.0138947,0.0131579,100
15,0.0156316,0.0131579,100
15,0.0173684,0.0131579,99
15,0.0191053,0.0131579,100
15,0.0208421,0.0131579,100
15,0.0225789,0.0131579,99
15,0.0243158,0.0131579,98
15,0.0260526,0.0131579,91
15,0.0277895,0.0131579,91
15,0.0295263,0.0131579,92
15,0.0312632,0.0131579,79
15,0.033,0.0131579,79
17,0,0.0131579,100
17,0.00173684,0.0131579,100
17,0.00347368,0.0131579,100
17,0.00521053,0.0131579,100
17,0.00694737,0.0131579,100
17,0.00868421,0.0131579,100
17,0.0104211,0.0131579,100
17,0.0121579,0.0131579,100
17,0.0138947,0.0131579,100
17,0.0156316,0.0131579,100
17,0.0173684,0.0131579,99
17,0.0191053,0.0131579,100
17,0.0208421,0.0131579,99
17,0.0225789,0.0131579,98
17,0.0243158,0.0131579,98
17,0.0260526,0.0131579,91
17,0.0277895,0.0131579,92
17,0.0295263,0.0131579,84
17,0.0312632,0.0131579,80
17,0.033,0.0131579,69
3,0,0.0263158,100
3,0.00173684,0.0263158,100
3,0.00347368,0.0263158,98
3,0.00521053,0.0263158,99
3,0.00694737,0.0263158,100
3,0.00868421,0.0263158,98
3,0.0104211,0.0263158,96
3,0.0121579,0.0263158,98
3,0.0138947,0.0263158,100
3,0.0156316,0.0263158,96
3,0.0173684,0.0263158,97
3,0.0191053,0.0263158,92
3,0.0208421,0.0263158,94
3,0.0225789,0.0263158,94
3,0.0243158,0.0263158,95
3,0.0260526,0.0263158,91
3,0.0277895,0.0263158,88
3,0.0295263,0.0263158,89
3,0.0312632,0.0263158,93
3,0.033,0.0263158,82
5,0,0.0263158,100
5,0.00173684,0.0263158,100
5,0.00347368,0.0263158,100
5,0.00521053,0.0263158,100
5,0.00694737,0.0263158,99
5,0.00868421,0.0263158,99
5,0.0104211,0.0263158,100
5,0.0121579,0.0263158,96
5,0.0138947,0.0263158,99
5,0.0156316,0.0263158,97
5,0.0173684,0.0263158,95
5,0.0191053,0.0263158,98
5,0.0208421,0.0263158,95
5,0.0225789,0.0263158,93
5,0.0243158,0.0263158,96
5,0.0260526,0.0263158,85
5,0.0277895,0.0263158,93
5,0.0295263,0.0263158,88
5,0.0312632,0.0263158,89
5,0.033,0.0263158,86
7,0,0.0263158,100
7,0.00173684,0.0263158,100
7,0.00347368,0.0263158,100
7,0.00521053,0.0263158,100
7,0.00694737,0.0263158,100
7,0.00868421,0.0263158,100
7,0.0104211,0.0263158,100
7,0.0121579,0.0263158,100
7,0.0138947,0.0263158,100
7,0.0156316,0.0263158,98
7,0.0173684,0.0263158,98
7,0.0191053,0.0263158,98
7,0.0208421,0.0263158,96
7,0.0225789,0.0263158,95
7,0.0243158,0.0263158,92
7,0.0260526,0.0263158,93
7,0.0277895,0.0263158,87
7,0.0295263,0.0263158,83
7,0.0312632,0.0263158,88
7,0.033,0.0263158,83
9,0,0.0263158,100
9,0.00173684,0.0263158,100
9,0.00347368,0.0263158,100
9,0.00521053,0.0263158,100
9,0.00694737,0.0263158,100
9,0.00868421,0.0263158,100
9,0.0104211,0.0263158,100
9,0.0121579,0.0263158,99
9,0.0138947,0.0263158,100
9,0.0156316,0.0263158,99
9,0.0173684,0.0263158,100
9,0.0191053,0.0263158,99
9,0.0208421,0.0263158,96
9,0.0225789,0.0263158,96
9,0.0243158,0.0263158,94
9,0.0260526,0.0263158,96
9,0.0277895,0.0263158,88
9,0.0295263,0.0263158,85
9,0.0312632,0.0263158,81
9,0.033,0.0263158,76
11,0,0.0263158,100
11,0.00173684,0.0263158,100
11,0.00347368,0.0263158,100
11,0.00521053,0.0263158,100
11,0.00694737,0.0263158,100
11,0.00868421,0.0263158,100
11,0.0104211,0.0263158,100
11,0.0121579,0.0263158,100
11,0.0138947,0.0263158,100
11,0.0156316,0.0263158,98
11,0.0173684,0.0263158,99
11,0.0191053,0.0263158,98
11,0.0208421,0.0263158,100
11,0.0225789,0.0263158,97
11,0.0243158,0.0263158,94
11,0.0260526,0.0263158,92
11,0.0277895,0.0263158,86
11,0.0295263,0.0263158,83
11,0.0312632,0.0263158,85
11,0.033,0.0263158,79
13,0,0.0263158,100
13,0.00173684,0.0263158,100
13,0.00347368,0.0263158,100
13,0.00521053,0.0263158,100
13,0.00694737,0.0263158,100
13,0.00868421,0.0263158,100
13,0.0104211,0.0263158,100
13,0.0121579,0.0263158,100
13,0.0138947,0.0263158,100
13,0.0156316,0.0263158,98
13,0.0173684,0.0263158,100
13,0.0191053,0.0263158,98
13,0.0208421,0.0263158,100
13,0.0225789,0.0263158,98
13,0.0243158,0.0263158,95
13,0.0260526,0.0263158,95
13,0.0277895,0.0263158,92
13,0.0295263,0.0263158,91
13,0.0312632,0.0263158,74
13,0.033,0.0263158,77
15,0,0.0263158,100
15,0.00173684,0.0263158,100
15,0.00347368,0.0263158,100
15,0.00521053,0.0263158,100
15,0.00694737,0.0263158,100
15,0.00868421,0.0263158,100
15,0.0104211,0.0263158,100
15,0.0121579,0.0263158,100
15,0.0138947,0.0263158,99
15,0.0156316,0.0263158,100
15,0.0173684,0.0263158,100
15,0.0191053,0.0263158,100
15,0.0208421,0.0263158,97
15,0.0225789,0.0263158,97
15,0.0243158,0.0263158,93
15,0.0260526,0.0263158,96
15,0.0277895,0.0263158,80
15,0.0295263,0.0263158,86
15,0.0312632,0.0263158,71
15,0.033,0.0263158,68
17,0,0.0263158,100
17,0.00173684,0.0263158,100
17,0.00347368,0.0263158,100
17,0.00521053,0.0263158,100
17,0.00694737,0.0263158,100
17,0.00868421,0.0263158,100
17,0.0104211,0.0263158,100
17,0.0121579,0.0263158,100
17,0.0138947,0.0263158,100
17,0.0156316,0.0263158,100
17,0.0173684,0.0263158,100
17,0.0191053,0.0263158,100
17,0.0208421,0.0263158,98
17,0.0225789,0.0263158,100
17,0.0243158,0.0263158,95
17,0.0260526,0.0263158,86
17,0.0277895,0.0263158,84
17,0.0295263,0.0263158,74
17,0.0312632,0.0263158,69
17,0.033,0.0263158,60
3,0,0.0394737,100
3,0.00173684,0.0394737,99
3,0.00347368,0.0394737,100
3,0.00521053,0.0394737,98
3,0.00694737,0.0394737,97
3,0.00868421,0.0394737,99
3,0.0104211,0.0394737,97
3,0.0121579,0.0394737,99
3,0.0138947,0.0394737,93
3,0.0156316,0.0394737,97
3,0.0173684,0.0394737,98
3,0.0191053,0.0394737,92
3,0.0208421,0.0394737,91
3,0.0225789,0.0394737,91
3,0.0243158,0.0394737,94
3,0.0260526,0.0394737,89
3,0.0277895,0.0394737,94
3,0.0295263,0.0394737,87
3,0.0312632,0.0394737,88
3,0.033,0.0394737,94
5,0,0.0394737,100
5,0.00173684,0.0394737,100
5,0.00347368,0.0394737,100
5,0.00521053,0.0394737,99
5,0.00694737,0.0394737,100
5,0.00868421,0.0394737,100
5,0.0104211,0.0394737,100
5,0.0121579,0.0394737,98
5,0.0138947,0.0394737,99
5,0.0156316,0.0394737,99
5,0.0173684,0.0394737,94
5,0.0191053,0.0394737,95
5,0.0208421,0.0394737,96
5,0.0225789,0.0394737,92
5,0.0243158,0.0394737,93
5,0.0260526,0.0394737,90
5,0.0277895,0.0394737,91
5,0.0295263,0.0394737,87
5,0.0312632,0.0394737,90
5,0.033,0.0394737,76
7,0,0.0394737,100
7,0.00173684,0.0394737,100
7,0.00347368,0.0394737,100
7,0.00521053,0.0394737,100
7,0.00694737,0.0394737,100
7,0.00868421,0.0394737,100
7,0.0104211,0.0394737,100
7,0.0121579,0.0394737,100
7,0.0138947,0.0394737,98
7,0.0156316,0.0394737,99
7,0.0173684,0.0394737,98
7,0.0191053,0.0394737,98
7,0.0208421,0.0394737,97
7,0.0225789,0.0394737,96
7,0.0243158,0.0394737,91
7,0.0260526,0.0394737,92
7,0.0277895,0.0394737,90
7,0.0295263,0.0394737,85
7,0.0312632,0.0394737,83
7,0.033,0.0394737,79
9,0,0.0394737,100
9,0.00173684,0.0394737,100
9,0.00347368,0.0394737,100
9,0.00521053,0.0394737,100
9,0.00694737,0.0394737,100
9,0.00868421,0.0394737,100
9,0.0104211,0.0394737,100
9,0.0121579,0.0394737,100
9,0.0138947,0.0394737,100
9,0.0156316,0.0394737,98
9,0.0173684,0.0394737,100
9,0.0191053,0.0394737,98
9,0.0208421,0.0394737,97
9,0.0225789,0.0394737,95
9,0.0243158,0.0394737,92
9,0.0260526,0.0394737,87
9,0.0277895,0.0394737,86
9,0.0295263,0.0394737,84
9,0.0312632,0.0394737,81
9,0.033,0.0394737,74
11,0,0.0394737,100
11,0.00173684,0.0394737,100
11,0.00347368,0.0394737,100
11,0.00521053,0.0394737,100
11,0.00694737,0.0394737,100
11,0.00868421,0.0394737,100
11,0.0104211,0.0394737,100
11,0.0121579,0.0394737,100
11,0.0138947,0.0394737,99
11,0.0156316,0.0394737,97
11,0.0173684,0.0394737,99
11,0.0191053,0.0394737,97
11,0.0208421,0.0394737,96
11,0.0225789,0.0394737,92
11,0.0243158,0.0394737,88
11,0.0260526,0.0394737,85
11,0.0277895,0.0394737,83
11,0.0295263,0.0394737,76
11,0.0312632,0.0394737,82
11,0.033,0.0394737,73
13,0,0.0394737,100
13,0.00173684,0.0394737,100
13,0.00347368,0.0394737,100
13,0.00521053,0.0394737,100
13,0.00694737,0.0394737,100
13,0.00868421,0.0394737,100
13,0.0104211,0.0394737,100
13,0.0121579,0.0394737,100
13,0.0138947,0.0394737,99
13,0.0156316,0.0394737,99
13,0.0173684,0.0394737,98
13,0.0191053,0.0394737,98
13,0.0208421,0.0394737,98
13,0.0225789,0.0394737,94
13,0.0243158,0.0394737,89
13,0.0260526,0.0394737,87
13,0.0277895,0.0394737,77
13,0.0295263,0.0394737,83
13,0.0312632,0.0394737,71
13,0.033,0.0394737,69
15,0,0.0394737,100
15,0.00173684,0.0394737,100
15,0.00347368,0.0394737,100
15,0.00521053,0.0394737,100
15,0.00694737,0.0394737,100
15,0.00868421,0.0394737,100
15,0.0104211,0.0394737,100
15,0.0121579,0.0394737,100
15,0.0138947,0.0394737,100
15,0.0156316,0.0394737,99
15,0.0173684,0.0394737,99
15,0.0191053,0.0394737,99
15,0.0208421,0.0394737,98
15,0.0225789,0.0394737,94
15,0.0243158,0.0394737,89
15,0.0260526,0.0394737,75
15,0.0277895,0.0394737,87
15,0.0295263,0.0394737,70
15,0.0312632,0.0394737,70
15,0.033,0.0394737,59
17,0,0.0394737,100
17,0.00173684,0.0394737,100
17,0.00347368,0.0394737,100
17,0.00521053,0.0394737,100
17,0.00694737,0.0394737,100
17,0.00868421,0.0394737,100
17,0.0104211,0.0394737,100
17,0.0121579,0.0394737,100
17,0.0138947,0.0394737,100
17,0.0156316,0.0394737,100
17,0.0173684,0.0394737,100
17,0.0191053,0.0394737,97
17,0.0208421,0.0394737,98
17,0.0225789,0.0394737,94
17,0.0243158,0.0394737,82
17,0.0260526,0.0394737,77
17,0.0277895,0.0394737,75
17,0.0295263,0.0394737,71
17,0.0312632,0.0394737,65
17,0.033,0.0394737,58
3,0,0.0526316,100
3,0.00173684,0.0526316,100
3,0.00347368,0.0526316,99
3,0.00521053,0.0526316,98
3,0.00694737,0.0526316,98
3,0.00868421,0.0526316,99
3,0.0104211,0.0526316,97
3,0.0121579,0.0526316,98
3,0.0138947,0.0526316,96
3,0.0156316,0.0526316,96
3,0.0173684,0.0526316,95
3,0.0191053,0.0526316,92
3,0.0208421,0.0526316,94
3,0.0225789,0.0526316,91
3,0.0243158,0.0526316,92
3,0.0260526,0.0526316,90
3,0.0277895,0.0526316,91
3,0.0295263,0.0526316,87
3,0.0312632,0.0526316,88
3,0.033,0.0526316,88
5,0,0.0526316,100
5,0.00173684,0.0526316,100
5,0.00347368,0.0526316,99
5,0.00521053,0.0526316,99
5,0.00694737,0.0526316,99
5,0.00868421,0.0526316,98
5,0.0104211,0.0526316,97
5,0.0121579,0.0526316,98
5,0.0138947,0.0526316,97
5,0.0156316,0.0526316,93
5,0.0173684,0.0526316,90
5,0.0191053,0.0526316,93
5,0.0208421,0.0526316,93
5,0.0225789,0.0526316,95
5,0.0243158,0.0526316,91
5,0.0260526,0.0526316,86
5,0.0277895,0.0526316,86
5,0.0295263,0.0526316,82
5,0.0312632,0.0526316,81
5,0.033,0.0526316,82
7,0,0.0526316,100
7,0.00173684,0.0526316,100
7,0.00347368,0.0526316,100
7,0.00521053,0.0526316,100
7,0.00694737,0.0526316,100
7,0.00868421,0.0526316,100
7,0.0104211,0.0526316,99
7,0.0121579,0.0526316,99
7,0.0138947,0.0526316,98
7,0.0156316,0.0526316,97
7,0.0173684,0.0526316,96
7,0.0191053,0.0526316,95
7,0.0208421,0.0526316,91
7,0.0225789,0.0526316,93
7,0.0243158,0.0526316,90
7,0.0260526,0.0526316,82
7,0.0277895,0.0526316,81
7,0.0295263,0.0526316,82
7,0.0312632,0.0526316,79
7,0.033,0.0526316,77
9,0,0.0526316,100
9,0.00173684,0.0526316,100
9,0.00347368,0.0526316,100
9,0.00521053,0.0526316,100
9,0.00694737,0.0526316,100
9,0.00868421,0.0526316,100
9,0.0104211,0.0526316,100
9,0.0121579,0.0526316,99
9,0.0138947,0.0526316,100
9,0.0156316,0.0526316,99
9,0.0173684,0.0526316,95
9,0.0191053,0.0526316,96
9,0.0208421,0.0526316,91
9,0.0225789,0.0526316,94
9,0.0243158,0.0526316,82
9,0.0260526,0.0526316,83
9,0.0277895,0.0526316,82
9,0.0295263,0.0526316,72
9,0.0312632,0.0526316,80
9,0.033,0.0526316,69
11,0,0.0526316,100
11,0.00173684,0.0526316,100
11,0.00347368,0.0526316,100
11,0.00521053,0.0526316,100
11,0.00694737,0.0526316,100
11,0.00868421,0.0526316,99
11,0.0104211,0.0526316,100
11,0.0121579,0.0526316,100
11,0.0138947,0.0526316,99
11,0.0156316,0.0526316,97
11,0.0173684,0.0526316,98
11,0.0191053,0.0526316,93
11,0.0208421,0.0526316,97
11,0.0225789,0.0526316,94
11,0.0243158,0.0526316,83
11,0.0260526,0.0526316,82
11,0.0277895,0.0526316,71
11,0.0295263,0.0526316,79
11,0.0312632,0.0526316,70
11,0.033,0.0526316,63
13,0,0.0526316,100
13,0.00173684,0.0526316,100
13,0.00347368,0.0526316,100
13,0.00521053,0.0526316,100
13,0.00694737,0.0526316,100
13,0.00868421,0.0526316,100
13,0.0104211,0.0526316,100
13,0.0121579,0.0526316,99
13,0.0138947,0.0526316,99
13,0.0156316,0.0526316,96
13,0.0173684,0.0526316,98
13,0.0191053,0.0526316,97
13,0.0208421,0.0526316,95
13,0.0225789,0.0526316,93
13,0.0243158,0.0526316,84
13,0.0260526,0.0526316,77
13,0.0277895,0.0526316,77
13,0.0295263,0.0526316,68
13,0.0312632,0.0526316,67
13,0.033,0.0526316,60
15,0,0.0526316,100
15,0.00173684,0.0526316,100
15,0.00347368,0.0526316,100
15,0.00521053,0.0526316,100
15,0.00694737,0.0526316,100
15,0.00868421,0.0526316,100
15,0.0104211,0.0526316,100
15,0.0121579,0.0526316,98
15,0.0138947,0.0526316,99
15,0.0156316,0.0526316,99
15,0.0173684,0.0526316,100
15,0.0191053,0.0526316,99
15,0.0208421,0.0526316,92
15,0.0225789,0.0526316,95
15,0.0243158,0.0526316,83
15,0.0260526,0.0526316,86
15,0.0277895,0.0526316,77
15,0.0295263,0.0526316,59
15,0.0312632,0.0526316,57
15,0.033,0.0526316,50
17,0,0.0526316,100
17,0.00173684,0.0526316,100
17,0.00347368,0.0526316,100
17,0.00521053,0.0526316,100
17,0.00694737,0.0526316,100
17,0.00868421,0.0526316,100
17,0.0104211,0.0526316,100
17,0.0121579,0.0526316,100
17,0.0138947,0.0526316,100
17,0.0156316,0.0526316,100
17,0.0173684,0.0526316,100
17,0.0191053,0.0526316,95
17,0.0208421,0.0526316,92
17,0.0225789,0.0526316,89
17,0.0243158,0.0526316,85
17,0.0260526,0.0526316,78
17,0.0277895,0.0526316,69
17,0.0295263,0.0526316,61
17,0.0312632,0.0526316,47
17,0.033,0.0526316,57
3,0,0.0657895,100
3,0.00173684,0.0657895,100
3,0.00347368,0.0657895,99
3,0.00521053,0.0657895,98
3,0.00694737,0.0657895,98
3,0.00868421,0.0657895,99
3,0.0104211,0.0657895,95
3,0.0121579,0.0657895,93
3,0.0138947,0.0657895,94
3,0.0156316,0.0657895,94
3,0.0173684,0.0657895,97
3,0.0191053,0.0657895,91
3,0.0208421,0.0657895,90
3,0.0225789,0.0657895,92
3,0.0243158,0.0657895,90
3,0.0260526,0.0657895,88
3,0.0277895,0.0657895,83
3,0.0295263,0.0657895,89
3,0.0312632,0.0657895,89
3,0.033,0.0657895,86
5,0,0.0657895,100
5,0.00173684,0.0657895,100
5,0.00347368,0.0657895,100
5,0.00521053,0.0657895,97
5,0.00694737,0.0657895,100
5,0.00868421,0.0657895,100
5,0.0104211,0.0657895,100
5,0.0121579,0.0657895,97
5,0.0138947,0.0657895,95
5,0.0156316,0.0657895,96
5,0.0173684,0.0657895,93
5,0.0191053,0.0657895,97
5,0.0208421,0.0657895,92
5,0.0225789,0.0657895,86
5,0.0243158,0.0657895,89
5,0.0260526,0.0657895,88
5,0.0277895,0.0657895,83
5,0.0295263,0.0657895,82
5,0.0312632,0.0657895,81
5,0.033,0.0657895,78
7,0,0.0657895,100
7,0.00173684,0.0657895,100
7,0.00347368,0.0657895,100
7,0.00521053,0.0657895,100
7,0.00694737,0.0657895,100
7,0.00868421,0.0657895,100
7,0.0104211,0.0657895,98
7,0.0121579,0.0657895,98
7,0.0138947,0.0657895,95
7,0.0156316,0.0657895,96
7,0.0173684,0.0657895,94
7,0.0191053,0.0657895,97
7,0.0208421,0.0657895,93
7,0.0225789,0.0657895,93
7,0.0243158,0.0657895,89
7,0.0260526,0.0657895,82
7,0.0277895,0.0657895,81
7,0.0295263,0.0657895,75
7,0.0312632,0.0657895,75
7,0.033,0.0657895,75
9,0,0.0657895,100
9,0.00173684,0.0657895,100
9,0.00347368,0.0657895,100
9,0.00521053,0.0657895,100
9,0.00694737,0.0657895,100
9,0.00868421,0.0657895,100
9,0.0104211,0.0657895,100
9,0.0121579,0.0657895,99
9,0.0138947,0.0657895,96
9,0.0156316,0.0657895,95
9,0.0173684,0.0657895,95
9,0.0191053,0.0657895,97
9,0.0208421,0.0657895,90
9,0.0225789,0.0657895,85
9,0.0243158,0.0657895,90
9,0.0260526,0.0657895,84
9,0.0277895,0.0657895,76
9,0.0295263,0.0657895,68
9,0.0312632,0.0657895,75
9,0.033,0.0657895,69
11,0,0.0657895,100
11,0.00173684,0.0657895,100
11,0.00347368,0.0657895,100
11,0.00521053,0.0657895,100
11,0.00694737,0.0657895,100
11,0.00868421,0.0657895,100
11,0.0104211,0.0657895,100
11,0.0121579,0.0657895,100
11,0.0138947,0.0657895,98
11,0.0156316,0.0657895,99
11,0.0173684,0.0657895,95
11,0.0191053,0.0657895,97
11,0.0208421,0.0657895,93
11,0.0225789,0.0657895,85
11,0.0243158,0.0657895,82
11,0.0260526,0.0657895,85
11,0.0277895,0.0657895,77
11,0.0295263,0.0657895,68
11,0.0312632,0.0657895,62
11,0.033,0.0657895,60
13,0,0.0657895,100
13,0.00173684,0.0657895,100
13,0.00347368,0.0657895,100
13,0.00521053,0.0657895,100
13,0.00694737,0.0657895,100
13,0.00868421,0.0657895,99
13,0.0104211,0.0657895,100
13,0.0121579,0.0657895,100
13,0.0138947,0.0657895,98
13,0.0156316,0.0657895,98
13,0.0173684,0.0657895,92
13,0.0191053,0.0657895,92
13,0.0208421,0.0657895,88
13,0.0225789,0.0657895,84
13,0.0243158,0.0657895,74
13,0.0260526,0.0657895,71
13,0.0277895,0.0657895,68
13,0.0295263,0.0657895,66
13,0.0312632,0.0657895,46
13,0.033,0.0657895,56
15,0,0.0657895,100
15,0.00173684,0.0657895,100
15,0.00347368,0.0657895,100
15,0.00521053,0.0657895,100
15,0.00694737,0.0657895,100
15,0.00868421,0.0657895,100
15,0.0104211,0.0657895,100
15,0.0121579,0.0657895,100
15,0.0138947,0.0657895,97
15,0.0156316,0.0657895,98
15,0.0173684,0.0657895,96
15,0.0191053,0.0657895,96
15,0.0208421,0.0657895,91
15,0.0225789,0.0657895,80
15,0.0243158,0.0657895,72
15,0.0260526,0.0657895,62
15,0.0277895,0.0657895,62
15,0.0295263,0.0657895,62
15,0.0312632,0.0657895,58
15,0.033,0.0657895,43
17,0,0.0657895,100
17,0.00173684,0.0657895,100
17,0.00347368,0.0657895,100
17,0.00521053,0.0657895,100
17,0.00694737,0.0657895,100
17,0.00868421,0.0657895,100
17,0.0104211,0.0657895,100
17,0.0121579,0.0657895,100
17,0.0138947,0.0657895,98
17,0.0156316,0.0657895,99
17,0.0173684,0.0657895,96
17,0.0191053,0.0657895,97
17,0.0208421,0.0657895,93
17,0.0225789,0.0657895,82
17,0.0243158,0.0657895,79
17,0.0260526,0.0657895,75
17,0.0277895,0.0657895,61
17,0.0295263,0.0657895,52
17,0.0312632,0.0657895,50
17,0.033,0.0657895,57
3,0,0.0789474,99
3,0.00173684,0.0789474,100
3,0.00347368,0.0789474,100
3,0.00521053,0.0789474,100
3,0.00694737,0.0789474,97
3,0.00868421,0.0789474,98
3,0.0104211,0.0789474,98
3,0.0121579,0.0789474,95
3,0.0138947,0.0789474,97
3,0.0156316,0.0789474,94
3,0.0173684,0.0789474,94
3,0.0191053,0.0789474,92
3,0.0208421,0.0789474,87
3,0.0225789,0.0789474,86
3,0.0243158,0.0789474,85
3,0.0260526,0.0789474,88
3,0.0277895,0.0789474,82
3,0.0295263,0.0789474,77
3,0.0312632,0.0789474,86
3,0.033,0.0789474,81
5,0,0.0789474,100
5,0.00173684,0.0789474,99
5,0.00347368,0.0789474,100
5,0.00521053,0.0789474,99
5,0.00694737,0.0789474,99
5,0.00868421,0.0789474,97
5,0.0104211,0.0789474,96
5,0.0121579,0.0789474,97
5,0.0138947,0.0789474,92
5,0.0156316,0.0789474,95
5,0.0173684,0.0789474,94
5,0.0191053,0.0789474,91
5,0.0208421,0.0789474,92
5,0.0225789,0.0789474,89
5,0.0243158,0.0789474,88
5,0.0260526,0.0789474,83
5,0.0277895,0.0789474,86
5,0.0295263,0.0789474,78
5,0.0312632,0.0789474,72
5,0.033,0.0789474,82
7,0,0.0789474,100
7,0.00173684,0.0789474,100
7,0.00347368,0.0789474,100
7,0.00521053,0.0789474,99
7,0.00694737,0.0789474,98
7,0.00868421,0.0789474,99
7,0.0104211,0.0789474,98
7,0.0121579,0.0789474,98
7,0.0138947,0.0789474,98
7,0.0156316,0.0789474,95
7,0.0173684,0.0789474,92
7,0.0191053,0.0789474,90
7,0.0208421,0.0789474,85
7,0.0225789,0.0789474,81
7,0.0243158,0.0789474,83
7,0.0260526,0.0789474,85
7,0.0277895,0.0789474,70
7,0.0295263,0.0789474,72
7,0.0312632,0.0789474,71
7,0.033,0.0789474,74
9,0,0.0789474,100
9,0.00173684,0.0789474,100
9,0.00347368,0.0789474,100
9,0.00521053,0.0789474,100
9,0.00694737,0.0789474,100
9,0.00868421,0.0789474,99
9,0.0104211,0.0789474,98
9,0.0121579,0.0789474,97
9,0.0138947,0.0789474,97
9,0.0156316,0.0789474,98
9,0.0173684,0.0789474,91
9,0.0191053,0.0789474,88
9,0.0208421,0.0789474,90
9,0.0225789,0.0789474,92
9,0.0243158,0.0789474,87
9,0.0260526,0.0789474,71
9,0.0277895,0.0789474,77
9,0.0295263,0.0789474,78
9,0.0312632,0.0789474,62
9,0.033,0.0789474,59
11,0,0.0789474,100
11,0.00173684,0.0789474,100
11,0.00347368,0.0789474,100
11,0.00521053,0.0789474,100
11,0.00694737,0.0789474,100
11,0.00868421,0.0789474,100
11,0.0104211,0.0789474,100
11,0.0121579,0.0789474,98
11,0.0138947,0.0789474,97
11,0.0156316,0.0789474,96
11,0.0173684,0.0789474,89
11,0.0191053,0.0789474,86
11,0.0208421,0.0789474,88
11,0.0225789,0.0789474,90
11,0.0243158,0.0789474,77
11,0.0260526,0.0789474,68
11,0.0277895,0.0789474,65
11,0.0295263,0.0789474,60
11,0.0312632,0.0789474,65
11,0.033,0.0789474,53
13,0,0.0789474,100
13,0.00173684,0.0789474,100
13,0.00347368,0.0789474,100
13,0.00521053,0.0789474,100
13,0.00694737,0.0789474,100
13,0.00868421,0.0789474,100
13,0.0104211,0.0789474,100
13,0.0121579,0.0789474,98
13,0.0138947,0.0789474,96
13,0.0156316,0.0789474,96
13,0.0173684,0.0789474,93
13,0.0191053,0.0789474,86
13,0.0208421,0.0789474,79
13,0.0225789,0.0789474,78
13,0.0243158,0.0789474,71
13,0.0260526,0.0789474,64
13,0.0277895,0.0789474,65
13,0.0295263,0.0789474,59
13,0.0312632,0.0789474,53
13,0.033,0.0789474,61
15,0,0.0789474,100
15,0.00173684,0.0789474,100
15,0.00347368,0.0789474,100
15,0.00521053,0.0789474,100
15,0.00694737,0.0789474,100
15,0.00868421,0.0789474,100
15,0.0104211,0.0789474,99
15,0.0121579,0.0789474,98
15,0.0138947,0.0789474,97
15,0.0156316,0.0789474,97
15,0.0173684,0.0789474,93
15,0.0191053,0.0789474,87
15,0.0208421,0.0789474,86
15,0.0225789,0.0789474,79
15,0.0243158,0.0789474,74
15,0.0260526,0.0789474,61
15,0.0277895,0.0789474,65
15,0.0295263,0.0789474,54
15,0.0312632,0.0789474,50
15,0.033,0.0789474,46
17,0,0.0789474,100
17,0.00173684,0.0789474,100
17,0.00347368,0.0789474,100
17,0.00521053,0.0789474,100
17,0.00694737,0.0789474,100
17,0.00868421,0.0789474,99
17,0.0104211,0.0789474,100
17,0.0121579,0.0789474,99
17,0.0138947,0.0789474,96
17,0.0156316,0.0789474,94
17,0.0173684,0.0789474,95
17,0.0191053,0.0789474,89
17,0.0208421,0.0789474,81
17,0.0225789,0.0789474,74
17,0.0243158,0.0789474,72
17,0.0260526,0.0789474,57
17,0.0277895,0.0789474,56
17,0.0295263,0.0789474,55
17,0.0312632,0.0789474,55
17,0.033,0.0789474,57
3,0,0.0921053,99
3,0.00173684,0.0921053,98
3,0.00347368,0.0921053,97
3,0.00521053,0.0921053,99
3,0.00694737,0.0921053,98
3,0.00868421,0.0921053,98
3,0.0104211,0.0921053,96
3,0.0121579,0.0921053,95
3,0.0138947,0.0921053,93
3,0.0156316,0.0921053,87
3,0.0173684,0.0921053,94
3,0.0191053,0.0921053,90
3,0.0208421,0.0921053,91
3,0.0225789,0.0921053,87
3,0.0243158,0.0921053,88
3,0.0260526,0.0921053,84
3,0.0277895,0.0921053,87
3,0.0295263,0.0921053,82
3,0.0312632,0.0921053,87
3,0.033,0.0921053,87
5,0,0.0921053,100
5,0.00173684,0.0921053,100
5,0.00347368,0.0921053,100
5,0.00521053,0.0921053,99
5,0.00694737,0.0921053,96
5,0.00868421,0.0921053,99
5,0.0104211,0.0921053,96
5,0.0121579,0.0921053,97
5,0.0138947,0.0921053,95
5,0.0156316,0.0921053,92
5,0.0173684,0.0921053,92
5,0.0191053,0.0921053,89
5,0.0208421,0.0921053,92
5,0.0225789,0.0921053,88
5,0.0243158,0.0921053,79
5,0.0260526,0.0921053,78
5,0.0277895,0.0921053,85
5,0.0295263,0.0921053,76
5,0.0312632,0.0921053,82
5,0.033,0.0921053,73
7,0,0.0921053,100
7,0.00173684,0.0921053,100
7,0.00347368,0.0921053,100
7,0.00521053,0.0921053,100
7,0.00694737,0.0921053,98
7,0.00868421,0.0921053,96
7,0.0104211,0.0921053,98
7,0.0121579,0.0921053,95
7,0.0138947,0.0921053,93
7,0.0156316,0.0921053,92
7,0.0173684,0.0921053,95
7,0.0191053,0.0921053,86
7,0.0208421,0.0921053,86
7,0.0225789,0.0921053,88
7,0.0243158,0.0921053,78
7,0.0260526,0.0921053,83
7,0.0277895,0.0921053,73
7,0.0295263,0.0921053,71
7,0.0312632,0.0921053,66
7,0.033,0.0921053,68
9,0,0.0921053,100
9,0.00173684,0.0921053,100
9,0.00347368,0.0921053,100
9,0.00521053,0.0921053,100
9,0.00694737,0.0921053,100
9,0.00868421,0.0921053,97
9,0.0104211,0.0921053,98
9,0.0121579,0.0921053,99
9,0.0138947,0.0921053,95
9,0.0156316,0.0921053,91
9,0.0173684,0.0921053,89
9,0.0191053,0.0921053,91
9,0.0208421,0.0921053,85
9,0.0225789,0.0921053,87
9,0.0243158,0.0921053,77
9,0.0260526,0.0921053,69
9,0.0277895,0.0921053,60
9,0.0295263,0.0921053,66
9,0.0312632,0.0921053,70
9,0.033,0.0921053,60
11,0,0.0921053,100
11,0.00173684,0.0921053,100
11,0.00347368,0.0921053,100
11,0.00521053,0.0921053,100
11,0.00694737,0.0921053,100
11,0.00868421,0.0921053,98
11,0.0104211,0.0921053,99
11,0.0121579,0.0921053,95
11,0.0138947,0.0921053,96
11,0.0156316,0.0921053,94
11,0.0173684,0.0921053,91
11,0.0191053,0.0921053,91
11,0.0208421,0.0921053,74
11,0.0225789,0.0921053,76
11,0.0243158,0.0921053,75
11,0.0260526,0.0921053,62
11,0.0277895,0.0921053,65
11,0.0295263,0.0921053,51
11,0.0312632,0.0921053,57
11,0.033,0.0921053,57
13,0,0.0921053,100
13,0.00173684,0.0921053,100
13,0.00347368,0.0921053,100
13,0.00521053,0.0921053,100
13,0.00694737,0.0921053,100
13,0.00868421,0.0921053,100
13,0.0104211,0.0921053,99
13,0.0121579,0.0921053,95
13,0.0138947,0.0921053,99
13,0.0156316,0.0921053,92
13,0.0173684,0.0921053,88
13,0.0191053,0.0921053,87
13,0.0208421,0.0921053,80
13,0.0225789,0.0921053,80
13,0.0243158,0.0921053,57
13,0.0260526,0.0921053,61
13,0.0277895,0.0921053,59
13,0.0295263,0.0921053,59
13,0.0312632,0.0921053,52
13,0.033,0.0921053,52
15,0,0.0921053,100
15,0.00173684,0.0921053,100
15,0.00347368,0.0921053,100
15,0.00521053,0.0921053,100
15,0.00694737,0.0921053,100
15,0.00868421,0.0921053,100
15,0.0104211,0.0921053,99
15,0.0121579,0.0921053,96
15,0.0138947,0.0921053,97
15,0.0156316,0.0921053,92
15,0.0173684,0.0921053,88
15,0.0191053,0.0921053,82
15,0.0208421,0.0921053,74
15,0.0225789,0.0921053,67
15,0.0243158,0.0921053,64
15,0.0260526,0.0921053,53
15,0.0277895,0.0921053,58
15,0.0295263,0.0921053,53
15,0.0312632,0.0921053,54
15,0.033,0.0921053,50
17,0,0.0921053,100
17,0.00173684,0.0921053,100
17,0.00347368,0.0921053,100
17,0.00521053,0.0921053,100
17,0.00694737,0.0921053,100
17,0.00868421,0.0921053,99
17,0.0104211,0.0921053,100
17,0.0121579,0.0921053,99
17,0.0138947,0.0921053,96
17,0.0156316,0.0921053,90
17,0.0173684,0.0921053,84
17,0.0191053,0.0921053,81
17,0.0208421,0.0921053,67
17,0.0225789,0.0921053,71
17,0.0243158,0.0921053,57
17,0.0260526,0.0921053,54
17,0.0277895,0.0921053,41
17,0.0295263,0.0921053,54
17,0.0312632,0.0921053,55
17,0.033,0.0921053,53
3,0,0.105263,100
3,0.00173684,0.105263,95
3,0.00347368,0.105263,98
3,0.00521053,0.105263,97
3,0.00694737,0.105263,98
3,0.00868421,0.105263,94
3,0.0104211,0.105263,95
3,0.0121579,0.105263,90
3,0.0138947,0.105263,95
3,0.0156316,0.105263,90
3,0.0173684,0.105263,90
3,0.0191053,0.105263,91
3,0.0208421,0.105263,82
3,0.0225789,0.105263,83
3,0.0243158,0.105263,88
3,0.0260526,0.105263,87
3,0.0277895,0.105263,81
3,0.0295263,0.105263,86
3,0.0312632,0.105263,89
3,0.033,0.105263,81
5,0,0.105263,100
5,0.00173684,0.105263,100
5,0.00347368,0.105263,98
5,0.00521053,0.105263,98
5,0.00694737,0.105263,98
5,0.00868421,0.105263,96
5,0.0104211,0.105263,99
5,0.0121579,0.105263,95
5,0.0138947,0.105263,91
5,0.0156316,0.105263,91
5,0.0173684,0.105263,88
5,0.0191053,0.105263,91
5,0.0208421,0.105263,91
5,0.0225789,0.105263,89
5,0.0243158,0.105263,83
5,0.0260526,0.105263,81
5,0.0277895,0.105263,75
5,0.0295263,0.105263,77
5,0.0312632,0.105263,76
5,0.033,0.105263,73
7,0,0.105263,100
7,0.00173684,0.105263,100
7,0.00347368,0.105263,99
7,0.00521053,0.105263,99
7,0.00694737,0.105263,98
7,0.00868421,0.105263,98
7,0.0104211,0.105263,96
7,0.0121579,0.105263,95
7,0.0138947,0.105263,89
7,0.0156316,0.105263,88
7,0.0173684,0.105263,89
7,0.0191053,0.105263,86
7,0.0208421,0.105263,80
7,0.0225789,0.105263,73
7,0.0243158,0.105263,78
7,0.0260526,0.105263,81
7,0.0277895,0.105263,59
7,0.0295263,0.105263,75
7,0.0312632,0.105263,62
7,0.033,0.105263,60
9,0,0.105263,100
9,0.00173684,0.105263,100
9,0.00347368,0.105263,100
9,0.00521053,0.105263,99
9,0.00694737,0.105263,96
9,0.00868421,0.105263,98
9,0.0104211,0.105263,93
9,0.0121579,0.105263,97
9,0.0138947,0.105263,95
9,0.0156316,0.105263,85
9,0.0173684,0.105263,93
9,0.0191053,0.105263,87
9,0.0208421,0.105263,76
9,0.0225789,0.105263,70
9,0.0243158,0.105263,74
9,0.0260526,0.105263,64
9,0.0277895,0.105263,58
9,0.0295263,0.105263,60
9,0.0312632,0.105263,60
9,0.033,0.105263,55
11,0,0.105263,100
11,0.00173684,0.105263,100
11,0.00347368,0.105263,100
11,0.00521053,0.105263,99
11,0.00694737,0.105263,100
11,0.00868421,0.105263,99
11,0.0104211,0.105263,99
11,0.0121579,0.105263,98
11,0.0138947,0.105263,91
11,0.0156316,0.105263,82
11,0.0173684,0.105263,85
11,0.0191053,0.105263,75
11,0.0208421,0.105263,76
11,0.0225789,0.105263,65
11,0.0243158,0.105263,66
11,0.0260526,0.105263,61
11,0.0277895,0.105263,56
11,0.0295263,0.105263,60
11,0.0312632,0.105263,49
11,0.033,0.105263,53
13,0,0.105263,100
13,0.00173684,0.105263,100
13,0.00347368,0.105263,100
13,0.00521053,0.105263,100
13,0.00694737,0.105263,100
13,0.00868421,0.105263,99
13,0.0104211,0.105263,95
13,0.0121579,0.105263,95
13,0.0138947,0.105263,95
13,0.0156316,0.105263,85
13,0.0173684,0.105263,85
13,0.0191053,0.105263,76
13,0.0208421,0.105263,65
13,0.0225789,0.105263,67
13,0.0243158,0.105263,60
13,0.0260526,0.105263,64
13,0.0277895,0.105263,51
13,0.0295263,0.105263,52
13,0.0312632,0.105263,52
13,0.033,0.105263,49
15,0,0.105263,100
15,0.00173684,0.105263,100
15,0.00347368,0.105263,100
15,0.00521053,0.105263,100
15,0.00694737,0.105263,100
15,0.00868421,0.105263,99
15,0.0104211,0.105263,98
15,0.0121579,0.105263,96
15,0.0138947,0.105263,88
15,0.0156316,0.105263,88
15,0.0173684,0.105263,82
15,0.0191053,0.105263,74
15,0.0208421,0.105263,67
15,0.0225789,0.105263,61
15,0.0243158,0.105263,53
15,0.0260526,0.105263,56
15,0.0277895,0.105263,55
15,0.0295263,0.105263,53
15,0.0312632,0.105263,52
15,0.033,0.105263,42
17,0,0.105263,100
17,0.00173684,0.105263,100
17,0.00347368,0.105263,100
17,0.00521053,0.105263,100
17,0.00694737,0.105263,100
17,0.00868421,0.105263,99
17,0.0104211,0.105263,99
17,0.0121579,0.105263,92
17,0.0138947,0.105263,96
17,0.0156316,0.105263,85
17,0.0173684,0.105263,78
17,0.0191053,0.105263,76
17,0.0208421,0.105263,63
17,0.0225789,0.105263,51
17,0.0243158,0.105263,53
17,0.0260526,0.105263,43
17,0.0277895,0.105263,47
17,0.0295263,0.105263,44
17,0.0312632,0.105263,51
17,0.033,0.105263,62
3,0,0.118421,100
3,0.00173684,0.118421,95
3,0.00347368,0.118421,99
3,0.00521053,0.118421,99
3,0.00694737,0.118421,95
3,0.00868421,0.118421,95
3,0.0104211,0.118421,94
3,0.0121579,0.118421,92
3,0.0138947,0.118421,89
3,0.0156316,0.118421,91
3,0.0173684,0.118421,87
3,0.0191053,0.118421,85
3,0.0208421,0.118421,85
3,0.0225789,0.118421,87
3,0.0243158,0.118421,86
3,0.0260526,0.118421,86
3,0.0277895,0.118421,82
3,0.0295263,0.118421,84
3,0.0312632,0.118421,77
3,0.033,0.118421,76
5,0,0.118421,99
5,0.00173684,0.118421,100
5,0.00347368,0.118421,97
5,0.00521053,0.118421,100
5,0.00694737,0.118421,99
5,0.00868421,0.118421,93
5,0.0104211,0.118421,94
5,0.0121579,0.118421,93
5,0.0138947,0.118421,91
5,0.0156316,0.118421,86
5,0.0173684,0.118421,87
5,0.0191053,0.118421,88
5,0.0208421,0.118421,88
5,0.0225789,0.118421,77
5,0.0243158,0.118421,81
5,0.0260526,0.118421,76
5,0.0277895,0.118421,77
5,0.0295263,0.118421,72
5,0.0312632,0.118421,72
5,0.033,0.118421,64
7,0,0.118421,100
7,0.00173684,0.118421,100
7,0.00347368,0.118421,98
7,0.00521053,0.118421,100
7,0.00694737,0.118421,98
7,0.00868421,0.118421,94
7,0.0104211,0.118421,97
7,0.0121579,0.118421,95
7,0.0138947,0.118421,88
7,0.0156316,0.118421,86
7,0.0173684,0.118421,84
7,0.0191053,0.118421,83
7,0.0208421,0.118421,77
7,0.0225789,0.118421,74
7,0.0243158,0.118421,66
7,0.0260526,0.118421,68
7,0.0277895,0.118421,71
7,0.0295263,0.118421,70
7,0.0312632,0.118421,56
7,0.033,0.118421,62
9,0,0.118421,100
9,0.00173684,0.118421,100
9,0.00347368,0.118421,99
9,0.00521053,0.118421,97
9,0.00694737,0.118421,100
9,0.00868421,0.118421,97
9,0.0104211,0.118421,98
9,0.0121579,0.118421,98
9,0.0138947,0.118421,90
9,0.0156316,0.118421,86
9,0.0173684,0.118421,86
9,0.0191053,0.118421,81
9,0.0208421,0.118421,78
9,0.0225789,0.118421,77
9,0.0243158,0.118421,64
9,0.0260526,0.118421,66
9,0.0277895,0.118421,71
9,0.0295263,0.118421,62
9,0.0312632,0.118421,56
9,0.033,0.118421,45
11,0,0.118421,100
11,0.00173684,0.118421,100
11,0.00347368,0.118421,100
11,0.00521053,0.118421,98
11,0.00694737,0.118421,100
11,0.00868421,0.118421,99
11,0.0104211,0.118421,94
11,0.0121579,0.118421,93
11,0.0138947,0.118421,89
11,0.0156316,0.118421,82
11,0.0173684,0.118421,77
11,0.0191053,0.118421,79
11,0.0208421,0.118421,75
11,0.0225789,0.118421,61
11,0.0243158,0.118421,47
11,0.0260526,0.118421,55
11,0.0277895,0.118421,60
11,0.0295263,0.118421,59
11,0.0312632,0.118421,55
11,0.033,0.118421,59
13,0,0.118421,100
13,0.00173684,0.118421,100
13,0.00347368,0.118421,100
13,0.00521053,0.118421,100
13,0.00694737,0.118421,100
13,0.00868421,0.118421,100
13,0.0104211,0.118421,97
13,0.0121579,0.118421,92
13,0.0138947,0.118421,88
13,0.0156316,0.118421,78
13,0.0173684,0.118421,77
13,0.0191053,0.118421,73
13,0.0208421,0.118421,69
13,0.0225789,0.118421,56
13,0.0243158,0.118421,62
13,0.0260526,0.118421,47
13,0.0277895,0.118421,45
13,0.0295263,0.118421,47
13,0.0312632,0.118421,49
13,0.033,0.118421,49
15,0,0.118421,100
15,0.00173684,0.118421,100
15,0.00347368,0.118421,100
15,0.00521053,0.118421,100
15,0.00694737,0.118421,100
15,0.00868421,0.118421,96
15,0.0104211,0.118421,98
15,0.0121579,0.118421,89
15,0.0138947,0.118421,82
15,0.0156316,0.118421,77
15,0.0173684,0.118421,70
15,0.0191053,0.118421,64
15,0.0208421,0.118421,66
15,0.0225789,0.118421,57
15,0.0243158,0.118421,54
15,0.0260526,0.118421,62
15,0.0277895,0.118421,47
15,0.0295263,0.118421,46
15,0.0312632,0.118421,44
15,0.033,0.118421,60
17,0,0.118421,100
17,0.00173684,0.118421,100
17,0.00347368,0.118421,100
17,0.00521053,0.118421,100
17,0.00694737,0.118421,99
17,0.00868421,0.118421,97
17,0.0104211,0.118421,94
17,0.0121579,0.118421,92
17,0.0138947,0.118421,82
17,0.0156316,0.118421,81
17,0.0173684,0.118421,73
17,0.0191053,0.118421,69
17,0.0208421,0.118421,48
17,0.0225789,0.118421,50
17,0.0243158,0.118421,59
17,0.0260526,0.118421,50
17,0.0277895,0.118421,53
17,0.0295263,0.118421,43
17,0.0312632,0.118421,44
17,0.033,0.118421,51
3,0,0.131579,99
3,0.00173684,0.131579,97
3,0.00347368,0.131579,97
3,0.00521053,0.131579,91
3,0.00694737,0.131579,88
3,0.00868421,0.131579,93
3,0.0104211,0.131579,89
3,0.0121579,0.131579,93
3,0.0138947,0.131579,89
3,0.0156316,0.131579,89
3,0.0173684,0.131579,84
3,0.0191053,0.131579,84
3,0.0208421,0.131579,91
3,0.0225789,0.131579,82
3,0.0243158,0.131579,80
3,0.0260526,0.131579,82
3,0.0277895,0.131579,85
3,0.0295263,0.131579,92
3,0.0312632,0.131579,79
3,0.033,0.131579,72
5,0,0.131579,100
5,0.00173684,0.131579,98
5,0.00347368,0.131579,98
5,0.00521053,0.131579,96
5,0.00694737,0.131579,92
5,0.00868421,0.131579,99
5,0.0104211,0.131579,93
5,0.0121579,0.131579,91
5,0.0138947,0.131579,89
5,0.0156316,0.131579,89
5,0.0173684,0.131579,84
5,0.0191053,0.131579,87
5,0.0208421,0.131579,79
5,0.0225789,0.131579,76
5,0.0243158,0.131579,69
5,0.0260526,0.131579,78
5,0.0277895,0.131579,79
5,0.0295263,0.131579,75
5,0.0312632,0.131579,66
5,0.033,0.131579,65
7,0,0.131579,100
7,0.00173684,0.131579,100
7,0.00347368,0.131579,98
7,0.00521053,0.131579,98
7,0.00694737,0.131579,98
7,0.00868421,0.131579,98
7,0.0104211,0.131579,94
7,0.0121579,0.131579,90
7,0.0138947,0.131579,90
7,0.0156316,0.131579,87
7,0.0173684,0.131579,79
7,0.0191053,0.131579,83
7,0.0208421,0.131579,76
7,0.0225789,0.131579,71
7,0.0243158,0.131579,62
7,0.0260526,0.131579,62
7,0.0277895,0.131579,61
7,0.0295263,0.131579,66
7,0.0312632,0.131579,56
7,0.033,0.131579,64
9,0,0.131579,100
9,0.00173684,0.131579,100
9,0.00347368,0.131579,99
9,0.00521053,0.131579,97
9,0.00694737,0.131579,98
9,0.00868421,0.131579,96
9,0.0104211,0.131579,91
9,0.0121579,0.131579,88
9,0.0138947,0.131579,80
9,0.0156316,0.131579,84
9,0.0173684,0.131579,76
9,0.0191053,0.131579,73
9,0.0208421,0.131579,63
9,0.0225789,0.131579,60
9,0.0243158,0.131579,61
9,0.0260526,0.131579,59
9,0.0277895,0.131579,55
9,0.0295263,0.131579,62
9,0.0312632,0.131579,51
9,0.033,0.131579,61
11,0,0.131579,100
11,0.00173684,0.131579,100
11,0.00347368,0.131579,100
11,0.00521053,0.131579,98
11,0.00694737,0.131579,99
11,0.00868421,0.131579,94
11,0.0104211,0.131579,92
11,0.0121579,0.131579,91
11,0.0138947,0.131579,89
11,0.0156316,0.131579,75
11,0.0173684,0.131579,69
11,0.0191053,0.131579,70
11,0.0208421,0.131579,60
11,0.0225789,0.131579,61
11,0.0243158,0.131579,62
11,0.0260526,0.131579,59
11,0.0277895,0.131579,46
11,0.0295263,0.131579,51
11,0.0312632,0.131579,50
11,0.033,0.131579,49
13,0,0.131579,100
13,0.00173684,0.131579,100
13,0.00347368,0.131579,99
13,0.00521053,0.131579,100
13,0.00694737,0.131579,98
13,0.00868421,0.131579,91
13,0.0104211,0.131579,92
13,0.0121579,0.131579,84
13,0.0138947,0.131579,79
13,0.0156316,0.131579,76
13,0.0173684,0.131579,66
13,0.0191053,0.131579,74
13,0.0208421,0.131579,61
13,0.0225789,0.131579,59
13,0.0243158,0.131579,62
13,0.0260526,0.131579,57
13,0.0277895,0.131579,46
13,0.0295263,0.131579,50
13,0.0312632,0.131579,42
13,0.033,0.131579,47
15,0,0.131579,100
15,0.00173684,0.131579,100
15,0.00347368,0.131579,100
15,0.00521053,0.131579,100
15,0.00694737,0.131579,95
15,0.00868421,0.131579,95
15,0.0104211,0.131579,92
15,0.0121579,0.131579,93
15,0.0138947,0.131579,80
15,0.0156316,0.131579,67
15,0.0173684,0.131579,77
15,0.0191053,0.131579,52
15,0.0208421,0.131579,52
15,0.0225789,0.131579,56
15,0.0243158,0.131579,50
15,0.0260526,0.131579,50
15,0.0277895,0.131579,45
15,0.0295263,0.131579,53
15,0.0312632,0.131579,55
15,0.033,0.131579,52
17,0,0.131579,100
17,0.00173684,0.131579,100
17,0.00347368,0.131579,100
17,0.00521053,0.131579,98
17,0.00694737,0.131579,100
17,0.00868421,0.131579,96
17,0.0104211,0.131579,96
17,0.0121579,0.131579,89
17,0.0138947,0.131579,78
17,0.0156316,0.131579,73
17,0.0173684,0.131579,61
17,0.0191053,0.131579,52
17,0.0208421,0.131579,53
17,0.0225789,0.131579,61
17,0.0243158,0.131579,47
17,0.0260526,0.131579,57
17,0.0277895,0.131579,52
17,0.0295263,0.131579,55
17,0.0312632,0.131579,46
17,0.033,0.131579,52
3,0,0.144737,96
3,0.00173684,0.144737,94
3,0.00347368,0.144737,97
3,0.00521053,0.144737,98
3,0.00694737,0.144737,92
3,0.00868421,0.144737,93
3,0.0104211,0.144737,92
3,0.0121579,0.144737,90
3,0.0138947,0.144737,89
3,0.0156316,0.144737,76
3,0.0173684,0.144737,84
3,0.0191053,0.144737,90
3,0.0208421,0.144737,81
3,0.0225789,0.144737,85
3,0.0243158,0.144737,80
3,0.0260526,0.144737,78
3,0.0277895,0.144737,74
3,0.0295263,0.144737,84
3,0.0312632,0.144737,78
3,0.033,0.144737,70
5,0,0.144737,100
5,0.00173684,0.144737,98
5,0.00347368,0.144737,96
5,0.00521053,0.144737,96
5,0.00694737,0.144737,92
5,0.00868421,0.144737,92
5,0.0104211,0.144737,94
5,0.0121579,0.144737,89
5,0.0138947,0.144737,91
5,0.0156316,0.144737,88
5,0.0173684,0.144737,76
5,0.0191053,0.144737,82
5,0.0208421,0.144737,84
5,0.0225789,0.144737,78
5,0.0243158,0.144737,72
5,0.0260526,0.144737,71
5,0.0277895,0.144737,68
5,0.0295263,0.144737,62
5,0.0312632,0.144737,69
5,0.033,0.144737,60
7,0,0.144737,100
7,0.00173684,0.144737,100
7,0.00347368,0.144737,98
7,0.00521053,0.144737,98
7,0.00694737,0.144737,96
7,0.00868421,0.144737,91
7,0.0104211,0.144737,91
7,0.0121579,0.144737,80
7,0.0138947,0.144737,81
7,0.0156316,0.144737,78
7,0.0173684,0.144737,77
7,0.0191053,0.144737,77
7,0.0208421,0.144737,74
7,0.0225789,0.144737,63
7,0.0243158,0.144737,68
7,0.0260526,0.144737,60
7,0.0277895,0.144737,64
7,0.0295263,0.144737,61
7,0.0312632,0.144737,58
7,0.033,0.144737,56
9,0,0.144737,100
9,0.00173684,0.144737,100
9,0.00347368,0.144737,99
9,0.00521053,0.144737,96
9,0.00694737,0.144737,98
9,0.00868421,0.144737,95
9,0.0104211,0.144737,91
9,0.0121579,0.144737,82
9,0.0138947,0.144737,79
9,0.0156316,0.144737,76
9,0.0173684,0.144737,78
9,0.0191053,0.144737,63
9,0.0208421,0.144737,66
9,0.0225789,0.144737,64
9,0.0243158,0.144737,61
9,0.0260526,0.144737,54
9,0.0277895,0.144737,55
9,0.0295263,0.144737,51
9,0.0312632,0.144737,48
9,0.033,0.144737,52
11,0,0.144737,100
11,0.00173684,0.144737,100
11,0.00347368,0.144737,100
11,0.00521053,0.144737,96
11,0.00694737,0.144737,95
11,0.00868421,0.144737,92
11,0.0104211,0.144737,87
11,0.0121579,0.144737,83
11,0.0138947,0.144737,77
11,0.0156316,0.144737,75
11,0.0173684,0.144737,61
11,0.0191053,0.144737,70
11,0.0208421,0.144737,56
11,0.0225789,0.144737,56
11,0.0243158,0.144737,59
11,0.0260526,0.144737,54
11,0.0277895,0.144737,50
11,0.0295263,0.144737,36
11,0.0312632,0.144737,43
11,0.033,0.144737,45
13,0,0.144737,100
13,0.00173684,0.144737,100
13,0.00347368,0.144737,100
13,0.00521053,0.144737,95
13,0.00694737,0.144737,96
13,0.00868421,0.144737,97
13,0.0104211,0.144737,84
13,0.0121579,0.144737,76
13,0.0138947,0.144737,82
13,0.0156316,0.144737,61
13,0.0173684,0.144737,68
13,0.0191053,0.144737,53
13,0.0208421,0.144737,52
13,0.0225789,0.144737,48
13,0.0243158,0.144737,61
13,0.0260526,0.144737,55
13,0.0277895,0.144737,53
13,0.0295263,0.144737,51
13,0.0312632,0.144737,51
13,0.033,0.144737,47
15,0,0.144737,100
15,0.00173684,0.144737,100
15,0.00347368,0.144737,100
15,0.00521053,0.144737,99
15,0.00694737,0.144737,95
15,0.00868421,0.144737,88
15,0.0104211,0.144737,89
15,0.0121579,0.144737,72
15,0.0138947,0.144737,66
15,0.0156316,0.144737,58
15,0.0173684,0.144737,56
15,0.0191053,0.144737,55
15,0.0208421,0.144737,59
15,0.0225789,0.144737,62
15,0.0243158,0.144737,55
15,0.0260526,0.144737,50
15,0.0277895,0.144737,59
15,0.0295263,0.144737,52
15,0.0312632,0.144737,51
15,0.033,0.144737,49
17,0,0.144737,100
17,0.00173684,0.144737,100
17,0.00347368,0.144737,100
17,0.00521053,0.144737,100
17,0.00694737,0.144737,98
17,0.00868421,0.144737,92
17,0.0104211,0.144737,83
17,0.0121579,0.144737,81
17,0.0138947,0.144737,74
17,0.0156316,0.144737,60
17,0.0173684,0.144737,55
17,0.0191053,0.144737,54
17,0.0208421,0.144737,46
17,0.0225789,0.144737,58
17,0.0243158,0.144737,50
17,0.0260526,0.144737,53
17,0.0277895,0.144737,56
17,0.0295263,0.144737,54
17,0.0312632,0.144737,46
17,0.033,0.144737,40
3,0,0.157895,93
3,0.00173684,0.157895,94
3,0.00347368,0.157895,93
3,0.00521053,0.157895,93
3,0.00694737,0.157895,89
3,0.00868421,0.157895,93
3,0.0104211,0.157895,82
3,0.0121579,0.157895,85
3,0.0138947,0.157895,87
3,0.0156316,0.157895,88
3,0.0173684,0.157895,85
3,0.0191053,0.157895,84
3,0.0208421,0.157895,75
3,0.0225789,0.157895,86
3,0.0243158,0.157895,72
3,0.0260526,0.157895,85
3,0.0277895,0.157895,78
3,0.0295263,0.157895,77
3,0.0312632,0.157895,69
3,0.033,0.157895,76
5,0,0.157895,98
5,0.00173684,0.157895,100
5,0.00347368,0.157895,93
5,0.00521053,0.157895,96
5,0.00694737,0.157895,89
5,0.00868421,0.157895,88
5,0.0104211,0.157895,83
5,0.0121579,0.157895,84
5,0.0138947,0.157895,87
5,0.0156316,0.157895,78
5,0.0173684,0.157895,73
5,0.0191053,0.157895,72
5,0.0208421,0.157895,69
5,0.0225789,0.157895,73
5,0.0243158,0.157895,69
5,0.0260526,0.157895,72
5,0.0277895,0.157895,73
5,0.0295263,0.157895,62
5,0.0312632,0.157895,68
5,0.033,0.157895,56
7,0,0.157895,100
7,0.00173684,0.157895,100
7,0.00347368,0.157895,98
7,0.00521053,0.157895,99
7,0.00694737,0.157895,94
7,0.00868421,0.157895,88
7,0.0104211,0.157895,92
7,0.0121579,0.157895,85
7,0.0138947,0.157895,80
7,0.0156316,0.157895,75
7,0.0173684,0.157895,82
7,0.0191053,0.157895,72
7,0.0208421,0.157895,76
7,0.0225789,0.157895,56
7,0.0243158,0.157895,69
7,0.0260526,0.157895,56
7,0.0277895,0.157895,57
7,0.0295263,0.157895,58
7,0.0312632,0.157895,54
7,0.033,0.157895,57
9,0,0.157895,100
9,0.00173684,0.157895,98
9,0.00347368,0.157895,98
9,0.00521053,0.157895,98
9,0.00694737,0.157895,92
9,0.00868421,0.157895,89
9,0.0104211,0.157895,84
9,0.0121579,0.157895,82
9,0.0138947,0.157895,79
9,0.0156316,0.157895,73
9,0.0173684,0.157895,73
9,0.0191053,0.157895,69
9,0.0208421,0.157895,64
9,0.0225789,0.157895,60
9,0.0243158,0.157895,67
9,0.0260526,0.157895,57
9,0.0277895,0.157895,47
9,0.0295263,0.157895,61
9,0.0312632,0.157895,56
9,0.033,0.157895,53
11,0,0.157895,100
11,0.00173684,0.157895,100
11,0.00347368,0.157895,97
11,0.00521053,0.157895,91
11,0.00694737,0.157895,96
11,0.00868421,0.157895,83
11,0.0104211,0.157895,84
11,0.0121579,0.157895,83
11,0.0138947,0.157895,73
11,0.0156316,0.157895,72
11,0.0173684,0.157895,68
11,0.0191053,0.157895,58
11,0.0208421,0.157895,55
11,0.0225789,0.157895,54
11,0.0243158,0.157895,48
11,0.0260526,0.157895,55
11,0.0277895,0.157895,43
11,0.0295263,0.157895,51
11,0.0312632,0.157895,50
11,0.033,0.157895,53
13,0,0.157895,100
13,0.00173684,0.157895,99
13,0.00347368,0.157895,100
13,0.00521053,0.157895,96
13,0.00694737,0.157895,91
13,0.00868421,0.157895,84
13,0.0104211,0.157895,76
13,0.0121579,0.157895,85
13,0.0138947,0.157895,74
13,0.0156316,0.157895,50
13,0.0173684,0.157895,65
13,0.0191053,0.157895,58
13,0.0208421,0.157895,55
13,0.0225789,0.157895,57
13,0.0243158,0.157895,45
13,0.0260526,0.157895,57
13,0.0277895,0.157895,43
13,0.0295263,0.157895,48
13,0.0312632,0.157895,52
13,0.033,0.157895,48
15,0,0.157895,100
15,0.00173684,0.157895,100
15,0.00347368,0.157895,99
15,0.00521053,0.157895,100
15,0.00694737,0.157895,95
15,0.00868421,0.157895,83
15,0.0104211,0.157895,71
15,0.0121579,0.157895,72
15,0.0138947,0.157895,60
15,0.0156316,0.157895,64
15,0.0173684,0.157895,63
15,0.0191053,0.157895,54
15,0.0208421,0.157895,54
15,0.0225789,0.157895,54
15,0.0243158,0.157895,45
15,0.0260526,0.157895,51
15,0.0277895,0.157895,46
15,0.0295263,0.157895,41
15,0.0312632,0.157895,47
15,0.033,0.157895,52
17,0,0.157895,100
17,0.00173684,0.157895,100
17,0.00347368,0.157895,100
17,0.00521053,0.157895,100
17,0.00694737,0.157895,94
17,0.00868421,0.157895,87
17,0.0104211,0.157895,80
17,0.0121579,0.157895,66
17,0.0138947,0.157895,66
17,0.0156316,0.157895,50
17,0.0173684,0.157895,47
17,0.0191053,0.157895,49
17,0.0208421,0.157895,55
17,0.0225789,0.157895,46
17,0.0243158,0.157895,46
17,0.0260526,0.157895,47
17,0.0277895,0.157895,51
17,0.0295263,0.157895,55
17,0.0312632,0.157895,43
17,0.033,0.157895,52
3,0,0.171053,92
3,0.00173684,0.171053,92
3,0.00347368,0.171053,92
3,0.00521053,0.171053,92
3,0.00694737,0.171053,90
3,0.00868421,0.171053,86
3,0.0104211,0.171053,88
3,0.0121579,0.171053,86
3,0.0138947,0.171053,85
3,0.0156316,0.171053,84
3,0.0173684,0.171053,81
3,0.0191053,0.171053,77
3,0.0208421,0.171053,84
3,0.0225789,0.171053,79
3,0.0243158,0.171053,76
3,0.0260526,0.171053,81
3,0.0277895,0.171053,68
3,0.0295263,0.171053,83
3,0.0312632,0.171053,73
3,0.033,0.171053,71
5,0,0.171053,99
5,0.00173684,0.171053,95
5,0.00347368,0.171053,94
5,0.00521053,0.171053,92
5,0.00694737,0.171053,92
5,0.00868421,0.171053,86
5,0.0104211,0.171053,92
5,0.0121579,0.171053,92
5,0.0138947,0.171053,80
5,0.0156316,0.171053,81
5,0.0173684,0.171053,75
5,0.0191053,0.171053,79
5,0.0208421,0.171053,77
5,0.0225789,0.171053,79
5,0.0243158,0.171053,74
5,0.0260526,0.171053,69
5,0.0277895,0.171053,63
5,0.0295263,0.171053,55
5,0.0312632,0.171053,64
5,0.033,0.171053,56
7,0,0.171053,100
7,0.00173684,0.171053,95
7,0.00347368,0.171053,95
7,0.00521053,0.171053,92
7,0.00694737,0.171053,89
7,0.00868421,0.171053,85
7,0.0104211,0.171053,86
7,0.0121579,0.171053,83
7,0.0138947,0.171053,82
7,0.0156316,0.171053,81
7,0.0173684,0.171053,72
7,0.0191053,0.171053,68
7,0.0208421,0.171053,68
7,0.0225789,0.171053,66
7,0.0243158,0.171053,58
7,0.0260526,0.171053,57
7,0.0277895,0.171053,60
7,0.0295263,0.171053,54
7,0.0312632,0.171053,58
7,0.033,0.171053,48
9,0,0.171053,100
9,0.00173684,0.171053,98
9,0.00347368,0.171053,98
9,0.00521053,0.171053,95
9,0.00694737,0.171053,88
9,0.00868421,0.171053,89
9,0.0104211,0.171053,83
9,0.0121579,0.171053,80
9,0.0138947,0.171053,71
9,0.0156316,0.171053,62
9,0.0173684,0.171053,59
9,0.0191053,0.171053,58
9,0.0208421,0.171053,57
9,0.0225789,0.171053,61
9,0.0243158,0.171053,57
9,0.0260526,0.171053,65
9,0.0277895,0.171053,50
9,0.0295263,0.171053,59
9,0.0312632,0.171053,43
9,0.033,0.171053,48
11,0,0.171053,100
11,0.00173684,0.171053,100
11,0.00347368,0.171053,99
11,0.00521053,0.171053,92
11,0.00694737,0.171053,94
11,0.00868421,0.171053,81
11,0.0104211,0.171053,80
11,0.0121579,0.171053,75
11,0.0138947,0.171053,75
11,0.0156316,0.171053,53
11,0.0173684,0.171053,63
11,0.0191053,0.171053,62
11,0.0208421,0.171053,61
11,0.0225789,0.171053,56
11,0.0243158,0.171053,52
11,0.0260526,0.171053,54
11,0.0277895,0.171053,42
11,0.0295263,0.171053,53
11,0.0312632,0.171053,51
11,0.033,0.171053,55
13,0,0.171053,100
13,0.00173684,0.171053,100
13,0.00347368,0.171053,96
13,0.00521053,0.171053,92
13,0.00694737,0.171053,89
13,0.00868421,0.171053,86
13,0.0104211,0.171053,79
13,0.0121579,0.171053,67
13,0.0138947,0.171053,62
13,0.0156316,0.171053,53
13,0.0173684,0.171053,61
13,0.0191053,0.171053,47
13,0.0208421,0.171053,59
13,0.0225789,0.171053,49
13,0.0243158,0.171053,43
13,0.0260526,0.171053,54
13,0.0277895,0.171053,50
13,0.0295263,0.171053,52
13,0.0312632,0.171053,51
13,0.033,0.171053,44
15,0,0.171053,100
15,0.00173684,0.171053,98
15,0.00347368,0.171053,98
15,0.00521053,0.171053,96
15,0.00694737,0.171053,90
15,0.00868421,0.171053,80
15,0.0104211,0.171053,76
15,0.0121579,0.171053,70
15,0.0138947,0.171053,58
15,0.0156316,0.171053,50
15,0.0173684,0.171053,53
15,0.0191053,0.171053,57
15,0.0208421,0.171053,55
15,0.0225789,0.171053,52
15,0.0243158,0.171053,48
15,0.0260526,0.171053,49
15,0.0277895,0.171053,52
15,0.0295263,0.171053,50
15,0.0312632,0.171053,52
15,0.033,0.171053,48
17,0,0.171053,100
17,0.00173684,0.171053,100
17,0.00347368,0.171053,98
17,0.00521053,0.171053,93
17,0.00694737,0.171053,85
17,0.00868421,0.171053,80
17,0.0104211,0.171053,62
17,0.0121579,0.171053,64
17,0.0138947,0.171053,55
17,0.0156316,0.171053,50
17,0.0173684,0.171053,45
17,0.0191053,0.171053,49
17,0.0208421,0.171053,61
17,0.0225789,0.171053,45
17,0.0243158,0.171053,48
17,0.0260526,0.171053,49
17,0.0277895,0.171053,56
17,0.0295263,0.171053,54
17,0.0312632,0.171053,45
17,0.033,0.171053,55
3,0,0.184211,91
3,0.00173684,0.184211,93
3,0.00347368,0.184211,91
3,0.00521053,0.184211,90
3,0.00694737,0.184211,83
3,0.00868421,0.184211,86
3,0.0104211,0.184211,85
3,0.0121579,0.184211,86
3,0.0138947,0.184211,82
3,0.0156316,0.184211,77
3,0.0173684,0.184211,78
3,0.0191053,0.184211,86
3,0.0208421,0.184211,72
3,0.0225789,0.184211,80
3,0.0243158,0.184211,72
3,0.0260526,0.184211,76
3,0.0277895,0.184211,70
3,0.0295263,0.184211,76
3,0.0312632,0.184211,76
3,0.033,0.184211,68
5,0,0.184211,95
5,0.00173684,0.184211,93
5,0.00347368,0.184211,93
5,0.00521053,0.184211,86
5,0.00694737,0.184211,88
5,0.00868421,0.184211,84
5,0.0104211,0.184211,81
5,0.0121579,0.184211,80
5,0.0138947,0.184211,77
5,0.0156316,0.184211,72
5,0.0173684,0.184211,70
5,0.0191053,0.184211,73
5,0.0208421,0.184211,73
5,0.0225789,0.184211,76
5,0.0243158,0.184211,67
5,0.0260526,0.184211,61
5,0.0277895,0.184211,64
5,0.0295263,0.184211,58
5,0.0312632,0.184211,64
5,0.033,0.184211,58
7,0,0.184211,98
7,0.00173684,0.184211,98
7,0.00347368,0.184211,87
7,0.00521053,0.184211,91
7,0.00694737,0.184211,85
7,0.00868421,0.184211,93
7,0.0104211,0.184211,79
7,0.0121579,0.184211,72
7,0.0138947,0.184211,75
7,0.0156316,0.184211,72
7,0.0173684,0.184211,67
7,0.0191053,0.184211,57
7,0.0208421,0.184211,66
7,0.0225789,0.184211,63
7,0.0243158,0.184211,61
7,0.0260526,0.184211,63
7,0.0277895,0.184211,55
7,0.0295263,0.184211,59
7,0.0312632,0.184211,61
7,0.033,0.184211,61
9,0,0.184211,98
9,0.00173684,0.184211,98
9,0.00347368,0.184211,96
9,0.00521053,0.184211,90
9,0.00694737,0.184211,84
9,0.00868421,0.184211,83
9,0.0104211,0.184211,71
9,0.0121579,0.184211,67
9,0.0138947,0.184211,70
9,0.0156316,0.184211,66
9,0.0173684,0.184211,55
9,0.0191053,0.184211,54
9,0.0208421,0.184211,50
9,0.0225789,0.184211,56
9,0.0243158,0.184211,50
9,0.0260526,0.184211,51
9,0.0277895,0.184211,44
9,0.0295263,0.184211,49
9,0.0312632,0.184211,47
9,0.033,0.184211,51
11,0,0.184211,100
11,0.00173684,0.184211,96
11,0.00347368,0.184211,96
11,0.00521053,0.184211,89
11,0.00694737,0.184211,85
11,0.00868421,0.184211,83
11,0.0104211,0.184211,76
11,0.0121579,0.184211,63
11,0.0138947,0.184211,57
11,0.0156316,0.184211,60
11,0.0173684,0.184211,47
11,0.0191053,0.184211,47
11,0.0208421,0.184211,55
11,0.0225789,0.184211,46
11,0.0243158,0.184211,47
11,0.0260526,0.184211,50
11,0.0277895,0.184211,56
11,0.0295263,0.184211,53
11,0.0312632,0.184211,46
11,0.033,0.184211,57
13,0,0.184211,100
13,0.00173684,0.184211,98
13,0.00347368,0.184211,93
13,0.00521053,0.184211,91
13,0.00694737,0.184211,84
13,0.00868421,0.184211,77
13,0.0104211,0.184211,73
13,0.0121579,0.184211,62
13,0.0138947,0.184211,53
13,0.0156316,0.184211,55
13,0.0173684,0.184211,54