hardware_concurrency32
Lmin:3;Lmax:17
Pmin:0;Pmax:0.012;nP10
Plmin:1;Plmax:1;nPl1
n:100seed:0;thread1

3,0,1,100
3,0.00133333,1,97
3,0.00266667,1,88
3,0.004,1,74
3,0.00533333,1,59
3,0.00666667,1,65
3,0.008,1,54
3,0.00933333,1,64
3,0.0106667,1,55
3,0.012,1,54

5,0,1,100
5,0.00133333,1,98
5,0.00266667,1,90
5,0.004,1,75
5,0.00533333,1,52
5,0.00666667,1,58
5,0.008,1,52
5,0.00933333,1,47
5,0.0106667,1,60
5,0.012,1,58

7,0,1,100
7,0.00133333,1,98
7,0.00266667,1,85
7,0.004,1,67
7,0.00533333,1,52
7,0.00666667,1,50
7,0.008,1,52
7,0.00933333,1,48
7,0.0106667,1,44
7,0.012,1,55

9,0,1,100
9,0.00133333,1,98
9,0.00266667,1,74
9,0.004,1,55
9,0.00533333,1,51
9,0.00666667,1,45
9,0.008,1,51
9,0.00933333,1,50
9,0.0106667,1,50
9,0.012,1,45

11,0,1,100
11,0.00133333,1,99
11,0.00266667,1,85
11,0.004,1,53
11,0.00533333,1,50
11,0.00666667,1,43
11,0.008,1,41
11,0.00933333,1,51
11,0.0106667,1,52
11,0.012,1,52

13,0,1,100
13,0.00133333,1,100
13,0.00266667,1,69
13,0.004,1,53
13,0.00533333,1,47
13,0.00666667,1,41
13,0.008,1,46
13,0.00933333,1,44
13,0.0106667,1,44
13,0.012,1,44

15,0,1,100
15,0.00133333,1,100
15,0.00266667,1,84
15,0.004,1,54
15,0.00533333,1,59
15,0.00666667,1,46
15,0.008,1,41
15,0.00933333,1,50
15,0.0106667,1,50
15,0.012,1,52

17,0,1,100
17,0.00133333,1,100
17,0.00266667,1,80
17,0.004,1,49
17,0.00533333,1,49
17,0.00666667,1,50
17,0.008,1,52
17,0.00933333,1,48
17,0.0106667,1,56
17,0.012,1,57
total CPU time:785.37;total time:785388ms
srun: error: sh03-01n37: task 0: Exited with exit code 57
srun: launch/slurm: _step_signal: Terminating StepId=32172456.0
----------------------------------
id: 32172130
cpu per task 2
nodelist sh03-01n37
cluster name: sherlock
node list: sh03-01n37
node list: sh03-01n37
