hardware_concurrency32
Lmin:3;Lmax:17
Pmin:0;Pmax:0.012;nP10
Plmin:1;Plmax:1;nPl1
n:100seed:0;thread1

3,0,1,100
3,0.00133333,1,89
3,0.00266667,1,74
3,0.004,1,61
3,0.00533333,1,57
3,0.00666667,1,53
3,0.008,1,62
3,0.00933333,1,58
3,0.0106667,1,54
3,0.012,1,48

5,0,1,100
5,0.00133333,1,90
5,0.00266667,1,69
5,0.004,1,47
5,0.00533333,1,40
5,0.00666667,1,41
5,0.008,1,49
5,0.00933333,1,55
5,0.0106667,1,49
5,0.012,1,46

7,0,1,100
7,0.00133333,1,97
7,0.00266667,1,63
7,0.004,1,52
7,0.00533333,1,46
7,0.00666667,1,42
7,0.008,1,53
7,0.00933333,1,49
7,0.0106667,1,55
7,0.012,1,53

9,0,1,100
9,0.00133333,1,93
9,0.00266667,1,56
9,0.004,1,53
9,0.00533333,1,45
9,0.00666667,1,46
9,0.008,1,57
9,0.00933333,1,56
9,0.0106667,1,49
9,0.012,1,63

11,0,1,100
11,0.00133333,1,91
11,0.00266667,1,56
11,0.004,1,48
11,0.00533333,1,42
11,0.00666667,1,40
11,0.008,1,52
11,0.00933333,1,49
11,0.0106667,1,50
11,0.012,1,50

13,0,1,100
13,0.00133333,1,94
13,0.00266667,1,41
13,0.004,1,59
13,0.00533333,1,52
13,0.00666667,1,52
13,0.008,1,44
13,0.00933333,1,51
13,0.0106667,1,40
13,0.012,1,56

15,0,1,100
15,0.00133333,1,94
15,0.00266667,1,52
15,0.004,1,53
15,0.00533333,1,56
15,0.00666667,1,49
15,0.008,1,55
15,0.00933333,1,49
15,0.0106667,1,50
15,0.012,1,49

17,0,1,100
17,0.00133333,1,92
17,0.00266667,1,44
17,0.004,1,37
17,0.00533333,1,47
17,0.00666667,1,55
17,0.008,1,51
17,0.00933333,1,49
17,0.0106667,1,50
17,0.012,1,46
total CPU time:1316.79;total time:1.31793e+06ms
srun: error: sh03-01n48: task 0: Exited with exit code 46
srun: launch/slurm: _step_signal: Terminating StepId=32172948.0
----------------------------------
id: 32172131
cpu per task 2
nodelist sh03-01n48
cluster name: sherlock
node list: sh03-01n48
node list: sh03-01n48
