hardware_concurrency32
Lmin:3;Lmax:17
Pmin:0;Pmax:0.012;nP10
Plmin:1;Plmax:1;nPl1
n:100seed:0;thread1

3,0,1,100
3,0.00133333,1,93
3,0.00266667,1,93
3,0.004,1,81
3,0.00533333,1,75
3,0.00666667,1,77
3,0.008,1,57
3,0.00933333,1,60
3,0.0106667,1,54
3,0.012,1,52

5,0,1,100
5,0.00133333,1,99
5,0.00266667,1,86
5,0.004,1,70
5,0.00533333,1,60
5,0.00666667,1,51
5,0.008,1,41
5,0.00933333,1,58
5,0.0106667,1,52
5,0.012,1,48

7,0,1,100
7,0.00133333,1,100
7,0.00266667,1,82
7,0.004,1,63
7,0.00533333,1,49
7,0.00666667,1,57
7,0.008,1,50
7,0.00933333,1,53
7,0.0106667,1,52
7,0.012,1,57

9,0,1,100
9,0.00133333,1,99
9,0.00266667,1,86
9,0.004,1,66
9,0.00533333,1,43
9,0.00666667,1,52
9,0.008,1,50
9,0.00933333,1,41
9,0.0106667,1,52
9,0.012,1,51

11,0,1,100
11,0.00133333,1,100
11,0.00266667,1,85
11,0.004,1,51
11,0.00533333,1,51
11,0.00666667,1,47
11,0.008,1,54
11,0.00933333,1,47
11,0.0106667,1,47
11,0.012,1,54

13,0,1,100
13,0.00133333,1,100
13,0.00266667,1,78
13,0.004,1,53
13,0.00533333,1,62
13,0.00666667,1,52
13,0.008,1,47
13,0.00933333,1,51
13,0.0106667,1,47
13,0.012,1,54

15,0,1,100
15,0.00133333,1,100
15,0.00266667,1,79
15,0.004,1,56
15,0.00533333,1,61
15,0.00666667,1,43
15,0.008,1,50
15,0.00933333,1,50
15,0.0106667,1,46
15,0.012,1,48

17,0,1,100
17,0.00133333,1,100
17,0.00266667,1,77
17,0.004,1,52
17,0.00533333,1,48
17,0.00666667,1,51
17,0.008,1,48
17,0.00933333,1,47
17,0.0106667,1,47
17,0.012,1,52
total CPU time:941.39;total time:941447ms
srun: error: sh03-01n13: task 0: Exited with exit code 52
srun: launch/slurm: _step_signal: Terminating StepId=32172835.0
----------------------------------
id: 32172130
cpu per task 2
nodelist sh03-01n13
cluster name: sherlock
node list: sh03-01n13
node list: sh03-01n13
