hardware_concurrency32
Lmin:3;Lmax:17
Pmin:0;Pmax:0.012;nP10
Plmin:1;Plmax:1;nPl1
n:100seed:0;thread1

3,0,1,100
3,0.00133333,1,85
3,0.00266667,1,81
3,0.004,1,54
3,0.00533333,1,58
3,0.00666667,1,44
3,0.008,1,43
3,0.00933333,1,48
3,0.0106667,1,47
3,0.012,1,57

5,0,1,100
5,0.00133333,1,85
5,0.00266667,1,51
5,0.004,1,50
5,0.00533333,1,51
5,0.00666667,1,53
5,0.008,1,51
5,0.00933333,1,45
5,0.0106667,1,51
5,0.012,1,45

7,0,1,100
7,0.00133333,1,76
7,0.00266667,1,47
7,0.004,1,52
7,0.00533333,1,64
7,0.00666667,1,53
7,0.008,1,42
7,0.00933333,1,44
7,0.0106667,1,49
7,0.012,1,46

9,0,1,100
9,0.00133333,1,73
9,0.00266667,1,57
9,0.004,1,45
9,0.00533333,1,48
9,0.00666667,1,48
9,0.008,1,48
9,0.00933333,1,50
9,0.0106667,1,45
9,0.012,1,45

11,0,1,100
11,0.00133333,1,74
11,0.00266667,1,43
11,0.004,1,54
11,0.00533333,1,57
11,0.00666667,1,52
11,0.008,1,45
11,0.00933333,1,45
11,0.0106667,1,49
11,0.012,1,48

13,0,1,100
13,0.00133333,1,66
13,0.00266667,1,48
13,0.004,1,51
13,0.00533333,1,46
13,0.00666667,1,51
13,0.008,1,56
13,0.00933333,1,53
13,0.0106667,1,57
13,0.012,1,46

15,0,1,100
15,0.00133333,1,61
15,0.00266667,1,36
15,0.004,1,47
15,0.00533333,1,53
15,0.00666667,1,50
15,0.008,1,49
15,0.00933333,1,50
15,0.0106667,1,50
15,0.012,1,52

17,0,1,100
17,0.00133333,1,61
17,0.00266667,1,50
17,0.004,1,49
17,0.00533333,1,51
17,0.00666667,1,55
17,0.008,1,41
17,0.00933333,1,55
17,0.0106667,1,50
17,0.012,1,47
total CPU time:1469.9;total time:1.46997e+06ms
srun: error: sh03-01n08: task 0: Exited with exit code 47
srun: launch/slurm: _step_signal: Terminating StepId=32173075.0
----------------------------------
id: 32172150
cpu per task 2
nodelist sh03-01n08
cluster name: sherlock
node list: sh03-01n08
node list: sh03-01n08
