hardware_concurrency32
Lmin:3;Lmax:17
Pmin:0;Pmax:0.012;nP10
Plmin:1;Plmax:1;nPl1
n:100seed:0;thread1

3,0,1,100
3,0.00133333,1,82
3,0.00266667,1,63
3,0.004,1,55
3,0.00533333,1,56
3,0.00666667,1,54
3,0.008,1,54
3,0.00933333,1,45
3,0.0106667,1,42
3,0.012,1,54

5,0,1,100
5,0.00133333,1,75
5,0.00266667,1,55
5,0.004,1,64
5,0.00533333,1,49
5,0.00666667,1,44
5,0.008,1,46
5,0.00933333,1,49
5,0.0106667,1,51
5,0.012,1,45

7,0,1,100
7,0.00133333,1,69
7,0.00266667,1,42
7,0.004,1,50
7,0.00533333,1,53
7,0.00666667,1,41
7,0.008,1,55
7,0.00933333,1,54
7,0.0106667,1,57
7,0.012,1,44

9,0,1,100
9,0.00133333,1,60
9,0.00266667,1,44
9,0.004,1,62
9,0.00533333,1,51
9,0.00666667,1,41
9,0.008,1,47
9,0.00933333,1,43
9,0.0106667,1,48
9,0.012,1,48

11,0,1,100
11,0.00133333,1,45
11,0.00266667,1,47
11,0.004,1,42
11,0.00533333,1,42
11,0.00666667,1,41
11,0.008,1,45
11,0.00933333,1,50
11,0.0106667,1,47
11,0.012,1,48

13,0,1,100
13,0.00133333,1,43
13,0.00266667,1,45
13,0.004,1,49
13,0.00533333,1,48
13,0.00666667,1,58
13,0.008,1,53
13,0.00933333,1,49
13,0.0106667,1,49
13,0.012,1,38

15,0,1,100
15,0.00133333,1,58
15,0.00266667,1,53
15,0.004,1,39
15,0.00533333,1,51
15,0.00666667,1,53
15,0.008,1,49
15,0.00933333,1,49
15,0.0106667,1,54
15,0.012,1,54

17,0,1,100
17,0.00133333,1,60
17,0.00266667,1,48
17,0.004,1,47
17,0.00533333,1,55
17,0.00666667,1,49
17,0.008,1,51
17,0.00933333,1,40
17,0.0106667,1,51
17,0.012,1,49
total CPU time:1701.2;total time:1.70115e+06ms
srun: error: sh03-01n28: task 0: Exited with exit code 49
srun: launch/slurm: _step_signal: Terminating StepId=32173065.0
----------------------------------
id: 32172153
cpu per task 2
nodelist sh03-01n28
cluster name: sherlock
node list: sh03-01n28
node list: sh03-01n28
