hardware_concurrency32
Lmin:3;Lmax:17
Pmin:0;Pmax:0.012;nP10
Plmin:1;Plmax:1;nPl1
n:100seed:0;thread1

3,0,1,100
3,0.00133333,1,81
3,0.00266667,1,60
3,0.004,1,62
3,0.00533333,1,47
3,0.00666667,1,48
3,0.008,1,59
3,0.00933333,1,47
3,0.0106667,1,45
3,0.012,1,41

5,0,1,100
5,0.00133333,1,73
5,0.00266667,1,47
5,0.004,1,50
5,0.00533333,1,56
5,0.00666667,1,53
5,0.008,1,43
5,0.00933333,1,53
5,0.0106667,1,47
5,0.012,1,53

7,0,1,100
7,0.00133333,1,67
7,0.00266667,1,43
7,0.004,1,45
7,0.00533333,1,40
7,0.00666667,1,46
7,0.008,1,53
7,0.00933333,1,56
7,0.0106667,1,43
7,0.012,1,53

9,0,1,100
9,0.00133333,1,57
9,0.00266667,1,47
9,0.004,1,50
9,0.00533333,1,48
9,0.00666667,1,52
9,0.008,1,48
9,0.00933333,1,47
9,0.0106667,1,52
9,0.012,1,53

11,0,1,100
11,0.00133333,1,51
11,0.00266667,1,52
11,0.004,1,50
11,0.00533333,1,57
11,0.00666667,1,50
11,0.008,1,39
11,0.00933333,1,49
11,0.0106667,1,52
11,0.012,1,41

13,0,1,100
13,0.00133333,1,55
13,0.00266667,1,44
13,0.004,1,44
13,0.00533333,1,53
13,0.00666667,1,49
13,0.008,1,44
13,0.00933333,1,48
13,0.0106667,1,44
13,0.012,1,50

15,0,1,100
15,0.00133333,1,43
15,0.00266667,1,50
15,0.004,1,50
15,0.00533333,1,35
15,0.00666667,1,41
15,0.008,1,52
15,0.00933333,1,42
15,0.0106667,1,53
15,0.012,1,53

17,0,1,100
17,0.00133333,1,47
17,0.00266667,1,54
17,0.004,1,46
17,0.00533333,1,56
17,0.00666667,1,49
17,0.008,1,47
17,0.00933333,1,49
17,0.0106667,1,55
17,0.012,1,40
total CPU time:1642.29;total time:1.64248e+06ms
srun: error: sh03-01n13: task 0: Exited with exit code 40
srun: launch/slurm: _step_signal: Terminating StepId=32173059.0
----------------------------------
id: 32172153
cpu per task 2
nodelist sh03-01n13
cluster name: sherlock
node list: sh03-01n13
node list: sh03-01n13
