hardware_concurrency32
Lmin:3;Lmax:17
Pmin:0;Pmax:0.05;nP10
Plmin:1;Plmax:1;nPl1
n:100seed:0;thread1

3,0,1,100
3,0.00555556,1,97
3,0.0111111,1,92
3,0.0166667,1,83
3,0.0222222,1,78
3,0.0277778,1,68
3,0.0333333,1,64
3,0.0388889,1,58
3,0.0444444,1,55
3,0.05,1,51

5,0,1,100
5,0.00555556,1,99
5,0.0111111,1,88
5,0.0166667,1,71
5,0.0222222,1,67
5,0.0277778,1,63
5,0.0333333,1,46
5,0.0388889,1,45
5,0.0444444,1,60
5,0.05,1,37

7,0,1,100
7,0.00555556,1,98
7,0.0111111,1,91
7,0.0166667,1,66
7,0.0222222,1,63
7,0.0277778,1,53
7,0.0333333,1,53
7,0.0388889,1,59
7,0.0444444,1,44
7,0.05,1,51

9,0,1,100
9,0.00555556,1,100
9,0.0111111,1,90
9,0.0166667,1,61
9,0.0222222,1,55
9,0.0277778,1,51
9,0.0333333,1,50
9,0.0388889,1,44
9,0.0444444,1,47
9,0.05,1,48

11,0,1,100
11,0.00555556,1,100
11,0.0111111,1,89
11,0.0166667,1,53
11,0.0222222,1,58
11,0.0277778,1,52
11,0.0333333,1,49
11,0.0388889,1,52
11,0.0444444,1,58
11,0.05,1,43

13,0,1,100
13,0.00555556,1,100
13,0.0111111,1,86
13,0.0166667,1,46
13,0.0222222,1,49
13,0.0277778,1,54
13,0.0333333,1,50
13,0.0388889,1,49
13,0.0444444,1,49
13,0.05,1,51

15,0,1,100
15,0.00555556,1,100
15,0.0111111,1,83
15,0.0166667,1,48
15,0.0222222,1,50
15,0.0277778,1,54
15,0.0333333,1,44
15,0.0388889,1,52
15,0.0444444,1,54
15,0.05,1,60

17,0,1,100
17,0.00555556,1,100
17,0.0111111,1,77
17,0.0166667,1,54
17,0.0222222,1,46
17,0.0277778,1,44
17,0.0333333,1,52
17,0.0388889,1,55
17,0.0444444,1,51
17,0.05,1,50
total CPU time:610.48;total time:610560ms
srun: error: sh03-01n30: task 0: Exited with exit code 50
srun: launch/slurm: _step_signal: Terminating StepId=32171922.0
----------------------------------
id: 32171881
cpu per task 2
nodelist sh03-01n30
cluster name: sherlock
node list: sh03-01n30
node list: sh03-01n30
