hardware_concurrency32
Lmin:3;Lmax:17
Pmin:0;Pmax:0.012;nP10
Plmin:1;Plmax:1;nPl1
n:100seed:0;thread1

3,0,1,100
3,0.00133333,1,92
3,0.00266667,1,71
3,0.004,1,66
3,0.00533333,1,65
3,0.00666667,1,50
3,0.008,1,50
3,0.00933333,1,57
3,0.0106667,1,46
3,0.012,1,49

5,0,1,100
5,0.00133333,1,92
5,0.00266667,1,69
5,0.004,1,60
5,0.00533333,1,51
5,0.00666667,1,44
5,0.008,1,53
5,0.00933333,1,55
5,0.0106667,1,45
5,0.012,1,53

7,0,1,100
7,0.00133333,1,91
7,0.00266667,1,48
7,0.004,1,58
7,0.00533333,1,50
7,0.00666667,1,50
7,0.008,1,56
7,0.00933333,1,49
7,0.0106667,1,49
7,0.012,1,53

9,0,1,100
9,0.00133333,1,92
9,0.00266667,1,50
9,0.004,1,51
9,0.00533333,1,47
9,0.00666667,1,50
9,0.008,1,53
9,0.00933333,1,49
9,0.0106667,1,51
9,0.012,1,59

11,0,1,100
11,0.00133333,1,94
11,0.00266667,1,54
11,0.004,1,53
11,0.00533333,1,53
11,0.00666667,1,58
11,0.008,1,48
11,0.00933333,1,57
11,0.0106667,1,56
11,0.012,1,48

13,0,1,100
13,0.00133333,1,95
13,0.00266667,1,48
13,0.004,1,48
13,0.00533333,1,52
13,0.00666667,1,45
13,0.008,1,46
13,0.00933333,1,44
13,0.0106667,1,53
13,0.012,1,54

15,0,1,100
15,0.00133333,1,96
15,0.00266667,1,41
15,0.004,1,47
15,0.00533333,1,54
15,0.00666667,1,48
15,0.008,1,52
15,0.00933333,1,56
15,0.0106667,1,56
15,0.012,1,46

17,0,1,100
17,0.00133333,1,94
17,0.00266667,1,53
17,0.004,1,52
17,0.00533333,1,54
17,0.00666667,1,58
17,0.008,1,52
17,0.00933333,1,42
17,0.0106667,1,48
17,0.012,1,47
total CPU time:1112.55;total time:1.11267e+06ms
srun: error: sh03-01n60: task 0: Exited with exit code 47
srun: launch/slurm: _step_signal: Terminating StepId=32172416.0
----------------------------------
id: 32172131
cpu per task 2
nodelist sh03-01n60
cluster name: sherlock
node list: sh03-01n60
node list: sh03-01n60
