hardware_concurrency32
Lmin:3;Lmax:17
Pmin:0;Pmax:0.05;nP10
Plmin:1;Plmax:1;nPl1
n:100seed:0;thread1

3,0,1,100
3,0.00555556,1,86
3,0.0111111,1,67
3,0.0166667,1,58
3,0.0222222,1,56
3,0.0277778,1,40
3,0.0333333,1,51
3,0.0388889,1,56
3,0.0444444,1,43
3,0.05,1,48

5,0,1,100
5,0.00555556,1,88
5,0.0111111,1,62
5,0.0166667,1,47
5,0.0222222,1,51
5,0.0277778,1,47
5,0.0333333,1,51
5,0.0388889,1,52
5,0.0444444,1,51
5,0.05,1,49

7,0,1,100
7,0.00555556,1,83
7,0.0111111,1,52
7,0.0166667,1,47
7,0.0222222,1,47
7,0.0277778,1,43
7,0.0333333,1,49
7,0.0388889,1,46
7,0.0444444,1,55
7,0.05,1,54

9,0,1,100
9,0.00555556,1,77
9,0.0111111,1,48
9,0.0166667,1,49
9,0.0222222,1,45
9,0.0277778,1,50
9,0.0333333,1,50
9,0.0388889,1,49
9,0.0444444,1,56
9,0.05,1,60

11,0,1,100
11,0.00555556,1,74
11,0.0111111,1,55
11,0.0166667,1,50
11,0.0222222,1,47
11,0.0277778,1,37
11,0.0333333,1,50
11,0.0388889,1,50
11,0.0444444,1,52
11,0.05,1,48

13,0,1,100
13,0.00555556,1,73
13,0.0111111,1,50
13,0.0166667,1,54
13,0.0222222,1,54
13,0.0277778,1,48
13,0.0333333,1,43
13,0.0388889,1,47
13,0.0444444,1,49
13,0.05,1,48

15,0,1,100
15,0.00555556,1,63
15,0.0111111,1,42
15,0.0166667,1,39
15,0.0222222,1,49
15,0.0277778,1,50
15,0.0333333,1,50
15,0.0388889,1,46
15,0.0444444,1,51
15,0.05,1,42

17,0,1,100
17,0.00555556,1,60
17,0.0111111,1,53
17,0.0166667,1,47
17,0.0222222,1,51
17,0.0277778,1,48
17,0.0333333,1,46
17,0.0388889,1,48
17,0.0444444,1,40
17,0.05,1,46
total CPU time:1279.66;total time:1.27987e+06ms
srun: error: sh03-01n17: task 0: Exited with exit code 46
srun: launch/slurm: _step_signal: Terminating StepId=32172166.0
----------------------------------
id: 32171897
cpu per task 2
nodelist sh03-01n17
cluster name: sherlock
node list: sh03-01n17
node list: sh03-01n17
