hardware_concurrency32
Lmin:3;Lmax:17
Pmin:0;Pmax:0.012;nP10
Plmin:1;Plmax:1;nPl1
n:100seed:0;thread1

3,0,1,100
3,0.00133333,1,86
3,0.00266667,1,63
3,0.004,1,54
3,0.00533333,1,53
3,0.00666667,1,49
3,0.008,1,60
3,0.00933333,1,53
3,0.0106667,1,50
3,0.012,1,46

5,0,1,100
5,0.00133333,1,82
5,0.00266667,1,56
5,0.004,1,49
5,0.00533333,1,58
5,0.00666667,1,46
5,0.008,1,53
5,0.00933333,1,45
5,0.0106667,1,50
5,0.012,1,53

7,0,1,100
7,0.00133333,1,81
7,0.00266667,1,50
7,0.004,1,56
7,0.00533333,1,48
7,0.00666667,1,38
7,0.008,1,42
7,0.00933333,1,53
7,0.0106667,1,62
7,0.012,1,52

9,0,1,100
9,0.00133333,1,75
9,0.00266667,1,57
9,0.004,1,49
9,0.00533333,1,49
9,0.00666667,1,56
9,0.008,1,46
9,0.00933333,1,47
9,0.0106667,1,54
9,0.012,1,61

11,0,1,100
11,0.00133333,1,79
11,0.00266667,1,52
11,0.004,1,52
11,0.00533333,1,54
11,0.00666667,1,51
11,0.008,1,61
11,0.00933333,1,54
11,0.0106667,1,50
11,0.012,1,47

13,0,1,100
13,0.00133333,1,72
13,0.00266667,1,53
13,0.004,1,50
13,0.00533333,1,54
13,0.00666667,1,47
13,0.008,1,45
13,0.00933333,1,49
13,0.0106667,1,49
13,0.012,1,54

15,0,1,100
15,0.00133333,1,63
15,0.00266667,1,50
15,0.004,1,44
15,0.00533333,1,54
15,0.00666667,1,51
15,0.008,1,47
15,0.00933333,1,44
15,0.0106667,1,53
15,0.012,1,48

17,0,1,100
17,0.00133333,1,58
17,0.00266667,1,61
17,0.004,1,50
17,0.00533333,1,48
17,0.00666667,1,49
17,0.008,1,49
17,0.00933333,1,47
17,0.0106667,1,48
17,0.012,1,52
total CPU time:1345.07;total time:1.34506e+06ms
srun: error: sh03-01n54: task 0: Exited with exit code 52
srun: launch/slurm: _step_signal: Terminating StepId=32173106.0
----------------------------------
id: 32172150
cpu per task 2
nodelist sh03-01n54
cluster name: sherlock
node list: sh03-01n54
node list: sh03-01n54
