hardware_concurrency32
Lmin:3;Lmax:17
Pmin:0;Pmax:0.012;nP10
Plmin:1;Plmax:1;nPl1
n:100seed:0;thread1

3,0,1,100
3,0.00133333,1,90
3,0.00266667,1,62
3,0.004,1,59
3,0.00533333,1,54
3,0.00666667,1,58
3,0.008,1,48
3,0.00933333,1,56
3,0.0106667,1,58
3,0.012,1,47

5,0,1,100
5,0.00133333,1,69
5,0.00266667,1,52
5,0.004,1,54
5,0.00533333,1,48
5,0.00666667,1,53
5,0.008,1,47
5,0.00933333,1,57
5,0.0106667,1,51
5,0.012,1,50

7,0,1,100
7,0.00133333,1,71
7,0.00266667,1,50
7,0.004,1,49
7,0.00533333,1,51
7,0.00666667,1,51
7,0.008,1,49
7,0.00933333,1,50
7,0.0106667,1,57
7,0.012,1,50

9,0,1,100
9,0.00133333,1,52
9,0.00266667,1,49
9,0.004,1,52
9,0.00533333,1,49
9,0.00666667,1,41
9,0.008,1,56
9,0.00933333,1,48
9,0.0106667,1,41
9,0.012,1,53

11,0,1,100
11,0.00133333,1,48
11,0.00266667,1,52
11,0.004,1,43
11,0.00533333,1,49
11,0.00666667,1,44
11,0.008,1,49
11,0.00933333,1,44
11,0.0106667,1,39
11,0.012,1,62

13,0,1,100
13,0.00133333,1,54
13,0.00266667,1,53
13,0.004,1,48
13,0.00533333,1,59
13,0.00666667,1,52
13,0.008,1,45
13,0.00933333,1,52
13,0.0106667,1,49
13,0.012,1,50

15,0,1,100
15,0.00133333,1,52
15,0.00266667,1,41
15,0.004,1,56
15,0.00533333,1,47
15,0.00666667,1,47
15,0.008,1,58
15,0.00933333,1,54
15,0.0106667,1,51
15,0.012,1,44

17,0,1,100
17,0.00133333,1,45
17,0.00266667,1,48
17,0.004,1,65
17,0.00533333,1,46
17,0.00666667,1,44
17,0.008,1,45
17,0.00933333,1,54
17,0.0106667,1,49
17,0.012,1,48
total CPU time:1635.55;total time:1.6358e+06ms
srun: error: sh03-01n53: task 0: Exited with exit code 48
srun: launch/slurm: _step_signal: Terminating StepId=32172986.0
----------------------------------
id: 32172153
cpu per task 2
nodelist sh03-01n53
cluster name: sherlock
node list: sh03-01n53
node list: sh03-01n53
