hardware_concurrency32
Lmin:3;Lmax:17
Pmin:0;Pmax:0.05;nP10
Plmin:1;Plmax:1;nPl1
n:100seed:0;thread1

3,0,1,100
3,0.00555556,1,99
3,0.0111111,1,89
3,0.0166667,1,76
3,0.0222222,1,69
3,0.0277778,1,65
3,0.0333333,1,53
3,0.0388889,1,66
3,0.0444444,1,64
3,0.05,1,44

5,0,1,100
5,0.00555556,1,99
5,0.0111111,1,92
5,0.0166667,1,76
5,0.0222222,1,59
5,0.0277778,1,47
5,0.0333333,1,54
5,0.0388889,1,48
5,0.0444444,1,47
5,0.05,1,52

7,0,1,100
7,0.00555556,1,99
7,0.0111111,1,92
7,0.0166667,1,67
7,0.0222222,1,52
7,0.0277778,1,52
7,0.0333333,1,53
7,0.0388889,1,59
7,0.0444444,1,42
7,0.05,1,59

9,0,1,100
9,0.00555556,1,100
9,0.0111111,1,89
9,0.0166667,1,63
9,0.0222222,1,43
9,0.0277778,1,41
9,0.0333333,1,54
9,0.0388889,1,49
9,0.0444444,1,55
9,0.05,1,44

11,0,1,100
11,0.00555556,1,100
11,0.0111111,1,87
11,0.0166667,1,68
11,0.0222222,1,43
11,0.0277778,1,49
11,0.0333333,1,56
11,0.0388889,1,54
11,0.0444444,1,48
11,0.05,1,52

13,0,1,100
13,0.00555556,1,100
13,0.0111111,1,75
13,0.0166667,1,50
13,0.0222222,1,45
13,0.0277778,1,44
13,0.0333333,1,49
13,0.0388889,1,49
13,0.0444444,1,44
13,0.05,1,46

15,0,1,100
15,0.00555556,1,100
15,0.0111111,1,84
15,0.0166667,1,47
15,0.0222222,1,44
15,0.0277778,1,55
15,0.0333333,1,50
15,0.0388889,1,51
15,0.0444444,1,40
15,0.05,1,52

17,0,1,100
17,0.00555556,1,100
17,0.0111111,1,83
17,0.0166667,1,41
17,0.0222222,1,55
17,0.0277778,1,53
17,0.0333333,1,45
17,0.0388889,1,45
17,0.0444444,1,47
17,0.05,1,50
total CPU time:589.46;total time:589487ms
srun: error: sh03-01n08: task 0: Exited with exit code 50
srun: launch/slurm: _step_signal: Terminating StepId=32171938.0
----------------------------------
id: 32171881
cpu per task 2
nodelist sh03-01n08
cluster name: sherlock
node list: sh03-01n08
node list: sh03-01n08
