hardware_concurrency32
Lmin:3;Lmax:17
Pmin:0;Pmax:0.05;nP10
Plmin:1;Plmax:1;nPl1
n:100seed:0;thread1

3,0,1,100
3,0.00555556,1,87
3,0.0111111,1,63
3,0.0166667,1,56
3,0.0222222,1,47
3,0.0277778,1,44
3,0.0333333,1,48
3,0.0388889,1,51
3,0.0444444,1,47
3,0.05,1,63

5,0,1,100
5,0.00555556,1,84
5,0.0111111,1,54
5,0.0166667,1,48
5,0.0222222,1,56
5,0.0277778,1,50
5,0.0333333,1,54
5,0.0388889,1,54
5,0.0444444,1,49
5,0.05,1,46

7,0,1,100
7,0.00555556,1,88
7,0.0111111,1,59
7,0.0166667,1,42
7,0.0222222,1,53
7,0.0277778,1,48
7,0.0333333,1,48
7,0.0388889,1,48
7,0.0444444,1,47
7,0.05,1,49

9,0,1,100
9,0.00555556,1,78
9,0.0111111,1,42
9,0.0166667,1,47
9,0.0222222,1,56
9,0.0277778,1,52
9,0.0333333,1,54
9,0.0388889,1,53
9,0.0444444,1,48
9,0.05,1,49

11,0,1,100
11,0.00555556,1,74
11,0.0111111,1,51
11,0.0166667,1,52
11,0.0222222,1,51
11,0.0277778,1,52
11,0.0333333,1,49
11,0.0388889,1,43
11,0.0444444,1,52
11,0.05,1,49

13,0,1,100
13,0.00555556,1,69
13,0.0111111,1,44
13,0.0166667,1,54
13,0.0222222,1,51
13,0.0277778,1,46
13,0.0333333,1,53
13,0.0388889,1,37
13,0.0444444,1,48
13,0.05,1,59

15,0,1,100
15,0.00555556,1,72
15,0.0111111,1,51
15,0.0166667,1,54
15,0.0222222,1,46
15,0.0277778,1,46
15,0.0333333,1,55
15,0.0388889,1,51
15,0.0444444,1,51
15,0.05,1,50

17,0,1,100
17,0.00555556,1,60
17,0.0111111,1,51
17,0.0166667,1,51
17,0.0222222,1,54
17,0.0277778,1,38
17,0.0333333,1,53
17,0.0388889,1,52
17,0.0444444,1,50
17,0.05,1,54
total CPU time:1362.65;total time:1.36267e+06ms
srun: error: sh03-01n43: task 0: Exited with exit code 54
srun: launch/slurm: _step_signal: Terminating StepId=32172161.0
----------------------------------
id: 32171897
cpu per task 2
nodelist sh03-01n43
cluster name: sherlock
node list: sh03-01n43
node list: sh03-01n43
