hardware_concurrency32
Lmin:3;Lmax:17
Pmin:0;Pmax:0.05;nP10
Plmin:1;Plmax:1;nPl1
n:100seed:0;thread1

3,0,1,100
3,0.00555556,1,81
3,0.0111111,1,64
3,0.0166667,1,50
3,0.0222222,1,51
3,0.0277778,1,51
3,0.0333333,1,57
3,0.0388889,1,44
3,0.0444444,1,50
3,0.05,1,52

5,0,1,100
5,0.00555556,1,75
5,0.0111111,1,57
5,0.0166667,1,44
5,0.0222222,1,60
5,0.0277778,1,59
5,0.0333333,1,52
5,0.0388889,1,52
5,0.0444444,1,48
5,0.05,1,53

7,0,1,100
7,0.00555556,1,67
7,0.0111111,1,56
7,0.0166667,1,46
7,0.0222222,1,55
7,0.0277778,1,43
7,0.0333333,1,41
7,0.0388889,1,46
7,0.0444444,1,55
7,0.05,1,54

9,0,1,100
9,0.00555556,1,62
9,0.0111111,1,47
9,0.0166667,1,51
9,0.0222222,1,44
9,0.0277778,1,48
9,0.0333333,1,51
9,0.0388889,1,45
9,0.0444444,1,47
9,0.05,1,51

11,0,1,100
11,0.00555556,1,58
11,0.0111111,1,45
11,0.0166667,1,46
11,0.0222222,1,45
11,0.0277778,1,39
11,0.0333333,1,51
11,0.0388889,1,48
11,0.0444444,1,51
11,0.05,1,47

13,0,1,100
13,0.00555556,1,54
13,0.0111111,1,57
13,0.0166667,1,52
13,0.0222222,1,52
13,0.0277778,1,46
13,0.0333333,1,40
13,0.0388889,1,52
13,0.0444444,1,47
13,0.05,1,48

15,0,1,100
15,0.00555556,1,56
15,0.0111111,1,55
15,0.0166667,1,56
15,0.0222222,1,55
15,0.0277778,1,49
15,0.0333333,1,50
15,0.0388889,1,47
15,0.0444444,1,45
15,0.05,1,49

17,0,1,100
17,0.00555556,1,59
17,0.0111111,1,54
17,0.0166667,1,51
17,0.0222222,1,51
17,0.0277778,1,56
17,0.0333333,1,48
17,0.0388889,1,49
17,0.0444444,1,56
17,0.05,1,55
total CPU time:1547.31;total time:1.54739e+06ms
srun: error: sh03-01n31: task 0: Exited with exit code 55
srun: launch/slurm: _step_signal: Terminating StepId=32172326.0
----------------------------------
id: 32171926
cpu per task 2
nodelist sh03-01n31
cluster name: sherlock
node list: sh03-01n31
node list: sh03-01n31
