hardware_concurrency32
Lmin:3;Lmax:17
Pmin:0;Pmax:0.05;nP10
Plmin:1;Plmax:1;nPl1
n:100seed:0;thread1

3,0,1,100
3,0.00555556,1,94
3,0.0111111,1,78
3,0.0166667,1,62
3,0.0222222,1,65
3,0.0277778,1,65
3,0.0333333,1,53
3,0.0388889,1,51
3,0.0444444,1,48
3,0.05,1,50

5,0,1,100
5,0.00555556,1,95
5,0.0111111,1,71
5,0.0166667,1,52
5,0.0222222,1,50
5,0.0277778,1,48
5,0.0333333,1,45
5,0.0388889,1,44
5,0.0444444,1,54
5,0.05,1,55

7,0,1,100
7,0.00555556,1,92
7,0.0111111,1,64
7,0.0166667,1,51
7,0.0222222,1,43
7,0.0277778,1,44
7,0.0333333,1,40
7,0.0388889,1,51
7,0.0444444,1,43
7,0.05,1,48

9,0,1,100
9,0.00555556,1,95
9,0.0111111,1,60
9,0.0166667,1,47
9,0.0222222,1,42
9,0.0277778,1,45
9,0.0333333,1,57
9,0.0388889,1,53
9,0.0444444,1,45
9,0.05,1,55

11,0,1,100
11,0.00555556,1,97
11,0.0111111,1,56
11,0.0166667,1,49
11,0.0222222,1,59
11,0.0277778,1,50
11,0.0333333,1,46
11,0.0388889,1,58
11,0.0444444,1,54
11,0.05,1,61

13,0,1,100
13,0.00555556,1,93
13,0.0111111,1,48
13,0.0166667,1,48
13,0.0222222,1,45
13,0.0277778,1,49
13,0.0333333,1,58
13,0.0388889,1,60
13,0.0444444,1,44
13,0.05,1,50

15,0,1,100
15,0.00555556,1,98
15,0.0111111,1,55
15,0.0166667,1,55
15,0.0222222,1,46
15,0.0277778,1,53
15,0.0333333,1,48
15,0.0388889,1,55
15,0.0444444,1,53
15,0.05,1,53

17,0,1,100
17,0.00555556,1,95
17,0.0111111,1,44
17,0.0166667,1,55
17,0.0222222,1,49
17,0.0277778,1,42
17,0.0333333,1,54
17,0.0388889,1,53
17,0.0444444,1,54
17,0.05,1,50
total CPU time:1152.81;total time:1.15294e+06ms
srun: error: sh03-01n14: task 0: Exited with exit code 50
srun: launch/slurm: _step_signal: Terminating StepId=32172073.0
----------------------------------
id: 32171893
cpu per task 2
nodelist sh03-01n14
cluster name: sherlock
node list: sh03-01n14
node list: sh03-01n14
