hardware_concurrency32
Lmin:3;Lmax:17
Pmin:0;Pmax:0.05;nP10
Plmin:1;Plmax:1;nPl1
n:100seed:0;thread1

3,0,1,100
3,0.00555556,1,97
3,0.0111111,1,90
3,0.0166667,1,82
3,0.0222222,1,73
3,0.0277778,1,64
3,0.0333333,1,67
3,0.0388889,1,55
3,0.0444444,1,51
3,0.05,1,51

5,0,1,100
5,0.00555556,1,99
5,0.0111111,1,90
5,0.0166667,1,77
5,0.0222222,1,59
5,0.0277778,1,53
5,0.0333333,1,53
5,0.0388889,1,48
5,0.0444444,1,54
5,0.05,1,51

7,0,1,100
7,0.00555556,1,100
7,0.0111111,1,88
7,0.0166667,1,62
7,0.0222222,1,49
7,0.0277778,1,41
7,0.0333333,1,52
7,0.0388889,1,47
7,0.0444444,1,55
7,0.05,1,47

9,0,1,100
9,0.00555556,1,100
9,0.0111111,1,94
9,0.0166667,1,57
9,0.0222222,1,50
9,0.0277778,1,54
9,0.0333333,1,51
9,0.0388889,1,46
9,0.0444444,1,50
9,0.05,1,57

11,0,1,100
11,0.00555556,1,100
11,0.0111111,1,85
11,0.0166667,1,55
11,0.0222222,1,53
11,0.0277778,1,42
11,0.0333333,1,56
11,0.0388889,1,47
11,0.0444444,1,50
11,0.05,1,49

13,0,1,100
13,0.00555556,1,100
13,0.0111111,1,82
13,0.0166667,1,51
13,0.0222222,1,57
13,0.0277778,1,49
13,0.0333333,1,57
13,0.0388889,1,52
13,0.0444444,1,51
13,0.05,1,54

15,0,1,100
15,0.00555556,1,100
15,0.0111111,1,84
15,0.0166667,1,53
15,0.0222222,1,54
15,0.0277778,1,42
15,0.0333333,1,48
15,0.0388889,1,39
15,0.0444444,1,53
15,0.05,1,50

17,0,1,100
17,0.00555556,1,100
17,0.0111111,1,82
17,0.0166667,1,54
17,0.0222222,1,44
17,0.0277778,1,49
17,0.0333333,1,44
17,0.0388889,1,51
17,0.0444444,1,49
17,0.05,1,40
total CPU time:712.98;total time:713021ms
srun: error: sh03-01n10: task 0: Exited with exit code 40
srun: launch/slurm: _step_signal: Terminating StepId=32171966.0
----------------------------------
id: 32171881
cpu per task 2
nodelist sh03-01n10
cluster name: sherlock
node list: sh03-01n10
node list: sh03-01n10
