hardware_concurrency32
Lmin:3;Lmax:17
Pmin:0;Pmax:0.012;nP10
Plmin:1;Plmax:1;nPl1
n:100seed:0;thread1

3,0,1,100
3,0.00133333,1,99
3,0.00266667,1,88
3,0.004,1,83
3,0.00533333,1,81
3,0.00666667,1,70
3,0.008,1,54
3,0.00933333,1,62
3,0.0106667,1,56
3,0.012,1,53

5,0,1,100
5,0.00133333,1,98
5,0.00266667,1,87
5,0.004,1,70
5,0.00533333,1,56
5,0.00666667,1,56
5,0.008,1,51
5,0.00933333,1,50
5,0.0106667,1,49
5,0.012,1,46

7,0,1,100
7,0.00133333,1,95
7,0.00266667,1,82
7,0.004,1,62
7,0.00533333,1,53
7,0.00666667,1,51
7,0.008,1,43
7,0.00933333,1,49
7,0.0106667,1,43
7,0.012,1,51

9,0,1,100
9,0.00133333,1,100
9,0.00266667,1,85
9,0.004,1,56
9,0.00533333,1,47
9,0.00666667,1,32
9,0.008,1,51
9,0.00933333,1,45
9,0.0106667,1,54
9,0.012,1,56

11,0,1,100
11,0.00133333,1,100
11,0.00266667,1,78
11,0.004,1,52
11,0.00533333,1,52
11,0.00666667,1,53
11,0.008,1,53
11,0.00933333,1,47
11,0.0106667,1,55
11,0.012,1,50

13,0,1,100
13,0.00133333,1,100
13,0.00266667,1,85
13,0.004,1,46
13,0.00533333,1,52
13,0.00666667,1,53
13,0.008,1,60
13,0.00933333,1,48
13,0.0106667,1,48
13,0.012,1,48

15,0,1,100
15,0.00133333,1,100
15,0.00266667,1,89
15,0.004,1,45
15,0.00533333,1,51
15,0.00666667,1,50
15,0.008,1,51
15,0.00933333,1,51
15,0.0106667,1,44
15,0.012,1,52

17,0,1,100
17,0.00133333,1,100
17,0.00266667,1,73
17,0.004,1,47
17,0.00533333,1,44
17,0.00666667,1,54
17,0.008,1,43
17,0.00933333,1,43
17,0.0106667,1,57
17,0.012,1,42
total CPU time:792.67;total time:792732ms
srun: error: sh03-01n41: task 0: Exited with exit code 42
srun: launch/slurm: _step_signal: Terminating StepId=32172693.0
----------------------------------
id: 32172130
cpu per task 2
nodelist sh03-01n41
cluster name: sherlock
node list: sh03-01n41
node list: sh03-01n41
