hardware_concurrency32
Lmin:3;Lmax:17
Pmin:0;Pmax:0.012;nP10
Plmin:1;Plmax:1;nPl1
n:100seed:0;thread1

3,0,1,100
3,0.00133333,1,95
3,0.00266667,1,93
3,0.004,1,79
3,0.00533333,1,76
3,0.00666667,1,64
3,0.008,1,62
3,0.00933333,1,62
3,0.0106667,1,56
3,0.012,1,48

5,0,1,100
5,0.00133333,1,97
5,0.00266667,1,89
5,0.004,1,77
5,0.00533333,1,66
5,0.00666667,1,53
5,0.008,1,50
5,0.00933333,1,54
5,0.0106667,1,48
5,0.012,1,46

7,0,1,100
7,0.00133333,1,100
7,0.00266667,1,92
7,0.004,1,66
7,0.00533333,1,54
7,0.00666667,1,40
7,0.008,1,52
7,0.00933333,1,45
7,0.0106667,1,51
7,0.012,1,58

9,0,1,100
9,0.00133333,1,100
9,0.00266667,1,91
9,0.004,1,57
9,0.00533333,1,47
9,0.00666667,1,47
9,0.008,1,53
9,0.00933333,1,46
9,0.0106667,1,52
9,0.012,1,49

11,0,1,100
11,0.00133333,1,100
11,0.00266667,1,76
11,0.004,1,59
11,0.00533333,1,41
11,0.00666667,1,38
11,0.008,1,33
11,0.00933333,1,59
11,0.0106667,1,47
11,0.012,1,48

13,0,1,100
13,0.00133333,1,100
13,0.00266667,1,79
13,0.004,1,54
13,0.00533333,1,53
13,0.00666667,1,43
13,0.008,1,41
13,0.00933333,1,55
13,0.0106667,1,46
13,0.012,1,51

15,0,1,100
15,0.00133333,1,100
15,0.00266667,1,79
15,0.004,1,45
15,0.00533333,1,59
15,0.00666667,1,46
15,0.008,1,46
15,0.00933333,1,50
15,0.0106667,1,57
15,0.012,1,48

17,0,1,100
17,0.00133333,1,100
17,0.00266667,1,79
17,0.004,1,32
17,0.00533333,1,40
17,0.00666667,1,54
17,0.008,1,50
17,0.00933333,1,49
17,0.0106667,1,56
17,0.012,1,56
total CPU time:689.61;total time:689672ms
srun: error: sh03-01n57: task 0: Exited with exit code 56
srun: launch/slurm: _step_signal: Terminating StepId=32172499.0
----------------------------------
id: 32172130
cpu per task 2
nodelist sh03-01n57
cluster name: sherlock
node list: sh03-01n57
node list: sh03-01n57
