hardware_concurrency32
Lmin:3;Lmax:17
Pmin:0;Pmax:0.07;nP10
Plmin:1;Plmax:1;nPl1
n:100seed:0;thread1

3,0,1,100
3,0.00777778,1,100
3,0.0155556,1,100
3,0.0233333,1,98
3,0.0311111,1,97
3,0.0388889,1,91
3,0.0466667,1,85
3,0.0544444,1,72
3,0.0622222,1,65
3,0.07,1,60

5,0,1,100
5,0.00777778,1,100
5,0.0155556,1,100
5,0.0233333,1,98
5,0.0311111,1,98
5,0.0388889,1,94
5,0.0466667,1,82
5,0.0544444,1,66
5,0.0622222,1,51
5,0.07,1,54

7,0,1,100
7,0.00777778,1,100
7,0.0155556,1,100
7,0.0233333,1,100
7,0.0311111,1,99
7,0.0388889,1,92
7,0.0466667,1,83
7,0.0544444,1,62
7,0.0622222,1,55
7,0.07,1,46

9,0,1,100
9,0.00777778,1,100
9,0.0155556,1,100
9,0.0233333,1,100
9,0.0311111,1,98
9,0.0388889,1,89
9,0.0466667,1,62
9,0.0544444,1,44
9,0.0622222,1,50
9,0.07,1,53

11,0,1,100
11,0.00777778,1,100
11,0.0155556,1,100
11,0.0233333,1,100
11,0.0311111,1,99
11,0.0388889,1,83
11,0.0466667,1,56
11,0.0544444,1,45
11,0.0622222,1,49
11,0.07,1,49

13,0,1,100
13,0.00777778,1,100
13,0.0155556,1,100
13,0.0233333,1,100
13,0.0311111,1,98
13,0.0388889,1,87
13,0.0466667,1,61
13,0.0544444,1,55
13,0.0622222,1,53
13,0.07,1,49

15,0,1,100
15,0.00777778,1,100
15,0.0155556,1,100
15,0.0233333,1,100
15,0.0311111,1,100
15,0.0388889,1,84
15,0.0466667,1,53
15,0.0544444,1,45
15,0.0622222,1,43
15,0.07,1,52

17,0,1,100
17,0.00777778,1,100
17,0.0155556,1,100
17,0.0233333,1,100
17,0.0311111,1,100
17,0.0388889,1,82
17,0.0466667,1,55
17,0.0544444,1,46
17,0.0622222,1,46
17,0.07,1,53
total CPU time:396.47;total time:396521ms
srun: error: sh03-01n35: task 0: Exited with exit code 53
srun: launch/slurm: _step_signal: Terminating StepId=32211992.0
----------------------------------
id: 32211982
cpu per task 2
nodelist sh03-01n35
cluster name: sherlock
node list: sh03-01n35
node list: sh03-01n35
