hardware_concurrency32
Lmin:3;Lmax:17
Pmin:0;Pmax:0.012;nP10
Plmin:1;Plmax:1;nPl1
n:100seed:0;thread1

3,0,1,100
3,0.00133333,1,100
3,0.00266667,1,100
3,0.004,1,100
3,0.00533333,1,100
3,0.00666667,1,99
3,0.008,1,91
3,0.00933333,1,92
3,0.0106667,1,88
3,0.012,1,79

5,0,1,100
5,0.00133333,1,100
5,0.00266667,1,100
5,0.004,1,100
5,0.00533333,1,100
5,0.00666667,1,100
5,0.008,1,98
5,0.00933333,1,92
5,0.0106667,1,86
5,0.012,1,72

7,0,1,100
7,0.00133333,1,100
7,0.00266667,1,100
7,0.004,1,100
7,0.00533333,1,100
7,0.00666667,1,100
7,0.008,1,99
7,0.00933333,1,94
7,0.0106667,1,75
7,0.012,1,68

9,0,1,100
9,0.00133333,1,100
9,0.00266667,1,100
9,0.004,1,100
9,0.00533333,1,100
9,0.00666667,1,100
9,0.008,1,99
9,0.00933333,1,92
9,0.0106667,1,76
9,0.012,1,62

11,0,1,100
11,0.00133333,1,100
11,0.00266667,1,100
11,0.004,1,100
11,0.00533333,1,100
11,0.00666667,1,100
11,0.008,1,100
11,0.00933333,1,95
11,0.0106667,1,68
11,0.012,1,58

13,0,1,100
13,0.00133333,1,100
13,0.00266667,1,100
13,0.004,1,100
13,0.00533333,1,100
13,0.00666667,1,100
13,0.008,1,100
13,0.00933333,1,88
13,0.0106667,1,62
13,0.012,1,52

15,0,1,100
15,0.00133333,1,100
15,0.00266667,1,100
15,0.004,1,100
15,0.00533333,1,100
15,0.00666667,1,100
15,0.008,1,100
15,0.00933333,1,88
15,0.0106667,1,62
15,0.012,1,55

17,0,1,100
17,0.00133333,1,100
17,0.00266667,1,100
17,0.004,1,100
17,0.00533333,1,100
17,0.00666667,1,100
17,0.008,1,99
17,0.00933333,1,87
17,0.0106667,1,56
17,0.012,1,55
total CPU time:527.51;total time:527510ms
srun: error: sh03-01n21: task 0: Exited with exit code 55
srun: launch/slurm: _step_signal: Terminating StepId=32218874.0
----------------------------------
id: 32218556
cpu per task 2
nodelist sh03-01n21
cluster name: sherlock
node list: sh03-01n21
node list: sh03-01n21
