hardware_concurrency32
Lmin:3;Lmax:17
Pmin:0;Pmax:0.07;nP10
Plmin:1;Plmax:1;nPl1
n:100seed:0;thread1

3,0,1,100
3,0.00777778,1,100
3,0.0155556,1,100
3,0.0233333,1,99
3,0.0311111,1,91
3,0.0388889,1,92
3,0.0466667,1,81
3,0.0544444,1,85
3,0.0622222,1,70
3,0.07,1,66

5,0,1,100
5,0.00777778,1,100
5,0.0155556,1,100
5,0.0233333,1,100
5,0.0311111,1,99
5,0.0388889,1,88
5,0.0466667,1,82
5,0.0544444,1,64
5,0.0622222,1,60
5,0.07,1,51

7,0,1,100
7,0.00777778,1,100
7,0.0155556,1,100
7,0.0233333,1,99
7,0.0311111,1,99
7,0.0388889,1,94
7,0.0466667,1,69
7,0.0544444,1,62
7,0.0622222,1,61
7,0.07,1,44

9,0,1,100
9,0.00777778,1,100
9,0.0155556,1,100
9,0.0233333,1,100
9,0.0311111,1,97
9,0.0388889,1,94
9,0.0466667,1,64
9,0.0544444,1,52
9,0.0622222,1,48
9,0.07,1,54

11,0,1,100
11,0.00777778,1,100
11,0.0155556,1,100
11,0.0233333,1,100
11,0.0311111,1,99
11,0.0388889,1,88
11,0.0466667,1,62
11,0.0544444,1,56
11,0.0622222,1,53
11,0.07,1,51

13,0,1,100
13,0.00777778,1,100
13,0.0155556,1,100
13,0.0233333,1,100
13,0.0311111,1,100
13,0.0388889,1,95
13,0.0466667,1,55
13,0.0544444,1,59
13,0.0622222,1,41
13,0.07,1,45

15,0,1,100
15,0.00777778,1,100
15,0.0155556,1,100
15,0.0233333,1,100
15,0.0311111,1,100
15,0.0388889,1,86
15,0.0466667,1,52
15,0.0544444,1,57
15,0.0622222,1,54
15,0.07,1,41

17,0,1,100
17,0.00777778,1,100
17,0.0155556,1,100
17,0.0233333,1,100
17,0.0311111,1,98
17,0.0388889,1,89
17,0.0466667,1,54
17,0.0544444,1,54
17,0.0622222,1,41
17,0.07,1,50
total CPU time:374.66;total time:374686ms
srun: error: sh03-01n37: task 0: Exited with exit code 50
srun: launch/slurm: _step_signal: Terminating StepId=32212010.0
----------------------------------
id: 32211982
cpu per task 2
nodelist sh03-01n37
cluster name: sherlock
node list: sh03-01n37
node list: sh03-01n37
