hardware_concurrency32
Lmin:3;Lmax:17
Pmin:0;Pmax:0.012;nP10
Plmin:1;Plmax:1;nPl1
n:100seed:0;thread1

3,0,1,100
3,0.00133333,1,100
3,0.00266667,1,100
3,0.004,1,99
3,0.00533333,1,99
3,0.00666667,1,98
3,0.008,1,95
3,0.00933333,1,91
3,0.0106667,1,86
3,0.012,1,74

5,0,1,100
5,0.00133333,1,100
5,0.00266667,1,100
5,0.004,1,100
5,0.00533333,1,100
5,0.00666667,1,100
5,0.008,1,97
5,0.00933333,1,93
5,0.0106667,1,82
5,0.012,1,73

7,0,1,100
7,0.00133333,1,100
7,0.00266667,1,100
7,0.004,1,100
7,0.00533333,1,100
7,0.00666667,1,100
7,0.008,1,99
7,0.00933333,1,95
7,0.0106667,1,71
7,0.012,1,64

9,0,1,100
9,0.00133333,1,100
9,0.00266667,1,100
9,0.004,1,100
9,0.00533333,1,100
9,0.00666667,1,100
9,0.008,1,100
9,0.00933333,1,96
9,0.0106667,1,64
9,0.012,1,53

11,0,1,100
11,0.00133333,1,100
11,0.00266667,1,100
11,0.004,1,100
11,0.00533333,1,100
11,0.00666667,1,100
11,0.008,1,100
11,0.00933333,1,92
11,0.0106667,1,62
11,0.012,1,43

13,0,1,100
13,0.00133333,1,100
13,0.00266667,1,100
13,0.004,1,100
13,0.00533333,1,100
13,0.00666667,1,100
13,0.008,1,100
13,0.00933333,1,98
13,0.0106667,1,56
13,0.012,1,45

15,0,1,100
15,0.00133333,1,100
15,0.00266667,1,100
15,0.004,1,100
15,0.00533333,1,100
15,0.00666667,1,100
15,0.008,1,100
15,0.00933333,1,98
15,0.0106667,1,55
15,0.012,1,45

17,0,1,100
17,0.00133333,1,100
17,0.00266667,1,100
17,0.004,1,100
17,0.00533333,1,100
17,0.00666667,1,100
17,0.008,1,99
17,0.00933333,1,93
17,0.0106667,1,50
17,0.012,1,59
total CPU time:526.67;total time:526784ms
srun: error: sh03-01n58: task 0: Exited with exit code 59
srun: launch/slurm: _step_signal: Terminating StepId=32218949.0
----------------------------------
id: 32218556
cpu per task 2
nodelist sh03-01n58
cluster name: sherlock
node list: sh03-01n58
node list: sh03-01n58
