hardware_concurrency20
Lmin:3;Lmax:17
Pmin:0;Pmax:0.07;nP10
Plmin:1;Plmax:1;nPl1
n:100seed:0;thread1

3,0,1,100
3,0.00777778,1,93
3,0.0155556,1,67
3,0.0233333,1,51
3,0.0311111,1,52
3,0.0388889,1,57
3,0.0466667,1,52
3,0.0544444,1,61
3,0.0622222,1,58
3,0.07,1,53

5,0,1,100
5,0.00777778,1,94
5,0.0155556,1,51
5,0.0233333,1,46
5,0.0311111,1,46
5,0.0388889,1,54
5,0.0466667,1,51
5,0.0544444,1,57
5,0.0622222,1,52
5,0.07,1,53

7,0,1,100
7,0.00777778,1,92
7,0.0155556,1,44
7,0.0233333,1,45
7,0.0311111,1,48
7,0.0388889,1,54
7,0.0466667,1,47
7,0.0544444,1,57
7,0.0622222,1,54
7,0.07,1,42

9,0,1,100
9,0.00777778,1,97
9,0.0155556,1,54
9,0.0233333,1,49
9,0.0311111,1,48
9,0.0388889,1,49
9,0.0466667,1,52
9,0.0544444,1,40
9,0.0622222,1,48
9,0.07,1,52

11,0,1,100
11,0.00777778,1,97
11,0.0155556,1,49
11,0.0233333,1,46
11,0.0311111,1,50
11,0.0388889,1,54
11,0.0466667,1,51
11,0.0544444,1,56
11,0.0622222,1,50
11,0.07,1,43

13,0,1,100
13,0.00777778,1,98
13,0.0155556,1,53
13,0.0233333,1,35
13,0.0311111,1,56
13,0.0388889,1,52
13,0.0466667,1,50
13,0.0544444,1,47
13,0.0622222,1,41
13,0.07,1,51

15,0,1,100
15,0.00777778,1,96
15,0.0155556,1,54
15,0.0233333,1,41
15,0.0311111,1,45
15,0.0388889,1,46
15,0.0466667,1,47
15,0.0544444,1,56
15,0.0622222,1,54
15,0.07,1,46

17,0,1,100
17,0.00777778,1,99
17,0.0155556,1,49
17,0.0233333,1,50
17,0.0311111,1,49
17,0.0388889,1,47
17,0.0466667,1,52
17,0.0544444,1,56
17,0.0622222,1,54
17,0.07,1,55
total CPU time:2141.17;total time:2.14291e+06ms
srun: error: sh02-01n40: task 0: Exited with exit code 55
srun: launch/slurm: _step_signal: Terminating StepId=32216232.0
----------------------------------
id: 32212000
cpu per task 2
nodelist sh02-01n40
cluster name: sherlock
node list: sh02-01n40
node list: sh02-01n40
