hardware_concurrency32
Lmin:3;Lmax:17
Pmin:0;Pmax:0.012;nP10
Plmin:1;Plmax:1;nPl1
n:100seed:0;thread1

3,0,1,100
3,0.00133333,1,100
3,0.00266667,1,99
3,0.004,1,98
3,0.00533333,1,97
3,0.00666667,1,94
3,0.008,1,88
3,0.00933333,1,73
3,0.0106667,1,79
3,0.012,1,67

5,0,1,100
5,0.00133333,1,100
5,0.00266667,1,100
5,0.004,1,100
5,0.00533333,1,97
5,0.00666667,1,89
5,0.008,1,86
5,0.00933333,1,71
5,0.0106667,1,62
5,0.012,1,55

7,0,1,100
7,0.00133333,1,100
7,0.00266667,1,100
7,0.004,1,100
7,0.00533333,1,98
7,0.00666667,1,94
7,0.008,1,74
7,0.00933333,1,53
7,0.0106667,1,53
7,0.012,1,48

9,0,1,100
9,0.00133333,1,100
9,0.00266667,1,100
9,0.004,1,100
9,0.00533333,1,97
9,0.00666667,1,96
9,0.008,1,66
9,0.00933333,1,50
9,0.0106667,1,52
9,0.012,1,56

11,0,1,100
11,0.00133333,1,100
11,0.00266667,1,100
11,0.004,1,100
11,0.00533333,1,100
11,0.00666667,1,95
11,0.008,1,66
11,0.00933333,1,49
11,0.0106667,1,50
11,0.012,1,55

13,0,1,100
13,0.00133333,1,100
13,0.00266667,1,100
13,0.004,1,100
13,0.00533333,1,100
13,0.00666667,1,94
13,0.008,1,67
13,0.00933333,1,47
13,0.0106667,1,42
13,0.012,1,47

15,0,1,100
15,0.00133333,1,100
15,0.00266667,1,100
15,0.004,1,100
15,0.00533333,1,100
15,0.00666667,1,93
15,0.008,1,60
15,0.00933333,1,55
15,0.0106667,1,52
15,0.012,1,53

17,0,1,100
17,0.00133333,1,100
17,0.00266667,1,100
17,0.004,1,100
17,0.00533333,1,100
17,0.00666667,1,97
17,0.008,1,53
17,0.00933333,1,54
17,0.0106667,1,45
17,0.012,1,52
total CPU time:190.73;total time:190768ms
srun: error: sh03-01n53: task 0: Exited with exit code 52
srun: launch/slurm: _step_signal: Terminating StepId=32218712.0
----------------------------------
id: 32218547
cpu per task 2
nodelist sh03-01n53
cluster name: sherlock
node list: sh03-01n53
node list: sh03-01n53
