hardware_concurrency20
Lmin:3;Lmax:17
Pmin:0;Pmax:0.012;nP10
Plmin:1;Plmax:1;nPl1
n:100seed:0;thread1

3,0,1,100
3,0.00133333,1,100
3,0.00266667,1,100
3,0.004,1,99
3,0.00533333,1,99
3,0.00666667,1,98
3,0.008,1,94
3,0.00933333,1,83
3,0.0106667,1,79
3,0.012,1,73

5,0,1,100
5,0.00133333,1,100
5,0.00266667,1,100
5,0.004,1,100
5,0.00533333,1,100
5,0.00666667,1,96
5,0.008,1,91
5,0.00933333,1,85
5,0.0106667,1,71
5,0.012,1,61

7,0,1,100
7,0.00133333,1,100
7,0.00266667,1,100
7,0.004,1,100
7,0.00533333,1,100
7,0.00666667,1,99
7,0.008,1,93
7,0.00933333,1,85
7,0.0106667,1,75
7,0.012,1,58

9,0,1,100
9,0.00133333,1,100
9,0.00266667,1,100
9,0.004,1,100
9,0.00533333,1,100
9,0.00666667,1,100
9,0.008,1,95
9,0.00933333,1,81
9,0.0106667,1,46
9,0.012,1,48

11,0,1,100
11,0.00133333,1,100
11,0.00266667,1,100
11,0.004,1,100
11,0.00533333,1,100
11,0.00666667,1,100
11,0.008,1,93
11,0.00933333,1,79
11,0.0106667,1,52
11,0.012,1,52

13,0,1,100
13,0.00133333,1,100
13,0.00266667,1,100
13,0.004,1,100
13,0.00533333,1,100
13,0.00666667,1,100
13,0.008,1,97
13,0.00933333,1,68
13,0.0106667,1,51
13,0.012,1,52

15,0,1,100
15,0.00133333,1,100
15,0.00266667,1,100
15,0.004,1,100
15,0.00533333,1,100
15,0.00666667,1,100
15,0.008,1,95
15,0.00933333,1,71
15,0.0106667,1,53
15,0.012,1,61

17,0,1,100
17,0.00133333,1,100
17,0.00266667,1,100
17,0.004,1,100
17,0.00533333,1,100
17,0.00666667,1,100
17,0.008,1,94
17,0.00933333,1,62
17,0.0106667,1,51
17,0.012,1,55
total CPU time:408.68;total time:408722ms
srun: error: sh02-01n16: task 0: Exited with exit code 55
srun: launch/slurm: _step_signal: Terminating StepId=32218629.0
----------------------------------
id: 32218550
cpu per task 2
nodelist sh02-01n16
cluster name: sherlock
node list: sh02-01n16
node list: sh02-01n16
