hardware_concurrency20
Lmin:3;Lmax:17
Pmin:0;Pmax:0.07;nP10
Plmin:1;Plmax:1;nPl1
n:100seed:0;thread1

3,0,1,100
3,0.00777778,1,89
3,0.0155556,1,54
3,0.0233333,1,49
3,0.0311111,1,53
3,0.0388889,1,50
3,0.0466667,1,52
3,0.0544444,1,52
3,0.0622222,1,54
3,0.07,1,47

5,0,1,100
5,0.00777778,1,86
5,0.0155556,1,43
5,0.0233333,1,38
5,0.0311111,1,50
5,0.0388889,1,55
5,0.0466667,1,49
5,0.0544444,1,48
5,0.0622222,1,60
5,0.07,1,49

7,0,1,100
7,0.00777778,1,82
7,0.0155556,1,53
7,0.0233333,1,57
7,0.0311111,1,52
7,0.0388889,1,54
7,0.0466667,1,56
7,0.0544444,1,55
7,0.0622222,1,37
7,0.07,1,54

9,0,1,100
9,0.00777778,1,76
9,0.0155556,1,53
9,0.0233333,1,55
9,0.0311111,1,49
9,0.0388889,1,55
9,0.0466667,1,57
9,0.0544444,1,50
9,0.0622222,1,52
9,0.07,1,49

11,0,1,100
11,0.00777778,1,68
11,0.0155556,1,49
11,0.0233333,1,44
11,0.0311111,1,50
11,0.0388889,1,37
11,0.0466667,1,54
11,0.0544444,1,55
11,0.0622222,1,56
11,0.07,1,47

13,0,1,100
13,0.00777778,1,63
13,0.0155556,1,57
13,0.0233333,1,56
13,0.0311111,1,52
13,0.0388889,1,48
13,0.0466667,1,38
13,0.0544444,1,49
13,0.0622222,1,46
13,0.07,1,57

15,0,1,100
15,0.00777778,1,68
15,0.0155556,1,49
15,0.0233333,1,54
15,0.0311111,1,52
15,0.0388889,1,48
15,0.0466667,1,48
15,0.0544444,1,49
15,0.0622222,1,43
15,0.07,1,45

17,0,1,100
17,0.00777778,1,66
17,0.0155556,1,54
17,0.0233333,1,43
17,0.0311111,1,46
17,0.0388889,1,45
17,0.0466667,1,40
17,0.0544444,1,44
17,0.0622222,1,48
17,0.07,1,57
total CPU time:1871.19;total time:1.87155e+06ms
srun: error: sh02-01n44: task 0: Exited with exit code 57
srun: launch/slurm: _step_signal: Terminating StepId=32215147.0
----------------------------------
id: 32211999
cpu per task 2
nodelist sh02-01n44
cluster name: sherlock
node list: sh02-01n44
node list: sh02-01n44
