hardware_concurrency20
Lmin:3;Lmax:17
Pmin:0;Pmax:0.012;nP10
Plmin:1;Plmax:1;nPl1
n:100seed:0;thread1

3,0,1,100
3,0.00133333,1,100
3,0.00266667,1,100
3,0.004,1,100
3,0.00533333,1,100
3,0.00666667,1,98
3,0.008,1,96
3,0.00933333,1,89
3,0.0106667,1,88
3,0.012,1,84

5,0,1,100
5,0.00133333,1,100
5,0.00266667,1,100
5,0.004,1,100
5,0.00533333,1,100
5,0.00666667,1,99
5,0.008,1,96
5,0.00933333,1,91
5,0.0106667,1,82
5,0.012,1,70

7,0,1,100
7,0.00133333,1,100
7,0.00266667,1,100
7,0.004,1,100
7,0.00533333,1,100
7,0.00666667,1,100
7,0.008,1,98
7,0.00933333,1,97
7,0.0106667,1,82
7,0.012,1,64

9,0,1,100
9,0.00133333,1,100
9,0.00266667,1,100
9,0.004,1,100
9,0.00533333,1,100
9,0.00666667,1,100
9,0.008,1,100
9,0.00933333,1,96
9,0.0106667,1,73
9,0.012,1,53

11,0,1,100
11,0.00133333,1,100
11,0.00266667,1,100
11,0.004,1,100
11,0.00533333,1,100
11,0.00666667,1,100
11,0.008,1,100
11,0.00933333,1,94
11,0.0106667,1,69
11,0.012,1,49

13,0,1,100
13,0.00133333,1,100
13,0.00266667,1,100
13,0.004,1,100
13,0.00533333,1,100
13,0.00666667,1,100
13,0.008,1,100
13,0.00933333,1,95
13,0.0106667,1,56
13,0.012,1,44

15,0,1,100
15,0.00133333,1,100
15,0.00266667,1,100
15,0.004,1,100
15,0.00533333,1,100
15,0.00666667,1,100
15,0.008,1,100
15,0.00933333,1,86
15,0.0106667,1,60
15,0.012,1,57

17,0,1,100
17,0.00133333,1,100
17,0.00266667,1,100
17,0.004,1,100
17,0.00533333,1,100
17,0.00666667,1,100
17,0.008,1,100
17,0.00933333,1,92
17,0.0106667,1,54
17,0.012,1,45
total CPU time:595.21;total time:595316ms
srun: error: sh02-01n10: task 0: Exited with exit code 45
srun: launch/slurm: _step_signal: Terminating StepId=32218907.0
----------------------------------
id: 32218556
cpu per task 2
nodelist sh02-01n10
cluster name: sherlock
node list: sh02-01n10
node list: sh02-01n10
