hardware_concurrency32
Lmin:3;Lmax:17
Pmin:0;Pmax:0.07;nP10
Plmin:1;Plmax:1;nPl1
n:100seed:0;thread1

3,0,1,100
3,0.00777778,1,100
3,0.0155556,1,100
3,0.0233333,1,100
3,0.0311111,1,98
3,0.0388889,1,96
3,0.0466667,1,91
3,0.0544444,1,93
3,0.0622222,1,93
3,0.07,1,74

5,0,1,100
5,0.00777778,1,100
5,0.0155556,1,100
5,0.0233333,1,100
5,0.0311111,1,99
5,0.0388889,1,99
5,0.0466667,1,94
5,0.0544444,1,88
5,0.0622222,1,75
5,0.07,1,60

7,0,1,100
7,0.00777778,1,100
7,0.0155556,1,100
7,0.0233333,1,100
7,0.0311111,1,100
7,0.0388889,1,100
7,0.0466667,1,100
7,0.0544444,1,82
7,0.0622222,1,62
7,0.07,1,51

9,0,1,100
9,0.00777778,1,100
9,0.0155556,1,100
9,0.0233333,1,100
9,0.0311111,1,100
9,0.0388889,1,100
9,0.0466667,1,97
9,0.0544444,1,90
9,0.0622222,1,58
9,0.07,1,49

11,0,1,100
11,0.00777778,1,100
11,0.0155556,1,100
11,0.0233333,1,100
11,0.0311111,1,100
11,0.0388889,1,100
11,0.0466667,1,100
11,0.0544444,1,86
11,0.0622222,1,55
11,0.07,1,33

13,0,1,100
13,0.00777778,1,100
13,0.0155556,1,100
13,0.0233333,1,100
13,0.0311111,1,100
13,0.0388889,1,100
13,0.0466667,1,100
13,0.0544444,1,78
13,0.0622222,1,45
13,0.07,1,56

15,0,1,100
15,0.00777778,1,100
15,0.0155556,1,100
15,0.0233333,1,100
15,0.0311111,1,100
15,0.0388889,1,100
15,0.0466667,1,100
15,0.0544444,1,78
15,0.0622222,1,48
15,0.07,1,52

17,0,1,100
17,0.00777778,1,100
17,0.0155556,1,100
17,0.0233333,1,100
17,0.0311111,1,100
17,0.0388889,1,100
17,0.0466667,1,100
17,0.0544444,1,77
17,0.0622222,1,48
17,0.07,1,58
total CPU time:351.42;total time:351457ms
srun: error: sh03-01n09: task 0: Exited with exit code 58
srun: launch/slurm: _step_signal: Terminating StepId=32212305.0
----------------------------------
id: 32211984
cpu per task 2
nodelist sh03-01n09
cluster name: sherlock
node list: sh03-01n09
node list: sh03-01n09
