hardware_concurrency20
Lmin:3;Lmax:17
Pmin:0;Pmax:0.012;nP10
Plmin:1;Plmax:1;nPl1
n:100seed:0;thread1

3,0,1,100
3,0.00133333,1,100
3,0.00266667,1,100
3,0.004,1,98
3,0.00533333,1,96
3,0.00666667,1,88
3,0.008,1,84
3,0.00933333,1,83
3,0.0106667,1,81
3,0.012,1,69

5,0,1,100
5,0.00133333,1,100
5,0.00266667,1,100
5,0.004,1,100
5,0.00533333,1,96
5,0.00666667,1,93
5,0.008,1,83
5,0.00933333,1,85
5,0.0106667,1,56
5,0.012,1,50

7,0,1,100
7,0.00133333,1,100
7,0.00266667,1,100
7,0.004,1,100
7,0.00533333,1,100
7,0.00666667,1,93
7,0.008,1,81
7,0.00933333,1,61
7,0.0106667,1,58
7,0.012,1,53

9,0,1,100
9,0.00133333,1,100
9,0.00266667,1,100
9,0.004,1,100
9,0.00533333,1,98
9,0.00666667,1,89
9,0.008,1,73
9,0.00933333,1,53
9,0.0106667,1,46
9,0.012,1,52

11,0,1,100
11,0.00133333,1,100
11,0.00266667,1,100
11,0.004,1,100
11,0.00533333,1,100
11,0.00666667,1,90
11,0.008,1,65
11,0.00933333,1,43
11,0.0106667,1,54
11,0.012,1,49

13,0,1,100
13,0.00133333,1,100
13,0.00266667,1,100
13,0.004,1,100
13,0.00533333,1,99
13,0.00666667,1,90
13,0.008,1,66
13,0.00933333,1,48
13,0.0106667,1,50
13,0.012,1,46

15,0,1,100
15,0.00133333,1,100
15,0.00266667,1,100
15,0.004,1,100
15,0.00533333,1,98
15,0.00666667,1,92
15,0.008,1,61
15,0.00933333,1,52
15,0.0106667,1,48
15,0.012,1,45

17,0,1,100
17,0.00133333,1,100
17,0.00266667,1,100
17,0.004,1,100
17,0.00533333,1,100
17,0.00666667,1,94
17,0.008,1,62
17,0.00933333,1,51
17,0.0106667,1,49
17,0.012,1,45
total CPU time:244.73;total time:244744ms
srun: error: sh02-01n50: task 0: Exited with exit code 45
srun: launch/slurm: _step_signal: Terminating StepId=32218610.0
----------------------------------
id: 32218547
cpu per task 2
nodelist sh02-01n50
cluster name: sherlock
node list: sh02-01n50
node list: sh02-01n50
