hardware_concurrency32
Lmin:3;Lmax:17
Pmin:0;Pmax:0.012;nP10
Plmin:1;Plmax:1;nPl1
n:100seed:0;thread1

3,0,1,100
3,0.00133333,1,100
3,0.00266667,1,100
3,0.004,1,100
3,0.00533333,1,100
3,0.00666667,1,99
3,0.008,1,93
3,0.00933333,1,95
3,0.0106667,1,89
3,0.012,1,78

5,0,1,100
5,0.00133333,1,100
5,0.00266667,1,100
5,0.004,1,100
5,0.00533333,1,98
5,0.00666667,1,100
5,0.008,1,99
5,0.00933333,1,93
5,0.0106667,1,83
5,0.012,1,69

7,0,1,100
7,0.00133333,1,100
7,0.00266667,1,100
7,0.004,1,100
7,0.00533333,1,100
7,0.00666667,1,99
7,0.008,1,94
7,0.00933333,1,89
7,0.0106667,1,80
7,0.012,1,53

9,0,1,100
9,0.00133333,1,100
9,0.00266667,1,100
9,0.004,1,100
9,0.00533333,1,100
9,0.00666667,1,100
9,0.008,1,98
9,0.00933333,1,94
9,0.0106667,1,70
9,0.012,1,52

11,0,1,100
11,0.00133333,1,100
11,0.00266667,1,100
11,0.004,1,100
11,0.00533333,1,100
11,0.00666667,1,100
11,0.008,1,99
11,0.00933333,1,90
11,0.0106667,1,68
11,0.012,1,49

13,0,1,100
13,0.00133333,1,100
13,0.00266667,1,100
13,0.004,1,100
13,0.00533333,1,100
13,0.00666667,1,100
13,0.008,1,100
13,0.00933333,1,89
13,0.0106667,1,54
13,0.012,1,50

15,0,1,100
15,0.00133333,1,100
15,0.00266667,1,100
15,0.004,1,100
15,0.00533333,1,100
15,0.00666667,1,100
15,0.008,1,99
15,0.00933333,1,89
15,0.0106667,1,55
15,0.012,1,45

17,0,1,100
17,0.00133333,1,100
17,0.00266667,1,100
17,0.004,1,100
17,0.00533333,1,100
17,0.00666667,1,100
17,0.008,1,100
17,0.00933333,1,90
17,0.0106667,1,50
17,0.012,1,51
total CPU time:528.22;total time:528221ms
srun: error: sh03-01n61: task 0: Exited with exit code 51
srun: launch/slurm: _step_signal: Terminating StepId=32218962.0
----------------------------------
id: 32218556
cpu per task 2
nodelist sh03-01n61
cluster name: sherlock
node list: sh03-01n61
node list: sh03-01n61
