hardware_concurrency32
Lmin:3;Lmax:17
Pmin:0;Pmax:0.012;nP10
Plmin:1;Plmax:1;nPl1
n:100seed:0;thread1

3,0,1,100
3,0.00133333,1,100
3,0.00266667,1,100
3,0.004,1,100
3,0.00533333,1,100
3,0.00666667,1,98
3,0.008,1,93
3,0.00933333,1,92
3,0.0106667,1,83
3,0.012,1,79

5,0,1,100
5,0.00133333,1,100
5,0.00266667,1,100
5,0.004,1,100
5,0.00533333,1,100
5,0.00666667,1,100
5,0.008,1,98
5,0.00933333,1,88
5,0.0106667,1,85
5,0.012,1,65

7,0,1,100
7,0.00133333,1,100
7,0.00266667,1,100
7,0.004,1,100
7,0.00533333,1,100
7,0.00666667,1,100
7,0.008,1,97
7,0.00933333,1,90
7,0.0106667,1,70
7,0.012,1,59

9,0,1,100
9,0.00133333,1,100
9,0.00266667,1,100
9,0.004,1,100
9,0.00533333,1,100
9,0.00666667,1,100
9,0.008,1,99
9,0.00933333,1,93
9,0.0106667,1,71
9,0.012,1,51

11,0,1,100
11,0.00133333,1,100
11,0.00266667,1,100
11,0.004,1,100
11,0.00533333,1,100
11,0.00666667,1,100
11,0.008,1,100
11,0.00933333,1,94
11,0.0106667,1,71
11,0.012,1,50

13,0,1,100
13,0.00133333,1,100
13,0.00266667,1,100
13,0.004,1,100
13,0.00533333,1,100
13,0.00666667,1,100
13,0.008,1,100
13,0.00933333,1,89
13,0.0106667,1,63
13,0.012,1,52

15,0,1,100
15,0.00133333,1,100
15,0.00266667,1,100
15,0.004,1,100
15,0.00533333,1,100
15,0.00666667,1,100
15,0.008,1,100
15,0.00933333,1,92
15,0.0106667,1,59
15,0.012,1,55

17,0,1,100
17,0.00133333,1,100
17,0.00266667,1,100
17,0.004,1,100
17,0.00533333,1,100
17,0.00666667,1,100
17,0.008,1,100
17,0.00933333,1,97
17,0.0106667,1,61
17,0.012,1,51
total CPU time:527.23;total time:527316ms
srun: error: sh03-01n34: task 0: Exited with exit code 51
srun: launch/slurm: _step_signal: Terminating StepId=32218958.0
----------------------------------
id: 32218556
cpu per task 2
nodelist sh03-01n34
cluster name: sherlock
node list: sh03-01n34
node list: sh03-01n34
