hardware_concurrency32
Lmin:3;Lmax:17
Pmin:0;Pmax:0.012;nP10
Plmin:1;Plmax:1;nPl1
n:100seed:0;thread1

3,0,1,100
3,0.00133333,1,100
3,0.00266667,1,100
3,0.004,1,100
3,0.00533333,1,98
3,0.00666667,1,98
3,0.008,1,99
3,0.00933333,1,90
3,0.0106667,1,85
3,0.012,1,81

5,0,1,100
5,0.00133333,1,100
5,0.00266667,1,100
5,0.004,1,100
5,0.00533333,1,100
5,0.00666667,1,100
5,0.008,1,99
5,0.00933333,1,96
5,0.0106667,1,84
5,0.012,1,75

7,0,1,100
7,0.00133333,1,100
7,0.00266667,1,100
7,0.004,1,100
7,0.00533333,1,100
7,0.00666667,1,100
7,0.008,1,99
7,0.00933333,1,91
7,0.0106667,1,78
7,0.012,1,63

9,0,1,100
9,0.00133333,1,100
9,0.00266667,1,100
9,0.004,1,100
9,0.00533333,1,100
9,0.00666667,1,100
9,0.008,1,99
9,0.00933333,1,89
9,0.0106667,1,75
9,0.012,1,58

11,0,1,100
11,0.00133333,1,100
11,0.00266667,1,100
11,0.004,1,100
11,0.00533333,1,100
11,0.00666667,1,100
11,0.008,1,97
11,0.00933333,1,92
11,0.0106667,1,59
11,0.012,1,53

13,0,1,100
13,0.00133333,1,100
13,0.00266667,1,100
13,0.004,1,100
13,0.00533333,1,100
13,0.00666667,1,100
13,0.008,1,99
13,0.00933333,1,95
13,0.0106667,1,63
13,0.012,1,39

15,0,1,100
15,0.00133333,1,100
15,0.00266667,1,100
15,0.004,1,100
15,0.00533333,1,100
15,0.00666667,1,100
15,0.008,1,100
15,0.00933333,1,92
15,0.0106667,1,60
15,0.012,1,49

17,0,1,100
17,0.00133333,1,100
17,0.00266667,1,100
17,0.004,1,100
17,0.00533333,1,100
17,0.00666667,1,100
17,0.008,1,100
17,0.00933333,1,94
17,0.0106667,1,50
17,0.012,1,34
total CPU time:525.69;total time:525767ms
srun: error: sh03-01n02: task 0: Exited with exit code 34
srun: launch/slurm: _step_signal: Terminating StepId=32218954.0
----------------------------------
id: 32218556
cpu per task 2
nodelist sh03-01n02
cluster name: sherlock
node list: sh03-01n02
node list: sh03-01n02
