hardware_concurrency20
Lmin:3;Lmax:17
Pmin:0;Pmax:0.07;nP10
Plmin:1;Plmax:1;nPl1
n:100seed:0;thread1

3,0,1,100
3,0.00777778,1,90
3,0.0155556,1,67
3,0.0233333,1,62
3,0.0311111,1,57
3,0.0388889,1,49
3,0.0466667,1,47
3,0.0544444,1,50
3,0.0622222,1,55
3,0.07,1,60

5,0,1,100
5,0.00777778,1,94
5,0.0155556,1,45
5,0.0233333,1,47
5,0.0311111,1,46
5,0.0388889,1,52
5,0.0466667,1,46
5,0.0544444,1,58
5,0.0622222,1,61
5,0.07,1,51

7,0,1,100
7,0.00777778,1,97
7,0.0155556,1,49
7,0.0233333,1,51
7,0.0311111,1,42
7,0.0388889,1,45
7,0.0466667,1,44
7,0.0544444,1,45
7,0.0622222,1,46
7,0.07,1,57

9,0,1,100
9,0.00777778,1,98
9,0.0155556,1,55
9,0.0233333,1,54
9,0.0311111,1,43
9,0.0388889,1,49
9,0.0466667,1,56
9,0.0544444,1,47
9,0.0622222,1,40
9,0.07,1,50

11,0,1,100
11,0.00777778,1,97
11,0.0155556,1,58
11,0.0233333,1,56
11,0.0311111,1,58
11,0.0388889,1,42
11,0.0466667,1,59
11,0.0544444,1,49
11,0.0622222,1,41
11,0.07,1,47

13,0,1,100
13,0.00777778,1,98
13,0.0155556,1,45
13,0.0233333,1,62
13,0.0311111,1,43
13,0.0388889,1,37
13,0.0466667,1,59
13,0.0544444,1,50
13,0.0622222,1,54
13,0.07,1,58

15,0,1,100
15,0.00777778,1,97
15,0.0155556,1,55
15,0.0233333,1,52
15,0.0311111,1,47
15,0.0388889,1,42
15,0.0466667,1,52
15,0.0544444,1,48
15,0.0622222,1,47
15,0.07,1,55

17,0,1,100
17,0.00777778,1,98
17,0.0155556,1,56
17,0.0233333,1,54
17,0.0311111,1,53
17,0.0388889,1,48
17,0.0466667,1,47
17,0.0544444,1,48
17,0.0622222,1,56
17,0.07,1,54
total CPU time:2067.79;total time:2.07174e+06ms
srun: error: sh02-01n36: task 0: Exited with exit code 54
srun: launch/slurm: _step_signal: Terminating StepId=32216494.0
----------------------------------
id: 32212000
cpu per task 2
nodelist sh02-01n36
cluster name: sherlock
node list: sh02-01n36
node list: sh02-01n36
