hardware_concurrency24
Lmin:3;Lmax:17
Pmin:0;Pmax:0.07;nP10
Plmin:1;Plmax:1;nPl1
n:100seed:0;thread1

3,0,1,100
3,0.00777778,1,93
3,0.0155556,1,54
3,0.0233333,1,44
3,0.0311111,1,42
3,0.0388889,1,49
3,0.0466667,1,51
3,0.0544444,1,50
3,0.0622222,1,58
3,0.07,1,54

5,0,1,100
5,0.00777778,1,92
5,0.0155556,1,44
5,0.0233333,1,56
5,0.0311111,1,52
5,0.0388889,1,50
5,0.0466667,1,55
5,0.0544444,1,43
5,0.0622222,1,42
5,0.07,1,48

7,0,1,100
7,0.00777778,1,96
7,0.0155556,1,41
7,0.0233333,1,40
7,0.0311111,1,55
7,0.0388889,1,58
7,0.0466667,1,39
7,0.0544444,1,45
7,0.0622222,1,43
7,0.07,1,47

9,0,1,100
9,0.00777778,1,98
9,0.0155556,1,50
9,0.0233333,1,43
9,0.0311111,1,47
9,0.0388889,1,48
9,0.0466667,1,49
9,0.0544444,1,50
9,0.0622222,1,56
9,0.07,1,53

11,0,1,100
11,0.00777778,1,98
11,0.0155556,1,53
11,0.0233333,1,54
11,0.0311111,1,50
11,0.0388889,1,59
11,0.0466667,1,57
11,0.0544444,1,49
11,0.0622222,1,55
11,0.07,1,55

13,0,1,100
13,0.00777778,1,97
13,0.0155556,1,44
13,0.0233333,1,49
13,0.0311111,1,43
13,0.0388889,1,51
13,0.0466667,1,61
13,0.0544444,1,50
13,0.0622222,1,52
13,0.07,1,43

15,0,1,100
15,0.00777778,1,97
15,0.0155556,1,55
15,0.0233333,1,57
15,0.0311111,1,46
15,0.0388889,1,53
15,0.0466667,1,49
15,0.0544444,1,53
15,0.0622222,1,47
15,0.07,1,45

17,0,1,100
17,0.00777778,1,96
17,0.0155556,1,44
17,0.0233333,1,53
17,0.0311111,1,46
17,0.0388889,1,52
17,0.0466667,1,56
17,0.0544444,1,57
17,0.0622222,1,46
17,0.07,1,54
total CPU time:2055.42;total time:2.06052e+06ms
srun: error: sh02-08n41: task 0: Exited with exit code 54
srun: launch/slurm: _step_signal: Terminating StepId=32216092.0
----------------------------------
id: 32212000
cpu per task 2
nodelist sh02-08n41
cluster name: sherlock
node list: sh02-08n41
node list: sh02-08n41
