hardware_concurrency20
Lmin:3;Lmax:17
Pmin:0;Pmax:0.07;nP10
Plmin:1;Plmax:1;nPl1
n:100seed:0;thread1

3,0,1,100
3,0.00777778,1,100
3,0.0155556,1,100
3,0.0233333,1,100
3,0.0311111,1,100
3,0.0388889,1,100
3,0.0466667,1,100
3,0.0544444,1,99
3,0.0622222,1,96
3,0.07,1,90

5,0,1,100
5,0.00777778,1,100
5,0.0155556,1,100
5,0.0233333,1,100
5,0.0311111,1,100
5,0.0388889,1,100
5,0.0466667,1,100
5,0.0544444,1,98
5,0.0622222,1,97
5,0.07,1,81

7,0,1,100
7,0.00777778,1,100
7,0.0155556,1,100
7,0.0233333,1,100
7,0.0311111,1,100
7,0.0388889,1,100
7,0.0466667,1,100
7,0.0544444,1,100
7,0.0622222,1,99
7,0.07,1,81

9,0,1,100
9,0.00777778,1,100
9,0.0155556,1,100
9,0.0233333,1,100
9,0.0311111,1,100
9,0.0388889,1,100
9,0.0466667,1,100
9,0.0544444,1,100
9,0.0622222,1,98
9,0.07,1,79

11,0,1,100
11,0.00777778,1,100
11,0.0155556,1,100
11,0.0233333,1,100
11,0.0311111,1,100
11,0.0388889,1,100
11,0.0466667,1,100
11,0.0544444,1,100
11,0.0622222,1,99
11,0.07,1,81

13,0,1,100
13,0.00777778,1,100
13,0.0155556,1,100
13,0.0233333,1,100
13,0.0311111,1,100
13,0.0388889,1,100
13,0.0466667,1,100
13,0.0544444,1,100
13,0.0622222,1,98
13,0.07,1,74

15,0,1,100
15,0.00777778,1,100
15,0.0155556,1,100
15,0.0233333,1,100
15,0.0311111,1,100
15,0.0388889,1,100
15,0.0466667,1,100
15,0.0544444,1,100
15,0.0622222,1,100
15,0.07,1,80

17,0,1,100
17,0.00777778,1,100
17,0.0155556,1,100
17,0.0233333,1,100
17,0.0311111,1,100
17,0.0388889,1,100
17,0.0466667,1,100
17,0.0544444,1,100
17,0.0622222,1,99
17,0.07,1,63
total CPU time:683.28;total time:683341ms
srun: error: sh02-01n11: task 0: Exited with exit code 63
srun: launch/slurm: _step_signal: Terminating StepId=32213374.0
----------------------------------
id: 32211988
cpu per task 2
nodelist sh02-01n11
cluster name: sherlock
node list: sh02-01n11
node list: sh02-01n11
