hardware_concurrency20
Lmin:3;Lmax:17
Pmin:0;Pmax:0.07;nP10
Plmin:1;Plmax:1;nPl1
n:100seed:0;thread1

3,0,1,100
3,0.00777778,1,100
3,0.0155556,1,100
3,0.0233333,1,100
3,0.0311111,1,100
3,0.0388889,1,97
3,0.0466667,1,97
3,0.0544444,1,86
3,0.0622222,1,79
3,0.07,1,72

5,0,1,100
5,0.00777778,1,100
5,0.0155556,1,100
5,0.0233333,1,100
5,0.0311111,1,100
5,0.0388889,1,99
5,0.0466667,1,96
5,0.0544444,1,86
5,0.0622222,1,74
5,0.07,1,56

7,0,1,100
7,0.00777778,1,100
7,0.0155556,1,100
7,0.0233333,1,100
7,0.0311111,1,100
7,0.0388889,1,100
7,0.0466667,1,97
7,0.0544444,1,87
7,0.0622222,1,61
7,0.07,1,50

9,0,1,100
9,0.00777778,1,100
9,0.0155556,1,100
9,0.0233333,1,100
9,0.0311111,1,100
9,0.0388889,1,100
9,0.0466667,1,99
9,0.0544444,1,83
9,0.0622222,1,59
9,0.07,1,50

11,0,1,100
11,0.00777778,1,100
11,0.0155556,1,100
11,0.0233333,1,100
11,0.0311111,1,100
11,0.0388889,1,100
11,0.0466667,1,98
11,0.0544444,1,77
11,0.0622222,1,39
11,0.07,1,48

13,0,1,100
13,0.00777778,1,100
13,0.0155556,1,100
13,0.0233333,1,100
13,0.0311111,1,100
13,0.0388889,1,100
13,0.0466667,1,99
13,0.0544444,1,78
13,0.0622222,1,52
13,0.07,1,51

15,0,1,100
15,0.00777778,1,100
15,0.0155556,1,100
15,0.0233333,1,100
15,0.0311111,1,100
15,0.0388889,1,100
15,0.0466667,1,99
15,0.0544444,1,81
15,0.0622222,1,48
15,0.07,1,39

17,0,1,100
17,0.00777778,1,100
17,0.0155556,1,100
17,0.0233333,1,100
17,0.0311111,1,100
17,0.0388889,1,100
17,0.0466667,1,100
17,0.0544444,1,69
17,0.0622222,1,52
17,0.07,1,39
total CPU time:405.97;total time:405995ms
srun: error: sh02-01n54: task 0: Exited with exit code 39
srun: launch/slurm: _step_signal: Terminating StepId=32212357.0
----------------------------------
id: 32211984
cpu per task 2
nodelist sh02-01n54
cluster name: sherlock
node list: sh02-01n54
node list: sh02-01n54
