hardware_concurrency32
Lmin:3;Lmax:17
Pmin:0;Pmax:0.07;nP10
Plmin:1;Plmax:1;nPl1
n:100seed:0;thread1

3,0,1,100
3,0.00777778,1,100
3,0.0155556,1,100
3,0.0233333,1,100
3,0.0311111,1,100
3,0.0388889,1,98
3,0.0466667,1,95
3,0.0544444,1,92
3,0.0622222,1,83
3,0.07,1,73

5,0,1,100
5,0.00777778,1,100
5,0.0155556,1,100
5,0.0233333,1,100
5,0.0311111,1,100
5,0.0388889,1,98
5,0.0466667,1,94
5,0.0544444,1,87
5,0.0622222,1,76
5,0.07,1,53

7,0,1,100
7,0.00777778,1,100
7,0.0155556,1,100
7,0.0233333,1,100
7,0.0311111,1,100
7,0.0388889,1,100
7,0.0466667,1,98
7,0.0544444,1,87
7,0.0622222,1,71
7,0.07,1,56

9,0,1,100
9,0.00777778,1,100
9,0.0155556,1,100
9,0.0233333,1,100
9,0.0311111,1,100
9,0.0388889,1,100
9,0.0466667,1,99
9,0.0544444,1,82
9,0.0622222,1,60
9,0.07,1,45

11,0,1,100
11,0.00777778,1,100
11,0.0155556,1,100
11,0.0233333,1,100
11,0.0311111,1,100
11,0.0388889,1,100
11,0.0466667,1,98
11,0.0544444,1,83
11,0.0622222,1,52
11,0.07,1,47

13,0,1,100
13,0.00777778,1,100
13,0.0155556,1,100
13,0.0233333,1,100
13,0.0311111,1,100
13,0.0388889,1,100
13,0.0466667,1,100
13,0.0544444,1,77
13,0.0622222,1,40
13,0.07,1,52

15,0,1,100
15,0.00777778,1,100
15,0.0155556,1,100
15,0.0233333,1,100
15,0.0311111,1,100
15,0.0388889,1,100
15,0.0466667,1,100
15,0.0544444,1,75
15,0.0622222,1,40
15,0.07,1,44

17,0,1,100
17,0.00777778,1,100
17,0.0155556,1,100
17,0.0233333,1,100
17,0.0311111,1,100
17,0.0388889,1,100
17,0.0466667,1,99
17,0.0544444,1,69
17,0.0622222,1,46
17,0.07,1,52
total CPU time:346.99;total time:347020ms
srun: error: sh03-01n05: task 0: Exited with exit code 52
srun: launch/slurm: _step_signal: Terminating StepId=32212280.0
----------------------------------
id: 32211984
cpu per task 2
nodelist sh03-01n05
cluster name: sherlock
node list: sh03-01n05
node list: sh03-01n05
