hardware_concurrency32
Lmin:3;Lmax:17
Pmin:0;Pmax:0.07;nP10
Plmin:1;Plmax:1;nPl1
n:100seed:0;thread1

3,0,1,100
3,0.00777778,1,97
3,0.0155556,1,58
3,0.0233333,1,49
3,0.0311111,1,54
3,0.0388889,1,48
3,0.0466667,1,51
3,0.0544444,1,40
3,0.0622222,1,53
3,0.07,1,54

5,0,1,100
5,0.00777778,1,99
5,0.0155556,1,59
5,0.0233333,1,59
5,0.0311111,1,56
5,0.0388889,1,45
5,0.0466667,1,47
5,0.0544444,1,46
5,0.0622222,1,41
5,0.07,1,47

7,0,1,100
7,0.00777778,1,100
7,0.0155556,1,50
7,0.0233333,1,46
7,0.0311111,1,48
7,0.0388889,1,50
7,0.0466667,1,49
7,0.0544444,1,54
7,0.0622222,1,57
7,0.07,1,52

9,0,1,100
9,0.00777778,1,100
9,0.0155556,1,44
9,0.0233333,1,46
9,0.0311111,1,49
9,0.0388889,1,44
9,0.0466667,1,47
9,0.0544444,1,50
9,0.0622222,1,48
9,0.07,1,55

11,0,1,100
11,0.00777778,1,100
11,0.0155556,1,46
11,0.0233333,1,50
11,0.0311111,1,60
11,0.0388889,1,48
11,0.0466667,1,53
11,0.0544444,1,40
11,0.0622222,1,45
11,0.07,1,54

13,0,1,100
13,0.00777778,1,100
13,0.0155556,1,51
13,0.0233333,1,54
13,0.0311111,1,50
13,0.0388889,1,52
13,0.0466667,1,49
13,0.0544444,1,45
13,0.0622222,1,60
13,0.07,1,43

15,0,1,100
15,0.00777778,1,99
15,0.0155556,1,49
15,0.0233333,1,48
15,0.0311111,1,49
15,0.0388889,1,52
15,0.0466667,1,48
15,0.0544444,1,55
15,0.0622222,1,44
15,0.07,1,45

17,0,1,100
17,0.00777778,1,100
17,0.0155556,1,55
17,0.0233333,1,57
17,0.0311111,1,52
17,0.0388889,1,49
17,0.0466667,1,48
17,0.0544444,1,48
17,0.0622222,1,46
17,0.07,1,51
total CPU time:3443.77;total time:3.44418e+06ms
srun: error: sh03-01n39: task 0: Exited with exit code 51
srun: launch/slurm: _step_signal: Terminating StepId=32217394.0
----------------------------------
id: 32212004
cpu per task 2
nodelist sh03-01n39
cluster name: sherlock
node list: sh03-01n39
node list: sh03-01n39
