hardware_concurrency32
Lmin:3;Lmax:17
Pmin:0;Pmax:0.012;nP10
Plmin:1;Plmax:1;nPl1
n:100seed:0;thread1

3,0,1,100
3,0.00133333,1,100
3,0.00266667,1,100
3,0.004,1,100
3,0.00533333,1,100
3,0.00666667,1,99
3,0.008,1,98
3,0.00933333,1,95
3,0.0106667,1,91
3,0.012,1,74

5,0,1,100
5,0.00133333,1,100
5,0.00266667,1,100
5,0.004,1,100
5,0.00533333,1,100
5,0.00666667,1,99
5,0.008,1,99
5,0.00933333,1,97
5,0.0106667,1,87
5,0.012,1,68

7,0,1,100
7,0.00133333,1,100
7,0.00266667,1,100
7,0.004,1,100
7,0.00533333,1,100
7,0.00666667,1,100
7,0.008,1,99
7,0.00933333,1,94
7,0.0106667,1,80
7,0.012,1,66

9,0,1,100
9,0.00133333,1,100
9,0.00266667,1,100
9,0.004,1,100
9,0.00533333,1,100
9,0.00666667,1,100
9,0.008,1,100
9,0.00933333,1,92
9,0.0106667,1,72
9,0.012,1,59

11,0,1,100
11,0.00133333,1,100
11,0.00266667,1,100
11,0.004,1,100
11,0.00533333,1,100
11,0.00666667,1,100
11,0.008,1,100
11,0.00933333,1,90
11,0.0106667,1,81
11,0.012,1,53

13,0,1,100
13,0.00133333,1,100
13,0.00266667,1,100
13,0.004,1,100
13,0.00533333,1,100
13,0.00666667,1,100
13,0.008,1,100
13,0.00933333,1,97
13,0.0106667,1,73
13,0.012,1,38

15,0,1,100
15,0.00133333,1,100
15,0.00266667,1,100
15,0.004,1,100
15,0.00533333,1,100
15,0.00666667,1,100
15,0.008,1,100
15,0.00933333,1,95
15,0.0106667,1,78
15,0.012,1,48

17,0,1,100
17,0.00133333,1,100
17,0.00266667,1,100
17,0.004,1,100
17,0.00533333,1,100
17,0.00666667,1,100
17,0.008,1,100
17,0.00933333,1,98
17,0.0106667,1,64
17,0.012,1,48
total CPU time:877.36;total time:877442ms
srun: error: sh03-01n31: task 0: Exited with exit code 48
srun: launch/slurm: _step_signal: Terminating StepId=32219061.0
----------------------------------
id: 32218558
cpu per task 2
nodelist sh03-01n31
cluster name: sherlock
node list: sh03-01n31
node list: sh03-01n31
