hardware_concurrency20
Lmin:3;Lmax:17
Pmin:0;Pmax:0.07;nP10
Plmin:1;Plmax:1;nPl1
n:100seed:0;thread1

3,0,1,100
3,0.00777778,1,100
3,0.0155556,1,100
3,0.0233333,1,100
3,0.0311111,1,99
3,0.0388889,1,97
3,0.0466667,1,97
3,0.0544444,1,93
3,0.0622222,1,83
3,0.07,1,84

5,0,1,100
5,0.00777778,1,100
5,0.0155556,1,100
5,0.0233333,1,100
5,0.0311111,1,100
5,0.0388889,1,97
5,0.0466667,1,96
5,0.0544444,1,92
5,0.0622222,1,79
5,0.07,1,59

7,0,1,100
7,0.00777778,1,100
7,0.0155556,1,100
7,0.0233333,1,100
7,0.0311111,1,100
7,0.0388889,1,100
7,0.0466667,1,96
7,0.0544444,1,86
7,0.0622222,1,67
7,0.07,1,55

9,0,1,100
9,0.00777778,1,100
9,0.0155556,1,100
9,0.0233333,1,100
9,0.0311111,1,100
9,0.0388889,1,100
9,0.0466667,1,100
9,0.0544444,1,83
9,0.0622222,1,65
9,0.07,1,49

11,0,1,100
11,0.00777778,1,100
11,0.0155556,1,100
11,0.0233333,1,100
11,0.0311111,1,100
11,0.0388889,1,100
11,0.0466667,1,98
11,0.0544444,1,84
11,0.0622222,1,53
11,0.07,1,54

13,0,1,100
13,0.00777778,1,100
13,0.0155556,1,100
13,0.0233333,1,100
13,0.0311111,1,100
13,0.0388889,1,100
13,0.0466667,1,99
13,0.0544444,1,76
13,0.0622222,1,42
13,0.07,1,50

15,0,1,100
15,0.00777778,1,100
15,0.0155556,1,100
15,0.0233333,1,100
15,0.0311111,1,100
15,0.0388889,1,100
15,0.0466667,1,99
15,0.0544444,1,80
15,0.0622222,1,51
15,0.07,1,43

17,0,1,100
17,0.00777778,1,100
17,0.0155556,1,100
17,0.0233333,1,100
17,0.0311111,1,100
17,0.0388889,1,100
17,0.0466667,1,99
17,0.0544444,1,70
17,0.0622222,1,50
17,0.07,1,38
total CPU time:411.4;total time:411440ms
srun: error: sh02-01n11: task 0: Exited with exit code 38
srun: launch/slurm: _step_signal: Terminating StepId=32212352.0
----------------------------------
id: 32211984
cpu per task 2
nodelist sh02-01n11
cluster name: sherlock
node list: sh02-01n11
node list: sh02-01n11
