hardware_concurrency32
Lmin:3;Lmax:17
Pmin:0;Pmax:0.07;nP10
Plmin:1;Plmax:1;nPl1
n:100seed:0;thread1

3,0,1,100
3,0.00777778,1,94
3,0.0155556,1,59
3,0.0233333,1,60
3,0.0311111,1,51
3,0.0388889,1,44
3,0.0466667,1,43
3,0.0544444,1,55
3,0.0622222,1,48
3,0.07,1,49

5,0,1,100
5,0.00777778,1,97
5,0.0155556,1,60
5,0.0233333,1,50
5,0.0311111,1,52
5,0.0388889,1,47
5,0.0466667,1,60
5,0.0544444,1,54
5,0.0622222,1,57
5,0.07,1,49

7,0,1,100
7,0.00777778,1,96
7,0.0155556,1,48
7,0.0233333,1,53
7,0.0311111,1,51
7,0.0388889,1,49
7,0.0466667,1,55
7,0.0544444,1,58
7,0.0622222,1,54
7,0.07,1,51

9,0,1,100
9,0.00777778,1,96
9,0.0155556,1,37
9,0.0233333,1,49
9,0.0311111,1,54
9,0.0388889,1,49
9,0.0466667,1,52
9,0.0544444,1,52
9,0.0622222,1,52
9,0.07,1,54

11,0,1,100
11,0.00777778,1,98
11,0.0155556,1,50
11,0.0233333,1,51
11,0.0311111,1,48
11,0.0388889,1,47
11,0.0466667,1,55
11,0.0544444,1,51
11,0.0622222,1,52
11,0.07,1,51

13,0,1,100
13,0.00777778,1,95
13,0.0155556,1,52
13,0.0233333,1,50
13,0.0311111,1,48
13,0.0388889,1,52
13,0.0466667,1,47
13,0.0544444,1,51
13,0.0622222,1,46
13,0.07,1,54

15,0,1,100
15,0.00777778,1,97
15,0.0155556,1,51
15,0.0233333,1,63
15,0.0311111,1,59
15,0.0388889,1,56
15,0.0466667,1,53
15,0.0544444,1,58
15,0.0622222,1,47
15,0.07,1,54

17,0,1,100
17,0.00777778,1,98
17,0.0155556,1,55
17,0.0233333,1,47
17,0.0311111,1,57
17,0.0388889,1,46
17,0.0466667,1,46
17,0.0544444,1,53
17,0.0622222,1,53
17,0.07,1,48
total CPU time:1950.17;total time:1.95049e+06ms
srun: error: sh03-01n52: task 0: Exited with exit code 48
srun: launch/slurm: _step_signal: Terminating StepId=32216686.0
----------------------------------
id: 32212000
cpu per task 2
nodelist sh03-01n52
cluster name: sherlock
node list: sh03-01n52
node list: sh03-01n52
