hardware_concurrency20
Lmin:3;Lmax:17
Pmin:0;Pmax:0.012;nP10
Plmin:1;Plmax:1;nPl1
n:100seed:0;thread1

3,0,1,100
3,0.00133333,1,100
3,0.00266667,1,100
3,0.004,1,100
3,0.00533333,1,99
3,0.00666667,1,99
3,0.008,1,93
3,0.00933333,1,83
3,0.0106667,1,82
3,0.012,1,81

5,0,1,100
5,0.00133333,1,100
5,0.00266667,1,100
5,0.004,1,100
5,0.00533333,1,100
5,0.00666667,1,97
5,0.008,1,93
5,0.00933333,1,85
5,0.0106667,1,82
5,0.012,1,63

7,0,1,100
7,0.00133333,1,100
7,0.00266667,1,100
7,0.004,1,100
7,0.00533333,1,100
7,0.00666667,1,100
7,0.008,1,96
7,0.00933333,1,83
7,0.0106667,1,63
7,0.012,1,57

9,0,1,100
9,0.00133333,1,100
9,0.00266667,1,100
9,0.004,1,100
9,0.00533333,1,100
9,0.00666667,1,98
9,0.008,1,97
9,0.00933333,1,75
9,0.0106667,1,56
9,0.012,1,49

11,0,1,100
11,0.00133333,1,100
11,0.00266667,1,100
11,0.004,1,100
11,0.00533333,1,100
11,0.00666667,1,100
11,0.008,1,94
11,0.00933333,1,71
11,0.0106667,1,52
11,0.012,1,52

13,0,1,100
13,0.00133333,1,100
13,0.00266667,1,100
13,0.004,1,100
13,0.00533333,1,100
13,0.00666667,1,98
13,0.008,1,91
13,0.00933333,1,66
13,0.0106667,1,51
13,0.012,1,51

15,0,1,100
15,0.00133333,1,100
15,0.00266667,1,100
15,0.004,1,100
15,0.00533333,1,100
15,0.00666667,1,100
15,0.008,1,97
15,0.00933333,1,64
15,0.0106667,1,40
15,0.012,1,44

17,0,1,100
17,0.00133333,1,100
17,0.00266667,1,100
17,0.004,1,100
17,0.00533333,1,100
17,0.00666667,1,100
17,0.008,1,99
17,0.00933333,1,68
17,0.0106667,1,42
17,0.012,1,46
total CPU time:367.71;total time:367770ms
srun: error: sh02-01n28: task 0: Exited with exit code 46
srun: launch/slurm: _step_signal: Terminating StepId=32218807.0
----------------------------------
id: 32218550
cpu per task 2
nodelist sh02-01n28
cluster name: sherlock
node list: sh02-01n28
node list: sh02-01n28
