hardware_concurrency32
Lmin:3;Lmax:17
Pmin:0;Pmax:0.07;nP10
Plmin:1;Plmax:1;nPl1
n:100seed:0;thread1

3,0,1,100
3,0.00777778,1,100
3,0.0155556,1,100
3,0.0233333,1,99
3,0.0311111,1,99
3,0.0388889,1,96
3,0.0466667,1,96
3,0.0544444,1,90
3,0.0622222,1,83
3,0.07,1,72

5,0,1,100
5,0.00777778,1,100
5,0.0155556,1,100
5,0.0233333,1,100
5,0.0311111,1,100
5,0.0388889,1,100
5,0.0466667,1,100
5,0.0544444,1,87
5,0.0622222,1,74
5,0.07,1,68

7,0,1,100
7,0.00777778,1,100
7,0.0155556,1,100
7,0.0233333,1,100
7,0.0311111,1,99
7,0.0388889,1,100
7,0.0466667,1,97
7,0.0544444,1,87
7,0.0622222,1,71
7,0.07,1,52

9,0,1,100
9,0.00777778,1,100
9,0.0155556,1,100
9,0.0233333,1,100
9,0.0311111,1,100
9,0.0388889,1,100
9,0.0466667,1,98
9,0.0544444,1,91
9,0.0622222,1,64
9,0.07,1,42

11,0,1,100
11,0.00777778,1,100
11,0.0155556,1,100
11,0.0233333,1,100
11,0.0311111,1,100
11,0.0388889,1,100
11,0.0466667,1,100
11,0.0544444,1,87
11,0.0622222,1,60
11,0.07,1,50

13,0,1,100
13,0.00777778,1,100
13,0.0155556,1,100
13,0.0233333,1,100
13,0.0311111,1,100
13,0.0388889,1,100
13,0.0466667,1,100
13,0.0544444,1,73
13,0.0622222,1,51
13,0.07,1,55

15,0,1,100
15,0.00777778,1,100
15,0.0155556,1,100
15,0.0233333,1,100
15,0.0311111,1,100
15,0.0388889,1,100
15,0.0466667,1,99
15,0.0544444,1,79
15,0.0622222,1,55
15,0.07,1,47

17,0,1,100
17,0.00777778,1,100
17,0.0155556,1,100
17,0.0233333,1,100
17,0.0311111,1,100
17,0.0388889,1,100
17,0.0466667,1,99
17,0.0544444,1,75
17,0.0622222,1,57
17,0.07,1,50
total CPU time:344.93;total time:344981ms
srun: error: sh03-01n70: task 0: Exited with exit code 50
srun: launch/slurm: _step_signal: Terminating StepId=32212318.0
----------------------------------
id: 32211984
cpu per task 2
nodelist sh03-01n70
cluster name: sherlock
node list: sh03-01n70
node list: sh03-01n70
