hardware_concurrency32
Lmin:3;Lmax:17
Pmin:0;Pmax:0.07;nP10
Plmin:1;Plmax:1;nPl1
n:100seed:0;thread1

3,0,1,100
3,0.00777778,1,94
3,0.0155556,1,60
3,0.0233333,1,52
3,0.0311111,1,51
3,0.0388889,1,55
3,0.0466667,1,45
3,0.0544444,1,55
3,0.0622222,1,54
3,0.07,1,49

5,0,1,100
5,0.00777778,1,98
5,0.0155556,1,52
5,0.0233333,1,54
5,0.0311111,1,53
5,0.0388889,1,58
5,0.0466667,1,48
5,0.0544444,1,47
5,0.0622222,1,51
5,0.07,1,46

7,0,1,100
7,0.00777778,1,98
7,0.0155556,1,45
7,0.0233333,1,54
7,0.0311111,1,53
7,0.0388889,1,52
7,0.0466667,1,48
7,0.0544444,1,46
7,0.0622222,1,55
7,0.07,1,50

9,0,1,100
9,0.00777778,1,99
9,0.0155556,1,44
9,0.0233333,1,45
9,0.0311111,1,53
9,0.0388889,1,45
9,0.0466667,1,49
9,0.0544444,1,45
9,0.0622222,1,55
9,0.07,1,52

11,0,1,100
11,0.00777778,1,100
11,0.0155556,1,50
11,0.0233333,1,48
11,0.0311111,1,57
11,0.0388889,1,48
11,0.0466667,1,52
11,0.0544444,1,43
11,0.0622222,1,55
11,0.07,1,49

13,0,1,100
13,0.00777778,1,100
13,0.0155556,1,52
13,0.0233333,1,48
13,0.0311111,1,58
13,0.0388889,1,51
13,0.0466667,1,47
13,0.0544444,1,47
13,0.0622222,1,55
13,0.07,1,49

15,0,1,100
15,0.00777778,1,100
15,0.0155556,1,47
15,0.0233333,1,45
15,0.0311111,1,50
15,0.0388889,1,46
15,0.0466667,1,46
15,0.0544444,1,36
15,0.0622222,1,48
15,0.07,1,50

17,0,1,100
17,0.00777778,1,100
17,0.0155556,1,51
17,0.0233333,1,49
17,0.0311111,1,46
17,0.0388889,1,49
17,0.0466667,1,53
17,0.0544444,1,55
17,0.0622222,1,48
17,0.07,1,54
total CPU time:2250.62;total time:2.25077e+06ms
srun: error: sh03-01n53: task 0: Exited with exit code 54
srun: launch/slurm: _step_signal: Terminating StepId=32216994.0
----------------------------------
id: 32212002
cpu per task 2
nodelist sh03-01n53
cluster name: sherlock
node list: sh03-01n53
node list: sh03-01n53
