hardware_concurrency32
Lmin:3;Lmax:17
Pmin:0;Pmax:0.07;nP10
Plmin:1;Plmax:1;nPl1
n:100seed:0;thread1

3,0,1,100
3,0.00777778,1,100
3,0.0155556,1,100
3,0.0233333,1,99
3,0.0311111,1,97
3,0.0388889,1,88
3,0.0466667,1,79
3,0.0544444,1,73
3,0.0622222,1,71
3,0.07,1,72

5,0,1,100
5,0.00777778,1,100
5,0.0155556,1,100
5,0.0233333,1,100
5,0.0311111,1,97
5,0.0388889,1,95
5,0.0466667,1,82
5,0.0544444,1,65
5,0.0622222,1,67
5,0.07,1,54

7,0,1,100
7,0.00777778,1,100
7,0.0155556,1,100
7,0.0233333,1,100
7,0.0311111,1,98
7,0.0388889,1,91
7,0.0466667,1,66
7,0.0544444,1,55
7,0.0622222,1,43
7,0.07,1,51

9,0,1,100
9,0.00777778,1,100
9,0.0155556,1,100
9,0.0233333,1,100
9,0.0311111,1,98
9,0.0388889,1,89
9,0.0466667,1,64
9,0.0544444,1,55
9,0.0622222,1,44
9,0.07,1,52

11,0,1,100
11,0.00777778,1,100
11,0.0155556,1,100
11,0.0233333,1,100
11,0.0311111,1,99
11,0.0388889,1,90
11,0.0466667,1,67
11,0.0544444,1,60
11,0.0622222,1,43
11,0.07,1,50

13,0,1,100
13,0.00777778,1,100
13,0.0155556,1,100
13,0.0233333,1,100
13,0.0311111,1,100
13,0.0388889,1,87
13,0.0466667,1,54
13,0.0544444,1,49
13,0.0622222,1,49
13,0.07,1,54

15,0,1,100
15,0.00777778,1,100
15,0.0155556,1,100
15,0.0233333,1,100
15,0.0311111,1,100
15,0.0388889,1,90
15,0.0466667,1,62
15,0.0544444,1,54
15,0.0622222,1,50
15,0.07,1,39

17,0,1,100
17,0.00777778,1,100
17,0.0155556,1,100
17,0.0233333,1,100
17,0.0311111,1,100
17,0.0388889,1,90
17,0.0466667,1,55
17,0.0544444,1,51
17,0.0622222,1,51
17,0.07,1,52
total CPU time:424.3;total time:424375ms
srun: error: sh03-01n69: task 0: Exited with exit code 52
srun: launch/slurm: _step_signal: Terminating StepId=32212039.0
----------------------------------
id: 32211982
cpu per task 2
nodelist sh03-01n69
cluster name: sherlock
node list: sh03-01n69
node list: sh03-01n69
