hardware_concurrency20
Lmin:3;Lmax:17
Pmin:0;Pmax:0.012;nP10
Plmin:1;Plmax:1;nPl1
n:100seed:0;thread1

3,0,1,100
3,0.00133333,1,100
3,0.00266667,1,100
3,0.004,1,100
3,0.00533333,1,99
3,0.00666667,1,100
3,0.008,1,90
3,0.00933333,1,87
3,0.0106667,1,77
3,0.012,1,67

5,0,1,100
5,0.00133333,1,100
5,0.00266667,1,100
5,0.004,1,100
5,0.00533333,1,99
5,0.00666667,1,95
5,0.008,1,98
5,0.00933333,1,89
5,0.0106667,1,74
5,0.012,1,60

7,0,1,100
7,0.00133333,1,100
7,0.00266667,1,100
7,0.004,1,100
7,0.00533333,1,100
7,0.00666667,1,100
7,0.008,1,92
7,0.00933333,1,75
7,0.0106667,1,65
7,0.012,1,52

9,0,1,100
9,0.00133333,1,100
9,0.00266667,1,100
9,0.004,1,100
9,0.00533333,1,100
9,0.00666667,1,100
9,0.008,1,95
9,0.00933333,1,77
9,0.0106667,1,52
9,0.012,1,57

11,0,1,100
11,0.00133333,1,100
11,0.00266667,1,100
11,0.004,1,100
11,0.00533333,1,100
11,0.00666667,1,100
11,0.008,1,97
11,0.00933333,1,77
11,0.0106667,1,52
11,0.012,1,54

13,0,1,100
13,0.00133333,1,100
13,0.00266667,1,100
13,0.004,1,100
13,0.00533333,1,100
13,0.00666667,1,99
13,0.008,1,96
13,0.00933333,1,68
13,0.0106667,1,49
13,0.012,1,49

15,0,1,100
15,0.00133333,1,100
15,0.00266667,1,100
15,0.004,1,100
15,0.00533333,1,100
15,0.00666667,1,100
15,0.008,1,98
15,0.00933333,1,66
15,0.0106667,1,50
15,0.012,1,52

17,0,1,100
17,0.00133333,1,100
17,0.00266667,1,100
17,0.004,1,100
17,0.00533333,1,100
17,0.00666667,1,100
17,0.008,1,95
17,0.00933333,1,64
17,0.0106667,1,47
17,0.012,1,53
total CPU time:358.79;total time:358863ms
srun: error: sh02-01n13: task 0: Exited with exit code 53
srun: launch/slurm: _step_signal: Terminating StepId=32218626.0
----------------------------------
id: 32218550
cpu per task 2
nodelist sh02-01n13
cluster name: sherlock
node list: sh02-01n13
node list: sh02-01n13
