hardware_concurrency20
Lmin:3;Lmax:17
Pmin:0;Pmax:0.012;nP10
Plmin:1;Plmax:1;nPl1
n:100seed:0;thread1

3,0,1,100
3,0.00133333,1,100
3,0.00266667,1,100
3,0.004,1,100
3,0.00533333,1,100
3,0.00666667,1,99
3,0.008,1,97
3,0.00933333,1,93
3,0.0106667,1,90
3,0.012,1,82

5,0,1,100
5,0.00133333,1,100
5,0.00266667,1,100
5,0.004,1,100
5,0.00533333,1,99
5,0.00666667,1,100
5,0.008,1,100
5,0.00933333,1,93
5,0.0106667,1,90
5,0.012,1,75

7,0,1,100
7,0.00133333,1,100
7,0.00266667,1,100
7,0.004,1,100
7,0.00533333,1,100
7,0.00666667,1,100
7,0.008,1,96
7,0.00933333,1,94
7,0.0106667,1,81
7,0.012,1,58

9,0,1,100
9,0.00133333,1,100
9,0.00266667,1,100
9,0.004,1,100
9,0.00533333,1,100
9,0.00666667,1,100
9,0.008,1,100
9,0.00933333,1,95
9,0.0106667,1,79
9,0.012,1,56

11,0,1,100
11,0.00133333,1,100
11,0.00266667,1,100
11,0.004,1,100
11,0.00533333,1,100
11,0.00666667,1,100
11,0.008,1,100
11,0.00933333,1,92
11,0.0106667,1,77
11,0.012,1,48

13,0,1,100
13,0.00133333,1,100
13,0.00266667,1,100
13,0.004,1,100
13,0.00533333,1,100
13,0.00666667,1,100
13,0.008,1,100
13,0.00933333,1,97
13,0.0106667,1,68
13,0.012,1,45

15,0,1,100
15,0.00133333,1,100
15,0.00266667,1,100
15,0.004,1,100
15,0.00533333,1,100
15,0.00666667,1,100
15,0.008,1,100
15,0.00933333,1,97
15,0.0106667,1,65
15,0.012,1,49

17,0,1,100
17,0.00133333,1,100
17,0.00266667,1,100
17,0.004,1,100
17,0.00533333,1,100
17,0.00666667,1,100
17,0.008,1,100
17,0.00933333,1,93
17,0.0106667,1,54
17,0.012,1,51
total CPU time:1054.57;total time:1.05475e+06ms
srun: error: sh02-01n12: task 0: Exited with exit code 51
srun: launch/slurm: _step_signal: Terminating StepId=32219044.0
----------------------------------
id: 32218558
cpu per task 2
nodelist sh02-01n12
cluster name: sherlock
node list: sh02-01n12
node list: sh02-01n12
