hardware_concurrency32
Lmin:3;Lmax:17
Pmin:0;Pmax:0.07;nP10
Plmin:1;Plmax:1;nPl1
n:100seed:0;thread1

3,0,1,100
3,0.00777778,1,100
3,0.0155556,1,99
3,0.0233333,1,100
3,0.0311111,1,97
3,0.0388889,1,89
3,0.0466667,1,78
3,0.0544444,1,73
3,0.0622222,1,66
3,0.07,1,55

5,0,1,100
5,0.00777778,1,100
5,0.0155556,1,100
5,0.0233333,1,100
5,0.0311111,1,99
5,0.0388889,1,86
5,0.0466667,1,79
5,0.0544444,1,70
5,0.0622222,1,60
5,0.07,1,63

7,0,1,100
7,0.00777778,1,100
7,0.0155556,1,100
7,0.0233333,1,100
7,0.0311111,1,99
7,0.0388889,1,87
7,0.0466667,1,69
7,0.0544444,1,54
7,0.0622222,1,49
7,0.07,1,44

9,0,1,100
9,0.00777778,1,100
9,0.0155556,1,100
9,0.0233333,1,99
9,0.0311111,1,100
9,0.0388889,1,86
9,0.0466667,1,66
9,0.0544444,1,59
9,0.0622222,1,63
9,0.07,1,43

11,0,1,100
11,0.00777778,1,100
11,0.0155556,1,100
11,0.0233333,1,100
11,0.0311111,1,100
11,0.0388889,1,87
11,0.0466667,1,68
11,0.0544444,1,50
11,0.0622222,1,54
11,0.07,1,56

13,0,1,100
13,0.00777778,1,100
13,0.0155556,1,100
13,0.0233333,1,100
13,0.0311111,1,100
13,0.0388889,1,94
13,0.0466667,1,63
13,0.0544444,1,56
13,0.0622222,1,48
13,0.07,1,44

15,0,1,100
15,0.00777778,1,100
15,0.0155556,1,100
15,0.0233333,1,100
15,0.0311111,1,100
15,0.0388889,1,83
15,0.0466667,1,56
15,0.0544444,1,62
15,0.0622222,1,45
15,0.07,1,59

17,0,1,100
17,0.00777778,1,100
17,0.0155556,1,100
17,0.0233333,1,100
17,0.0311111,1,100
17,0.0388889,1,87
17,0.0466667,1,53
17,0.0544444,1,47
17,0.0622222,1,44
17,0.07,1,45
total CPU time:383.88;total time:383941ms
srun: error: sh03-01n51: task 0: Exited with exit code 45
srun: launch/slurm: _step_signal: Terminating StepId=32211996.0
----------------------------------
id: 32211982
cpu per task 2
nodelist sh03-01n51
cluster name: sherlock
node list: sh03-01n51
node list: sh03-01n51
