hardware_concurrency32
Lmin:3;Lmax:17
Pmin:0;Pmax:0.07;nP10
Plmin:1;Plmax:1;nPl1
n:100seed:0;thread1

3,0,1,100
3,0.00777778,1,100
3,0.0155556,1,100
3,0.0233333,1,100
3,0.0311111,1,99
3,0.0388889,1,97
3,0.0466667,1,96
3,0.0544444,1,85
3,0.0622222,1,86
3,0.07,1,70

5,0,1,100
5,0.00777778,1,100
5,0.0155556,1,100
5,0.0233333,1,100
5,0.0311111,1,100
5,0.0388889,1,100
5,0.0466667,1,98
5,0.0544444,1,89
5,0.0622222,1,63
5,0.07,1,60

7,0,1,100
7,0.00777778,1,100
7,0.0155556,1,100
7,0.0233333,1,100
7,0.0311111,1,100
7,0.0388889,1,100
7,0.0466667,1,100
7,0.0544444,1,86
7,0.0622222,1,62
7,0.07,1,57

9,0,1,100
9,0.00777778,1,100
9,0.0155556,1,100
9,0.0233333,1,100
9,0.0311111,1,100
9,0.0388889,1,100
9,0.0466667,1,99
9,0.0544444,1,86
9,0.0622222,1,59
9,0.07,1,55

11,0,1,100
11,0.00777778,1,100
11,0.0155556,1,100
11,0.0233333,1,100
11,0.0311111,1,100
11,0.0388889,1,100
11,0.0466667,1,99
11,0.0544444,1,80
11,0.0622222,1,52
11,0.07,1,58

13,0,1,100
13,0.00777778,1,100
13,0.0155556,1,100
13,0.0233333,1,100
13,0.0311111,1,100
13,0.0388889,1,100
13,0.0466667,1,100
13,0.0544444,1,83
13,0.0622222,1,56
13,0.07,1,56

15,0,1,100
15,0.00777778,1,100
15,0.0155556,1,100
15,0.0233333,1,100
15,0.0311111,1,100
15,0.0388889,1,100
15,0.0466667,1,99
15,0.0544444,1,85
15,0.0622222,1,48
15,0.07,1,46

17,0,1,100
17,0.00777778,1,100
17,0.0155556,1,100
17,0.0233333,1,100
17,0.0311111,1,100
17,0.0388889,1,100
17,0.0466667,1,100
17,0.0544444,1,82
17,0.0622222,1,52
17,0.07,1,55
total CPU time:341.2;total time:341244ms
srun: error: sh03-01n52: task 0: Exited with exit code 55
srun: launch/slurm: _step_signal: Terminating StepId=32212278.0
----------------------------------
id: 32211984
cpu per task 2
nodelist sh03-01n52
cluster name: sherlock
node list: sh03-01n52
node list: sh03-01n52
