hardware_concurrency24
Lmin:3;Lmax:17
Pmin:0;Pmax:0.012;nP10
Plmin:1;Plmax:1;nPl1
n:100seed:0;thread1

3,0,1,100
3,0.00133333,1,100
3,0.00266667,1,100
3,0.004,1,100
3,0.00533333,1,98
3,0.00666667,1,100
3,0.008,1,97
3,0.00933333,1,91
3,0.0106667,1,85
3,0.012,1,83

5,0,1,100
5,0.00133333,1,100
5,0.00266667,1,100
5,0.004,1,100
5,0.00533333,1,100
5,0.00666667,1,100
5,0.008,1,99
5,0.00933333,1,97
5,0.0106667,1,85
5,0.012,1,76

7,0,1,100
7,0.00133333,1,100
7,0.00266667,1,100
7,0.004,1,100
7,0.00533333,1,100
7,0.00666667,1,100
7,0.008,1,98
7,0.00933333,1,93
7,0.0106667,1,78
7,0.012,1,71

9,0,1,100
9,0.00133333,1,100
9,0.00266667,1,100
9,0.004,1,100
9,0.00533333,1,100
9,0.00666667,1,100
9,0.008,1,100
9,0.00933333,1,96
9,0.0106667,1,83
9,0.012,1,51

11,0,1,100
11,0.00133333,1,100
11,0.00266667,1,100
11,0.004,1,100
11,0.00533333,1,100
11,0.00666667,1,100
11,0.008,1,100
11,0.00933333,1,93
11,0.0106667,1,85
11,0.012,1,47

13,0,1,100
13,0.00133333,1,100
13,0.00266667,1,100
13,0.004,1,100
13,0.00533333,1,100
13,0.00666667,1,100
13,0.008,1,100
13,0.00933333,1,96
13,0.0106667,1,74
13,0.012,1,59

15,0,1,100
15,0.00133333,1,100
15,0.00266667,1,100
15,0.004,1,100
15,0.00533333,1,100
15,0.00666667,1,100
15,0.008,1,100
15,0.00933333,1,100
15,0.0106667,1,66
15,0.012,1,41

17,0,1,100
17,0.00133333,1,100
17,0.00266667,1,100
17,0.004,1,100
17,0.00533333,1,100
17,0.00666667,1,100
17,0.008,1,100
17,0.00933333,1,96
17,0.0106667,1,65
17,0.012,1,59
total CPU time:1116.77;total time:1.11951e+06ms
srun: error: sh02-08n42: task 0: Exited with exit code 59
srun: launch/slurm: _step_signal: Terminating StepId=32219082.0
----------------------------------
id: 32218558
cpu per task 2
nodelist sh02-08n42
cluster name: sherlock
node list: sh02-08n42
node list: sh02-08n42
