hardware_concurrency24
Lmin:3;Lmax:17
Pmin:0;Pmax:0.07;nP10
Plmin:1;Plmax:1;nPl1
n:100seed:0;thread1

3,0,1,100
3,0.00777778,1,94
3,0.0155556,1,58
3,0.0233333,1,50
3,0.0311111,1,49
3,0.0388889,1,57
3,0.0466667,1,59
3,0.0544444,1,58
3,0.0622222,1,50
3,0.07,1,49

5,0,1,100
5,0.00777778,1,97
5,0.0155556,1,45
5,0.0233333,1,45
5,0.0311111,1,50
5,0.0388889,1,49
5,0.0466667,1,37
5,0.0544444,1,45
5,0.0622222,1,50
5,0.07,1,45

7,0,1,100
7,0.00777778,1,99
7,0.0155556,1,49
7,0.0233333,1,60
7,0.0311111,1,53
7,0.0388889,1,43
7,0.0466667,1,49
7,0.0544444,1,51
7,0.0622222,1,48
7,0.07,1,49

9,0,1,100
9,0.00777778,1,95
9,0.0155556,1,53
9,0.0233333,1,51
9,0.0311111,1,42
9,0.0388889,1,45
9,0.0466667,1,47
9,0.0544444,1,52
9,0.0622222,1,43
9,0.07,1,43

11,0,1,100
11,0.00777778,1,98
11,0.0155556,1,55
11,0.0233333,1,48
11,0.0311111,1,50
11,0.0388889,1,49
11,0.0466667,1,47
11,0.0544444,1,46
11,0.0622222,1,49
11,0.07,1,56

13,0,1,100
13,0.00777778,1,95
13,0.0155556,1,46
13,0.0233333,1,52
13,0.0311111,1,49
13,0.0388889,1,52
13,0.0466667,1,47
13,0.0544444,1,48
13,0.0622222,1,46
13,0.07,1,49

15,0,1,100
15,0.00777778,1,98
15,0.0155556,1,51
15,0.0233333,1,40
15,0.0311111,1,43
15,0.0388889,1,54
15,0.0466667,1,53
15,0.0544444,1,48
15,0.0622222,1,49
15,0.07,1,47

17,0,1,100
17,0.00777778,1,99
17,0.0155556,1,41
17,0.0233333,1,44
17,0.0311111,1,42
17,0.0388889,1,56
17,0.0466667,1,44
17,0.0544444,1,44
17,0.0622222,1,58
17,0.07,1,51
total CPU time:1943.59;total time:1.94821e+06ms
srun: error: sh02-10n44: task 0: Exited with exit code 51
srun: launch/slurm: _step_signal: Terminating StepId=32216088.0
----------------------------------
id: 32212000
cpu per task 2
nodelist sh02-10n44
cluster name: sherlock
node list: sh02-10n44
node list: sh02-10n44
