hardware_concurrency20
Lmin:3;Lmax:17
Pmin:0;Pmax:0.012;nP10
Plmin:1;Plmax:1;nPl1
n:100seed:0;thread1

3,0,1,100
3,0.00133333,1,100
3,0.00266667,1,100
3,0.004,1,100
3,0.00533333,1,97
3,0.00666667,1,95
3,0.008,1,92
3,0.00933333,1,89
3,0.0106667,1,86
3,0.012,1,69

5,0,1,100
5,0.00133333,1,100
5,0.00266667,1,100
5,0.004,1,100
5,0.00533333,1,99
5,0.00666667,1,100
5,0.008,1,93
5,0.00933333,1,95
5,0.0106667,1,71
5,0.012,1,70

7,0,1,100
7,0.00133333,1,100
7,0.00266667,1,100
7,0.004,1,100
7,0.00533333,1,100
7,0.00666667,1,98
7,0.008,1,91
7,0.00933333,1,74
7,0.0106667,1,61
7,0.012,1,52

9,0,1,100
9,0.00133333,1,100
9,0.00266667,1,100
9,0.004,1,100
9,0.00533333,1,100
9,0.00666667,1,100
9,0.008,1,98
9,0.00933333,1,80
9,0.0106667,1,59
9,0.012,1,53

11,0,1,100
11,0.00133333,1,100
11,0.00266667,1,100
11,0.004,1,100
11,0.00533333,1,100
11,0.00666667,1,100
11,0.008,1,97
11,0.00933333,1,70
11,0.0106667,1,60
11,0.012,1,55

13,0,1,100
13,0.00133333,1,100
13,0.00266667,1,100
13,0.004,1,100
13,0.00533333,1,100
13,0.00666667,1,100
13,0.008,1,97
13,0.00933333,1,68
13,0.0106667,1,58
13,0.012,1,48

15,0,1,100
15,0.00133333,1,100
15,0.00266667,1,100
15,0.004,1,100
15,0.00533333,1,100
15,0.00666667,1,100
15,0.008,1,94
15,0.00933333,1,72
15,0.0106667,1,53
15,0.012,1,48

17,0,1,100
17,0.00133333,1,100
17,0.00266667,1,100
17,0.004,1,100
17,0.00533333,1,100
17,0.00666667,1,100
17,0.008,1,93
17,0.00933333,1,60
17,0.0106667,1,57
17,0.012,1,46
total CPU time:348;total time:348131ms
srun: error: sh02-01n41: task 0: Exited with exit code 46
srun: launch/slurm: _step_signal: Terminating StepId=32218632.0
----------------------------------
id: 32218550
cpu per task 2
nodelist sh02-01n41
cluster name: sherlock
node list: sh02-01n41
node list: sh02-01n41
