hardware_concurrency20
Lmin:3;Lmax:17
Pmin:0;Pmax:0.012;nP10
Plmin:1;Plmax:1;nPl1
n:100seed:0;thread1

3,0,1,100
3,0.00133333,1,100
3,0.00266667,1,100
3,0.004,1,98
3,0.00533333,1,100
3,0.00666667,1,92
3,0.008,1,87
3,0.00933333,1,84
3,0.0106667,1,76
3,0.012,1,73

5,0,1,100
5,0.00133333,1,100
5,0.00266667,1,100
5,0.004,1,98
5,0.00533333,1,97
5,0.00666667,1,88
5,0.008,1,81
5,0.00933333,1,66
5,0.0106667,1,58
5,0.012,1,56

7,0,1,100
7,0.00133333,1,100
7,0.00266667,1,100
7,0.004,1,100
7,0.00533333,1,98
7,0.00666667,1,90
7,0.008,1,80
7,0.00933333,1,64
7,0.0106667,1,58
7,0.012,1,49

9,0,1,100
9,0.00133333,1,100
9,0.00266667,1,100
9,0.004,1,100
9,0.00533333,1,100
9,0.00666667,1,91
9,0.008,1,66
9,0.00933333,1,64
9,0.0106667,1,50
9,0.012,1,48

11,0,1,100
11,0.00133333,1,100
11,0.00266667,1,100
11,0.004,1,100
11,0.00533333,1,100
11,0.00666667,1,91
11,0.008,1,69
11,0.00933333,1,52
11,0.0106667,1,49
11,0.012,1,45

13,0,1,100
13,0.00133333,1,100
13,0.00266667,1,100
13,0.004,1,100
13,0.00533333,1,100
13,0.00666667,1,94
13,0.008,1,71
13,0.00933333,1,38
13,0.0106667,1,55
13,0.012,1,50

15,0,1,100
15,0.00133333,1,100
15,0.00266667,1,100
15,0.004,1,100
15,0.00533333,1,100
15,0.00666667,1,86
15,0.008,1,67
15,0.00933333,1,46
15,0.0106667,1,47
15,0.012,1,45

17,0,1,100
17,0.00133333,1,100
17,0.00266667,1,100
17,0.004,1,100
17,0.00533333,1,99
17,0.00666667,1,91
17,0.008,1,62
17,0.00933333,1,53
17,0.0106667,1,48
17,0.012,1,43
total CPU time:245.97;total time:245996ms
srun: error: sh02-01n26: task 0: Exited with exit code 43
srun: launch/slurm: _step_signal: Terminating StepId=32218605.0
----------------------------------
id: 32218547
cpu per task 2
nodelist sh02-01n26
cluster name: sherlock
node list: sh02-01n26
node list: sh02-01n26
