hardware_concurrency20
Lmin:3;Lmax:17
Pmin:0;Pmax:0.07;nP10
Plmin:1;Plmax:1;nPl1
n:100seed:0;thread1

3,0,1,100
3,0.00777778,1,100
3,0.0155556,1,100
3,0.0233333,1,100
3,0.0311111,1,100
3,0.0388889,1,97
3,0.0466667,1,95
3,0.0544444,1,89
3,0.0622222,1,85
3,0.07,1,68

5,0,1,100
5,0.00777778,1,100
5,0.0155556,1,100
5,0.0233333,1,100
5,0.0311111,1,99
5,0.0388889,1,100
5,0.0466667,1,93
5,0.0544444,1,81
5,0.0622222,1,78
5,0.07,1,58

7,0,1,100
7,0.00777778,1,100
7,0.0155556,1,100
7,0.0233333,1,100
7,0.0311111,1,100
7,0.0388889,1,100
7,0.0466667,1,98
7,0.0544444,1,87
7,0.0622222,1,63
7,0.07,1,52

9,0,1,100
9,0.00777778,1,100
9,0.0155556,1,100
9,0.0233333,1,100
9,0.0311111,1,100
9,0.0388889,1,100
9,0.0466667,1,99
9,0.0544444,1,82
9,0.0622222,1,65
9,0.07,1,46

11,0,1,100
11,0.00777778,1,100
11,0.0155556,1,100
11,0.0233333,1,100
11,0.0311111,1,100
11,0.0388889,1,100
11,0.0466667,1,98
11,0.0544444,1,82
11,0.0622222,1,53
11,0.07,1,56

13,0,1,100
13,0.00777778,1,100
13,0.0155556,1,100
13,0.0233333,1,100
13,0.0311111,1,100
13,0.0388889,1,100
13,0.0466667,1,97
13,0.0544444,1,88
13,0.0622222,1,54
13,0.07,1,53

15,0,1,100
15,0.00777778,1,100
15,0.0155556,1,100
15,0.0233333,1,100
15,0.0311111,1,100
15,0.0388889,1,100
15,0.0466667,1,100
15,0.0544444,1,75
15,0.0622222,1,42
15,0.07,1,47

17,0,1,100
17,0.00777778,1,100
17,0.0155556,1,100
17,0.0233333,1,100
17,0.0311111,1,100
17,0.0388889,1,100
17,0.0466667,1,99
17,0.0544444,1,73
17,0.0622222,1,56
17,0.07,1,57
total CPU time:425.16;total time:425176ms
srun: error: sh02-01n55: task 0: Exited with exit code 57
srun: launch/slurm: _step_signal: Terminating StepId=32212114.0
----------------------------------
id: 32211984
cpu per task 2
nodelist sh02-01n55
cluster name: sherlock
node list: sh02-01n55
node list: sh02-01n55
