hardware_concurrency20
Lmin:3;Lmax:17
Pmin:0;Pmax:0.012;nP10
Plmin:1;Plmax:1;nPl1
n:100seed:0;thread1

3,0,1,100
3,0.00133333,1,100
3,0.00266667,1,100
3,0.004,1,100
3,0.00533333,1,98
3,0.00666667,1,97
3,0.008,1,97
3,0.00933333,1,87
3,0.0106667,1,85
3,0.012,1,72

5,0,1,100
5,0.00133333,1,100
5,0.00266667,1,100
5,0.004,1,100
5,0.00533333,1,98
5,0.00666667,1,100
5,0.008,1,90
5,0.00933333,1,90
5,0.0106667,1,74
5,0.012,1,63

7,0,1,100
7,0.00133333,1,100
7,0.00266667,1,100
7,0.004,1,100
7,0.00533333,1,100
7,0.00666667,1,97
7,0.008,1,93
7,0.00933333,1,85
7,0.0106667,1,59
7,0.012,1,55

9,0,1,100
9,0.00133333,1,100
9,0.00266667,1,100
9,0.004,1,100
9,0.00533333,1,100
9,0.00666667,1,99
9,0.008,1,97
9,0.00933333,1,83
9,0.0106667,1,57
9,0.012,1,57

11,0,1,100
11,0.00133333,1,100
11,0.00266667,1,100
11,0.004,1,100
11,0.00533333,1,100
11,0.00666667,1,100
11,0.008,1,92
11,0.00933333,1,73
11,0.0106667,1,48
11,0.012,1,54

13,0,1,100
13,0.00133333,1,100
13,0.00266667,1,100
13,0.004,1,100
13,0.00533333,1,100
13,0.00666667,1,100
13,0.008,1,99
13,0.00933333,1,65
13,0.0106667,1,58
13,0.012,1,42

15,0,1,100
15,0.00133333,1,100
15,0.00266667,1,100
15,0.004,1,100
15,0.00533333,1,100
15,0.00666667,1,100
15,0.008,1,96
15,0.00933333,1,68
15,0.0106667,1,43
15,0.012,1,48

17,0,1,100
17,0.00133333,1,100
17,0.00266667,1,100
17,0.004,1,100
17,0.00533333,1,100
17,0.00666667,1,100
17,0.008,1,93
17,0.00933333,1,60
17,0.0106667,1,59
17,0.012,1,62
total CPU time:387.92;total time:387938ms
srun: error: sh02-01n31: task 0: Exited with exit code 62
srun: launch/slurm: _step_signal: Terminating StepId=32218826.0
----------------------------------
id: 32218550
cpu per task 2
nodelist sh02-01n31
cluster name: sherlock
node list: sh02-01n31
node list: sh02-01n31
