hardware_concurrency20
Lmin:3;Lmax:17
Pmin:0;Pmax:0.07;nP10
Plmin:1;Plmax:1;nPl1
n:100seed:0;thread1

3,0,1,100
3,0.00777778,1,100
3,0.0155556,1,98
3,0.0233333,1,99
3,0.0311111,1,95
3,0.0388889,1,92
3,0.0466667,1,80
3,0.0544444,1,76
3,0.0622222,1,70
3,0.07,1,70

5,0,1,100
5,0.00777778,1,100
5,0.0155556,1,100
5,0.0233333,1,100
5,0.0311111,1,97
5,0.0388889,1,94
5,0.0466667,1,81
5,0.0544444,1,63
5,0.0622222,1,68
5,0.07,1,54

7,0,1,100
7,0.00777778,1,100
7,0.0155556,1,100
7,0.0233333,1,100
7,0.0311111,1,97
7,0.0388889,1,91
7,0.0466667,1,70
7,0.0544444,1,61
7,0.0622222,1,38
7,0.07,1,48

9,0,1,100
9,0.00777778,1,100
9,0.0155556,1,100
9,0.0233333,1,100
9,0.0311111,1,100
9,0.0388889,1,88
9,0.0466667,1,69
9,0.0544444,1,54
9,0.0622222,1,51
9,0.07,1,51

11,0,1,100
11,0.00777778,1,100
11,0.0155556,1,100
11,0.0233333,1,100
11,0.0311111,1,100
11,0.0388889,1,87
11,0.0466667,1,62
11,0.0544444,1,56
11,0.0622222,1,56
11,0.07,1,34

13,0,1,100
13,0.00777778,1,100
13,0.0155556,1,100
13,0.0233333,1,100
13,0.0311111,1,100
13,0.0388889,1,85
13,0.0466667,1,59
13,0.0544444,1,52
13,0.0622222,1,51
13,0.07,1,56

15,0,1,100
15,0.00777778,1,100
15,0.0155556,1,100
15,0.0233333,1,100
15,0.0311111,1,99
15,0.0388889,1,86
15,0.0466667,1,51
15,0.0544444,1,51
15,0.0622222,1,53
15,0.07,1,49

17,0,1,100
17,0.00777778,1,100
17,0.0155556,1,100
17,0.0233333,1,100
17,0.0311111,1,100
17,0.0388889,1,88
17,0.0466667,1,48
17,0.0544444,1,52
17,0.0622222,1,58
17,0.07,1,42
total CPU time:439.42;total time:439492ms
srun: error: sh02-01n37: task 0: Exited with exit code 42
srun: launch/slurm: _step_signal: Terminating StepId=32212051.0
----------------------------------
id: 32211982
cpu per task 2
nodelist sh02-01n37
cluster name: sherlock
node list: sh02-01n37
node list: sh02-01n37
