hardware_concurrency32
Lmin:3;Lmax:17
Pmin:0;Pmax:0.07;nP10
Plmin:1;Plmax:1;nPl1
n:100seed:0;thread1

3,0,1,100
3,0.00777778,1,100
3,0.0155556,1,100
3,0.0233333,1,100
3,0.0311111,1,98
3,0.0388889,1,100
3,0.0466667,1,93
3,0.0544444,1,87
3,0.0622222,1,74
3,0.07,1,62

5,0,1,100
5,0.00777778,1,100
5,0.0155556,1,100
5,0.0233333,1,100
5,0.0311111,1,100
5,0.0388889,1,100
5,0.0466667,1,96
5,0.0544444,1,87
5,0.0622222,1,79
5,0.07,1,62

7,0,1,100
7,0.00777778,1,100
7,0.0155556,1,100
7,0.0233333,1,100
7,0.0311111,1,100
7,0.0388889,1,100
7,0.0466667,1,97
7,0.0544444,1,87
7,0.0622222,1,73
7,0.07,1,48

9,0,1,100
9,0.00777778,1,100
9,0.0155556,1,100
9,0.0233333,1,100
9,0.0311111,1,100
9,0.0388889,1,100
9,0.0466667,1,99
9,0.0544444,1,82
9,0.0622222,1,56
9,0.07,1,49

11,0,1,100
11,0.00777778,1,100
11,0.0155556,1,100
11,0.0233333,1,100
11,0.0311111,1,100
11,0.0388889,1,100
11,0.0466667,1,98
11,0.0544444,1,84
11,0.0622222,1,55
11,0.07,1,48

13,0,1,100
13,0.00777778,1,100
13,0.0155556,1,100
13,0.0233333,1,100
13,0.0311111,1,100
13,0.0388889,1,100
13,0.0466667,1,98
13,0.0544444,1,75
13,0.0622222,1,52
13,0.07,1,52

15,0,1,100
15,0.00777778,1,100
15,0.0155556,1,100
15,0.0233333,1,100
15,0.0311111,1,100
15,0.0388889,1,100
15,0.0466667,1,100
15,0.0544444,1,79
15,0.0622222,1,48
15,0.07,1,59

17,0,1,100
17,0.00777778,1,100
17,0.0155556,1,100
17,0.0233333,1,100
17,0.0311111,1,100
17,0.0388889,1,100
17,0.0466667,1,100
17,0.0544444,1,79
17,0.0622222,1,53
17,0.07,1,51
total CPU time:354.64;total time:354673ms
srun: error: sh03-01n37: task 0: Exited with exit code 51
srun: launch/slurm: _step_signal: Terminating StepId=32212286.0
----------------------------------
id: 32211984
cpu per task 2
nodelist sh03-01n37
cluster name: sherlock
node list: sh03-01n37
node list: sh03-01n37
