hardware_concurrency32
Lmin:3;Lmax:17
Pmin:0;Pmax:0.07;nP10
Plmin:1;Plmax:1;nPl1
n:100seed:0;thread1

3,0,1,100
3,0.00777778,1,98
3,0.0155556,1,62
3,0.0233333,1,45
3,0.0311111,1,40
3,0.0388889,1,46
3,0.0466667,1,51
3,0.0544444,1,57
3,0.0622222,1,41
3,0.07,1,57

5,0,1,100
5,0.00777778,1,98
5,0.0155556,1,46
5,0.0233333,1,51
5,0.0311111,1,53
5,0.0388889,1,55
5,0.0466667,1,50
5,0.0544444,1,56
5,0.0622222,1,46
5,0.07,1,57

7,0,1,100
7,0.00777778,1,100
7,0.0155556,1,49
7,0.0233333,1,54
7,0.0311111,1,52
7,0.0388889,1,51
7,0.0466667,1,49
7,0.0544444,1,54
7,0.0622222,1,50
7,0.07,1,47

9,0,1,100
9,0.00777778,1,100
9,0.0155556,1,51
9,0.0233333,1,40
9,0.0311111,1,47
9,0.0388889,1,42
9,0.0466667,1,57
9,0.0544444,1,50
9,0.0622222,1,46
9,0.07,1,45

11,0,1,100
11,0.00777778,1,100
11,0.0155556,1,54
11,0.0233333,1,49
11,0.0311111,1,50
11,0.0388889,1,52
11,0.0466667,1,55
11,0.0544444,1,40
11,0.0622222,1,34
11,0.07,1,54

13,0,1,100
13,0.00777778,1,99
13,0.0155556,1,55
13,0.0233333,1,46
13,0.0311111,1,56
13,0.0388889,1,51
13,0.0466667,1,59
13,0.0544444,1,39
13,0.0622222,1,44
13,0.07,1,49

15,0,1,100
15,0.00777778,1,100
15,0.0155556,1,45
15,0.0233333,1,51
15,0.0311111,1,43
15,0.0388889,1,55
15,0.0466667,1,55
15,0.0544444,1,57
15,0.0622222,1,53
15,0.07,1,50

17,0,1,100
17,0.00777778,1,100
17,0.0155556,1,50
17,0.0233333,1,52
17,0.0311111,1,51
17,0.0388889,1,47
17,0.0466667,1,50
17,0.0544444,1,48
17,0.0622222,1,52
17,0.07,1,63
total CPU time:3366.38;total time:3.36637e+06ms
srun: error: sh03-01n50: task 0: Exited with exit code 63
srun: launch/slurm: _step_signal: Terminating StepId=32217652.0
----------------------------------
id: 32212004
cpu per task 2
nodelist sh03-01n50
cluster name: sherlock
node list: sh03-01n50
node list: sh03-01n50
