hardware_concurrency32
Lmin:3;Lmax:17
Pmin:0;Pmax:0.07;nP10
Plmin:1;Plmax:1;nPl1
n:100seed:0;thread1

3,0,1,100
3,0.00777778,1,85
3,0.0155556,1,61
3,0.0233333,1,55
3,0.0311111,1,58
3,0.0388889,1,48
3,0.0466667,1,53
3,0.0544444,1,50
3,0.0622222,1,50
3,0.07,1,44

5,0,1,100
5,0.00777778,1,82
5,0.0155556,1,53
5,0.0233333,1,53
5,0.0311111,1,47
5,0.0388889,1,54
5,0.0466667,1,49
5,0.0544444,1,45
5,0.0622222,1,49
5,0.07,1,48

7,0,1,100
7,0.00777778,1,80
7,0.0155556,1,46
7,0.0233333,1,50
7,0.0311111,1,55
7,0.0388889,1,51
7,0.0466667,1,50
7,0.0544444,1,48
7,0.0622222,1,56
7,0.07,1,47

9,0,1,100
9,0.00777778,1,76
9,0.0155556,1,56
9,0.0233333,1,55
9,0.0311111,1,49
9,0.0388889,1,43
9,0.0466667,1,50
9,0.0544444,1,45
9,0.0622222,1,53
9,0.07,1,50

11,0,1,100
11,0.00777778,1,67
11,0.0155556,1,52
11,0.0233333,1,46
11,0.0311111,1,45
11,0.0388889,1,51
11,0.0466667,1,56
11,0.0544444,1,51
11,0.0622222,1,55
11,0.07,1,52

13,0,1,100
13,0.00777778,1,67
13,0.0155556,1,56
13,0.0233333,1,46
13,0.0311111,1,52
13,0.0388889,1,48
13,0.0466667,1,47
13,0.0544444,1,41
13,0.0622222,1,56
13,0.07,1,49

15,0,1,100
15,0.00777778,1,72
15,0.0155556,1,51
15,0.0233333,1,54
15,0.0311111,1,48
15,0.0388889,1,47
15,0.0466667,1,42
15,0.0544444,1,51
15,0.0622222,1,42
15,0.07,1,49

17,0,1,100
17,0.00777778,1,68
17,0.0155556,1,45
17,0.0233333,1,40
17,0.0311111,1,47
17,0.0388889,1,54
17,0.0466667,1,52
17,0.0544444,1,47
17,0.0622222,1,59
17,0.07,1,46
total CPU time:1488.45;total time:1.48872e+06ms
srun: error: sh03-01n05: task 0: Exited with exit code 46
srun: launch/slurm: _step_signal: Terminating StepId=32215342.0
----------------------------------
id: 32211999
cpu per task 2
nodelist sh03-01n05
cluster name: sherlock
node list: sh03-01n05
node list: sh03-01n05
