hardware_concurrency20
Lmin:3;Lmax:17
Pmin:0;Pmax:0.012;nP10
Plmin:1;Plmax:1;nPl1
n:100seed:0;thread1

3,0,1,100
3,0.00133333,1,100
3,0.00266667,1,100
3,0.004,1,100
3,0.00533333,1,99
3,0.00666667,1,99
3,0.008,1,96
3,0.00933333,1,92
3,0.0106667,1,88
3,0.012,1,76

5,0,1,100
5,0.00133333,1,100
5,0.00266667,1,100
5,0.004,1,100
5,0.00533333,1,100
5,0.00666667,1,99
5,0.008,1,96
5,0.00933333,1,90
5,0.0106667,1,79
5,0.012,1,69

7,0,1,100
7,0.00133333,1,100
7,0.00266667,1,100
7,0.004,1,100
7,0.00533333,1,100
7,0.00666667,1,100
7,0.008,1,98
7,0.00933333,1,87
7,0.0106667,1,82
7,0.012,1,57

9,0,1,100
9,0.00133333,1,100
9,0.00266667,1,100
9,0.004,1,100
9,0.00533333,1,100
9,0.00666667,1,100
9,0.008,1,100
9,0.00933333,1,93
9,0.0106667,1,69
9,0.012,1,55

11,0,1,100
11,0.00133333,1,100
11,0.00266667,1,100
11,0.004,1,100
11,0.00533333,1,100
11,0.00666667,1,100
11,0.008,1,100
11,0.00933333,1,94
11,0.0106667,1,68
11,0.012,1,51

13,0,1,100
13,0.00133333,1,100
13,0.00266667,1,100
13,0.004,1,100
13,0.00533333,1,100
13,0.00666667,1,100
13,0.008,1,100
13,0.00933333,1,92
13,0.0106667,1,56
13,0.012,1,49

15,0,1,100
15,0.00133333,1,100
15,0.00266667,1,100
15,0.004,1,100
15,0.00533333,1,100
15,0.00666667,1,100
15,0.008,1,100
15,0.00933333,1,94
15,0.0106667,1,62
15,0.012,1,54

17,0,1,100
17,0.00133333,1,100
17,0.00266667,1,100
17,0.004,1,100
17,0.00533333,1,100
17,0.00666667,1,100
17,0.008,1,100
17,0.00933333,1,90
17,0.0106667,1,56
17,0.012,1,45
total CPU time:596.48;total time:596523ms
srun: error: sh02-01n22: task 0: Exited with exit code 45
srun: launch/slurm: _step_signal: Terminating StepId=32218985.0
----------------------------------
id: 32218556
cpu per task 2
nodelist sh02-01n22
cluster name: sherlock
node list: sh02-01n22
node list: sh02-01n22
