hardware_concurrency32
Lmin:3;Lmax:17
Pmin:0;Pmax:0.07;nP10
Plmin:1;Plmax:1;nPl1
n:100seed:0;thread1

3,0,1,100
3,0.00777778,1,95
3,0.0155556,1,57
3,0.0233333,1,54
3,0.0311111,1,59
3,0.0388889,1,51
3,0.0466667,1,54
3,0.0544444,1,48
3,0.0622222,1,48
3,0.07,1,43

5,0,1,100
5,0.00777778,1,97
5,0.0155556,1,55
5,0.0233333,1,44
5,0.0311111,1,50
5,0.0388889,1,58
5,0.0466667,1,50
5,0.0544444,1,48
5,0.0622222,1,56
5,0.07,1,45

7,0,1,100
7,0.00777778,1,100
7,0.0155556,1,44
7,0.0233333,1,44
7,0.0311111,1,47
7,0.0388889,1,45
7,0.0466667,1,58
7,0.0544444,1,45
7,0.0622222,1,46
7,0.07,1,49

9,0,1,100
9,0.00777778,1,99
9,0.0155556,1,58
9,0.0233333,1,49
9,0.0311111,1,49
9,0.0388889,1,48
9,0.0466667,1,56
9,0.0544444,1,43
9,0.0622222,1,52
9,0.07,1,57

11,0,1,100
11,0.00777778,1,100
11,0.0155556,1,47
11,0.0233333,1,49
11,0.0311111,1,48
11,0.0388889,1,56
11,0.0466667,1,56
11,0.0544444,1,57
11,0.0622222,1,55
11,0.07,1,45

13,0,1,100
13,0.00777778,1,100
13,0.0155556,1,55
13,0.0233333,1,48
13,0.0311111,1,51
13,0.0388889,1,40
13,0.0466667,1,56
13,0.0544444,1,43
13,0.0622222,1,63
13,0.07,1,61

15,0,1,100
15,0.00777778,1,100
15,0.0155556,1,57
15,0.0233333,1,52
15,0.0311111,1,56
15,0.0388889,1,55
15,0.0466667,1,50
15,0.0544444,1,50
15,0.0622222,1,47
15,0.07,1,48

17,0,1,100
17,0.00777778,1,100
17,0.0155556,1,47
17,0.0233333,1,47
17,0.0311111,1,52
17,0.0388889,1,50
17,0.0466667,1,54
17,0.0544444,1,54
17,0.0622222,1,46
17,0.07,1,47
total CPU time:3258.65;total time:3.25876e+06ms
srun: error: sh03-01n57: task 0: Exited with exit code 47
srun: launch/slurm: _step_signal: Terminating StepId=32217656.0
----------------------------------
id: 32212004
cpu per task 2
nodelist sh03-01n57
cluster name: sherlock
node list: sh03-01n57
node list: sh03-01n57
