hardware_concurrency20
Lmin:3;Lmax:17
Pmin:0;Pmax:0.07;nP10
Plmin:1;Plmax:1;nPl1
n:100seed:0;thread1

3,0,1,100
3,0.00777778,1,100
3,0.0155556,1,100
3,0.0233333,1,100
3,0.0311111,1,98
3,0.0388889,1,98
3,0.0466667,1,95
3,0.0544444,1,92
3,0.0622222,1,83
3,0.07,1,64

5,0,1,100
5,0.00777778,1,100
5,0.0155556,1,100
5,0.0233333,1,100
5,0.0311111,1,100
5,0.0388889,1,98
5,0.0466667,1,95
5,0.0544444,1,93
5,0.0622222,1,79
5,0.07,1,71

7,0,1,100
7,0.00777778,1,100
7,0.0155556,1,100
7,0.0233333,1,100
7,0.0311111,1,100
7,0.0388889,1,99
7,0.0466667,1,98
7,0.0544444,1,91
7,0.0622222,1,57
7,0.07,1,42

9,0,1,100
9,0.00777778,1,100
9,0.0155556,1,100
9,0.0233333,1,100
9,0.0311111,1,100
9,0.0388889,1,100
9,0.0466667,1,100
9,0.0544444,1,80
9,0.0622222,1,52
9,0.07,1,57

11,0,1,100
11,0.00777778,1,100
11,0.0155556,1,100
11,0.0233333,1,100
11,0.0311111,1,100
11,0.0388889,1,100
11,0.0466667,1,100
11,0.0544444,1,81
11,0.0622222,1,58
11,0.07,1,53

13,0,1,100
13,0.00777778,1,100
13,0.0155556,1,100
13,0.0233333,1,100
13,0.0311111,1,100
13,0.0388889,1,100
13,0.0466667,1,100
13,0.0544444,1,77
13,0.0622222,1,55
13,0.07,1,51

15,0,1,100
15,0.00777778,1,100
15,0.0155556,1,100
15,0.0233333,1,100
15,0.0311111,1,100
15,0.0388889,1,100
15,0.0466667,1,100
15,0.0544444,1,78
15,0.0622222,1,49
15,0.07,1,47

17,0,1,100
17,0.00777778,1,100
17,0.0155556,1,100
17,0.0233333,1,100
17,0.0311111,1,100
17,0.0388889,1,100
17,0.0466667,1,99
17,0.0544444,1,77
17,0.0622222,1,48
17,0.07,1,44
total CPU time:399.88;total time:399933ms
srun: error: sh02-01n48: task 0: Exited with exit code 44
srun: launch/slurm: _step_signal: Terminating StepId=32212113.0
----------------------------------
id: 32211984
cpu per task 2
nodelist sh02-01n48
cluster name: sherlock
node list: sh02-01n48
node list: sh02-01n48
