hardware_concurrency20
Lmin:3;Lmax:17
Pmin:0;Pmax:0.07;nP10
Plmin:1;Plmax:1;nPl1
n:100seed:0;thread1

3,0,1,100
3,0.00777778,1,100
3,0.0155556,1,100
3,0.0233333,1,98
3,0.0311111,1,96
3,0.0388889,1,94
3,0.0466667,1,87
3,0.0544444,1,83
3,0.0622222,1,71
3,0.07,1,61

5,0,1,100
5,0.00777778,1,100
5,0.0155556,1,100
5,0.0233333,1,99
5,0.0311111,1,99
5,0.0388889,1,87
5,0.0466667,1,84
5,0.0544444,1,69
5,0.0622222,1,65
5,0.07,1,55

7,0,1,100
7,0.00777778,1,100
7,0.0155556,1,100
7,0.0233333,1,100
7,0.0311111,1,98
7,0.0388889,1,94
7,0.0466667,1,76
7,0.0544444,1,64
7,0.0622222,1,54
7,0.07,1,48

9,0,1,100
9,0.00777778,1,100
9,0.0155556,1,100
9,0.0233333,1,100
9,0.0311111,1,98
9,0.0388889,1,97
9,0.0466667,1,70
9,0.0544444,1,48
9,0.0622222,1,52
9,0.07,1,53

11,0,1,100
11,0.00777778,1,100
11,0.0155556,1,100
11,0.0233333,1,99
11,0.0311111,1,100
11,0.0388889,1,89
11,0.0466667,1,60
11,0.0544444,1,45
11,0.0622222,1,43
11,0.07,1,55

13,0,1,100
13,0.00777778,1,100
13,0.0155556,1,100
13,0.0233333,1,100
13,0.0311111,1,100
13,0.0388889,1,88
13,0.0466667,1,52
13,0.0544444,1,48
13,0.0622222,1,53
13,0.07,1,51

15,0,1,100
15,0.00777778,1,100
15,0.0155556,1,100
15,0.0233333,1,100
15,0.0311111,1,99
15,0.0388889,1,91
15,0.0466667,1,51
15,0.0544444,1,50
15,0.0622222,1,48
15,0.07,1,47

17,0,1,100
17,0.00777778,1,100
17,0.0155556,1,100
17,0.0233333,1,100
17,0.0311111,1,100
17,0.0388889,1,85
17,0.0466667,1,49
17,0.0544444,1,47
17,0.0622222,1,53
17,0.07,1,46
total CPU time:376.74;total time:376782ms
srun: error: sh02-01n47: task 0: Exited with exit code 46
srun: launch/slurm: _step_signal: Terminating StepId=32212086.0
----------------------------------
id: 32211982
cpu per task 2
nodelist sh02-01n47
cluster name: sherlock
node list: sh02-01n47
node list: sh02-01n47
