hardware_concurrency20
Lmin:3;Lmax:17
Pmin:0;Pmax:0.012;nP10
Plmin:1;Plmax:1;nPl1
n:100seed:0;thread1

3,0,1,100
3,0.00133333,1,100
3,0.00266667,1,100
3,0.004,1,99
3,0.00533333,1,100
3,0.00666667,1,99
3,0.008,1,98
3,0.00933333,1,94
3,0.0106667,1,87
3,0.012,1,75

5,0,1,100
5,0.00133333,1,100
5,0.00266667,1,100
5,0.004,1,100
5,0.00533333,1,100
5,0.00666667,1,98
5,0.008,1,98
5,0.00933333,1,95
5,0.0106667,1,81
5,0.012,1,71

7,0,1,100
7,0.00133333,1,100
7,0.00266667,1,100
7,0.004,1,100
7,0.00533333,1,100
7,0.00666667,1,100
7,0.008,1,98
7,0.00933333,1,94
7,0.0106667,1,75
7,0.012,1,61

9,0,1,100
9,0.00133333,1,100
9,0.00266667,1,100
9,0.004,1,100
9,0.00533333,1,100
9,0.00666667,1,100
9,0.008,1,99
9,0.00933333,1,93
9,0.0106667,1,66
9,0.012,1,62

11,0,1,100
11,0.00133333,1,100
11,0.00266667,1,100
11,0.004,1,100
11,0.00533333,1,100
11,0.00666667,1,100
11,0.008,1,99
11,0.00933333,1,89
11,0.0106667,1,57
11,0.012,1,61

13,0,1,100
13,0.00133333,1,100
13,0.00266667,1,100
13,0.004,1,100
13,0.00533333,1,100
13,0.00666667,1,100
13,0.008,1,99
13,0.00933333,1,97
13,0.0106667,1,63
13,0.012,1,53

15,0,1,100
15,0.00133333,1,100
15,0.00266667,1,100
15,0.004,1,100
15,0.00533333,1,100
15,0.00666667,1,100
15,0.008,1,100
15,0.00933333,1,93
15,0.0106667,1,53
15,0.012,1,56

17,0,1,100
17,0.00133333,1,100
17,0.00266667,1,100
17,0.004,1,100
17,0.00533333,1,100
17,0.00666667,1,100
17,0.008,1,100
17,0.00933333,1,89
17,0.0106667,1,48
17,0.012,1,47
total CPU time:594.4;total time:594435ms
srun: error: sh02-01n04: task 0: Exited with exit code 47
srun: launch/slurm: _step_signal: Terminating StepId=32218898.0
----------------------------------
id: 32218556
cpu per task 2
nodelist sh02-01n04
cluster name: sherlock
node list: sh02-01n04
node list: sh02-01n04
